INFO:root:sl:0.0140206137397 sr:-0.000663558962029 heading:143 velocity:[None, None, None] position:LocationGlobalRelative:lat=None,lon=None,alt=None
INFO:root:Angle_optical:175.259321899 Distance_optical:0.00675078129881 Angle_gps:0.0 Distance_gps:0.0                  elapsed_time:0.0590479373932
INFO:root:sl:0.0144578431309 sr:-0.00645786811821 heading:143 velocity:[None, None, None] position:LocationGlobalRelative:lat=None,lon=None,alt=None
INFO:root:Angle_optical:174.224739683 Distance_optical:0.0122281146605 Angle_gps:0.0 Distance_gps:0.0                  elapsed_time:0.0568888187408
INFO:root:sl:0.0190369471464 sr:-0.00507988823048 heading:143 velocity:[None, None, None] position:LocationGlobalRelative:lat=None,lon=None,alt=None
INFO:root:Angle_optical:175.247291728 Distance_optical:0.0298543551659 Angle_gps:0.0 Distance_gps:0.0                  elapsed_time:0.0991401672363
INFO:root:sl:0.00809982067791 sr:0.00323482189763 heading:143 velocity:[None, None, None] position:LocationGlobalRelative:lat=None,lon=None,alt=None
INFO:root:Angle_optical:179.199640381 Distance_optical:0.0367584756592 Angle_gps:0.0 Distance_gps:0.0                  elapsed_time:0.0537028312683
INFO:root:sl:0.002935319141 sr:-0.0125568580155 heading:143 velocity:[None, None, None] position:LocationGlobalRelative:lat=None,lon=None,alt=None
INFO:root:Angle_optical:178.952174824 Distance_optical:0.0404826330201 Angle_gps:0.0 Distance_gps:0.0                  elapsed_time:0.0976009368896
INFO:root:sl:0.0234002692029 sr:-0.0201521221482 heading:143 velocity:[None, None, None] position:LocationGlobalRelative:lat=None,lon=None,alt=None
INFO:root:Angle_optical:177.127366841 Distance_optical:0.0682893249739 Angle_gps:0.0 Distance_gps:0.0                  elapsed_time:0.0501260757446
INFO:root:sl:0.0109805232799 sr:-0.0185956919967 heading:143 velocity:[None, None, None] position:LocationGlobalRelative:lat=None,lon=None,alt=None
INFO:root:Angle_optical:176.846779109 Distance_optical:0.083258473321 Angle_gps:0.0 Distance_gps:0.0                  elapsed_time:0.0873548984528
INFO:root:sl:0.0056423329329 sr:-0.0252306174941 heading:143 velocity:[None, None, None] position:LocationGlobalRelative:lat=None,lon=None,alt=None
INFO:root:Angle_optical:176.640294641 Distance_optical:0.0906132431416 Angle_gps:0.0 Distance_gps:0.0                  elapsed_time:0.0576510429382
INFO:root:sl:0.00920701455 sr:-0.0199946665062 heading:143 velocity:[None, None, None] position:LocationGlobalRelative:lat=None,lon=None,alt=None
INFO:root:Angle_optical:176.402955794 Distance_optical:0.103139141895 Angle_gps:0.0 Distance_gps:0.0                  elapsed_time:0.0769820213318
INFO:root:sl:0.0234007805022 sr:-0.0279402800177 heading:143 velocity:[None, None, None] position:LocationGlobalRelative:lat=None,lon=None,alt=None
INFO:root:Angle_optical:175.878553684 Distance_optical:0.134335255792 Angle_gps:0.0 Distance_gps:0.0                  elapsed_time:0.06294298172
INFO:root:sl:-0.000209400087917 sr:-0.0125953147791 heading:143 velocity:[None, None, None] position:LocationGlobalRelative:lat=None,lon=None,alt=None
INFO:root:Angle_optical:175.878553684 Distance_optical:0.134335255792 Angle_gps:0.0 Distance_gps:0.0                  elapsed_time:0.0854489803314
INFO:root:sl:0.00828190237804 sr:-0.0101243131895 heading:143 velocity:[None, None, None] position:LocationGlobalRelative:lat=None,lon=None,alt=None
INFO:root:Angle_optical:175.743319735 Distance_optical:0.145450721466 Angle_gps:0.0 Distance_gps:0.0                  elapsed_time:0.0591111183167
INFO:root:sl:0.0121442287833 sr:-0.0268517280654 heading:143 velocity:[None, None, None] position:LocationGlobalRelative:lat=None,lon=None,alt=None
INFO:root:Angle_optical:175.585159801 Distance_optical:0.161840496828 Angle_gps:0.0 Distance_gps:0.0                  elapsed_time:0.0782649517059
INFO:root:sl:0.0190678529153 sr:-0.0279555285653 heading:143 velocity:[None, None, None] position:LocationGlobalRelative:lat=None,lon=None,alt=None
INFO:root:Angle_optical:175.383299593 Distance_optical:0.187493312805 Angle_gps:0.0 Distance_gps:0.0                  elapsed_time:0.0653839111328
INFO:root:sl:-0.00165853754725 sr:-0.0170376386437 heading:143 velocity:[None, None, None] position:LocationGlobalRelative:lat=None,lon=None,alt=None
INFO:root:Angle_optical:175.383299593 Distance_optical:0.187493312805 Angle_gps:0.0 Distance_gps:0.0                  elapsed_time:0.085865020752
INFO:root:sl:0.0177604493519 sr:-0.0225799330354 heading:143 velocity:[None, None, None] position:LocationGlobalRelative:lat=None,lon=None,alt=None
INFO:root:Angle_optical:175.239801786 Distance_optical:0.211408132551 Angle_gps:0.0 Distance_gps:0.0                  elapsed_time:0.0565669536591
INFO:root:sl:0.0241209664991 sr:-0.0343490564055 heading:143 velocity:[None, None, None] position:LocationGlobalRelative:lat=None,lon=None,alt=None
INFO:root:Angle_optical:175.091551842 Distance_optical:0.243914340774 Angle_gps:0.0 Distance_gps:0.0                  elapsed_time:0.0864169597626
INFO:root:sl:-0.0149759160603 sr:-0.0293586945374 heading:143 velocity:[None, None, None] position:LocationGlobalRelative:lat=None,lon=None,alt=None
INFO:root:Angle_optical:175.091551842 Distance_optical:0.243914340774 Angle_gps:0.0 Distance_gps:0.0                  elapsed_time:0.0652451515198
INFO:root:sl:0.0239665578851 sr:-0.0454680493744 heading:143 velocity:[None, None, None] position:LocationGlobalRelative:lat=None,lon=None,alt=None
INFO:root:Angle_optical:174.978312413 Distance_optical:0.276207897456 Angle_gps:0.0 Distance_gps:0.0                  elapsed_time:0.0666241645813
INFO:root:sl:0.0103933671686 sr:-0.0365282140911 heading:143 velocity:[None, None, None] position:LocationGlobalRelative:lat=None,lon=None,alt=None
INFO:root:Angle_optical:174.936878248 Distance_optical:0.290210109799 Angle_gps:0.0 Distance_gps:0.0                  elapsed_time:0.0843620300293
INFO:root:sl:0.0102375041561 sr:-0.0248288736018 heading:143 velocity:[None, None, None] position:LocationGlobalRelative:lat=None,lon=None,alt=None
INFO:root:Angle_optical:174.899881794 Distance_optical:0.304004017887 Angle_gps:0.0 Distance_gps:0.0                  elapsed_time:0.0593609809875
INFO:root:sl:0.0146548860653 sr:-0.0330283856535 heading:143 velocity:[None, None, None] position:LocationGlobalRelative:lat=None,lon=None,alt=None
INFO:root:Angle_optical:174.852332048 Distance_optical:0.323748696943 Angle_gps:0.0 Distance_gps:0.0                  elapsed_time:0.0923380851746
INFO:root:sl:0.00988006302352 sr:-0.0328093710868 heading:143 velocity:[None, None, None] position:LocationGlobalRelative:lat=None,lon=None,alt=None
INFO:root:Angle_optical:174.823447553 Distance_optical:0.33706088773 Angle_gps:0.0 Distance_gps:0.0                  elapsed_time:0.0496430397034
INFO:root:sl:0.0246108213635 sr:-0.0374041783054 heading:143 velocity:[None, None, None] position:LocationGlobalRelative:lat=None,lon=None,alt=None
INFO:root:Angle_optical:174.760486781 Distance_optical:0.370220447714 Angle_gps:0.0 Distance_gps:0.0                  elapsed_time:0.0948028564453
INFO:root:sl:0.00431963994459 sr:-0.0292197993085 heading:143 velocity:[None, None, None] position:LocationGlobalRelative:lat=None,lon=None,alt=None
INFO:root:Angle_optical:174.750585898 Distance_optical:0.376040679783 Angle_gps:0.0 Distance_gps:0.0                  elapsed_time:0.0488998889923
INFO:root:sl:0.0137758224808 sr:-0.0247542915892 heading:143 velocity:[None, None, None] position:LocationGlobalRelative:lat=None,lon=None,alt=None
INFO:root:Angle_optical:174.720953389 Distance_optical:0.394601944972 Angle_gps:0.0 Distance_gps:0.0                  elapsed_time:0.116307973862
INFO:root:sl:-0.0115656908947 sr:-0.01118604019 heading:143 velocity:[None, None, None] position:LocationGlobalRelative:lat=None,lon=None,alt=None
INFO:root:Angle_optical:174.720953389 Distance_optical:0.394601944972 Angle_gps:0.0 Distance_gps:0.0                  elapsed_time:0.0600509643555
INFO:root:sl:-0.00293769815285 sr:-0.0242216334392 heading:143 velocity:[None, None, None] position:LocationGlobalRelative:lat=None,lon=None,alt=None
INFO:root:Angle_optical:174.720953389 Distance_optical:0.394601944972 Angle_gps:0.0 Distance_gps:0.0                  elapsed_time:0.0734190940857
INFO:root:sl:0.0103850284969 sr:-0.015817816606 heading:143 velocity:[None, None, None] position:LocationGlobalRelative:lat=None,lon=None,alt=None
INFO:root:Angle_optical:174.700397242 Distance_optical:0.408594652243 Angle_gps:0.0 Distance_gps:0.0                  elapsed_time:0.0981919765472
INFO:root:sl:0.0192444416486 sr:-0.0341026106516 heading:143 velocity:[None, None, None] position:LocationGlobalRelative:lat=None,lon=None,alt=None
INFO:root:Angle_optical:174.665803008 Distance_optical:0.434524551204 Angle_gps:0.0 Distance_gps:0.0                  elapsed_time:0.0554790496826
INFO:root:sl:0.00780858825376 sr:-0.0272501666109 heading:143 velocity:[None, None, None] position:LocationGlobalRelative:lat=None,lon=None,alt=None
INFO:root:Angle_optical:174.652916172 Distance_optical:0.445045868166 Angle_gps:0.0 Distance_gps:0.0                  elapsed_time:0.0912659168243
INFO:root:sl:0.0051029614176 sr:-0.0165667801097 heading:143 velocity:[None, None, None] position:LocationGlobalRelative:lat=None,lon=None,alt=None
INFO:root:Angle_optical:174.644818591 Distance_optical:0.451921622478 Angle_gps:0.0 Distance_gps:0.0                  elapsed_time:0.0491700172424
INFO:root:sl:0.00540821491823 sr:-0.0196179035889 heading:143 velocity:[None, None, None] position:LocationGlobalRelative:lat=None,lon=None,alt=None
INFO:root:Angle_optical:174.636501399 Distance_optical:0.459208688633 Angle_gps:0.0 Distance_gps:0.0                  elapsed_time:0.0960400104523
INFO:root:sl:-0.0215410496401 sr:0.0272080425746 heading:143 velocity:[None, None, None] position:LocationGlobalRelative:lat=None,lon=None,alt=None
INFO:root:Angle_optical:179.197693631 Distance_optical:0.460998722001 Angle_gps:0.0 Distance_gps:0.0                  elapsed_time:0.0514259338379
INFO:root:sl:0.00658909877767 sr:-0.00647496884271 heading:143 velocity:[None, None, None] position:LocationGlobalRelative:lat=None,lon=None,alt=None
INFO:root:Angle_optical:179.101879959 Distance_optical:0.469843107397 Angle_gps:0.0 Distance_gps:0.0                  elapsed_time:0.101797819138
INFO:root:sl:0.00770720766419 sr:-0.0101440811764 heading:143 velocity:[None, None, None] position:LocationGlobalRelative:lat=None,lon=None,alt=None
INFO:root:Angle_optical:178.994286626 Distance_optical:0.480189902244 Angle_gps:0.0 Distance_gps:0.0                  elapsed_time:0.0500311851501
INFO:root:sl:0.00861447020658 sr:-0.00951053179054 heading:143 velocity:[None, None, None] position:LocationGlobalRelative:lat=None,lon=None,alt=None
INFO:root:Angle_optical:178.879386764 Distance_optical:0.491756596383 Angle_gps:0.0 Distance_gps:0.0                  elapsed_time:0.0492341518402
INFO:root:sl:-0.00428983730465 sr:-0.00645663028516 heading:143 velocity:[None, None, None] position:LocationGlobalRelative:lat=None,lon=None,alt=None
INFO:root:Angle_optical:178.879386764 Distance_optical:0.491756596383 Angle_gps:0.0 Distance_gps:0.0                  elapsed_time:0.0683419704437
INFO:root:sl:-0.000244288619216 sr:0.00843298115415 heading:143 velocity:[None, None, None] position:LocationGlobalRelative:lat=None,lon=None,alt=None
INFO:root:Angle_optical:-179.803986249 Distance_optical:0.492829387387 Angle_gps:0.0 Distance_gps:0.0                  elapsed_time:0.0728399753571
INFO:root:sl:0.0104425908875 sr:-0.0248849436926 heading:143 velocity:[None, None, None] position:LocationGlobalRelative:lat=None,lon=None,alt=None
INFO:root:Angle_optical:-179.972340001 Distance_optical:0.506823541791 Angle_gps:0.0 Distance_gps:0.0                  elapsed_time:0.054044008255
INFO:root:sl:0.0208143519479 sr:-0.0248438127054 heading:143 velocity:[None, None, None] position:LocationGlobalRelative:lat=None,lon=None,alt=None
INFO:root:Angle_optical:179.718387165 Distance_optical:0.534728959494 Angle_gps:0.0 Distance_gps:0.0                  elapsed_time:0.0483229160309
INFO:root:sl:0.0174908727074 sr:-0.0218134583565 heading:143 velocity:[None, None, None] position:LocationGlobalRelative:lat=None,lon=None,alt=None
INFO:root:Angle_optical:179.482412974 Distance_optical:0.558189585636 Angle_gps:0.0 Distance_gps:0.0                  elapsed_time:0.0715520381927
INFO:root:sl:-0.00192387589935 sr:-0.0236571582009 heading:143 velocity:[None, None, None] position:LocationGlobalRelative:lat=None,lon=None,alt=None
INFO:root:Angle_optical:179.482412974 Distance_optical:0.558189585636 Angle_gps:0.0 Distance_gps:0.0                  elapsed_time:0.0777840614319
INFO:root:sl:0.0205589941929 sr:-0.0262240684511 heading:143 velocity:[None, None, None] position:LocationGlobalRelative:lat=None,lon=None,alt=None
INFO:root:Angle_optical:179.229217017 Distance_optical:0.58577655079 Angle_gps:0.0 Distance_gps:0.0                  elapsed_time:0.0508868694305
INFO:root:sl:0.0344711660362 sr:-0.0305480971453 heading:143 velocity:[None, None, None] position:LocationGlobalRelative:lat=None,lon=None,alt=None
INFO:root:Angle_optical:178.854295843 Distance_optical:0.632054143283 Angle_gps:0.0 Distance_gps:0.0                  elapsed_time:0.0518019199371
INFO:root:sl:0.0167941211085 sr:-0.0255510490265 heading:143 velocity:[None, None, None] position:LocationGlobalRelative:lat=None,lon=None,alt=None
INFO:root:Angle_optical:178.69084442 Distance_optical:0.65460904564 Angle_gps:0.0 Distance_gps:0.0                  elapsed_time:0.0649228096008
INFO:root:sl:0.0149106092568 sr:-0.0242479196601 heading:143 velocity:[None, None, None] position:LocationGlobalRelative:lat=None,lon=None,alt=None
INFO:root:Angle_optical:178.554884859 Distance_optical:0.674638527417 Angle_gps:0.0 Distance_gps:0.0                  elapsed_time:0.0732040405273
INFO:root:sl:0.00771289958307 sr:-0.0167072778339 heading:143 velocity:[None, None, None] position:LocationGlobalRelative:lat=None,lon=None,alt=None
INFO:root:Angle_optical:178.487676593 Distance_optical:0.68500072033 Angle_gps:0.0 Distance_gps:0.0                  elapsed_time:0.0779900550842
INFO:root:sl:0.000732271618544 sr:-0.0173461737821 heading:143 velocity:[None, None, None] position:LocationGlobalRelative:lat=None,lon=None,alt=None
INFO:root:Angle_optical:178.481401302 Distance_optical:0.685984567072 Angle_gps:0.0 Distance_gps:0.0                  elapsed_time:0.0517611503601
INFO:root:sl:0.0276582503666 sr:-0.0473049064751 heading:143 velocity:[None, None, None] position:LocationGlobalRelative:lat=None,lon=None,alt=None
INFO:root:Angle_optical:178.256884032 Distance_optical:0.723150633463 Angle_gps:0.0 Distance_gps:0.0                  elapsed_time:0.0494260787964
INFO:root:sl:0.0107219744233 sr:-0.0263283459201 heading:143 velocity:[None, None, None] position:LocationGlobalRelative:lat=None,lon=None,alt=None
INFO:root:Angle_optical:178.175934355 Distance_optical:0.737561175467 Angle_gps:0.0 Distance_gps:0.0                  elapsed_time:0.0639410018921
INFO:root:sl:0.0137425624338 sr:-0.0261741686991 heading:143 velocity:[None, None, None] position:LocationGlobalRelative:lat=None,lon=None,alt=None
INFO:root:Angle_optical:178.076692276 Distance_optical:0.756033503697 Angle_gps:0.0 Distance_gps:0.0                  elapsed_time:0.0759339332581
INFO:root:sl:0.02523247237 sr:-0.0249089543495 heading:143 velocity:[None, None, None] position:LocationGlobalRelative:lat=None,lon=None,alt=None
INFO:root:Angle_optical:177.906561205 Distance_optical:0.789955722299 Angle_gps:0.0 Distance_gps:0.0                  elapsed_time:0.0555279254913
INFO:root:sl:-0.0102302396982 sr:-0.0319296249788 heading:143 velocity:[None, None, None] position:LocationGlobalRelative:lat=None,lon=None,alt=None
INFO:root:Angle_optical:177.906561205 Distance_optical:0.789955722299 Angle_gps:0.0 Distance_gps:0.0                  elapsed_time:0.0500068664551
INFO:root:sl:0.00768239301099 sr:-0.0090279950131 heading:143 velocity:[None, None, None] position:LocationGlobalRelative:lat=None,lon=None,alt=None
INFO:root:Angle_optical:177.857626606 Distance_optical:0.800285139968 Angle_gps:0.0 Distance_gps:0.0                  elapsed_time:0.0688591003418
INFO:root:sl:-0.0103121153893 sr:-0.012975079619 heading:143 velocity:[None, None, None] position:LocationGlobalRelative:lat=None,lon=None,alt=None
INFO:root:Angle_optical:177.857626606 Distance_optical:0.800285139968 Angle_gps:0.0 Distance_gps:0.0                  elapsed_time:0.0728230476379
INFO:root:sl:0.0208770390246 sr:-0.029657003555 heading:143 velocity:[None, None, None] position:LocationGlobalRelative:lat=None,lon=None,alt=None
INFO:root:Angle_optical:177.730810853 Distance_optical:0.828358323568 Angle_gps:0.0 Distance_gps:0.0                  elapsed_time:0.0540800094604
INFO:root:sl:-0.00921392548514 sr:-0.0232033483935 heading:143 velocity:[None, None, None] position:LocationGlobalRelative:lat=None,lon=None,alt=None
INFO:root:Angle_optical:177.730810853 Distance_optical:0.828358323568 Angle_gps:0.0 Distance_gps:0.0                  elapsed_time:0.0485868453979
INFO:root:sl:-0.00132886403591 sr:-0.0161717750724 heading:143 velocity:[None, None, None] position:LocationGlobalRelative:lat=None,lon=None,alt=None
INFO:root:Angle_optical:177.730810853 Distance_optical:0.828358323568 Angle_gps:0.0 Distance_gps:0.0                  elapsed_time:0.066134929657
INFO:root:sl:-0.0016613077343 sr:-0.025757590672 heading:143 velocity:[None, None, None] position:LocationGlobalRelative:lat=None,lon=None,alt=None
INFO:root:Angle_optical:177.730810853 Distance_optical:0.828358323568 Angle_gps:0.0 Distance_gps:0.0                  elapsed_time:0.0682718753815
INFO:root:sl:-0.0349872582448 sr:-0.0020657100684 heading:143 velocity:[None, None, None] position:LocationGlobalRelative:lat=None,lon=None,alt=None
INFO:root:Angle_optical:177.730810853 Distance_optical:0.828358323568 Angle_gps:0.0 Distance_gps:0.0                  elapsed_time:0.0495021343231
INFO:root:sl:-0.00411542844597 sr:-0.0180121542818 heading:143 velocity:[None, None, None] position:LocationGlobalRelative:lat=None,lon=None,alt=None
INFO:root:Angle_optical:177.730810853 Distance_optical:0.828358323568 Angle_gps:0.0 Distance_gps:0.0                  elapsed_time:0.0617311000824
INFO:root:sl:-0.0181951565558 sr:-0.00795115333964 heading:143 velocity:[None, None, None] position:LocationGlobalRelative:lat=None,lon=None,alt=None
INFO:root:Angle_optical:177.730810853 Distance_optical:0.828358323568 Angle_gps:0.0 Distance_gps:0.0                  elapsed_time:0.0692279338837
INFO:root:sl:-0.0125263700844 sr:-0.0105210878453 heading:143 velocity:[None, None, None] position:LocationGlobalRelative:lat=None,lon=None,alt=None
INFO:root:Angle_optical:177.730810853 Distance_optical:0.828358323568 Angle_gps:0.0 Distance_gps:0.0                  elapsed_time:0.0767250061035
INFO:root:sl:-0.00903939108746 sr:-0.000342388517357 heading:143 velocity:[None, None, None] position:LocationGlobalRelative:lat=None,lon=None,alt=None
INFO:root:Angle_optical:177.730810853 Distance_optical:0.828358323568 Angle_gps:0.0 Distance_gps:0.0                  elapsed_time:0.0488801002502
INFO:root:sl:-0.0138551400536 sr:-0.0117323928059 heading:143 velocity:[None, None, None] position:LocationGlobalRelative:lat=None,lon=None,alt=None
INFO:root:Angle_optical:177.730810853 Distance_optical:0.828358323568 Angle_gps:0.0 Distance_gps:0.0                  elapsed_time:0.0486500263214
INFO:root:sl:-0.00394049054405 sr:-0.0101275225061 heading:143 velocity:[None, None, None] position:LocationGlobalRelative:lat=None,lon=None,alt=None
INFO:root:Angle_optical:177.730810853 Distance_optical:0.828358323568 Angle_gps:0.0 Distance_gps:0.0                  elapsed_time:0.0706698894501
INFO:root:sl:-0.0131482743325 sr:0.00380472275049 heading:143 velocity:[None, None, None] position:LocationGlobalRelative:lat=None,lon=None,alt=None
INFO:root:Angle_optical:178.084569452 Distance_optical:0.828696930919 Angle_gps:0.0 Distance_gps:0.0                  elapsed_time:0.0759780406952
INFO:root:sl:-0.000902845319304 sr:-0.0130060426984 heading:143 velocity:[None, None, None] position:LocationGlobalRelative:lat=None,lon=None,alt=None
INFO:root:Angle_optical:178.084569452 Distance_optical:0.828696930919 Angle_gps:0.0 Distance_gps:0.0                  elapsed_time:0.0488209724426
INFO:root:sl:-0.0147493213038 sr:-0.00593961646478 heading:143 velocity:[None, None, None] position:LocationGlobalRelative:lat=None,lon=None,alt=None
INFO:root:Angle_optical:178.084569452 Distance_optical:0.828696930919 Angle_gps:0.0 Distance_gps:0.0                  elapsed_time:0.050794839859
INFO:root:sl:-0.00251773270938 sr:-0.00800148574189 heading:143 velocity:[None, None, None] position:LocationGlobalRelative:lat=None,lon=None,alt=None
INFO:root:Angle_optical:178.084569452 Distance_optical:0.828696930919 Angle_gps:0.0 Distance_gps:0.0                  elapsed_time:0.0743489265442
INFO:root:sl:0.000733151635223 sr:-0.00687778817901 heading:143 velocity:[None, None, None] position:LocationGlobalRelative:lat=None,lon=None,alt=None
INFO:root:Angle_optical:178.07985349 Distance_optical:0.829682462619 Angle_gps:0.0 Distance_gps:0.0                  elapsed_time:0.0709719657898
INFO:root:sl:0.00786672301785 sr:-0.00666005138995 heading:143 velocity:[None, None, None] position:LocationGlobalRelative:lat=None,lon=None,alt=None
INFO:root:Angle_optical:178.029947382 Distance_optical:0.840257574215 Angle_gps:0.0 Distance_gps:0.0                  elapsed_time:0.0492601394653
INFO:root:sl:-0.0144589613242 sr:-0.0161211789012 heading:143 velocity:[None, None, None] position:LocationGlobalRelative:lat=None,lon=None,alt=None
INFO:root:Angle_optical:178.029947382 Distance_optical:0.840257574215 Angle_gps:0.0 Distance_gps:0.0                  elapsed_time:0.048926115036
INFO:root:sl:0.00283975614799 sr:-0.00331534036496 heading:143 velocity:[None, None, None] position:LocationGlobalRelative:lat=None,lon=None,alt=None
INFO:root:Angle_optical:178.012239296 Distance_optical:0.844075167313 Angle_gps:0.0 Distance_gps:0.0                  elapsed_time:0.0746269226074
INFO:root:sl:-0.00146883528561 sr:-0.0139836397151 heading:143 velocity:[None, None, None] position:LocationGlobalRelative:lat=None,lon=None,alt=None
INFO:root:Angle_optical:178.012239296 Distance_optical:0.844075167313 Angle_gps:0.0 Distance_gps:0.0                  elapsed_time:0.0789310932159
INFO:root:sl:-0.005997366894 sr:-0.0116930562506 heading:143 velocity:[None, None, None] position:LocationGlobalRelative:lat=None,lon=None,alt=None
INFO:root:Angle_optical:178.012239296 Distance_optical:0.844075167313 Angle_gps:0.0 Distance_gps:0.0                  elapsed_time:0.0602300167084
INFO:root:sl:0.0189399338117 sr:-0.0384136043435 heading:143 velocity:[None, None, None] position:LocationGlobalRelative:lat=None,lon=None,alt=None
INFO:root:Angle_optical:177.898111154 Distance_optical:0.869538836643 Angle_gps:0.0 Distance_gps:0.0                  elapsed_time:0.050922870636
INFO:root:sl:0.00715041457628 sr:-0.0143909671063 heading:143 velocity:[None, None, None] position:LocationGlobalRelative:lat=None,lon=None,alt=None
INFO:root:Angle_optical:177.856743404 Distance_optical:0.879153024511 Angle_gps:0.0 Distance_gps:0.0                  elapsed_time:0.0626511573792
INFO:root:sl:-0.00228279085178 sr:-0.0076664760786 heading:143 velocity:[None, None, None] position:LocationGlobalRelative:lat=None,lon=None,alt=None
INFO:root:Angle_optical:177.856743404 Distance_optical:0.879153024511 Angle_gps:0.0 Distance_gps:0.0                  elapsed_time:0.0754790306091
INFO:root:sl:0.0155332577527 sr:-0.0259093410126 heading:143 velocity:[None, None, None] position:LocationGlobalRelative:lat=None,lon=None,alt=None
INFO:root:Angle_optical:177.769923259 Distance_optical:0.900040002206 Angle_gps:0.0 Distance_gps:0.0                  elapsed_time:0.0521800518036
INFO:root:sl:0.00019786489712 sr:-0.0268416510597 heading:143 velocity:[None, None, None] position:LocationGlobalRelative:lat=None,lon=None,alt=None
INFO:root:Angle_optical:177.768843316 Distance_optical:0.900306076562 Angle_gps:0.0 Distance_gps:0.0                  elapsed_time:0.0499069690704
INFO:root:sl:0.0139236793093 sr:-0.0234016882212 heading:143 velocity:[None, None, None] position:LocationGlobalRelative:lat=None,lon=None,alt=None
INFO:root:Angle_optical:177.69441844 Distance_optical:0.919030415313 Angle_gps:0.0 Distance_gps:0.0                  elapsed_time:0.0629549026489
INFO:root:sl:0.0153128562963 sr:-0.0405131830219 heading:143 velocity:[None, None, None] position:LocationGlobalRelative:lat=None,lon=None,alt=None
INFO:root:Angle_optical:177.615993154 Distance_optical:0.939624609113 Angle_gps:0.0 Distance_gps:0.0                  elapsed_time:0.074226140976
INFO:root:sl:0.0120030593181 sr:-0.046894587352 heading:143 velocity:[None, None, None] position:LocationGlobalRelative:lat=None,lon=None,alt=None
INFO:root:Angle_optical:177.556882075 Distance_optical:0.955768652428 Angle_gps:0.0 Distance_gps:0.0                  elapsed_time:0.0595419406891
INFO:root:sl:0.0260530886827 sr:-0.0237297838858 heading:143 velocity:[None, None, None] position:LocationGlobalRelative:lat=None,lon=None,alt=None
INFO:root:Angle_optical:177.435207744 Distance_optical:0.990813213625 Angle_gps:0.0 Distance_gps:0.0                  elapsed_time:0.048840045929
INFO:root:sl:0.0132660674857 sr:-0.0227429751103 heading:143 velocity:[None, None, None] position:LocationGlobalRelative:lat=None,lon=None,alt=None
INFO:root:Angle_optical:177.376500734 Distance_optical:1.0086593047 Angle_gps:0.0 Distance_gps:0.0                  elapsed_time:0.0629680156708
INFO:root:sl:0.0130568719348 sr:-0.0267557824351 heading:143 velocity:[None, None, None] position:LocationGlobalRelative:lat=None,lon=None,alt=None
INFO:root:Angle_optical:177.320713338 Distance_optical:1.02622497245 Angle_gps:0.0 Distance_gps:0.0                  elapsed_time:0.0640749931335
INFO:root:sl:-0.00508750308202 sr:-0.00358554088079 heading:143 velocity:[None, None, None] position:LocationGlobalRelative:lat=None,lon=None,alt=None
INFO:root:Angle_optical:177.320713338 Distance_optical:1.02622497245 Angle_gps:0.0 Distance_gps:0.0                  elapsed_time:0.0811488628387
INFO:root:sl:0.0116641128266 sr:-0.0276437504994 heading:143 velocity:[None, None, None] position:LocationGlobalRelative:lat=None,lon=None,alt=None
INFO:root:Angle_optical:177.272467517 Distance_optical:1.04191772804 Angle_gps:0.0 Distance_gps:0.0                  elapsed_time:0.0560081005096
INFO:root:sl:-0.0124149398772 sr:-0.0131410435026 heading:143 velocity:[None, None, None] position:LocationGlobalRelative:lat=None,lon=None,alt=None
INFO:root:Angle_optical:177.272467517 Distance_optical:1.04191772804 Angle_gps:0.0 Distance_gps:0.0                  elapsed_time:0.0524771213531
INFO:root:sl:0.0140786114667 sr:-0.0193265731317 heading:143 velocity:[None, None, None] position:LocationGlobalRelative:lat=None,lon=None,alt=None
INFO:root:Angle_optical:177.216135879 Distance_optical:1.06085986963 Angle_gps:0.0 Distance_gps:0.0                  elapsed_time:0.0636050701141
INFO:root:sl:-0.00639872724819 sr:-0.0190924825415 heading:143 velocity:[None, None, None] position:LocationGlobalRelative:lat=None,lon=None,alt=None
INFO:root:Angle_optical:177.216135879 Distance_optical:1.06085986963 Angle_gps:0.0 Distance_gps:0.0                  elapsed_time:0.0774781703949
INFO:root:sl:0.0095879037578 sr:-0.0246504708514 heading:143 velocity:[None, None, None] position:LocationGlobalRelative:lat=None,lon=None,alt=None
INFO:root:Angle_optical:177.17891024 Distance_optical:1.07376053268 Angle_gps:0.0 Distance_gps:0.0                  elapsed_time:0.05055809021
INFO:root:sl:-0.00824374212063 sr:0.000625990415719 heading:143 velocity:[None, None, None] position:LocationGlobalRelative:lat=None,lon=None,alt=None
INFO:root:Angle_optical:177.2238533 Distance_optical:1.07380586401 Angle_gps:0.0 Distance_gps:0.0                  elapsed_time:0.0491409301758
INFO:root:sl:-0.01075025111 sr:-0.0168225435355 heading:143 velocity:[None, None, None] position:LocationGlobalRelative:lat=None,lon=None,alt=None
INFO:root:Angle_optical:177.2238533 Distance_optical:1.07380586401 Angle_gps:0.0 Distance_gps:0.0                  elapsed_time:0.0654010772705
INFO:root:sl:-0.0052674241092 sr:-0.0139404478821 heading:143 velocity:[None, None, None] position:LocationGlobalRelative:lat=None,lon=None,alt=None
INFO:root:Angle_optical:177.2238533 Distance_optical:1.07380586401 Angle_gps:0.0 Distance_gps:0.0                  elapsed_time:0.0760180950165
INFO:root:sl:-0.0125579618563 sr:0.00238960802538 heading:143 velocity:[None, None, None] position:LocationGlobalRelative:lat=None,lon=None,alt=None
INFO:root:Angle_optical:177.395379887 Distance_optical:1.07398498202 Angle_gps:0.0 Distance_gps:0.0                  elapsed_time:0.0515367984772
INFO:root:sl:0.0197721319384 sr:-0.0176339947187 heading:143 velocity:[None, None, None] position:LocationGlobalRelative:lat=None,lon=None,alt=None
INFO:root:Angle_optical:177.31615203 Distance_optical:1.10058462033 Angle_gps:0.0 Distance_gps:0.0                  elapsed_time:0.0484700202942
INFO:root:sl:-0.00700498244428 sr:-0.0134600265269 heading:143 velocity:[None, None, None] position:LocationGlobalRelative:lat=None,lon=None,alt=None
INFO:root:Angle_optical:177.31615203 Distance_optical:1.10058462033 Angle_gps:0.0 Distance_gps:0.0                  elapsed_time:0.0747618675232
