INFO:root:sl:0.0491971833058 sr:0.0476994175369 heading:37 velocity:[0.28, 0.16, -0.36] position:LocationGlobalRelative:lat=55.9405628,lon=-3.1930516,alt=5.54
INFO:root:Angle_optical:-41.1448929016 Distance_optical:0.0329938070831 Angle_gps:-47.5144369304 Distance_gps:0.1552757296                  elapsed_time:0.0900321006775
INFO:root:sl:0.0131972890662 sr:0.0117162310507 heading:36 velocity:[0.29, 0.12, -0.42] position:LocationGlobalRelative:lat=55.9405632,lon=-3.1930517,alt=5.57
INFO:root:Angle_optical:-41.0700540632 Distance_optical:0.039689920806 Angle_gps:-48.9490539142 Distance_gps:0.274250946973                  elapsed_time:0.0818250179291
INFO:root:sl:0.0147611752013 sr:0.0147675151216 heading:36 velocity:[0.3, 0.09, -0.35] position:LocationGlobalRelative:lat=55.9405637,lon=-3.1930519,alt=5.601
INFO:root:Angle_optical:-40.8199941905 Distance_optical:0.0589264659276 Angle_gps:-54.4192372559 Distance_gps:0.560390005551                  elapsed_time:0.0790729522705
INFO:root:sl:0.0200310027654 sr:0.0189238011993 heading:35 velocity:[0.3, 0.07, -0.41] position:LocationGlobalRelative:lat=55.9405641,lon=-3.1930521,alt=5.634
INFO:root:Angle_optical:-40.3381868252 Distance_optical:0.0818097587132 Angle_gps:-55.9600238989 Distance_gps:0.815643764242                  elapsed_time:0.0866830348969
INFO:root:sl:0.00999064398386 sr:0.0103563287684 heading:35 velocity:[0.31, 0.03, -0.43] position:LocationGlobalRelative:lat=55.9405646,lon=-3.1930524,alt=5.674
INFO:root:Angle_optical:-40.147906015 Distance_optical:0.0999603211598 Angle_gps:-60.4465772131 Distance_gps:1.20082635634                  elapsed_time:0.0914340019226
INFO:root:sl:0.0282726946127 sr:0.0198230858693 heading:34 velocity:[0.33, 0.0, -0.45] position:LocationGlobalRelative:lat=55.9405651,lon=-3.1930527,alt=5.716
INFO:root:Angle_optical:-42.1995172317 Distance_optical:0.14080607578 Angle_gps:-63.097853631 Distance_gps:1.58805525199                  elapsed_time:0.0952899456024
INFO:root:sl:0.328272694613 sr:-0.0278509371123 heading:34 velocity:[0.32, 0.0, -0.43] position:LocationGlobalRelative:lat=55.9405655,lon=-3.193053,alt=5.759
INFO:root:Angle_optical:-73.8570573857 Distance_optical:0.561334878535 Angle_gps:-65.0902784721 Distance_gps:2.01992560619                  elapsed_time:0.0980398654938
INFO:root:sl:0.240058392268 sr:-0.0628764886372 heading:34 velocity:[0.27, 0.01, -0.42] position:LocationGlobalRelative:lat=55.9405659,lon=-3.1930533,alt=5.806
INFO:root:Angle_optical:-76.6228841678 Distance_optical:0.874096975957 Angle_gps:-65.5898356919 Distance_gps:2.37346879933                  elapsed_time:0.0997591018677
INFO:root:sl:0.153722883925 sr:-0.0864174213594 heading:34 velocity:[0.23, 0.02, -0.43] position:LocationGlobalRelative:lat=55.9405662,lon=-3.1930535,alt=5.846
INFO:root:Angle_optical:-77.6641058013 Distance_optical:1.0834120729 Angle_gps:-65.6415444158 Distance_gps:2.68893328746                  elapsed_time:0.0949301719666
INFO:root:sl:0.184460651633 sr:-0.0849562938339 heading:34 velocity:[0.19, 0.04, -0.43] position:LocationGlobalRelative:lat=55.9405666,lon=-3.1930539,alt=5.9
INFO:root:Angle_optical:-78.3321457441 Distance_optical:1.33049165345 Angle_gps:-65.0005034876 Distance_gps:2.94751189455                  elapsed_time:0.0999360084534
INFO:root:sl:0.308421565405 sr:-0.104956630191 heading:34 velocity:[0.18, 0.01, -0.41] position:LocationGlobalRelative:lat=55.940567,lon=-3.1930542,alt=5.961
INFO:root:Angle_optical:-79.080736015 Distance_optical:1.74964700586 Angle_gps:-65.1751602171 Distance_gps:3.19260783238                  elapsed_time:0.0972230434418
INFO:root:sl:0.495816355728 sr:-0.161859061732 heading:34 velocity:[0.16, 0.01, -0.44] position:LocationGlobalRelative:lat=55.9405672,lon=-3.1930544,alt=6.001
INFO:root:Angle_optical:-79.6645522228 Distance_optical:2.41894009263 Angle_gps:-65.2664799774 Distance_gps:3.40904790252                  elapsed_time:0.105777025223
INFO:root:sl:0.664131848696 sr:-0.140428212607 heading:35 velocity:[0.14, 0.0, -0.4] position:LocationGlobalRelative:lat=55.9405675,lon=-3.1930547,alt=6.046
INFO:root:Angle_optical:-80.2545715809 Distance_optical:3.31916335361 Angle_gps:-65.6125724758 Distance_gps:3.59773168429                  elapsed_time:0.0943541526794
INFO:root:sl:0.676895370548 sr:-0.075363252523 heading:35 velocity:[0.08, 0.06, -0.27] position:LocationGlobalRelative:lat=55.9405678,lon=-3.1930549,alt=6.082
INFO:root:Angle_optical:-80.6285934738 Distance_optical:4.23307222539 Angle_gps:-64.5552644104 Distance_gps:3.71474607448                  elapsed_time:0.0943851470947
INFO:root:sl:0.521472796995 sr:-0.0593774605068 heading:35 velocity:[0.05, 0.06, -0.24] position:LocationGlobalRelative:lat=55.940568,lon=-3.1930552,alt=6.113
INFO:root:Angle_optical:-80.8459204914 Distance_optical:4.9385917094 Angle_gps:-63.4744228848 Distance_gps:3.79323047593                  elapsed_time:0.105126857758
INFO:root:sl:0.363445894066 sr:-0.163591323102 heading:36 velocity:[0.01, 0.06, -0.17] position:LocationGlobalRelative:lat=55.9405682,lon=-3.1930554,alt=6.137
INFO:root:Angle_optical:-81.0130233516 Distance_optical:5.42917530332 Angle_gps:-62.3146380085 Distance_gps:3.82168379674                  elapsed_time:0.0928928852081
INFO:root:sl:0.319273445821 sr:-0.125052388949 heading:36 velocity:[-0.02, 0.1, -0.13] position:LocationGlobalRelative:lat=55.9405685,lon=-3.1930555,alt=6.165
INFO:root:Angle_optical:-81.1565443384 Distance_optical:5.85998367644 Angle_gps:-60.5248874975 Distance_gps:3.86911305863                  elapsed_time:0.0947999954224
INFO:root:sl:0.405330144919 sr:-0.0727371185634 heading:37 velocity:[-0.05, 0.12, -0.15] position:LocationGlobalRelative:lat=55.9405686,lon=-3.1930555,alt=6.184
INFO:root:Angle_optical:-81.3631268204 Distance_optical:6.40624472344 Angle_gps:-58.5002828654 Distance_gps:3.93066431275                  elapsed_time:0.101351976395
INFO:root:sl:0.536823409314 sr:-0.0645446383108 heading:37 velocity:[-0.04, 0.11, -0.19] position:LocationGlobalRelative:lat=55.9405687,lon=-3.1930555,alt=6.21
INFO:root:Angle_optical:-81.6159247284 Distance_optical:7.12897901358 Angle_gps:-56.6933574471 Distance_gps:3.99230345535                  elapsed_time:0.0950140953064
INFO:root:sl:0.632638555522 sr:-0.101754607063 heading:37 velocity:[-0.05, 0.14, -0.13] position:LocationGlobalRelative:lat=55.9405688,lon=-3.1930555,alt=6.236
INFO:root:Angle_optical:-81.8702222254 Distance_optical:7.98080445228 Angle_gps:-54.4763908005 Distance_gps:4.07676754292                  elapsed_time:0.0990052223206
INFO:root:sl:0.554555015449 sr:-0.0893215968537 heading:37 velocity:[-0.07, 0.17, -0.06] position:LocationGlobalRelative:lat=55.940569,lon=-3.1930554,alt=6.263
INFO:root:Angle_optical:-82.0575496826 Distance_optical:8.7273344466 Angle_gps:-51.9319590367 Distance_gps:4.1864022052                  elapsed_time:0.0982229709625
INFO:root:sl:0.427338475461 sr:-0.014659559275 heading:37 velocity:[-0.09, 0.17, -0.07] position:LocationGlobalRelative:lat=55.940569,lon=-3.1930553,alt=6.283
INFO:root:Angle_optical:-82.1834364855 Distance_optical:9.30266058849 Angle_gps:-49.5637939144 Distance_gps:4.30184517265                  elapsed_time:0.101917982101
INFO:root:sl:0.127338475461 sr:0.0876724905714 heading:37 velocity:[-0.12, 0.2, -0.03] position:LocationGlobalRelative:lat=55.9405691,lon=-3.1930552,alt=6.305
INFO:root:Angle_optical:-81.5045171189 Distance_optical:9.47871167046 Angle_gps:-46.9684163999 Distance_gps:4.44496110347                  elapsed_time:0.101306915283
INFO:root:sl:-0.00366229161599 sr:-0.0656158623138 heading:37 velocity:[-0.14, 0.22, 0.0] position:LocationGlobalRelative:lat=55.9405692,lon=-3.193055,alt=6.317
INFO:root:Angle_optical:-81.5045171189 Distance_optical:9.47871167046 Angle_gps:-44.320120578 Distance_gps:4.61129511466                  elapsed_time:0.0984869003296
INFO:root:sl:0.119571969356 sr:-0.0829538534254 heading:37 velocity:[-0.15, 0.22, 0.04] position:LocationGlobalRelative:lat=55.9405692,lon=-3.1930549,alt=6.329
INFO:root:Angle_optical:-81.5481445578 Distance_optical:9.63960173565 Angle_gps:-41.8778724974 Distance_gps:4.78552723861                  elapsed_time:0.0981619358063
INFO:root:sl:0.301145606429 sr:-0.00341375185601 heading:37 velocity:[-0.15, 0.22, -0.02] position:LocationGlobalRelative:lat=55.9405692,lon=-3.1930547,alt=6.339
INFO:root:Angle_optical:-81.6519026613 Distance_optical:10.0448267571 Angle_gps:-39.6110565378 Distance_gps:4.96784294525                  elapsed_time:0.10533118248
INFO:root:sl:0.338497789747 sr:0.0904105584097 heading:37 velocity:[-0.17, 0.25, -0.06] position:LocationGlobalRelative:lat=55.9405692,lon=-3.1930544,alt=6.359
INFO:root:Angle_optical:-81.0951542127 Distance_optical:10.5060510184 Angle_gps:-37.2323724445 Distance_gps:5.18379996095                  elapsed_time:0.0951991081238
INFO:root:sl:0.223275533622 sr:0.0526797998963 heading:37 velocity:[-0.18, 0.28, -0.01] position:LocationGlobalRelative:lat=55.9405692,lon=-3.193054,alt=6.38
INFO:root:Angle_optical:-80.8035376351 Distance_optical:10.810227911 Angle_gps:-34.7840082944 Distance_gps:5.43685354601                  elapsed_time:0.0919370651245
INFO:root:sl:0.0770948941662 sr:0.0770228486353 heading:37 velocity:[-0.12, 0.26, 0.0] position:LocationGlobalRelative:lat=55.9405692,lon=-3.1930536,alt=6.402
INFO:root:Angle_optical:-80.2914220953 Distance_optical:10.9203250035 Angle_gps:-32.6537784976 Distance_gps:5.68685828694                  elapsed_time:0.0999450683594
INFO:root:sl:0.059482003947 sr:0.107586725585 heading:37 velocity:[-0.11, 0.34, -0.02] position:LocationGlobalRelative:lat=55.9405692,lon=-3.1930532,alt=6.429
INFO:root:Angle_optical:-79.5665579175 Distance_optical:11.0108173944 Angle_gps:-30.0904733313 Distance_gps:6.03161519688                  elapsed_time:0.101458072662
INFO:root:sl:0.0751838978171 sr:0.0357712480239 heading:38 velocity:[0.0, 0.37, -0.02] position:LocationGlobalRelative:lat=55.9405693,lon=-3.1930526,alt=6.451
INFO:root:Angle_optical:-79.3647510098 Distance_optical:11.1159207908 Angle_gps:-30.0904733313 Distance_gps:6.03161519688                  elapsed_time:0.0947530269623
INFO:root:sl:0.0793554731224 sr:0.0969733781957 heading:38 velocity:[0.13, 0.46, 0.04] position:LocationGlobalRelative:lat=55.9405694,lon=-3.1930519,alt=6.464
INFO:root:Angle_optical:-78.7536146026 Distance_optical:11.2351464967 Angle_gps:-27.5809413466 Distance_gps:6.61292786557                  elapsed_time:0.100863933563
INFO:root:sl:0.0270251653276 sr:0.174291033565 heading:38 velocity:[0.33, 0.58, 0.04] position:LocationGlobalRelative:lat=55.9405697,lon=-3.193051,alt=6.473
INFO:root:Angle_optical:-77.5904582018 Distance_optical:11.2987129414 Angle_gps:-26.3711466163 Distance_gps:7.49843628149                  elapsed_time:0.10385799408
INFO:root:sl:-0.0708641810108 sr:0.113368064753 heading:38 velocity:[0.48, 0.7, 0.0] position:LocationGlobalRelative:lat=55.9405701,lon=-3.1930502,alt=6.483
INFO:root:Angle_optical:-76.8245878575 Distance_optical:11.3192382563 Angle_gps:-25.8378872747 Distance_gps:8.63819955619                  elapsed_time:0.112725973129
INFO:root:sl:-0.370864181011 sr:-0.186631935247 heading:38 velocity:[0.7, 0.84, 0.07] position:LocationGlobalRelative:lat=55.9405708,lon=-3.1930489,alt=6.49
INFO:root:Angle_optical:-76.8245878575 Distance_optical:11.3192382563 Angle_gps:-26.1159865756 Distance_gps:10.1085457893                  elapsed_time:0.0814778804779
INFO:root:sl:-0.670864181011 sr:-0.369283332969 heading:39 velocity:[0.92, 1.0, 0.1] position:LocationGlobalRelative:lat=55.9405716,lon=-3.1930474,alt=6.49
INFO:root:Angle_optical:-76.8245878575 Distance_optical:11.3192382563 Angle_gps:-27.3280753509 Distance_gps:11.8241854535                  elapsed_time:0.0931661128998
INFO:root:sl:-0.907254562025 sr:-0.479304248764 heading:39 velocity:[1.13, 1.17, 0.1] position:LocationGlobalRelative:lat=55.9405726,lon=-3.1930457,alt=6.489
INFO:root:Angle_optical:-76.8245878575 Distance_optical:11.3192382563 Angle_gps:-29.1566439345 Distance_gps:13.6806732664                  elapsed_time:0.093777179718
INFO:root:sl:-0.927748636667 sr:-0.543322885374 heading:39 velocity:[1.36, 1.38, 0.12] position:LocationGlobalRelative:lat=55.9405738,lon=-3.1930435,alt=6.488
INFO:root:Angle_optical:-76.8245878575 Distance_optical:11.3192382563 Angle_gps:-30.5603341042 Distance_gps:15.5473082953                  elapsed_time:0.101015090942
INFO:root:sl:-0.846962434677 sr:-0.641116082145 heading:40 velocity:[1.62, 1.57, 0.11] position:LocationGlobalRelative:lat=55.9405752,lon=-3.1930411,alt=6.49
INFO:root:Angle_optical:-76.8245878575 Distance_optical:11.3192382563 Angle_gps:-31.7106145885 Distance_gps:17.4176691515                  elapsed_time:0.0952000617981
INFO:root:sl:-0.715964744984 sr:-0.515241492767 heading:40 velocity:[1.85, 1.78, 0.11] position:LocationGlobalRelative:lat=55.9405768,lon=-3.1930385,alt=6.492
INFO:root:Angle_optical:-76.8245878575 Distance_optical:11.3192382563 Angle_gps:-32.6577245533 Distance_gps:19.2914033834                  elapsed_time:0.101404190063
INFO:root:sl:-0.639930052198 sr:-0.49756863982 heading:41 velocity:[2.08, 1.98, 0.09] position:LocationGlobalRelative:lat=55.9405787,lon=-3.1930354,alt=6.5
INFO:root:Angle_optical:-76.8245878575 Distance_optical:11.3192382563 Angle_gps:-33.480147053 Distance_gps:21.1666184488                  elapsed_time:0.0979640483856
INFO:root:sl:-0.586077072433 sr:-0.442266486334 heading:41 velocity:[2.28, 2.17, 0.1] position:LocationGlobalRelative:lat=55.9405809,lon=-3.1930319,alt=6.51
INFO:root:Angle_optical:-76.8245878575 Distance_optical:11.3192382563 Angle_gps:-34.1867904545 Distance_gps:23.0429352411                  elapsed_time:0.0987138748169
INFO:root:sl:-0.558026388468 sr:-0.353047112783 heading:41 velocity:[2.48, 2.31, 0.09] position:LocationGlobalRelative:lat=55.9405832,lon=-3.1930282,alt=6.52
INFO:root:Angle_optical:-76.8245878575 Distance_optical:11.3192382563 Angle_gps:-34.7956714004 Distance_gps:24.9217066602                  elapsed_time:0.0988938808441
INFO:root:sl:-0.504747783564 sr:-0.375343946466 heading:41 velocity:[2.61, 2.48, 0.12] position:LocationGlobalRelative:lat=55.9405855,lon=-3.1930244,alt=6.527
INFO:root:Angle_optical:-76.8245878575 Distance_optical:11.3192382563 Angle_gps:-35.3227212018 Distance_gps:26.8019259976                  elapsed_time:0.0998430252075
INFO:root:sl:-0.40560431593 sr:-0.226036321295 heading:41 velocity:[2.76, 2.63, 0.12] position:LocationGlobalRelative:lat=55.9405881,lon=-3.1930204,alt=6.539
INFO:root:Angle_optical:-76.8245878575 Distance_optical:11.3192382563 Angle_gps:-35.7824238198 Distance_gps:28.6837461395                  elapsed_time:0.099730014801
INFO:root:sl:-0.198493559494 sr:0.0739636787049 heading:41 velocity:[2.87, 2.73, 0.11] position:LocationGlobalRelative:lat=55.9405904,lon=-3.1930168,alt=6.548
INFO:root:Angle_optical:-76.3312923187 Distance_optical:11.3376967776 Angle_gps:-36.1861907212 Distance_gps:30.5665591018                  elapsed_time:0.0966250896454
INFO:root:sl:0.101506440506 sr:0.373963678705 heading:41 velocity:[3.01, 2.85, 0.12] position:LocationGlobalRelative:lat=55.9405937,lon=-3.1930116,alt=6.563
INFO:root:Angle_optical:-74.0201714254 Distance_optical:11.5762917956 Angle_gps:-36.5434435503 Distance_gps:32.4502751329                  elapsed_time:0.0953710079193
INFO:root:sl:0.401506440506 sr:0.483430720513 heading:41 velocity:[3.05, 2.93, 0.1] position:LocationGlobalRelative:lat=55.940596,lon=-3.193008,alt=6.575
INFO:root:Angle_optical:-71.6468354462 Distance_optical:12.2600182338 Angle_gps:-36.8615978972 Distance_gps:34.3345457934                  elapsed_time:0.105484962463
INFO:root:sl:0.546183762629 sr:0.698479922722 heading:41 velocity:[3.14, 2.98, 0.05] position:LocationGlobalRelative:lat=55.9405989,lon=-3.1930033,alt=6.594
INFO:root:Angle_optical:-68.5943324225 Distance_optical:13.2371832587 Angle_gps:-37.1466959921 Distance_gps:36.2192452548                  elapsed_time:0.0984017848969
INFO:root:sl:0.632845372771 sr:0.874845931322 heading:41 velocity:[3.17, 3.02, -0.04] position:LocationGlobalRelative:lat=55.9406019,lon=-3.1929986,alt=6.622
INFO:root:Angle_optical:-65.2610388072 Distance_optical:14.4421119 Angle_gps:-37.4035836811 Distance_gps:38.1041621616                  elapsed_time:0.0876369476318
INFO:root:sl:0.912834342541 sr:1.0893821154 heading:41 velocity:[3.2, 3.07, 0.01] position:LocationGlobalRelative:lat=55.9406044,lon=-3.1929947,alt=6.646
INFO:root:Angle_optical:-62.4683855064 Distance_optical:16.0994865411 Angle_gps:-37.6362400746 Distance_gps:39.989181802                  elapsed_time:0.0938920974731
INFO:root:sl:0.863924622666 sr:0.974772563677 heading:41 velocity:[3.2, 3.14, 0.2] position:LocationGlobalRelative:lat=55.9406081,lon=-3.1929889,alt=6.667
INFO:root:Angle_optical:-60.2021529397 Distance_optical:17.713924351 Angle_gps:-37.8479228424 Distance_gps:41.8741643675                  elapsed_time:0.0965189933777
INFO:root:sl:0.563924622666 sr:0.776715666872 heading:41 velocity:[3.23, 3.16, 0.29] position:LocationGlobalRelative:lat=55.9406112,lon=-3.192984,alt=6.67
INFO:root:Angle_optical:-58.4309036252 Distance_optical:18.8707157679 Angle_gps:-38.0413421068 Distance_gps:43.7590136966                  elapsed_time:0.103049993515
INFO:root:sl:0.476508428594 sr:0.711095034386 heading:41 velocity:[3.25, 3.23, 0.21] position:LocationGlobalRelative:lat=55.9406142,lon=-3.1929791,alt=6.673
INFO:root:Angle_optical:-56.9132653591 Distance_optical:19.8977229369 Angle_gps:-38.2187575557 Distance_gps:45.6436289886                  elapsed_time:0.108022928238
INFO:root:sl:0.38880501309 sr:0.623973200001 heading:41 velocity:[3.28, 3.24, 0.13] position:LocationGlobalRelative:lat=55.9406168,lon=-3.1929748,alt=6.679
INFO:root:Angle_optical:-55.6489535208 Distance_optical:20.7757967083 Angle_gps:-38.3820746243 Distance_gps:47.5279304546                  elapsed_time:0.0961468219757
INFO:root:sl:0.68880501309 sr:0.914050098303 heading:40 velocity:[3.31, 3.29, 0.07] position:LocationGlobalRelative:lat=55.9406199,lon=-3.1929697,alt=6.7
INFO:root:Angle_optical:-54.1813042947 Distance_optical:22.2088198342 Angle_gps:-38.5182938013 Distance_gps:49.4129284866                  elapsed_time:0.0977420806885
INFO:root:sl:0.602665710419 sr:0.698339540641 heading:40 velocity:[3.36, 3.3, 0.0] position:LocationGlobalRelative:lat=55.940623,lon=-3.1929647,alt=6.726
INFO:root:Angle_optical:-53.3118861881 Distance_optical:23.3970508889 Angle_gps:-38.6379180971 Distance_gps:51.2986921031                  elapsed_time:0.0994560718536
INFO:root:sl:0.838970551133 sr:0.998339540641 heading:39 velocity:[3.4, 3.33, 0.12] position:LocationGlobalRelative:lat=55.9406263,lon=-3.1929593,alt=6.758
INFO:root:Angle_optical:-52.1397698172 Distance_optical:25.0749002256 Angle_gps:-38.731423702 Distance_gps:53.1848248705                  elapsed_time:0.0910580158234
INFO:root:sl:0.98755163258 sr:1.29833954064 heading:39 velocity:[3.44, 3.33, 0.14] position:LocationGlobalRelative:lat=55.9406295,lon=-3.192954,alt=6.776
INFO:root:Angle_optical:-51.3388058775 Distance_optical:26.9260589548 Angle_gps:-38.8107076557 Distance_gps:55.0720333226                  elapsed_time:0.0955860614777
INFO:root:sl:1.03654818866 sr:1.2419556709 heading:39 velocity:[3.46, 3.38, 0.13] position:LocationGlobalRelative:lat=55.9406328,lon=-3.1929487,alt=6.795
INFO:root:Angle_optical:-50.6527191209 Distance_optical:28.7939977475 Angle_gps:-38.8808072322 Distance_gps:56.9582619828                  elapsed_time:0.10045003891
INFO:root:sl:0.960337362446 sr:1.25954529017 heading:39 velocity:[3.53, 3.38, 0.05] position:LocationGlobalRelative:lat=55.9406359,lon=-3.1929435,alt=6.82
INFO:root:Angle_optical:-49.9887451158 Distance_optical:30.6221847583 Angle_gps:-38.9447338579 Distance_gps:58.8441957936                  elapsed_time:0.100085020065
INFO:root:sl:0.884495783981 sr:1.28601129692 heading:39 velocity:[3.58, 3.42, 0.08] position:LocationGlobalRelative:lat=55.9406393,lon=-3.1929381,alt=6.848
INFO:root:Angle_optical:-49.2913115772 Distance_optical:32.3715153078 Angle_gps:-39.0037952778 Distance_gps:60.7291316349                  elapsed_time:0.0969259738922
INFO:root:sl:0.952973635768 sr:1.37359647911 heading:39 velocity:[3.63, 3.45, 0.08] position:LocationGlobalRelative:lat=55.9406427,lon=-3.1929327,alt=6.877
INFO:root:Angle_optical:-48.757705848 Distance_optical:34.1979786959 Angle_gps:-39.058931286 Distance_gps:62.613348862                  elapsed_time:0.106153964996
INFO:root:sl:1.07280804923 sr:1.41494200773 heading:39 velocity:[3.69, 3.51, 0.11] position:LocationGlobalRelative:lat=55.9406461,lon=-3.1929272,alt=6.9
INFO:root:Angle_optical:-48.3388610394 Distance_optical:36.0764773968 Angle_gps:-39.1106252562 Distance_gps:64.4965720996                  elapsed_time:0.0945818424225
INFO:root:sl:1.0735859705 sr:1.45079111738 heading:39 velocity:[3.7, 3.58, 0.13] position:LocationGlobalRelative:lat=55.9406487,lon=-3.1929228,alt=6.921
INFO:root:Angle_optical:-47.9613227905 Distance_optical:37.95619829 Angle_gps:-39.1592926835 Distance_gps:66.3788954492                  elapsed_time:0.0909190177917
INFO:root:sl:1.05663106993 sr:1.47492606808 heading:40 velocity:[3.73, 3.68, 0.17] position:LocationGlobalRelative:lat=55.9406524,lon=-3.1929168,alt=6.944
INFO:root:Angle_optical:-47.6385416595 Distance_optical:39.837848538 Angle_gps:-39.2164258238 Distance_gps:68.2592894457                  elapsed_time:0.0929110050201
INFO:root:sl:1.1225709703 sr:1.53857172632 heading:40 velocity:[3.77, 3.77, 0.18] position:LocationGlobalRelative:lat=55.9406557,lon=-3.1929111,alt=6.97
INFO:root:Angle_optical:-47.3534533174 Distance_optical:41.7195495281 Angle_gps:-39.2754716297 Distance_gps:70.1373283093                  elapsed_time:0.102671146393
INFO:root:sl:1.15673188137 sr:1.38651976014 heading:40 velocity:[3.83, 3.84, 0.36] position:LocationGlobalRelative:lat=55.9406595,lon=-3.1929047,alt=6.971
INFO:root:Angle_optical:-47.0970129869 Distance_optical:43.6021234453 Angle_gps:-39.3339123267 Distance_gps:72.0144948622                  elapsed_time:0.0992591381073
INFO:root:sl:1.27158090467 sr:1.43684426671 heading:41 velocity:[3.84, 3.92, 0.53] position:LocationGlobalRelative:lat=55.9406623,lon=-3.1928998,alt=6.962
INFO:root:Angle_optical:-46.879508831 Distance_optical:45.4853792286 Angle_gps:-39.4002294395 Distance_gps:73.8893278709                  elapsed_time:0.093780040741
INFO:root:sl:1.33964838279 sr:1.48006065202 heading:41 velocity:[3.88, 4.01, 0.58] position:LocationGlobalRelative:lat=55.940666,lon=-3.1928934,alt=6.926
INFO:root:Angle_optical:-46.6873881409 Distance_optical:47.3682780703 Angle_gps:-39.4682390566 Distance_gps:75.762009468                  elapsed_time:0.0904250144958
INFO:root:sl:1.26660527981 sr:1.37046118486 heading:41 velocity:[3.93, 4.06, 0.51] position:LocationGlobalRelative:lat=55.9406695,lon=-3.1928872,alt=6.899
INFO:root:Angle_optical:-46.5137421147 Distance_optical:49.2513066888 Angle_gps:-39.5353726715 Distance_gps:77.6335833789                  elapsed_time:0.0996279716492
INFO:root:sl:1.256020153 sr:1.41598850381 heading:41 velocity:[3.96, 4.11, 0.47] position:LocationGlobalRelative:lat=55.940674,lon=-3.1928792,alt=6.868
INFO:root:Angle_optical:-46.3546002825 Distance_optical:51.1338744776 Angle_gps:-39.6004209751 Distance_gps:79.5037539013                  elapsed_time:0.098846912384
INFO:root:sl:1.23084866625 sr:1.5446851226 heading:41 velocity:[3.97, 4.15, 0.48] position:LocationGlobalRelative:lat=55.9406769,lon=-3.1928738,alt=6.855
INFO:root:Angle_optical:-46.2075590829 Distance_optical:53.0161385936 Angle_gps:-39.6629977857 Distance_gps:81.3728209666                  elapsed_time:0.103051900864
INFO:root:sl:1.17827259078 sr:1.55776177155 heading:41 velocity:[3.99, 4.18, 0.43] position:LocationGlobalRelative:lat=55.9406806,lon=-3.1928671,alt=6.846
INFO:root:Angle_optical:-46.0709457914 Distance_optical:54.8978490227 Angle_gps:-39.7229781503 Distance_gps:83.2406215115                  elapsed_time:0.095575094223
INFO:root:sl:1.22494116018 sr:1.53634615355 heading:41 velocity:[3.98, 4.22, 0.45] position:LocationGlobalRelative:lat=55.9406843,lon=-3.1928602,alt=6.833
INFO:root:Angle_optical:-45.9435378311 Distance_optical:56.7790400725 Angle_gps:-39.7804210784 Distance_gps:85.1072386387                  elapsed_time:0.109158992767
INFO:root:sl:1.0048463274 sr:1.25453456407 heading:42 velocity:[3.98, 4.28, 0.39] position:LocationGlobalRelative:lat=55.940688,lon=-3.1928533,alt=6.831
INFO:root:Angle_optical:-45.8361126133 Distance_optical:58.6600262442 Angle_gps:-39.843333063 Distance_gps:86.9717591873                  elapsed_time:0.0828380584717
INFO:root:sl:0.884433308905 sr:1.10424510839 heading:42 velocity:[4.02, 4.27, 0.34] position:LocationGlobalRelative:lat=55.9406909,lon=-3.1928478,alt=6.826
INFO:root:Angle_optical:-45.643158623 Distance_optical:60.4260045813 Angle_gps:-39.9072516647 Distance_gps:88.8340426657                  elapsed_time:0.0993120670319
INFO:root:sl:0.85356777646 sr:1.0690777182 heading:42 velocity:[4.05, 4.31, 0.25] position:LocationGlobalRelative:lat=55.9406946,lon=-3.1928407,alt=6.826
INFO:root:Angle_optical:-45.4381521837 Distance_optical:62.1620154528 Angle_gps:-39.9703137429 Distance_gps:90.6950933087                  elapsed_time:0.0920000076294
INFO:root:sl:1.10519044069 sr:1.34524507593 heading:41 velocity:[4.05, 4.34, 0.38] position:LocationGlobalRelative:lat=55.9406984,lon=-3.1928336,alt=6.827
INFO:root:Angle_optical:-45.352762027 Distance_optical:64.0405645406 Angle_gps:-40.0241978626 Distance_gps:92.5553569695                  elapsed_time:0.0963611602783
INFO:root:sl:0.91514074897 sr:1.13848283369 heading:41 velocity:[4.07, 4.37, 0.3] position:LocationGlobalRelative:lat=55.9407023,lon=-3.1928261,alt=6.828
INFO:root:Angle_optical:-45.2019536483 Distance_optical:65.8353690197 Angle_gps:-40.0729045909 Distance_gps:94.4152953384                  elapsed_time:0.102748155594
INFO:root:sl:0.974556634823 sr:1.20779681237 heading:41 velocity:[4.11, 4.41, 0.32] position:LocationGlobalRelative:lat=55.9407059,lon=-3.1928193,alt=6.825
INFO:root:Angle_optical:-45.1020914374 Distance_optical:67.6875394557 Angle_gps:-40.1181941447 Distance_gps:96.273690977                  elapsed_time:0.0927150249481
INFO:root:sl:1.07738590997 sr:1.45908820645 heading:42 velocity:[4.18, 4.4, 0.12] position:LocationGlobalRelative:lat=55.9407097,lon=-3.1928121,alt=6.827
INFO:root:Angle_optical:-45.0352159463 Distance_optical:69.5642942361 Angle_gps:-40.168077766 Distance_gps:98.1302021996                  elapsed_time:0.101422071457
INFO:root:sl:1.02348255957 sr:1.44621972696 heading:42 velocity:[4.2, 4.41, 0.09] position:LocationGlobalRelative:lat=55.9407134,lon=-3.1928051,alt=6.837
INFO:root:Angle_optical:-44.975950357 Distance_optical:71.4394236341 Angle_gps:-40.2189783677 Distance_gps:99.9842115244                  elapsed_time:0.100075006485
INFO:root:sl:1.09632035571 sr:1.40700247945 heading:42 velocity:[4.24, 4.42, -0.03] position:LocationGlobalRelative:lat=55.9407173,lon=-3.1927979,alt=6.843
INFO:root:Angle_optical:-44.9216759429 Distance_optical:73.3138958956 Angle_gps:-40.2694380388 Distance_gps:101.836920736                  elapsed_time:0.0955891609192
INFO:root:sl:1.19773955182 sr:1.54076165098 heading:42 velocity:[4.28, 4.4, 0.03] position:LocationGlobalRelative:lat=55.9407212,lon=-3.1927907,alt=6.845
INFO:root:Angle_optical:-44.8709887171 Distance_optical:75.1870674423 Angle_gps:-40.3187110245 Distance_gps:103.68781583                  elapsed_time:0.10321688652
INFO:root:sl:1.13024848245 sr:1.56572809623 heading:42 velocity:[4.28, 4.4, 0.14] position:LocationGlobalRelative:lat=55.9407244,lon=-3.1927848,alt=6.83
INFO:root:Angle_optical:-44.823182085 Distance_optical:77.0592749615 Angle_gps:-40.3665564391 Distance_gps:105.537283915                  elapsed_time:0.0984270572662
INFO:root:sl:1.19832413072 sr:1.67125762071 heading:42 velocity:[4.3, 4.38, 0.01] position:LocationGlobalRelative:lat=55.9407291,lon=-3.1927761,alt=6.799
INFO:root:Angle_optical:-44.7778144924 Distance_optical:78.9302506368 Angle_gps:-40.412867027 Distance_gps:107.385088562                  elapsed_time:0.0868201255798
INFO:root:sl:1.22192654417 sr:1.71282839979 heading:42 velocity:[4.28, 4.37, 0.22] position:LocationGlobalRelative:lat=55.9407331,lon=-3.192769,alt=6.768
INFO:root:Angle_optical:-44.7346195634 Distance_optical:80.8001061721 Angle_gps:-40.4576578195 Distance_gps:109.23135253                  elapsed_time:0.10143494606
INFO:root:sl:1.06181900346 sr:1.48900457376 heading:42 velocity:[4.24, 4.32, 0.39] position:LocationGlobalRelative:lat=55.9407362,lon=-3.1927633,alt=6.725
INFO:root:Angle_optical:-44.6933937193 Distance_optical:82.668719757 Angle_gps:-40.5009614458 Distance_gps:111.075962447                  elapsed_time:0.105309009552
INFO:root:sl:0.970104132542 sr:1.35958389208 heading:42 velocity:[4.19, 4.26, 0.39] position:LocationGlobalRelative:lat=55.9407407,lon=-3.1927551,alt=6.665
INFO:root:Angle_optical:-44.6356394991 Distance_optical:84.5074557689 Angle_gps:-40.5428391614 Distance_gps:112.918945744                  elapsed_time:0.0979361534119
INFO:root:sl:0.94592154338 sr:1.32507081169 heading:40 velocity:[4.14, 4.16, 0.16] position:LocationGlobalRelative:lat=55.9407447,lon=-3.1927479,alt=6.626
INFO:root:Angle_optical:-44.5499037421 Distance_optical:86.320808253 Angle_gps:-40.5710781697 Distance_gps:114.761573186                  elapsed_time:0.102359771729
INFO:root:sl:1.22676898244 sr:1.62507081169 heading:39 velocity:[4.06, 4.03, 0.17] position:LocationGlobalRelative:lat=55.9407477,lon=-3.1927424,alt=6.622
INFO:root:Angle_optical:-44.4828822942 Distance_optical:88.1862773056 Angle_gps:-40.586190968 Distance_gps:116.605074188                  elapsed_time:0.0991559028625
INFO:root:sl:1.06024810313 sr:1.34397438646 heading:36 velocity:[3.9, 3.87, 0.14] position:LocationGlobalRelative:lat=55.9407512,lon=-3.1927359,alt=6.635
INFO:root:Angle_optical:-44.3818135399 Distance_optical:90.0492409045 Angle_gps:-40.5729043256 Distance_gps:118.449426846                  elapsed_time:0.0958850383759
INFO:root:sl:0.870130635221 sr:1.09343965484 heading:33 velocity:[3.84, 3.7, 0.27] position:LocationGlobalRelative:lat=55.9407547,lon=-3.1927296,alt=6.663
INFO:root:Angle_optical:-44.1670051967 Distance_optical:91.7758832003 Angle_gps:-40.5206129604 Distance_gps:120.297824276                  elapsed_time:0.0943100452423
INFO:root:sl:0.817434885185 sr:1.0019833374 heading:31 velocity:[3.85, 3.5, 0.38] position:LocationGlobalRelative:lat=55.9407581,lon=-3.1927235,alt=6.698
INFO:root:Angle_optical:-43.8881682237 Distance_optical:93.439637081 Angle_gps:-40.4316237582 Distance_gps:122.148820694                  elapsed_time:0.103133916855
INFO:root:sl:0.656750916335 sr:0.870720827183 heading:31 velocity:[3.9, 3.38, 0.45] position:LocationGlobalRelative:lat=55.9407609,lon=-3.1927188,alt=6.707
INFO:root:Angle_optical:-43.6104101653 Distance_optical:94.8265554179 Angle_gps:-40.3283987749 Distance_gps:124.001151627                  elapsed_time:0.0939569473267
INFO:root:sl:0.521960673402 sr:0.674290269244 heading:30 velocity:[3.97, 3.3, 0.41] position:LocationGlobalRelative:lat=55.9407645,lon=-3.1927132,alt=6.702
INFO:root:Angle_optical:-43.3928268911 Distance_optical:95.9110017725 Angle_gps:-40.2098619147 Distance_gps:125.850932206                  elapsed_time:0.0907280445099
INFO:root:sl:0.463289927706 sr:0.663990909121 heading:30 velocity:[3.98, 3.22, 0.29] position:LocationGlobalRelative:lat=55.940768,lon=-3.1927077,alt=6.688
INFO:root:Angle_optical:-43.1551757701 Distance_optical:96.9225175655 Angle_gps:-40.0872356295 Distance_gps:127.701328463                  elapsed_time:0.100515842438
INFO:root:sl:0.494766941481 sr:0.774748423331 heading:29 velocity:[3.89, 3.23, 0.24] position:LocationGlobalRelative:lat=55.9407715,lon=-3.1927022,alt=6.659
INFO:root:Angle_optical:-42.8526351787 Distance_optical:98.0465965584 Angle_gps:-39.9539947736 Distance_gps:129.548476436                  elapsed_time:0.0911300182343
INFO:root:sl:0.272489400612 sr:0.588036250282 heading:30 velocity:[3.74, 3.19, 0.21] position:LocationGlobalRelative:lat=55.9407749,lon=-3.1926967,alt=6.628
INFO:root:Angle_optical:-42.586172333 Distance_optical:98.7886962239 Angle_gps:-39.8293453957 Distance_gps:131.396958256                  elapsed_time:0.0974411964417
INFO:root:sl:0.127193555528 sr:0.549862783073 heading:30 velocity:[3.63, 3.07, 0.27] position:LocationGlobalRelative:lat=55.9407782,lon=-3.1926914,alt=6.591
INFO:root:Angle_optical:-42.2865818703 Distance_optical:99.3421072319 Angle_gps:-39.7095625657 Distance_gps:133.241721105                  elapsed_time:0.102962970734
INFO:root:sl:0.427193555528 sr:0.249862783073 heading:30 velocity:[3.45, 2.82, 0.39] position:LocationGlobalRelative:lat=55.9407812,lon=-3.1926865,alt=6.535
INFO:root:Angle_optical:-42.3113212733 Distance_optical:100.004575261 Angle_gps:-39.594069998 Distance_gps:135.08635369                  elapsed_time:0.0942709445953
INFO:root:sl:0.232944940022 sr:0.369997269843 heading:28 velocity:[3.26, 2.49, 0.56] position:LocationGlobalRelative:lat=55.9407842,lon=-3.1926818,alt=6.452
INFO:root:Angle_optical:-42.1684943712 Distance_optical:100.537256762 Angle_gps:-39.4617760502 Distance_gps:136.927011253                  elapsed_time:0.103094100952
INFO:root:sl:0.202397719582 sr:0.235939816354 heading:27 velocity:[2.99, 2.18, 0.7] position:LocationGlobalRelative:lat=55.940787,lon=-3.1926776,alt=6.343
INFO:root:Angle_optical:-42.0950448897 Distance_optical:100.936881993 Angle_gps:-39.3149335763 Distance_gps:138.767089459                  elapsed_time:0.102386951447
INFO:root:sl:0.209832736325 sr:0.247963661595 heading:29 velocity:[2.7, 1.97, 1.0] position:LocationGlobalRelative:lat=55.9407894,lon=-3.1926738,alt=6.2
INFO:root:Angle_optical:-42.0211951081 Distance_optical:101.355013496 Angle_gps:-39.1842613949 Distance_gps:140.607751685                  elapsed_time:0.0990159511566
INFO:root:sl:0.114899831834 sr:0.257799039867 heading:31 velocity:[2.39, 1.66, 1.02] position:LocationGlobalRelative:lat=55.9407916,lon=-3.1926704,alt=6.029
INFO:root:Angle_optical:-41.9088796448 Distance_optical:101.677369116 Angle_gps:-39.0803219043 Distance_gps:142.446434814                  elapsed_time:0.0971179008484
INFO:root:sl:0.088606146227 sr:0.182566605228 heading:34 velocity:[2.16, 1.52, 1.07] position:LocationGlobalRelative:lat=55.9407936,lon=-3.1926673,alt=5.859
INFO:root:Angle_optical:-41.8394788807 Distance_optical:101.918202455 Angle_gps:-39.0135937492 Distance_gps:144.280800102                  elapsed_time:0.101672887802
INFO:root:sl:0.0916950645903 sr:0.227414633352 heading:34 velocity:[2.1, 1.45, 1.12] position:LocationGlobalRelative:lat=55.9407951,lon=-3.1926651,alt=5.713
INFO:root:Angle_optical:-41.748570596 Distance_optical:102.200610525 Angle_gps:-38.9631092705 Distance_gps:146.108275814                  elapsed_time:0.0996549129486
INFO:root:sl:0.0764198595306 sr:0.308080103675 heading:37 velocity:[2.08, 1.45, 1.05] position:LocationGlobalRelative:lat=55.9407967,lon=-3.1926622,alt=5.525
INFO:root:Angle_optical:-41.6117821443 Distance_optical:102.542486081 Angle_gps:-38.9413331613 Distance_gps:147.932026826                  elapsed_time:0.0908710956573
INFO:root:sl:0.220110476952 sr:0.173403571684 heading:40 velocity:[2.07, 1.6, 1.03] position:LocationGlobalRelative:lat=55.9407983,lon=-3.1926593,alt=5.347
INFO:root:Angle_optical:-41.6281002186 Distance_optical:102.909761781 Angle_gps:-38.9479395234 Distance_gps:149.743684919                  elapsed_time:0.0928571224213
INFO:root:sl:0.520110476952 sr:-0.126596428316 heading:41 velocity:[2.03, 1.81, 1.02] position:LocationGlobalRelative:lat=55.9407998,lon=-3.1926562,alt=5.173
INFO:root:Angle_optical:-41.8920944385 Distance_optical:103.399028086 Angle_gps:-38.9723343234 Distance_gps:151.549180758                  elapsed_time:0.102504968643
INFO:root:sl:0.220110476952 sr:0.0419721596368 heading:42 velocity:[1.97, 1.97, 0.98] position:LocationGlobalRelative:lat=55.9408015,lon=-3.1926526,alt=4.998
INFO:root:Angle_optical:-41.9834824564 Distance_optical:103.641572227 Angle_gps:-39.008971399 Distance_gps:153.348512963                  elapsed_time:0.0928211212158
INFO:root:sl:0.263976041326 sr:-0.0363205019216 heading:41 velocity:[1.83, 2.04, 0.84] position:LocationGlobalRelative:lat=55.9408029,lon=-3.192649,alt=4.864
INFO:root:Angle_optical:-42.1186143524 Distance_optical:103.885446425 Angle_gps:-39.0464319382 Distance_gps:155.145039568                  elapsed_time:0.0995719432831
INFO:root:sl:0.275101146215 sr:-0.0535483803214 heading:40 velocity:[1.69, 2.01, 0.93] position:LocationGlobalRelative:lat=55.9408042,lon=-3.1926453,alt=4.735
INFO:root:Angle_optical:-42.2580138217 Distance_optical:104.141645249 Angle_gps:-39.0792996285 Distance_gps:156.940563614                  elapsed_time:0.106343984604
INFO:root:sl:0.147173570902 sr:-0.000675643551767 heading:38 velocity:[1.53, 1.96, 0.99] position:LocationGlobalRelative:lat=55.9408054,lon=-3.1926417,alt=4.595
INFO:root:Angle_optical:-42.331022174 Distance_optical:104.281386937 Angle_gps:-39.0997660533 Distance_gps:158.736583802                  elapsed_time:0.0975801944733
INFO:root:sl:0.30855846256 sr:-0.0676404676545 heading:37 velocity:[1.38, 1.86, 0.93] position:LocationGlobalRelative:lat=55.9408065,lon=-3.1926382,alt=4.477
INFO:root:Angle_optical:-42.4810328526 Distance_optical:104.579854829 Angle_gps:-39.1090298532 Distance_gps:160.534096762                  elapsed_time:0.10262298584
INFO:root:sl:0.272458578818 sr:-0.0325938691269 heading:35 velocity:[1.21, 1.71, 0.82] position:LocationGlobalRelative:lat=55.9408074,lon=-3.1926348,alt=4.382
INFO:root:Angle_optical:-42.6091697122 Distance_optical:104.85056936 Angle_gps:-39.0680703738 Distance_gps:162.236456078                  elapsed_time:0.0962131023407
INFO:root:sl:0.234321023162 sr:0.0203386365176 heading:34 velocity:[1.1, 1.58, 0.88] position:LocationGlobalRelative:lat=55.9408082,lon=-3.1926324,alt=4.317
INFO:root:Angle_optical:-42.7050420458 Distance_optical:105.105913329 Angle_gps:-38.9791626822 Distance_gps:163.830753998                  elapsed_time:0.0977668762207
INFO:root:sl:0.292945671949 sr:0.0106317900109 heading:33 velocity:[0.95, 1.29, 0.76] position:LocationGlobalRelative:lat=55.9408091,lon=-3.192629,alt=4.203
INFO:root:Angle_optical:-42.8291674451 Distance_optical:105.418565344 Angle_gps:-38.8453332085 Distance_gps:165.309734762                  elapsed_time:0.0935900211334
INFO:root:sl:0.27670796417 sr:-0.0247095692705 heading:32 velocity:[0.83, 1.12, 0.68] position:LocationGlobalRelative:lat=55.9408096,lon=-3.1926271,alt=4.126
INFO:root:Angle_optical:-42.9485124043 Distance_optical:105.711499037 Angle_gps:-38.6729224878 Distance_gps:166.683134986                  elapsed_time:0.0998940467834
INFO:root:sl:0.397395455617 sr:0.275290430729 heading:33 velocity:[0.69, 0.96, 0.64] position:LocationGlobalRelative:lat=55.9408102,lon=-3.1926244,alt=4.028
INFO:root:Angle_optical:-42.9613611691 Distance_optical:106.352099465 Angle_gps:-38.4811131475 Distance_gps:167.979534355                  elapsed_time:0.10188293457
