INFO:root:Resolotion:320,240
INFO:root:sl:-0.0464566245858 sr:-0.00301922854568 heading:209 velocity:[0.1, -0.22, 1.19] position:LocationGlobalRelative:lat=55.9422357,lon=-3.1941253,alt=2.84
INFO:root:Angle_optical:0.0 Distance_optical:0.0 Angle_gps:-167.237674197 Distance_gps:0.0209116271436                  elapsed_time:0.0768778324127
INFO:root:sl:-0.0352684572481 sr:-0.0622784878049 heading:211 velocity:[0.1, -0.22, 1.19] position:LocationGlobalRelative:lat=55.9422357,lon=-3.1941253,alt=2.84
INFO:root:Angle_optical:0.0 Distance_optical:0.0 Angle_gps:-166.569370744 Distance_gps:0.038013712957                  elapsed_time:0.0734748840332
INFO:root:sl:0.0168123142902 sr:-0.121537747064 heading:211 velocity:[0.1, -0.22, 1.19] position:LocationGlobalRelative:lat=55.9422357,lon=-3.1941253,alt=2.84
INFO:root:Angle_optical:99.4847822277 Distance_optical:0.0146010305241 Angle_gps:-168.619159647 Distance_gps:0.0790614533509                  elapsed_time:0.0746150016785
INFO:root:sl:0.0459854167416 sr:-0.176481216584 heading:211 velocity:[0.09, -0.29, 1.06] position:LocationGlobalRelative:lat=55.9422356,lon=-3.1941252,alt=3.09
INFO:root:Angle_optical:101.471495772 Distance_optical:0.0504737505466 Angle_gps:-168.268174544 Distance_gps:0.129705351906                  elapsed_time:0.0712010860443
INFO:root:sl:0.0966168622582 sr:-0.185481650547 heading:220 velocity:[0.09, -0.29, 1.06] position:LocationGlobalRelative:lat=55.9422356,lon=-3.1941252,alt=3.09
INFO:root:Angle_optical:95.8898793047 Distance_optical:0.16986185741 Angle_gps:-171.557231461 Distance_gps:0.216243512233                  elapsed_time:0.0716378688812
INFO:root:sl:0.120047395725 sr:-0.200192804799 heading:220 velocity:[0.09, -0.29, 1.06] position:LocationGlobalRelative:lat=55.9422356,lon=-3.1941252,alt=3.09
INFO:root:Angle_optical:95.140276556 Distance_optical:0.308479649887 Angle_gps:-172.708647007 Distance_gps:0.297234624339                  elapsed_time:0.0694410800934
INFO:root:sl:0.0949914234507 sr:-0.208228491694 heading:220 velocity:[0.09, -0.29, 1.06] position:LocationGlobalRelative:lat=55.9422356,lon=-3.1941252,alt=3.09
INFO:root:Angle_optical:94.4321872862 Distance_optical:0.43769228955 Angle_gps:-173.815494514 Distance_gps:0.392641474009                  elapsed_time:0.067498922348
INFO:root:sl:0.0838665661173 sr:-0.148969232435 heading:220 velocity:[0.15, -0.46, 0.81] position:LocationGlobalRelative:lat=55.9422358,lon=-3.1941254,alt=3.25
INFO:root:Angle_optical:94.2415257374 Distance_optical:0.546085069056 Angle_gps:-174.542818889 Distance_gps:0.536380935952                  elapsed_time:0.0711598396301
INFO:root:sl:0.0307894549375 sr:-0.147782774997 heading:220 velocity:[0.15, -0.46, 0.81] position:LocationGlobalRelative:lat=55.9422358,lon=-3.1941254,alt=3.25
INFO:root:Angle_optical:94.1596635869 Distance_optical:0.587940626805 Angle_gps:-175.063244643 Distance_gps:0.687603102013                  elapsed_time:0.073667049408
INFO:root:sl:0.0681821244329 sr:-0.186563469543 heading:239 velocity:[0.15, -0.46, 0.81] position:LocationGlobalRelative:lat=55.9422358,lon=-3.1941254,alt=3.25
INFO:root:Angle_optical:92.9306431275 Distance_optical:0.677302887268 Angle_gps:-176.95047994 Distance_gps:0.845559466031                  elapsed_time:0.0746610164642
INFO:root:sl:0.00892286517365 sr:-0.127304210284 heading:239 velocity:[0.17, -0.75, 0.54] position:LocationGlobalRelative:lat=55.9422361,lon=-3.1941266,alt=3.34
INFO:root:Angle_optical:92.727180721 Distance_optical:0.689228022789 Angle_gps:179.994769604 Distance_gps:1.10266549498                  elapsed_time:0.069503068924
INFO:root:sl:-0.0503363940856 sr:-0.177524251532 heading:239 velocity:[0.17, -0.75, 0.54] position:LocationGlobalRelative:lat=55.9422361,lon=-3.1941266,alt=3.34
INFO:root:Angle_optical:92.727180721 Distance_optical:0.689228022789 Angle_gps:177.712718518 Distance_gps:1.35848257119                  elapsed_time:0.0679268836975
INFO:root:sl:-0.0911932415282 sr:-0.14563133526 heading:239 velocity:[0.17, -0.75, 0.54] position:LocationGlobalRelative:lat=55.9422361,lon=-3.1941266,alt=3.34
INFO:root:Angle_optical:92.727180721 Distance_optical:0.689228022789 Angle_gps:176.040372743 Distance_gps:1.61770561126                  elapsed_time:0.0687608718872
INFO:root:sl:-0.150452500787 sr:-0.0863720760012 heading:254 velocity:[0.17, -0.75, 0.54] position:LocationGlobalRelative:lat=55.9422361,lon=-3.1941266,alt=3.34
INFO:root:Angle_optical:92.727180721 Distance_optical:0.689228022789 Angle_gps:171.376587383 Distance_gps:1.84001151487                  elapsed_time:0.0703468322754
INFO:root:sl:-0.209711760047 sr:-0.027112816742 heading:254 velocity:[-0.01, -1.08, 0.58] position:LocationGlobalRelative:lat=55.9422364,lon=-3.1941291,alt=3.4
INFO:root:Angle_optical:92.727180721 Distance_optical:0.689228022789 Angle_gps:163.790382346 Distance_gps:2.1071403834                  elapsed_time:0.0693049430847
INFO:root:sl:-0.168980648839 sr:0.0321464425173 heading:254 velocity:[-0.01, -1.08, 0.58] position:LocationGlobalRelative:lat=55.9422364,lon=-3.1941291,alt=3.4
INFO:root:Angle_optical:95.7479016571 Distance_optical:0.713459034651 Angle_gps:157.799724729 Distance_gps:2.3947376885                  elapsed_time:0.0821330547333
INFO:root:sl:-0.152381850339 sr:0.0914057017766 heading:253 velocity:[-0.01, -1.08, 0.58] position:LocationGlobalRelative:lat=55.9422364,lon=-3.1941291,alt=3.4
INFO:root:Angle_optical:103.245382587 Distance_optical:0.792327892033 Angle_gps:153.221042456 Distance_gps:2.70658467064                  elapsed_time:0.073853969574
INFO:root:sl:-0.0931225910802 sr:0.150664961036 heading:253 velocity:[-0.01, -1.08, 0.58] position:LocationGlobalRelative:lat=55.9422364,lon=-3.1941291,alt=3.4
INFO:root:Angle_optical:112.583090152 Distance_optical:0.944818911651 Angle_gps:149.607688449 Distance_gps:3.03180964456                  elapsed_time:0.0687601566315
INFO:root:sl:-0.0338633318209 sr:0.209924220295 heading:253 velocity:[-0.47, -1.14, 0.49] position:LocationGlobalRelative:lat=55.942236,lon=-3.1941331,alt=3.5
INFO:root:Angle_optical:121.270161298 Distance_optical:1.18574374918 Angle_gps:144.055813406 Distance_gps:3.325095662                  elapsed_time:0.0681900978088
INFO:root:sl:0.0253959274383 sr:0.157372504478 heading:253 velocity:[-0.47, -1.14, 0.49] position:LocationGlobalRelative:lat=55.942236,lon=-3.1941331,alt=3.5
INFO:root:Angle_optical:124.416811416 Distance_optical:1.39377696104 Angle_gps:139.441025772 Distance_gps:3.6443313501                  elapsed_time:0.0688869953156
INFO:root:sl:0.0846551866976 sr:0.14971114912 heading:253 velocity:[-0.47, -1.14, 0.49] position:LocationGlobalRelative:lat=55.942236,lon=-3.1941331,alt=3.5
INFO:root:Angle_optical:123.967292944 Distance_optical:1.63054395635 Angle_gps:135.588764754 Distance_gps:3.98336416208                  elapsed_time:0.069326877594
INFO:root:sl:0.058045863181 sr:0.149607023787 heading:241 velocity:[-0.85, -0.99, 0.54] position:LocationGlobalRelative:lat=55.9422346,lon=-3.194137,alt=3.58
INFO:root:Angle_optical:125.648791401 Distance_optical:1.84561985863 Angle_gps:132.387194657 Distance_gps:4.36747868569                  elapsed_time:0.0813829898834
INFO:root:sl:0.11730512244 sr:0.134711661222 heading:241 velocity:[-0.85, -0.99, 0.54] position:LocationGlobalRelative:lat=55.9422346,lon=-3.194137,alt=3.58
INFO:root:Angle_optical:125.205307138 Distance_optical:2.09165204524 Angle_gps:130.010177212 Distance_gps:4.77581549674                  elapsed_time:0.0775837898254
INFO:root:sl:0.1765643817 sr:0.0754524019622 heading:241 velocity:[-0.85, -0.99, 0.54] position:LocationGlobalRelative:lat=55.9422346,lon=-3.194137,alt=3.58
INFO:root:Angle_optical:122.177854605 Distance_optical:2.32877086356 Angle_gps:128.128043318 Distance_gps:5.19384479027                  elapsed_time:0.0736939907074
INFO:root:sl:0.214863798754 sr:0.0736113422865 heading:227 velocity:[-0.85, -0.99, 0.54] position:LocationGlobalRelative:lat=55.9422346,lon=-3.194137,alt=3.58
INFO:root:Angle_optical:119.736920758 Distance_optical:2.61831037213 Angle_gps:128.227413488 Distance_gps:5.63616825301                  elapsed_time:0.0697860717773
INFO:root:sl:0.258574733749 sr:0.0143520830273 heading:227 velocity:[-0.98, -0.88, 0.44] position:LocationGlobalRelative:lat=55.9422326,lon=-3.1941404,alt=3.68
INFO:root:Angle_optical:116.212520887 Distance_optical:2.92058485442 Angle_gps:128.015548317 Distance_gps:6.07660778711                  elapsed_time:0.0684609413147
INFO:root:sl:0.28648178224 sr:-0.00662513860926 heading:227 velocity:[-0.98, -0.88, 0.44] position:LocationGlobalRelative:lat=55.9422326,lon=-3.1941404,alt=3.68
INFO:root:Angle_optical:112.922981952 Distance_optical:3.26251823608 Angle_gps:127.949922771 Distance_gps:6.51917604235                  elapsed_time:0.0707850456238
INFO:root:sl:0.27050172447 sr:-0.0658843978685 heading:227 velocity:[-0.98, -0.88, 0.44] position:LocationGlobalRelative:lat=55.9422326,lon=-3.1941404,alt=3.68
INFO:root:Angle_optical:110.48022343 Distance_optical:3.59419704085 Angle_gps:127.942791096 Distance_gps:6.96027221494                  elapsed_time:0.0665800571442
INFO:root:sl:0.329760983729 sr:-0.0423464971894 heading:219 velocity:[-0.96, -0.93, 0.34] position:LocationGlobalRelative:lat=55.9422306,lon=-3.1941438,alt=3.79
INFO:root:Angle_optical:108.390671555 Distance_optical:4.01418633968 Angle_gps:128.741275643 Distance_gps:7.39706309896                  elapsed_time:0.0847480297089
INFO:root:sl:0.337786943987 sr:-0.0616034597103 heading:219 velocity:[-0.96, -0.93, 0.34] position:LocationGlobalRelative:lat=55.9422306,lon=-3.1941438,alt=3.79
INFO:root:Angle_optical:106.815277652 Distance_optical:4.45244013244 Angle_gps:129.539175597 Distance_gps:7.83284241316                  elapsed_time:0.0821921825409
INFO:root:sl:0.344936647891 sr:-0.0700767634307 heading:219 velocity:[-0.96, -0.93, 0.34] position:LocationGlobalRelative:lat=55.9422306,lon=-3.1941438,alt=3.79
INFO:root:Angle_optical:105.567452375 Distance_optical:4.904471314 Angle_gps:130.293566178 Distance_gps:8.2689709026                  elapsed_time:0.0722510814667
INFO:root:sl:0.285677388632 sr:-0.0283464579995 heading:219 velocity:[-0.96, -0.93, 0.34] position:LocationGlobalRelative:lat=55.9422306,lon=-3.1941438,alt=3.79
INFO:root:Angle_optical:104.722136166 Distance_optical:5.28089995188 Angle_gps:130.990943792 Distance_gps:8.7058637812                  elapsed_time:0.0686349868774
INFO:root:sl:0.226418129372 sr:-0.0321441776136 heading:217 velocity:[-0.87, -1.05, 0.21] position:LocationGlobalRelative:lat=55.9422286,lon=-3.1941482,alt=3.86
INFO:root:Angle_optical:104.190188958 Distance_optical:5.58115817 Angle_gps:132.081674545 Distance_gps:9.13162777533                  elapsed_time:0.0703330039978
INFO:root:sl:0.212502603718 sr:0.0271150816457 heading:217 velocity:[-0.87, -1.05, 0.21] position:LocationGlobalRelative:lat=55.9422286,lon=-3.1941482,alt=3.86
INFO:root:Angle_optical:104.116159028 Distance_optical:5.86961284315 Angle_gps:133.098467099 Distance_gps:9.55975855948                  elapsed_time:0.0669629573822
INFO:root:sl:0.174521417366 sr:0.077243274678 heading:217 velocity:[-0.87, -1.05, 0.21] position:LocationGlobalRelative:lat=55.9422286,lon=-3.1941482,alt=3.86
INFO:root:Angle_optical:104.75630074 Distance_optical:6.11774948967 Angle_gps:134.038438488 Distance_gps:9.98985295685                  elapsed_time:0.0672299861908
INFO:root:sl:0.124437145076 sr:0.11715834545 heading:220 velocity:[-0.85, -1.15, 0.11] position:LocationGlobalRelative:lat=55.9422269,lon=-3.1941532,alt=3.92
INFO:root:Angle_optical:105.934611561 Distance_optical:6.3093329073 Angle_gps:135.082952259 Distance_gps:10.434027685                  elapsed_time:0.0798101425171
INFO:root:sl:0.0651778858169 sr:0.176417604709 heading:220 velocity:[-0.85, -1.15, 0.11] position:LocationGlobalRelative:lat=55.9422269,lon=-3.1941532,alt=3.92
INFO:root:Angle_optical:107.849622983 Distance_optical:6.44581757272 Angle_gps:135.864106005 Distance_gps:10.8925165211                  elapsed_time:0.0818150043488
INFO:root:sl:0.0412405318435 sr:0.19604152651 heading:220 velocity:[-0.85, -1.15, 0.11] position:LocationGlobalRelative:lat=55.9422269,lon=-3.1941532,alt=3.92
INFO:root:Angle_optical:109.964293415 Distance_optical:6.56719894156 Angle_gps:136.55770375 Distance_gps:11.3532568207                  elapsed_time:0.0671920776367
INFO:root:sl:0.0627784063963 sr:0.220650641689 heading:220 velocity:[-0.85, -1.15, 0.11] position:LocationGlobalRelative:lat=55.9422269,lon=-3.1941532,alt=3.92
INFO:root:Angle_optical:112.184351677 Distance_optical:6.73633113084 Angle_gps:137.186022653 Distance_gps:11.8163720253                  elapsed_time:0.0665130615234
INFO:root:sl:0.0649471603163 sr:0.240945252016 heading:220 velocity:[-0.89, -1.19, 0.04] position:LocationGlobalRelative:lat=55.9422254,lon=-3.1941581,alt=3.96
INFO:root:Angle_optical:114.490297246 Distance_optical:6.9279408801 Angle_gps:137.770539256 Distance_gps:12.2996760269                  elapsed_time:0.069287776947
INFO:root:sl:0.062472230754 sr:0.248547727844 heading:221 velocity:[-0.89, -1.19, 0.04] position:LocationGlobalRelative:lat=55.9422254,lon=-3.1941581,alt=3.96
INFO:root:Angle_optical:116.741567377 Distance_optical:7.1332694016 Angle_gps:138.255613305 Distance_gps:12.7869550181                  elapsed_time:0.0684130191803
INFO:root:sl:0.0531148567589 sr:0.241488533739 heading:221 velocity:[-0.89, -1.19, 0.04] position:LocationGlobalRelative:lat=55.9422254,lon=-3.1941581,alt=3.96
INFO:root:Angle_optical:118.832458153 Distance_optical:7.33435554981 Angle_gps:138.697024931 Distance_gps:13.2750892517                  elapsed_time:0.0665969848633
INFO:root:sl:0.0820726494057 sr:0.200268473638 heading:221 velocity:[-1.02, -1.14, 0.01] position:LocationGlobalRelative:lat=55.9422236,lon=-3.1941628,alt=4.01
INFO:root:Angle_optical:120.297720233 Distance_optical:7.55381611188 Angle_gps:138.929813233 Distance_gps:13.7852539445                  elapsed_time:0.0735540390015
INFO:root:sl:0.0228133901464 sr:0.189013816445 heading:220 velocity:[-1.02, -1.14, 0.01] position:LocationGlobalRelative:lat=55.9422236,lon=-3.1941628,alt=4.01
INFO:root:Angle_optical:121.873249125 Distance_optical:7.69982399779 Angle_gps:139.193525836 Distance_gps:14.2942335825                  elapsed_time:0.0878109931946
INFO:root:sl:0.0125132899019 sr:0.134699595673 heading:220 velocity:[-1.02, -1.14, 0.01] position:LocationGlobalRelative:lat=55.9422236,lon=-3.1941628,alt=4.01
INFO:root:Angle_optical:122.980581323 Distance_optical:7.80261799941 Angle_gps:139.44451984 Distance_gps:14.8036186419                  elapsed_time:0.0701999664307
INFO:root:sl:0.0717725491612 sr:0.0851857195604 heading:220 velocity:[-1.21, -1.08, -0.15] position:LocationGlobalRelative:lat=55.9422214,lon=-3.1941671,alt=4.02
INFO:root:Angle_optical:123.354205847 Distance_optical:7.94309078235 Angle_gps:139.467771784 Distance_gps:15.347766134                  elapsed_time:0.0666110515594
INFO:root:sl:0.13103180842 sr:0.0340405106394 heading:220 velocity:[-1.21, -1.08, -0.15] position:LocationGlobalRelative:lat=55.9422214,lon=-3.1941671,alt=4.02
INFO:root:Angle_optical:123.013523748 Distance_optical:8.1185056253 Angle_gps:139.490628893 Distance_gps:15.8919983295                  elapsed_time:0.0679090023041
INFO:root:sl:0.19029106768 sr:0.0283173462854 heading:216 velocity:[-1.21, -1.08, -0.15] position:LocationGlobalRelative:lat=55.9422214,lon=-3.1941671,alt=4.02
INFO:root:Angle_optical:122.42646194 Distance_optical:8.36293982475 Angle_gps:139.704057292 Distance_gps:16.4334421798                  elapsed_time:0.0664069652557
INFO:root:sl:0.249550326939 sr:0.000792114791085 heading:216 velocity:[-1.21, -1.08, -0.15] position:LocationGlobalRelative:lat=55.9422214,lon=-3.1941671,alt=4.02
INFO:root:Angle_optical:121.442888232 Distance_optical:8.66612576156 Angle_gps:139.930592236 Distance_gps:16.9760325328                  elapsed_time:0.0671818256378
INFO:root:sl:0.308809586198 sr:-0.0130248323782 heading:216 velocity:[-1.35, -1.1, -0.06] position:LocationGlobalRelative:lat=55.9422186,lon=-3.1941714,alt=4.01
INFO:root:Angle_optical:120.328372726 Distance_optical:9.04509145751 Angle_gps:140.086615606 Distance_gps:17.5606963274                  elapsed_time:0.067015171051
INFO:root:sl:0.310480692954 sr:-0.0234459510006 heading:216 velocity:[-1.35, -1.1, -0.06] position:LocationGlobalRelative:lat=55.9422186,lon=-3.1941714,alt=4.01
INFO:root:Angle_optical:119.304870986 Distance_optical:9.43016483469 Angle_gps:140.238472341 Distance_gps:18.1459042377                  elapsed_time:0.0730578899384
INFO:root:sl:0.352662927864 sr:-0.0204791994492 heading:215 velocity:[-1.35, -1.1, -0.06] position:LocationGlobalRelative:lat=55.9422186,lon=-3.1941714,alt=4.01
INFO:root:Angle_optical:118.267473107 Distance_optical:9.87291453504 Angle_gps:140.431683571 Distance_gps:18.7298650775                  elapsed_time:0.0777909755707
INFO:root:sl:0.307647040598 sr:0.00381202284855 heading:215 velocity:[-1.36, -1.2, -0.07] position:LocationGlobalRelative:lat=55.9422153,lon=-3.1941765,alt=4.01
INFO:root:Angle_optical:117.471856119 Distance_optical:10.264544955 Angle_gps:140.699832459 Distance_gps:19.3358398701                  elapsed_time:0.0733671188354
INFO:root:sl:0.315969794705 sr:0.00153201468412 heading:215 velocity:[-1.36, -1.2, -0.07] position:LocationGlobalRelative:lat=55.9422153,lon=-3.1941765,alt=4.01
INFO:root:Angle_optical:116.705109078 Distance_optical:10.667842974 Angle_gps:140.956035442 Distance_gps:19.9417884828                  elapsed_time:0.0723829269409
INFO:root:sl:0.375229053964 sr:0.035744698535 heading:216 velocity:[-1.36, -1.2, -0.07] position:LocationGlobalRelative:lat=55.9422153,lon=-3.1941765,alt=4.01
INFO:root:Angle_optical:116.069648306 Distance_optical:11.1623927158 Angle_gps:141.153604454 Distance_gps:20.5499055778                  elapsed_time:0.066535949707
INFO:root:sl:0.430469082862 sr:0.0950039577943 heading:216 velocity:[-1.36, -1.2, -0.07] position:LocationGlobalRelative:lat=55.9422153,lon=-3.1941765,alt=4.01
INFO:root:Angle_optical:115.735261752 Distance_optical:11.7533300966 Angle_gps:141.334030914 Distance_gps:21.1576890433                  elapsed_time:0.0681400299072
INFO:root:sl:0.489728342121 sr:0.154263217054 heading:216 velocity:[-1.21, -1.29, -0.03] position:LocationGlobalRelative:lat=55.9422121,lon=-3.1941821,alt=4.0
INFO:root:Angle_optical:115.659663179 Distance_optical:12.4460261312 Angle_gps:141.643961213 Distance_gps:21.7425548345                  elapsed_time:0.0667960643768
INFO:root:sl:0.54898760138 sr:0.213522476313 heading:216 velocity:[-1.21, -1.29, -0.03] position:LocationGlobalRelative:lat=55.9422121,lon=-3.1941821,alt=4.0
INFO:root:Angle_optical:115.806501164 Distance_optical:13.2399119893 Angle_gps:141.936426725 Distance_gps:22.3278464378                  elapsed_time:0.0663759708405
INFO:root:sl:0.608246860639 sr:0.272781735572 heading:216 velocity:[-1.21, -1.29, -0.03] position:LocationGlobalRelative:lat=55.9422121,lon=-3.1941821,alt=4.0
INFO:root:Angle_optical:116.13550865 Distance_optical:14.1357599772 Angle_gps:142.213274548 Distance_gps:22.9137912345                  elapsed_time:0.0670428276062
