INFO:root:sl:0.0395555664471 sr:0.0464662755001 heading:116 velocity:[-1.02, 1.39, 0.18] position:LocationGlobalRelative:lat=55.940694,lon=-3.1932481,alt=4.739
INFO:root:Angle_optical:-113.400412241 Distance_optical:0.0272284012965 Angle_gps:-115.967283614 Distance_gps:0.6098413428                  elapsed_time:0.0864610671997
INFO:root:sl:0.00929451278691 sr:0.0120124208843 heading:109 velocity:[-0.98, 1.46, 0.17] position:LocationGlobalRelative:lat=55.9406929,lon=-3.1932456,alt=4.742
INFO:root:Angle_optical:-112.41331056 Distance_optical:0.0326440523587 Angle_gps:-115.235662709 Distance_gps:1.11286702138                  elapsed_time:0.179173946381
INFO:root:sl:0.010819012295 sr:0.013121162731 heading:105 velocity:[-0.91, 1.51, 0.14] position:LocationGlobalRelative:lat=55.9406922,lon=-3.1932436,alt=4.743
INFO:root:Angle_optical:-107.561004865 Distance_optical:0.0466606392379 Angle_gps:-106.344639935 Distance_gps:2.19895426876                  elapsed_time:0.114032030106
INFO:root:sl:0.0135414577515 sr:0.0166038409733 heading:105 velocity:[-0.85, 1.54, 0.12] position:LocationGlobalRelative:lat=55.9406916,lon=-3.1932417,alt=4.744
INFO:root:Angle_optical:-105.173636775 Distance_optical:0.0627540032635 Angle_gps:-104.76235771 Distance_gps:3.22111816685                  elapsed_time:0.100291013718
INFO:root:sl:0.00840413450036 sr:0.00913531692487 heading:100 velocity:[-0.77, 1.58, 0.11] position:LocationGlobalRelative:lat=55.9406907,lon=-3.1932392,alt=4.751
INFO:root:Angle_optical:-102.93865598 Distance_optical:0.0775627623853 Angle_gps:-100.355490084 Distance_gps:4.78620967335                  elapsed_time:0.0907888412476
INFO:root:sl:-0.0341905006926 sr:0.040654876311 heading:96 velocity:[-0.71, 1.6, 0.21] position:LocationGlobalRelative:lat=55.94069,lon=-3.1932367,alt=4.755
INFO:root:Angle_optical:-84.0268921096 Distance_optical:0.11224233891 Angle_gps:-97.8703884734 Distance_gps:6.22239539811                  elapsed_time:0.0917921066284
INFO:root:sl:0.165809499307 sr:0.0318719537787 heading:92 velocity:[-0.63, 1.6, 0.35] position:LocationGlobalRelative:lat=55.9406894,lon=-3.193234,alt=4.746
INFO:root:Angle_optical:-112.859195547 Distance_optical:0.321444864536 Angle_gps:-94.8966291146 Distance_gps:7.87472313947                  elapsed_time:0.100065231323
INFO:root:sl:0.365809499307 sr:-0.0404410464784 heading:89 velocity:[-0.6, 1.61, 0.51] position:LocationGlobalRelative:lat=55.9406888,lon=-3.1932315,alt=4.721
INFO:root:Angle_optical:-126.621864007 Distance_optical:0.776158753051 Angle_gps:-92.5254742525 Distance_gps:9.39260960432                  elapsed_time:0.0938920974731
INFO:root:sl:0.565809499307 sr:0.0129614114586 heading:87 velocity:[-0.53, 1.57, 0.63] position:LocationGlobalRelative:lat=55.9406883,lon=-3.1932289,alt=4.678
INFO:root:Angle_optical:-129.874676692 Distance_optical:1.5426211927 Angle_gps:-90.3624933973 Distance_gps:10.9718517048                  elapsed_time:0.0982720851898
INFO:root:sl:0.765809499307 sr:0.0161602271307 heading:85 velocity:[-0.46, 1.55, 0.73] position:LocationGlobalRelative:lat=55.9406879,lon=-3.1932263,alt=4.624
INFO:root:Angle_optical:-130.585632669 Distance_optical:2.55641757267 Angle_gps:-88.5306221365 Distance_gps:12.5008206788                  elapsed_time:0.094820022583
INFO:root:sl:0.965809499307 sr:0.16079217156 heading:84 velocity:[-0.42, 1.53, 0.76] position:LocationGlobalRelative:lat=55.9406876,lon=-3.1932242,alt=4.578
INFO:root:Angle_optical:-127.819435165 Distance_optical:3.87037922031 Angle_gps:-86.9374527915 Distance_gps:14.058505911                  elapsed_time:0.100853919983
INFO:root:sl:1.13410526785 sr:0.304678749369 heading:82 velocity:[-0.37, 1.52, 0.79] position:LocationGlobalRelative:lat=55.9406872,lon=-3.1932217,alt=4.521
INFO:root:Angle_optical:-124.009308258 Distance_optical:5.23692003402 Angle_gps:-85.4593763139 Distance_gps:15.584724225                  elapsed_time:0.089793920517
INFO:root:sl:1.33138752547 sr:0.504678749369 heading:81 velocity:[-0.33, 1.5, 0.8] position:LocationGlobalRelative:lat=55.940687,lon=-3.1932197,alt=4.479
INFO:root:Angle_optical:-119.243148998 Distance_optical:6.66747764715 Angle_gps:-84.1257657362 Distance_gps:17.1226125238                  elapsed_time:0.0930969715118
INFO:root:sl:1.38738313973 sr:0.631923402819 heading:81 velocity:[-0.27, 1.47, 0.68] position:LocationGlobalRelative:lat=55.9406867,lon=-3.1932168,alt=4.421
INFO:root:Angle_optical:-114.894066845 Distance_optical:8.15837685917 Angle_gps:-83.0550732785 Distance_gps:18.6886777735                  elapsed_time:0.0891299247742
INFO:root:sl:1.3141194483 sr:0.599513786044 heading:81 velocity:[-0.22, 1.44, 0.59] position:LocationGlobalRelative:lat=55.9406866,lon=-3.1932148,alt=4.397
INFO:root:Angle_optical:-112.107026423 Distance_optical:9.6719922484 Angle_gps:-82.1940665648 Distance_gps:20.2847519591                  elapsed_time:0.104063034058
INFO:root:sl:1.31024324754 sr:0.604118944136 heading:81 velocity:[-0.16, 1.4, 0.45] position:LocationGlobalRelative:lat=55.9406865,lon=-3.1932124,alt=4.381
INFO:root:Angle_optical:-110.028085044 Distance_optical:11.2011247243 Angle_gps:-81.5128265383 Distance_gps:21.904735461                  elapsed_time:0.0920960903168
INFO:root:sl:1.27229615236 sr:0.533961116142 heading:82 velocity:[-0.12, 1.39, 0.3] position:LocationGlobalRelative:lat=55.9406865,lon=-3.19321,alt=4.381
INFO:root:Angle_optical:-108.904127781 Distance_optical:12.7119993941 Angle_gps:-81.0712080284 Distance_gps:23.5724655808                  elapsed_time:0.0999691486359
INFO:root:sl:1.12687101475 sr:0.616870534216 heading:83 velocity:[-0.08, 1.39, 0.19] position:LocationGlobalRelative:lat=55.9406865,lon=-3.1932076,alt=4.409
INFO:root:Angle_optical:-107.670555474 Distance_optical:14.2665956281 Angle_gps:-80.8500072849 Distance_gps:25.2857816726                  elapsed_time:0.0924620628357
INFO:root:sl:0.985282451724 sr:0.615174988006 heading:84 velocity:[-0.05, 1.39, 0.08] position:LocationGlobalRelative:lat=55.9406865,lon=-3.1932057,alt=4.436
INFO:root:Angle_optical:-106.732559486 Distance_optical:15.8093218262 Angle_gps:-80.7977243044 Distance_gps:27.036754669                  elapsed_time:0.0972609519958
INFO:root:sl:1.12601329359 sr:0.744842259581 heading:85 velocity:[-0.02, 1.37, 0.01] position:LocationGlobalRelative:lat=55.9406866,lon=-3.1932033,alt=4.494
INFO:root:Angle_optical:-105.536832259 Distance_optical:17.4476855804 Angle_gps:-80.8575439964 Distance_gps:28.8105192886                  elapsed_time:0.0905249118805
INFO:root:sl:1.27028431895 sr:0.711837408988 heading:86 velocity:[-0.01, 1.36, -0.11] position:LocationGlobalRelative:lat=55.9406867,lon=-3.193201,alt=4.549
INFO:root:Angle_optical:-104.72978382 Distance_optical:19.0747120491 Angle_gps:-80.9912163005 Distance_gps:30.5987657961                  elapsed_time:0.0947420597076
INFO:root:sl:1.07028431895 sr:0.655830433818 heading:88 velocity:[-0.01, 1.38, -0.13] position:LocationGlobalRelative:lat=55.9406867,lon=-3.1931991,alt=4.603
INFO:root:Angle_optical:-104.317184301 Distance_optical:20.6712313266 Angle_gps:-81.2601440828 Distance_gps:32.4245409829                  elapsed_time:0.0973958969116
INFO:root:sl:0.87028431895 sr:0.641930225401 heading:88 velocity:[0.0, 1.38, -0.23] position:LocationGlobalRelative:lat=55.9406868,lon=-3.1931968,alt=4.682
INFO:root:Angle_optical:-103.823177249 Distance_optical:22.1079980549 Angle_gps:-81.2601440828 Distance_gps:32.4245409829                  elapsed_time:0.0966749191284
INFO:root:sl:0.715641417974 sr:0.73531643877 heading:89 velocity:[-0.01, 1.39, -0.24] position:LocationGlobalRelative:lat=55.9406869,lon=-3.1931944,alt=4.761
INFO:root:Angle_optical:-102.905635231 Distance_optical:23.4332222706 Angle_gps:-81.5892008163 Distance_gps:34.2672694396                  elapsed_time:0.0899791717529
INFO:root:sl:0.915641417974 sr:0.93531643877 heading:90 velocity:[0.0, 1.42, -0.21] position:LocationGlobalRelative:lat=55.940687,lon=-3.1931925,alt=4.827
INFO:root:Angle_optical:-101.929880067 Distance_optical:25.136176612 Angle_gps:-81.5892008163 Distance_gps:34.2672694396                  elapsed_time:0.0876359939575
INFO:root:sl:0.901117906444 sr:0.951215345173 heading:91 velocity:[0.02, 1.45, -0.1] position:LocationGlobalRelative:lat=55.9406872,lon=-3.19319,alt=4.894
INFO:root:Angle_optical:-101.05804654 Distance_optical:26.8450514832 Angle_gps:-82.0196014039 Distance_gps:36.1326031631                  elapsed_time:0.0919280052185
INFO:root:sl:0.796992406008 sr:1.07827942496 heading:92 velocity:[0.05, 1.48, -0.06] position:LocationGlobalRelative:lat=55.9406873,lon=-3.1931874,alt=4.949
INFO:root:Angle_optical:-100.060613988 Distance_optical:28.4876506741 Angle_gps:-82.4747373274 Distance_gps:37.9737881513                  elapsed_time:0.0969841480255
INFO:root:sl:0.596992406008 sr:0.893491012127 heading:92 velocity:[0.07, 1.53, -0.11] position:LocationGlobalRelative:lat=55.9406875,lon=-3.1931847,alt=5.005
INFO:root:Angle_optical:-99.1007915232 Distance_optical:29.8408243189 Angle_gps:-82.8848223725 Distance_gps:39.835697238                  elapsed_time:0.0948100090027
INFO:root:sl:0.404463776812 sr:0.896880260234 heading:92 velocity:[0.06, 1.56, -0.09] position:LocationGlobalRelative:lat=55.9406877,lon=-3.193182,alt=5.057
INFO:root:Angle_optical:-97.9321876803 Distance_optical:31.0028134361 Angle_gps:-83.2588184753 Distance_gps:41.7061034804                  elapsed_time:0.094749212265
INFO:root:sl:0.604463776812 sr:1.07852977969 heading:92 velocity:[0.08, 1.57, -0.09] position:LocationGlobalRelative:lat=55.9406879,lon=-3.1931799,alt=5.096
INFO:root:Angle_optical:-96.9625012449 Distance_optical:32.4717148913 Angle_gps:-83.6049499503 Distance_gps:43.5771887229                  elapsed_time:0.0990190505981
INFO:root:sl:0.504005770142 sr:0.878529779695 heading:92 velocity:[0.08, 1.59, -0.08] position:LocationGlobalRelative:lat=55.9406881,lon=-3.1931772,alt=5.146
INFO:root:Angle_optical:-96.1424622648 Distance_optical:33.741613014 Angle_gps:-83.924530763 Distance_gps:45.448815093                  elapsed_time:0.093405008316
INFO:root:sl:0.304005770142 sr:0.678529779695 heading:91 velocity:[0.03, 1.6, -0.05] position:LocationGlobalRelative:lat=55.9406883,lon=-3.1931744,alt=5.192
INFO:root:Angle_optical:-95.4189673157 Distance_optical:34.6379847602 Angle_gps:-84.2061449807 Distance_gps:47.3222277833                  elapsed_time:0.0993762016296
INFO:root:sl:0.382714066608 sr:0.601205956156 heading:91 velocity:[0.01, 1.62, 0.0] position:LocationGlobalRelative:lat=55.9406884,lon=-3.1931716,alt=5.221
INFO:root:Angle_optical:-94.9654113784 Distance_optical:35.5497869915 Angle_gps:-84.4603760905 Distance_gps:49.1962033158                  elapsed_time:0.0948288440704
INFO:root:sl:0.525931803827 sr:0.801205956156 heading:91 velocity:[0.0, 1.64, 0.01] position:LocationGlobalRelative:lat=55.9406886,lon=-3.1931693,alt=5.236
INFO:root:Angle_optical:-94.4154088107 Distance_optical:36.7835271381 Angle_gps:-84.4603760905 Distance_gps:49.1962033158                  elapsed_time:0.092570066452
INFO:root:sl:0.622120018522 sr:1.00120595616 heading:91 velocity:[0.0, 1.64, 0.01] position:LocationGlobalRelative:lat=55.9406887,lon=-3.1931664,alt=5.242
INFO:root:Angle_optical:-93.7316367529 Distance_optical:38.2930253647 Angle_gps:-84.4603760905 Distance_gps:49.1962033158                  elapsed_time:0.0983808040619
INFO:root:sl:0.665830812825 sr:1.20120595616 heading:91 velocity:[-0.05, 1.66, -0.02] position:LocationGlobalRelative:lat=55.9406888,lon=-3.1931641,alt=5.245
INFO:root:Angle_optical:-93.1561216224 Distance_optical:39.8500823173 Angle_gps:-84.6931907565 Distance_gps:51.0706691264                  elapsed_time:0.0955121517181
INFO:root:sl:0.572347901915 sr:1.00120595616 heading:90 velocity:[-0.09, 1.68, 0.06] position:LocationGlobalRelative:lat=55.9406889,lon=-3.1931611,alt=5.246
INFO:root:Angle_optical:-92.4937180037 Distance_optical:41.3164990807 Angle_gps:-84.8962143484 Distance_gps:52.9461660909                  elapsed_time:0.0925970077515
INFO:root:sl:0.561398587849 sr:1.20120595616 heading:90 velocity:[-0.08, 1.68, 0.07] position:LocationGlobalRelative:lat=55.940689,lon=-3.1931582,alt=5.237
INFO:root:Angle_optical:-91.8578912539 Distance_optical:42.7756547382 Angle_gps:-85.0791192026 Distance_gps:54.8219420456                  elapsed_time:0.0889050960541
INFO:root:sl:0.39308322757 sr:1.1440210615 heading:89 velocity:[-0.11, 1.69, 0.1] position:LocationGlobalRelative:lat=55.9406891,lon=-3.1931552,alt=5.221
INFO:root:Angle_optical:-91.0495204322 Distance_optical:44.0733822991 Angle_gps:-85.2357880361 Distance_gps:56.6985227821                  elapsed_time:0.0962309837341
INFO:root:sl:0.472850208333 sr:1.09772785183 heading:89 velocity:[-0.12, 1.71, 0.11] position:LocationGlobalRelative:lat=55.9406892,lon=-3.1931522,alt=5.204
INFO:root:Angle_optical:-90.3756151627 Distance_optical:45.4532681051 Angle_gps:-85.3757966313 Distance_gps:58.5752188449                  elapsed_time:0.0948441028595
INFO:root:sl:0.672850208333 sr:1.16819612228 heading:88 velocity:[-0.14, 1.72, 0.16] position:LocationGlobalRelative:lat=55.9406892,lon=-3.1931492,alt=5.188
INFO:root:Angle_optical:-89.9560565423 Distance_optical:47.0258558738 Angle_gps:-85.4933280458 Distance_gps:60.4523302588                  elapsed_time:0.100374937057
INFO:root:sl:0.872850208333 sr:1.30123636176 heading:88 velocity:[-0.12, 1.74, 0.11] position:LocationGlobalRelative:lat=55.9406893,lon=-3.1931468,alt=5.173
INFO:root:Angle_optical:-89.775797556 Distance_optical:48.790531894 Angle_gps:-85.5973400495 Distance_gps:62.329500575                  elapsed_time:0.0991449356079
INFO:root:sl:0.820877901161 sr:1.50123636176 heading:88 velocity:[-0.13, 1.75, 0.15] position:LocationGlobalRelative:lat=55.9406893,lon=-3.1931445,alt=5.157
INFO:root:Angle_optical:-89.5498221562 Distance_optical:50.5049945514 Angle_gps:-85.692213939 Distance_gps:64.2060008752                  elapsed_time:0.088042974472
INFO:root:sl:0.96751961262 sr:1.53344358458 heading:88 velocity:[-0.12, 1.79, 0.02] position:LocationGlobalRelative:lat=55.9406894,lon=-3.1931414,alt=5.142
INFO:root:Angle_optical:-89.4867749901 Distance_optical:52.3592970523 Angle_gps:-85.7802764004 Distance_gps:66.0818568952                  elapsed_time:0.089262008667
INFO:root:sl:0.81513394428 sr:1.33344358458 heading:87 velocity:[-0.1, 1.8, 0.09] position:LocationGlobalRelative:lat=55.9406895,lon=-3.1931383,alt=5.122
INFO:root:Angle_optical:-89.265893814 Distance_optical:54.066564859 Angle_gps:-85.8530460174 Distance_gps:67.9574907991                  elapsed_time:0.0965828895569
INFO:root:sl:0.966154804247 sr:1.36276465494 heading:87 velocity:[-0.08, 1.82, 0.03] position:LocationGlobalRelative:lat=55.9406895,lon=-3.1931351,alt=5.1
INFO:root:Angle_optical:-89.1965825192 Distance_optical:55.9183675757 Angle_gps:-85.91706032 Distance_gps:69.8329677964                  elapsed_time:0.0914838314056
INFO:root:sl:1.11242399839 sr:1.31684428329 heading:87 velocity:[-0.09, 1.83, 0.13] position:LocationGlobalRelative:lat=55.9406896,lon=-3.1931321,alt=5.066
INFO:root:Angle_optical:-89.1598963174 Distance_optical:57.801613872 Angle_gps:-85.9753947154 Distance_gps:71.7074044937                  elapsed_time:0.0968050956726
INFO:root:sl:1.19565342107 sr:1.22879400506 heading:87 velocity:[-0.08, 1.84, 0.02] position:LocationGlobalRelative:lat=55.9406896,lon=-3.1931291,alt=5.034
INFO:root:Angle_optical:-89.1241829802 Distance_optical:59.6841315474 Angle_gps:-86.0296857573 Distance_gps:73.5810141875                  elapsed_time:0.101587057114
INFO:root:sl:1.16485796957 sr:1.24248930597 heading:87 velocity:[-0.05, 1.85, 0.07] position:LocationGlobalRelative:lat=55.9406897,lon=-3.1931264,alt=5.007
INFO:root:Angle_optical:-89.0900051444 Distance_optical:61.5656599624 Angle_gps:-86.0807576204 Distance_gps:75.4534907174                  elapsed_time:0.0948469638824
INFO:root:sl:1.29203146996 sr:1.37723764115 heading:87 velocity:[-0.04, 1.89, 0.0] position:LocationGlobalRelative:lat=55.9406898,lon=-3.1931232,alt=4.977
INFO:root:Angle_optical:-89.0575527268 Distance_optical:63.4463052659 Angle_gps:-86.1291192186 Distance_gps:77.3249163166                  elapsed_time:0.0902879238129
INFO:root:sl:1.15818352207 sr:1.28391390533 heading:87 velocity:[-0.05, 1.91, 0.08] position:LocationGlobalRelative:lat=55.9406898,lon=-3.1931206,alt=4.949
INFO:root:Angle_optical:-89.0268165508 Distance_optical:65.3259489517 Angle_gps:-86.175076454 Distance_gps:79.1951615761                  elapsed_time:0.0974519252777
INFO:root:sl:1.35818352207 sr:1.48391390533 heading:87 velocity:[-0.03, 1.9, 0.1] position:LocationGlobalRelative:lat=55.9406899,lon=-3.1931174,alt=4.899
INFO:root:Angle_optical:-88.9977256326 Distance_optical:67.2046137307 Angle_gps:-86.2188601028 Distance_gps:81.0642427807                  elapsed_time:0.090921163559
INFO:root:sl:1.55818352207 sr:1.65868104974 heading:87 velocity:[-0.01, 1.91, 0.01] position:LocationGlobalRelative:lat=55.9406899,lon=-3.1931142,alt=4.849
INFO:root:Angle_optical:-88.9701746953 Distance_optical:69.0822355674 Angle_gps:-86.2606419085 Distance_gps:82.9320926992                  elapsed_time:0.0929009914398
INFO:root:sl:1.68289471543 sr:1.59544493589 heading:87 velocity:[0.0, 1.91, 0.07] position:LocationGlobalRelative:lat=55.9406899,lon=-3.1931108,alt=4.803
INFO:root:Angle_optical:-88.9440574754 Distance_optical:70.9588050034 Angle_gps:-86.2606419085 Distance_gps:82.9320926992                  elapsed_time:0.0939869880676
INFO:root:sl:1.49953341457 sr:1.56962721456 heading:87 velocity:[0.02, 1.91, 0.08] position:LocationGlobalRelative:lat=55.94069,lon=-3.1931082,alt=4.767
INFO:root:Angle_optical:-88.9192683452 Distance_optical:72.8342791729 Angle_gps:-86.3005700154 Distance_gps:84.7986996234                  elapsed_time:0.104650974274
INFO:root:sl:1.58556768893 sr:1.73864194922 heading:87 velocity:[0.06, 1.89, 0.12] position:LocationGlobalRelative:lat=55.9406901,lon=-3.193105,alt=4.719
INFO:root:Angle_optical:-88.8957102876 Distance_optical:74.7086363657 Angle_gps:-86.3387698796 Distance_gps:86.6640193449                  elapsed_time:0.0825440883636
INFO:root:sl:1.45731781957 sr:1.55470269062 heading:87 velocity:[0.09, 1.89, 0.13] position:LocationGlobalRelative:lat=55.9406902,lon=-3.1931017,alt=4.663
INFO:root:Angle_optical:-88.8732931526 Distance_optical:76.5818420638 Angle_gps:-86.375355185 Distance_gps:88.5280290564                  elapsed_time:0.102041006088
INFO:root:sl:1.65731781957 sr:1.75470269062 heading:87 velocity:[0.1, 1.87, 0.14] position:LocationGlobalRelative:lat=55.9406903,lon=-3.193099,alt=4.621
INFO:root:Angle_optical:-88.8519352448 Distance_optical:78.4538700034 Angle_gps:-86.4104274685 Distance_gps:90.390693465                  elapsed_time:0.0951728820801
INFO:root:sl:1.85731781957 sr:1.88958817875 heading:87 velocity:[0.12, 1.87, 0.19] position:LocationGlobalRelative:lat=55.9406905,lon=-3.1930958,alt=4.577
INFO:root:Angle_optical:-88.8315618011 Distance_optical:80.3246890622 Angle_gps:-86.4440800155 Distance_gps:92.2519856445                  elapsed_time:0.0871489048004
INFO:root:sl:1.98719820412 sr:1.99478668176 heading:87 velocity:[0.14, 1.86, 0.19] position:LocationGlobalRelative:lat=55.9406906,lon=-3.1930932,alt=4.538
INFO:root:Angle_optical:-88.8121049635 Distance_optical:82.1942713879 Angle_gps:-86.4763978721 Distance_gps:94.1118739689                  elapsed_time:0.0928900241852
INFO:root:sl:2.13093056155 sr:2.19478668176 heading:87 velocity:[0.12, 1.86, 0.22] position:LocationGlobalRelative:lat=55.9406908,lon=-3.19309,alt=4.482
INFO:root:Angle_optical:-88.7935027462 Distance_optical:84.0625873342 Angle_gps:-86.507459526 Distance_gps:95.9703301673                  elapsed_time:0.0826449394226
INFO:root:sl:2.04651402343 sr:2.23361395227 heading:87 velocity:[0.13, 1.85, 0.22] position:LocationGlobalRelative:lat=55.9406909,lon=-3.1930868,alt=4.428
INFO:root:Angle_optical:-88.7756986485 Distance_optical:85.9296085963 Angle_gps:-86.5373371862 Distance_gps:97.8273242791                  elapsed_time:0.0934591293335
INFO:root:sl:2.04031447448 sr:2.2762832071 heading:87 velocity:[0.14, 1.83, 0.28] position:LocationGlobalRelative:lat=55.9406911,lon=-3.1930836,alt=4.373
INFO:root:Angle_optical:-88.7586409555 Distance_optical:87.7953062548 Angle_gps:-86.5660976744 Distance_gps:99.6828277601                  elapsed_time:0.0997290611267
INFO:root:sl:1.87458867483 sr:2.08506804881 heading:87 velocity:[0.14, 1.82, 0.26] position:LocationGlobalRelative:lat=55.9406912,lon=-3.1930812,alt=4.324
INFO:root:Angle_optical:-88.7422823248 Distance_optical:89.6596519846 Angle_gps:-86.5938027828 Distance_gps:101.536811532                  elapsed_time:0.096718788147
INFO:root:sl:1.96608189328 sr:2.28030469226 heading:86 velocity:[0.15, 1.8, 0.3] position:LocationGlobalRelative:lat=55.9406913,lon=-3.1930781,alt=4.27
INFO:root:Angle_optical:-88.7190508587 Distance_optical:91.5226347149 Angle_gps:-86.613855366 Distance_gps:103.389710952                  elapsed_time:0.0898652076721
INFO:root:sl:1.91654537123 sr:2.17435548178 heading:86 velocity:[0.16, 1.81, 0.38] position:LocationGlobalRelative:lat=55.9406914,lon=-3.1930751,alt=4.203
INFO:root:Angle_optical:-88.6932311502 Distance_optical:93.3848324081 Angle_gps:-86.6301064979 Distance_gps:105.241847167                  elapsed_time:0.0980207920074
INFO:root:sl:1.80641173684 sr:2.07030325697 heading:85 velocity:[0.2, 1.81, 0.36] position:LocationGlobalRelative:lat=55.9406915,lon=-3.193072,alt=4.134
INFO:root:Angle_optical:-88.6591182953 Distance_optical:95.2453356536 Angle_gps:-86.6375342026 Distance_gps:107.092649619                  elapsed_time:0.0881998538971
INFO:root:sl:1.92014123403 sr:2.27030325697 heading:84 velocity:[0.22, 1.81, 0.33] position:LocationGlobalRelative:lat=55.9406916,lon=-3.1930696,alt=4.081
INFO:root:Angle_optical:-88.614140413 Distance_optical:97.1052540056 Angle_gps:-86.6338987296 Distance_gps:108.943374834                  elapsed_time:0.0969071388245
INFO:root:sl:1.89694006014 sr:2.42070889576 heading:84 velocity:[0.25, 1.81, 0.31] position:LocationGlobalRelative:lat=55.9406917,lon=-3.1930665,alt=4.019
INFO:root:Angle_optical:-88.5651343396 Distance_optical:98.9642239905 Angle_gps:-86.6253008312 Distance_gps:110.793252891                  elapsed_time:0.0954620838165
INFO:root:sl:2.0609610436 sr:2.29713444396 heading:83 velocity:[0.24, 1.82, 0.29] position:LocationGlobalRelative:lat=55.9406919,lon=-3.1930639,alt=3.975
INFO:root:Angle_optical:-88.507110203 Distance_optical:100.821498217 Angle_gps:-86.6073122044 Distance_gps:112.64182997                  elapsed_time:0.0948951244354
INFO:root:sl:2.13211909227 sr:2.20729143772 heading:82 velocity:[0.25, 1.82, 0.25] position:LocationGlobalRelative:lat=55.940692,lon=-3.1930609,alt=3.931
INFO:root:Angle_optical:-88.4377613134 Distance_optical:102.678236465 Angle_gps:-86.5779061203 Distance_gps:114.490394186                  elapsed_time:0.0895490646362
INFO:root:sl:2.22624319673 sr:2.00729143772 heading:81 velocity:[0.25, 1.79, 0.16] position:LocationGlobalRelative:lat=55.9406922,lon=-3.1930576,alt=3.885
INFO:root:Angle_optical:-88.3556895572 Distance_optical:104.533866564 Angle_gps:-86.5358224645 Distance_gps:116.338451878                  elapsed_time:0.0960700511932
INFO:root:sl:2.02624319673 sr:1.82172407279 heading:79 velocity:[0.25, 1.78, 0.18] position:LocationGlobalRelative:lat=55.9406923,lon=-3.1930546,alt=3.842
INFO:root:Angle_optical:-88.2500264772 Distance_optical:106.388199961 Angle_gps:-86.4712865555 Distance_gps:118.18644521                  elapsed_time:0.0952830314636
INFO:root:sl:2.14408628356 sr:2.02172407279 heading:77 velocity:[0.26, 1.78, 0.18] position:LocationGlobalRelative:lat=55.9406924,lon=-3.1930514,alt=3.795
INFO:root:Angle_optical:-88.1143785746 Distance_optical:108.241849197 Angle_gps:-86.3785004697 Distance_gps:120.035343697                  elapsed_time:0.10049700737
INFO:root:sl:2.07681273642 sr:2.22172407279 heading:75 velocity:[0.28, 1.76, 0.14] position:LocationGlobalRelative:lat=55.9406926,lon=-3.1930484,alt=3.749
INFO:root:Angle_optical:-87.9446689734 Distance_optical:110.093292233 Angle_gps:-86.2536882907 Distance_gps:121.883843026                  elapsed_time:0.0953922271729
INFO:root:sl:2.11286397782 sr:2.42172407279 heading:73 velocity:[0.3, 1.75, 0.15] position:LocationGlobalRelative:lat=55.9406927,lon=-3.193046,alt=3.711
INFO:root:Angle_optical:-87.739035053 Distance_optical:111.940739481 Angle_gps:-86.0950581557 Distance_gps:123.730234633                  elapsed_time:0.0928549766541
INFO:root:sl:2.30973879173 sr:2.62172407279 heading:73 velocity:[0.3, 1.72, 0.12] position:LocationGlobalRelative:lat=55.9406929,lon=-3.1930435,alt=3.671
INFO:root:Angle_optical:-87.5227316807 Distance_optical:113.787337409 Angle_gps:-85.9254095031 Distance_gps:125.576143883                  elapsed_time:0.0965938568115
INFO:root:sl:2.50973879173 sr:2.42172407279 heading:71 velocity:[0.32, 1.7, 0.1] position:LocationGlobalRelative:lat=55.9406931,lon=-3.1930408,alt=3.635
INFO:root:Angle_optical:-87.2814670142 Distance_optical:115.625099777 Angle_gps:-85.731709824 Distance_gps:127.414419658                  elapsed_time:0.0837271213531
INFO:root:sl:2.70973879173 sr:2.22172407279 heading:68 velocity:[0.34, 1.66, 0.14] position:LocationGlobalRelative:lat=55.9406933,lon=-3.193038,alt=3.599
INFO:root:Angle_optical:-86.9992197399 Distance_optical:117.446148023 Angle_gps:-85.4881944303 Distance_gps:129.193002976                  elapsed_time:0.0982799530029
INFO:root:sl:2.76542333365 sr:2.24334827413 heading:64 velocity:[0.4, 1.62, 0.09] position:LocationGlobalRelative:lat=55.9406935,lon=-3.1930353,alt=3.566
INFO:root:Angle_optical:-86.6629586801 Distance_optical:119.225493544 Angle_gps:-85.1813538354 Distance_gps:130.863382134                  elapsed_time:0.0970640182495
INFO:root:sl:2.56542333365 sr:2.25209561831 heading:60 velocity:[0.42, 1.6, 0.18] position:LocationGlobalRelative:lat=55.9406938,lon=-3.1930325,alt=3.528
INFO:root:Angle_optical:-86.2743094791 Distance_optical:120.940586992 Angle_gps:-84.8109835048 Distance_gps:132.363012387                  elapsed_time:0.0907330513
INFO:root:sl:2.67574363938 sr:2.45209561831 heading:56 velocity:[0.45, 1.56, 0.3] position:LocationGlobalRelative:lat=55.940694,lon=-3.1930304,alt=3.489
INFO:root:Angle_optical:-85.8415411411 Distance_optical:122.580465638 Angle_gps:-84.391931931 Distance_gps:133.685827136                  elapsed_time:0.103628158569
INFO:root:sl:2.87574363938 sr:2.40448654137 heading:51 velocity:[0.53, 1.48, 0.28] position:LocationGlobalRelative:lat=55.9406943,lon=-3.1930277,alt=3.43
INFO:root:Angle_optical:-85.3687087775 Distance_optical:124.140177519 Angle_gps:-83.9364923344 Distance_gps:134.855104611                  elapsed_time:0.0907220840454
INFO:root:sl:3.07574363938 sr:2.20448654137 heading:46 velocity:[0.64, 1.37, 0.42] position:LocationGlobalRelative:lat=55.9406948,lon=-3.193025,alt=3.36
INFO:root:Angle_optical:-84.8644325964 Distance_optical:125.627926534 Angle_gps:-83.4583059269 Distance_gps:135.929734269                  elapsed_time:0.0902969837189
INFO:root:sl:3.06890681946 sr:2.00448654137 heading:42 velocity:[0.74, 1.24, 0.42] position:LocationGlobalRelative:lat=55.9406952,lon=-3.1930232,alt=3.304
INFO:root:Angle_optical:-84.3361978753 Distance_optical:127.058880502 Angle_gps:-82.9648884152 Distance_gps:136.960572902                  elapsed_time:0.101232051849
INFO:root:sl:3.05195750889 sr:1.95416935822 heading:37 velocity:[0.9, 1.12, 0.48] position:LocationGlobalRelative:lat=55.9406958,lon=-3.1930208,alt=3.216
INFO:root:Angle_optical:-83.780146785 Distance_optical:128.426164287 Angle_gps:-82.4549799355 Distance_gps:138.00669772                  elapsed_time:0.0957338809967
INFO:root:sl:3.10572177746 sr:1.77595428791 heading:31 velocity:[1.02, 1.0, 0.36] position:LocationGlobalRelative:lat=55.9406964,lon=-3.1930194,alt=3.165
INFO:root:Angle_optical:-83.1783054883 Distance_optical:129.696394474 Angle_gps:-81.9112502757 Distance_gps:138.971495211                  elapsed_time:0.110440015793
INFO:root:sl:2.90572177746 sr:1.67477327303 heading:26 velocity:[1.12, 0.92, 0.48] position:LocationGlobalRelative:lat=55.9406972,lon=-3.1930178,alt=3.094
INFO:root:Angle_optical:-82.5220184131 Distance_optical:130.848401025 Angle_gps:-81.326163356 Distance_gps:139.833277704                  elapsed_time:0.100193977356
INFO:root:sl:2.76298151449 sr:1.47477327303 heading:20 velocity:[1.19, 0.84, 0.58] position:LocationGlobalRelative:lat=55.9406979,lon=-3.1930164,alt=2.996
INFO:root:Angle_optical:-81.811392149 Distance_optical:131.840347775 Angle_gps:-80.7054821376 Distance_gps:140.492180962                  elapsed_time:0.0911779403687
INFO:root:sl:2.90127658704 sr:1.27477327303 heading:14 velocity:[1.26, 0.77, 0.61] position:LocationGlobalRelative:lat=55.9406986,lon=-3.1930154,alt=2.906
INFO:root:Angle_optical:-81.0655595313 Distance_optical:132.650027737 Angle_gps:-80.0702368194 Distance_gps:140.93037703                  elapsed_time:0.0925118923187
INFO:root:sl:2.78356465438 sr:1.32668443406 heading:8 velocity:[1.32, 0.7, 0.77] position:LocationGlobalRelative:lat=55.9406995,lon=-3.1930142,alt=2.789
INFO:root:Angle_optical:-80.3040776887 Distance_optical:133.290707936 Angle_gps:-79.4412657358 Distance_gps:141.156236443                  elapsed_time:0.0983951091766
INFO:root:sl:2.88974387647 sr:1.52668443406 heading:3 velocity:[1.42, 0.61, 0.66] position:LocationGlobalRelative:lat=55.9407005,lon=-3.1930132,alt=2.656
INFO:root:Angle_optical:-79.5357891517 Distance_optical:133.804963936 Angle_gps:-78.8101633453 Distance_gps:141.288425172                  elapsed_time:0.0881230831146
INFO:root:sl:2.94708631769 sr:1.50026556752 heading:-2 velocity:[1.49, 0.54, 0.67] position:LocationGlobalRelative:lat=55.9407013,lon=-3.1930125,alt=2.561
INFO:root:Angle_optical:-78.7626687904 Distance_optical:134.219107033 Angle_gps:-78.1871943862 Distance_gps:141.303098725                  elapsed_time:0.0973179340363
INFO:root:sl:3.03476174817 sr:1.57355447855 heading:-8 velocity:[1.55, 0.44, 0.66] position:LocationGlobalRelative:lat=55.9407025,lon=-3.1930118,alt=2.453
INFO:root:Angle_optical:-77.9828047246 Distance_optical:134.523326855 Angle_gps:-77.5772764732 Distance_gps:141.178589175                  elapsed_time:0.0912249088287
INFO:root:sl:3.10214025855 sr:1.62305486398 heading:-14 velocity:[1.62, 0.34, 0.6] position:LocationGlobalRelative:lat=55.9407038,lon=-3.1930113,alt=2.345
INFO:root:Angle_optical:-77.1910675687 Distance_optical:134.677048868 Angle_gps:-76.9821755214 Distance_gps:140.885953233                  elapsed_time:0.0969660282135
INFO:root:sl:3.09871398119 sr:1.4471777822 heading:-19 velocity:[1.66, 0.24, 0.52] position:LocationGlobalRelative:lat=55.940705,lon=-3.193011,alt=2.248
INFO:root:Angle_optical:-76.3856655623 Distance_optical:134.655252181 Angle_gps:-76.4035074178 Distance_gps:140.417178772                  elapsed_time:0.0947749614716
INFO:root:sl:3.18577459737 sr:1.43515058431 heading:-25 velocity:[1.69, 0.15, 0.47] position:LocationGlobalRelative:lat=55.9407064,lon=-3.1930109,alt=2.162
INFO:root:Angle_optical:-75.5761882719 Distance_optical:134.426951665 Angle_gps:-75.8738369806 Distance_gps:139.72288685                  elapsed_time:0.100078105927
INFO:root:sl:3.37917531407 sr:1.56053115861 heading:-25 velocity:[1.7, 0.07, 0.41] position:LocationGlobalRelative:lat=55.9407074,lon=-3.1930111,alt=2.105
INFO:root:Angle_optical:-74.7653325212 Distance_optical:134.13176992 Angle_gps:-75.3153118455 Distance_gps:139.037862005                  elapsed_time:0.0913960933685
INFO:root:sl:3.5715076426 sr:1.46899921648 heading:-30 velocity:[1.74, 0.0, 0.37] position:LocationGlobalRelative:lat=55.9407088,lon=-3.1930113,alt=2.041
INFO:root:Angle_optical:-73.967092092 Distance_optical:133.7169259 Angle_gps:-74.8088746642 Distance_gps:138.218513295                  elapsed_time:0.0880258083344
INFO:root:sl:3.43612842316 sr:1.38599733431 heading:-36 velocity:[1.74, -0.07, 0.34] position:LocationGlobalRelative:lat=55.9407098,lon=-3.1930118,alt=2.001
INFO:root:Angle_optical:-73.1916339945 Distance_optical:133.164102003 Angle_gps:-74.3888266454 Distance_gps:137.244126077                  elapsed_time:0.100175142288
INFO:root:sl:3.63612842316 sr:1.47211398357 heading:-41 velocity:[1.72, -0.17, 0.24] position:LocationGlobalRelative:lat=55.9407112,lon=-3.1930124,alt=1.958
INFO:root:Angle_optical:-72.4370774277 Distance_optical:132.505133549 Angle_gps:-74.0253949413 Distance_gps:136.185785709                  elapsed_time:0.0899879932404
INFO:root:sl:3.61361178575 sr:1.32746598791 heading:-47 velocity:[1.7, -0.25, 0.2] position:LocationGlobalRelative:lat=55.9407126,lon=-3.1930133,alt=1.933
INFO:root:Angle_optical:-71.7002692391 Distance_optical:131.749001735 Angle_gps:-73.742601918 Distance_gps:135.035521941                  elapsed_time:0.0964698791504
INFO:root:sl:3.81361178575 sr:1.41448941774 heading:-53 velocity:[1.66, -0.33, 0.15] position:LocationGlobalRelative:lat=55.940714,lon=-3.1930142,alt=1.913
INFO:root:Angle_optical:-70.9822661242 Distance_optical:130.889603096 Angle_gps:-73.5441464481 Distance_gps:133.810266229                  elapsed_time:0.0924940109253
INFO:root:sl:3.69082537769 sr:1.29040277742 heading:-59 velocity:[1.62, -0.44, 0.11] position:LocationGlobalRelative:lat=55.9407153,lon=-3.1930154,alt=1.908
INFO:root:Angle_optical:-70.2896367697 Distance_optical:129.889013896 Angle_gps:-73.4270256977 Distance_gps:132.52629371                  elapsed_time:0.0972850322723
INFO:root:sl:3.68501238957 sr:1.188134664 heading:-65 velocity:[1.57, -0.51, 0.04] position:LocationGlobalRelative:lat=55.9407165,lon=-3.1930165,alt=1.909
INFO:root:Angle_optical:-69.6357434947 Distance_optical:128.70536878 Angle_gps:-73.3963827557 Distance_gps:131.199836949                  elapsed_time:0.0954439640045
INFO:root:sl:3.63635771418 sr:1.05463708844 heading:-71 velocity:[1.51, -0.6, -0.02] position:LocationGlobalRelative:lat=55.9407177,lon=-3.1930179,alt=1.917
INFO:root:Angle_optical:-69.0373375459 Distance_optical:127.345095936 Angle_gps:-73.441033778 Distance_gps:129.865161254                  elapsed_time:0.0937638282776
INFO:root:sl:3.72481185841 sr:0.973278575256 heading:-78 velocity:[1.4, -0.64, 0.06] position:LocationGlobalRelative:lat=55.9407189,lon=-3.1930194,alt=1.928
INFO:root:Angle_optical:-68.5153435538 Distance_optical:125.880984969 Angle_gps:-73.5640749625 Distance_gps:128.569727474                  elapsed_time:0.0949380397797
INFO:root:sl:3.79255722725 sr:0.773278575256 heading:-86 velocity:[1.28, -0.62, 0.05] position:LocationGlobalRelative:lat=55.9407198,lon=-3.1930207,alt=1.935
INFO:root:Angle_optical:-68.0436912095 Distance_optical:124.577382169 Angle_gps:-73.7560818173 Distance_gps:127.338604762                  elapsed_time:0.100991010666
INFO:root:sl:3.93280387308 sr:0.573278575256 heading:-93 velocity:[1.17, -0.59, 0.11] position:LocationGlobalRelative:lat=55.9407208,lon=-3.1930222,alt=1.939
INFO:root:Angle_optical:-67.5876922463 Distance_optical:123.446393838 Angle_gps:-74.0032463356 Distance_gps:126.168765565                  elapsed_time:0.0890119075775
INFO:root:sl:3.87750478752 sr:0.445393103873 heading:-101 velocity:[1.04, -0.51, 0.16] position:LocationGlobalRelative:lat=55.9407217,lon=-3.1930237,alt=1.938
INFO:root:Angle_optical:-67.1519934157 Distance_optical:122.371748535 Angle_gps:-74.3128551968 Distance_gps:125.071544601                  elapsed_time:0.0915329456329
INFO:root:sl:3.73605923247 sr:0.51260156905 heading:-109 velocity:[0.97, -0.46, 0.2] position:LocationGlobalRelative:lat=55.9407224,lon=-3.1930247,alt=1.934
INFO:root:Angle_optical:-66.8098126849 Distance_optical:121.081604994 Angle_gps:-74.6434509141 Distance_gps:124.244147745                  elapsed_time:0.099897146225
INFO:root:sl:3.53605923247 sr:0.421412061171 heading:-117 velocity:[0.85, -0.35, 0.16] position:LocationGlobalRelative:lat=55.9407232,lon=-3.1930259,alt=1.929
INFO:root:Angle_optical:-66.5282316197 Distance_optical:119.756772041 Angle_gps:-74.928370627 Distance_gps:123.750172676                  elapsed_time:0.0922091007233
INFO:root:sl:3.33605923247 sr:0.463829065483 heading:-124 velocity:[0.79, -0.27, 0.17] position:LocationGlobalRelative:lat=55.9407238,lon=-3.193027,alt=1.941
INFO:root:Angle_optical:-66.3599471673 Distance_optical:118.333816912 Angle_gps:-75.1486336804 Distance_gps:123.476439089                  elapsed_time:0.0916030406952
INFO:root:sl:3.53605923247 sr:0.494683082373 heading:-132 velocity:[0.73, -0.19, 0.19] position:LocationGlobalRelative:lat=55.9407245,lon=-3.1930279,alt=1.956
INFO:root:Angle_optical:-66.2919934126 Distance_optical:116.877102909 Angle_gps:-75.2756645809 Distance_gps:123.361857132                  elapsed_time:0.0932631492615
INFO:root:sl:3.33605923247 sr:0.321048697372 heading:-140 velocity:[0.67, -0.15, 0.1] position:LocationGlobalRelative:lat=55.9407249,lon=-3.1930285,alt=1.977
INFO:root:Angle_optical:-66.1978173587 Distance_optical:115.52225559 Angle_gps:-75.3280286554 Distance_gps:123.328323582                  elapsed_time:0.0951969623566
INFO:root:sl:3.13605923247 sr:0.319655089081 heading:-140 velocity:[0.59, -0.06, 0.1] position:LocationGlobalRelative:lat=55.9407255,lon=-3.1930292,alt=2.006
INFO:root:Angle_optical:-66.1356327259 Distance_optical:114.156703034 Angle_gps:-75.3329107738 Distance_gps:123.325789884                  elapsed_time:0.0998849868774
INFO:root:sl:3.03960516122 sr:0.288925893834 heading:-149 velocity:[0.53, 0.01, 0.03] position:LocationGlobalRelative:lat=55.9407259,lon=-3.1930297,alt=2.035
INFO:root:Angle_optical:-66.1288948301 Distance_optical:112.792102229 Angle_gps:-75.3329107738 Distance_gps:123.325789884                  elapsed_time:0.0868120193481
INFO:root:sl:2.8408031066 sr:0.126337126129 heading:-158 velocity:[0.48, 0.09, -0.01] position:LocationGlobalRelative:lat=55.9407263,lon=-3.1930301,alt=2.064
INFO:root:Angle_optical:-66.1329425767 Distance_optical:111.441703028 Angle_gps:-75.3329107738 Distance_gps:123.325789884                  elapsed_time:0.0920329093933
INFO:root:sl:2.6408031066 sr:0.0082906746584 heading:-167 velocity:[0.45, 0.16, -0.07] position:LocationGlobalRelative:lat=55.9407267,lon=-3.1930303,alt=2.097
INFO:root:Angle_optical:-66.1801440076 Distance_optical:110.09874844 Angle_gps:-75.3329107738 Distance_gps:123.325789884                  elapsed_time:0.103199958801
INFO:root:sl:2.47539463472 sr:-0.110743496674 heading:-178 velocity:[0.44, 0.26, -0.11] position:LocationGlobalRelative:lat=55.940727,lon=-3.1930304,alt=2.144
INFO:root:Angle_optical:-66.3298712672 Distance_optical:108.802501962 Angle_gps:-75.3329107738 Distance_gps:123.325789884                  elapsed_time:0.086578130722
INFO:root:sl:2.31926346337 sr:-0.281580545887 heading:170 velocity:[0.45, 0.33, -0.14] position:LocationGlobalRelative:lat=55.9407274,lon=-3.1930304,alt=2.197
INFO:root:Angle_optical:-66.5820741139 Distance_optical:107.578377817 Angle_gps:-75.3366251513 Distance_gps:123.312014451                  elapsed_time:0.0968019962311
INFO:root:sl:2.1889571962 sr:-0.374762504461 heading:159 velocity:[0.47, 0.42, -0.17] position:LocationGlobalRelative:lat=55.9407278,lon=-3.1930302,alt=2.255
INFO:root:Angle_optical:-66.9789703169 Distance_optical:106.471210134 Angle_gps:-75.4162257587 Distance_gps:123.123603983                  elapsed_time:0.0892019271851
INFO:root:sl:2.05662002 sr:-0.25855108831 heading:148 velocity:[0.51, 0.49, -0.22] position:LocationGlobalRelative:lat=55.9407281,lon=-3.1930301,alt=2.308
INFO:root:Angle_optical:-67.5148971665 Distance_optical:105.556632571 Angle_gps:-75.6020457594 Distance_gps:122.847702178                  elapsed_time:0.100603103638
INFO:root:sl:1.95083778448 sr:-0.292485395275 heading:136 velocity:[0.53, 0.54, -0.25] position:LocationGlobalRelative:lat=55.9407284,lon=-3.1930298,alt=2.364
INFO:root:Angle_optical:-68.1299708398 Distance_optical:104.852110113 Angle_gps:-75.8996513847 Distance_gps:122.559523898                  elapsed_time:0.0923268795013
INFO:root:sl:1.93510333028 sr:-0.238830468431 heading:124 velocity:[0.57, 0.59, -0.29] position:LocationGlobalRelative:lat=55.9407287,lon=-3.1930295,alt=2.439
INFO:root:Angle_optical:-68.797064359 Distance_optical:104.359261007 Angle_gps:-76.3042509224 Distance_gps:122.332139276                  elapsed_time:0.0920391082764
INFO:root:sl:1.85378893185 sr:-0.190930454675 heading:112 velocity:[0.63, 0.62, -0.28] position:LocationGlobalRelative:lat=55.9407291,lon=-3.1930289,alt=2.511
INFO:root:Angle_optical:-69.5214716475 Distance_optical:104.179766466 Angle_gps:-76.8067847337 Distance_gps:122.318709666                  elapsed_time:0.0941219329834
INFO:root:sl:1.70010589223 sr:-0.248758459733 heading:99 velocity:[0.72, 0.66, -0.34] position:LocationGlobalRelative:lat=55.9407295,lon=-3.1930284,alt=2.586
INFO:root:Angle_optical:-70.2476517294 Distance_optical:104.349891379 Angle_gps:-77.3761916627 Distance_gps:122.628447777                  elapsed_time:0.0979189872742
INFO:root:sl:1.55182653976 sr:-0.233327002033 heading:88 velocity:[0.77, 0.67, -0.34] position:LocationGlobalRelative:lat=55.9407301,lon=-3.1930277,alt=2.663
INFO:root:Angle_optical:-70.9313324414 Distance_optical:104.746610912 Angle_gps:-77.9221334112 Distance_gps:123.163490167                  elapsed_time:0.0957369804382
INFO:root:sl:1.42049259865 sr:-0.202067836254 heading:76 velocity:[0.86, 0.66, -0.31] position:LocationGlobalRelative:lat=55.9407306,lon=-3.1930271,alt=2.733
INFO:root:Angle_optical:-71.5522140041 Distance_optical:105.374017 Angle_gps:-78.3601097442 Distance_gps:124.039352033                  elapsed_time:0.0952980518341
INFO:root:sl:1.29723325002 sr:-0.225126397919 heading:64 velocity:[0.91, 0.63, -0.28] position:LocationGlobalRelative:lat=55.9407311,lon=-3.1930265,alt=2.791
INFO:root:Angle_optical:-72.0668629797 Distance_optical:106.294769068 Angle_gps:-78.5976123649 Distance_gps:125.300303147                  elapsed_time:0.0908961296082
INFO:root:sl:1.44594931099 sr:-0.19055896004 heading:52 velocity:[1.01, 0.58, -0.29] position:LocationGlobalRelative:lat=55.9407319,lon=-3.1930259,alt=2.856
INFO:root:Angle_optical:-72.4453502131 Distance_optical:107.416121151 Angle_gps:-78.6107569661 Distance_gps:126.738203136                  elapsed_time:0.0984938144684
INFO:root:sl:1.24594931099 sr:-0.189366108764 heading:39 velocity:[1.09, 0.52, -0.36] position:LocationGlobalRelative:lat=55.9407326,lon=-3.1930254,alt=2.908
INFO:root:Angle_optical:-72.7058122922 Distance_optical:108.62062463 Angle_gps:-78.4181205819 Distance_gps:128.199622082                  elapsed_time:0.0990688800812
INFO:root:sl:1.16836814234 sr:-0.152216928817 heading:27 velocity:[1.13, 0.46, -0.32] position:LocationGlobalRelative:lat=55.9407335,lon=-3.1930248,alt=2.967
INFO:root:Angle_optical:-72.8200879448 Distance_optical:109.909159376 Angle_gps:-78.0020869038 Distance_gps:129.47251846                  elapsed_time:0.0876019001007
INFO:root:sl:1.16132210369 sr:-0.145818909295 heading:27 velocity:[1.12, 0.44, -0.31] position:LocationGlobalRelative:lat=55.9407341,lon=-3.1930244,alt=3.017
INFO:root:Angle_optical:-72.8670675862 Distance_optical:111.240944578 Angle_gps:-77.5439661016 Distance_gps:130.67738196                  elapsed_time:0.0910160541534
INFO:root:sl:1.01682722531 sr:-0.0936888494317 heading:15 velocity:[1.09, 0.33, -0.26] position:LocationGlobalRelative:lat=55.9407352,lon=-3.1930238,alt=3.083
INFO:root:Angle_optical:-72.7827712676 Distance_optical:112.568711597 Angle_gps:-76.9801625383 Distance_gps:131.463285602                  elapsed_time:0.088506937027
INFO:root:sl:0.936243677275 sr:-0.0195895658462 heading:4 velocity:[1.06, 0.25, -0.18] position:LocationGlobalRelative:lat=55.9407358,lon=-3.1930235,alt=3.124
INFO:root:Angle_optical:-72.5962924883 Distance_optical:113.758388214 Angle_gps:-76.3744943516 Distance_gps:131.817527422                  elapsed_time:0.0959229469299
INFO:root:sl:0.85641413469 sr:0.0371304583095 heading:-5 velocity:[1.05, 0.11, -0.16] position:LocationGlobalRelative:lat=55.9407367,lon=-3.1930233,alt=3.176
INFO:root:Angle_optical:-72.3436008029 Distance_optical:114.760214395 Angle_gps:-75.783054648 Distance_gps:131.959429291                  elapsed_time:0.0951890945435
INFO:root:sl:1.02459868951 sr:0.0602675724288 heading:-16 velocity:[1.04, -0.01, -0.19] position:LocationGlobalRelative:lat=55.9407376,lon=-3.1930232,alt=3.234
INFO:root:Angle_optical:-71.9473050079 Distance_optical:115.811199015 Angle_gps:-75.198748737 Distance_gps:131.775972588                  elapsed_time:0.0984342098236
INFO:root:sl:0.824598689509 sr:0.10217661978 heading:-26 velocity:[0.97, -0.07, -0.27] position:LocationGlobalRelative:lat=55.9407385,lon=-3.1930233,alt=3.293
INFO:root:Angle_optical:-71.5101260351 Distance_optical:116.48945923 Angle_gps:-74.6906359393 Distance_gps:131.211478651                  elapsed_time:0.0899128913879
INFO:root:sl:0.718015161955 sr:0.0113424561335 heading:-37 velocity:[0.87, -0.03, -0.27] position:LocationGlobalRelative:lat=55.9407392,lon=-3.1930233,alt=3.345
INFO:root:Angle_optical:-71.1117094522 Distance_optical:117.007595129 Angle_gps:-74.3634523263 Distance_gps:130.322112306                  elapsed_time:0.100698947906
INFO:root:sl:0.667127223689 sr:0.104072735541 heading:-47 velocity:[0.66, 0.09, -0.2] position:LocationGlobalRelative:lat=55.9407399,lon=-3.1930233,alt=3.409
INFO:root:Angle_optical:-70.6950577712 Distance_optical:117.2674044 Angle_gps:-74.2183891177 Distance_gps:129.52395203                  elapsed_time:0.0878028869629
INFO:root:sl:0.526864318926 sr:0.050999672963 heading:-56 velocity:[0.45, 0.18, 0.01] position:LocationGlobalRelative:lat=55.9407403,lon=-3.1930231,alt=3.449
INFO:root:Angle_optical:-70.3639444387 Distance_optical:117.423419158 Angle_gps:-74.1576689822 Distance_gps:129.007855872                  elapsed_time:0.092805147171
INFO:root:sl:0.56459374079 sr:0.0390290758504 heading:-65 velocity:[0.12, 0.26, 0.24] position:LocationGlobalRelative:lat=55.9407406,lon=-3.1930227,alt=3.475
INFO:root:Angle_optical:-69.9982844814 Distance_optical:117.483712631 Angle_gps:-74.1565128536 Distance_gps:128.976404133                  elapsed_time:0.0917108058929
INFO:root:sl:0.76459374079 sr:0.23902907585 heading:-71 velocity:[-0.16, 0.32, 0.38] position:LocationGlobalRelative:lat=55.9407406,lon=-3.1930223,alt=3.479
INFO:root:Angle_optical:-69.4945499455 Distance_optical:117.160373428 Angle_gps:-74.1565128536 Distance_gps:128.976404133                  elapsed_time:0.098345041275
INFO:root:sl:0.56459374079 sr:0.106241587156 heading:-77 velocity:[-0.41, 0.32, 0.43] position:LocationGlobalRelative:lat=55.9407404,lon=-3.1930219,alt=3.476
INFO:root:Angle_optical:-69.1356277191 Distance_optical:116.925262712 Angle_gps:-74.1565128536 Distance_gps:128.976404133                  elapsed_time:0.0958139896393
INFO:root:sl:0.442237475099 sr:0.0816094326479 heading:-85 velocity:[-0.47, 0.31, 0.41] position:LocationGlobalRelative:lat=55.94074,lon=-3.1930215,alt=3.473
INFO:root:Angle_optical:-68.8703219334 Distance_optical:116.679928242 Angle_gps:-74.1213338015 Distance_gps:128.949350278                  elapsed_time:0.0945599079132
INFO:root:sl:0.463300110496 sr:0.19752307605 heading:-92 velocity:[-0.47, 0.29, 0.37] position:LocationGlobalRelative:lat=55.9407397,lon=-3.1930211,alt=3.473
INFO:root:Angle_optical:-68.6315197948 Distance_optical:116.236224018 Angle_gps:-74.0458803594 Distance_gps:128.871812372                  elapsed_time:0.0942900180817
INFO:root:sl:0.407018934019 sr:0.0856802633525 heading:-99 velocity:[-0.44, 0.25, 0.52] position:LocationGlobalRelative:lat=55.9407393,lon=-3.1930208,alt=3.47
INFO:root:Angle_optical:-68.4167619593 Distance_optical:115.912891818 Angle_gps:-73.9433530778 Distance_gps:128.737572221                  elapsed_time:0.107069969177
INFO:root:sl:0.40705322398 sr:0.066821716821 heading:-108 velocity:[-0.42, 0.21, 0.83] position:LocationGlobalRelative:lat=55.9407391,lon=-3.1930206,alt=3.449
INFO:root:Angle_optical:-68.2194799354 Distance_optical:115.544990958 Angle_gps:-73.8192947589 Distance_gps:128.51065681                  elapsed_time:0.0924320220947
INFO:root:sl:0.20705322398 sr:0.00279985783063 heading:-117 velocity:[-0.42, 0.18, 1.18] position:LocationGlobalRelative:lat=55.9407388,lon=-3.1930204,alt=3.387
INFO:root:Angle_optical:-68.122110398 Distance_optical:115.349861474 Angle_gps:-73.6900310621 Distance_gps:128.164876914                  elapsed_time:0.0962631702423
INFO:root:sl:0.106918401745 sr:0.141296256473 heading:-117 velocity:[-0.4, 0.14, 1.59] position:LocationGlobalRelative:lat=55.9407386,lon=-3.1930202,alt=3.304
INFO:root:Angle_optical:-68.1450397068 Distance_optical:115.115920039 Angle_gps:-73.5733924845 Distance_gps:127.80347805                  elapsed_time:0.0891871452332
INFO:root:sl:0.12373388947 sr:0.186816852781 heading:-127 velocity:[-0.39, 0.13, 2.13] position:LocationGlobalRelative:lat=55.9407383,lon=-3.19302,alt=3.153
INFO:root:Angle_optical:-68.2020530462 Distance_optical:114.841589239 Angle_gps:-73.4721605486 Distance_gps:127.379371228                  elapsed_time:0.0829908847809
INFO:root:sl:-0.0762661105303 sr:0.212254974198 heading:-137 velocity:[-0.37, 0.13, 2.51] position:LocationGlobalRelative:lat=55.940738,lon=-3.1930199,alt=2.994
INFO:root:Angle_optical:-68.3255197055 Distance_optical:114.716700251 Angle_gps:-73.3941146542 Distance_gps:126.930133791                  elapsed_time:0.0900630950928
INFO:root:sl:-0.105762469218 sr:0.0122549741982 heading:-146 velocity:[-0.36, 0.18, 2.76] position:LocationGlobalRelative:lat=55.9407378,lon=-3.1930197,alt=2.753
INFO:root:Angle_optical:-68.3330418491 Distance_optical:114.711415533 Angle_gps:-73.3403816351 Distance_gps:126.446064965                  elapsed_time:0.0924890041351
INFO:root:sl:0.0590379783445 sr:-0.0709331738508 heading:-156 velocity:[-0.3, 0.25, 2.83] position:LocationGlobalRelative:lat=55.9407375,lon=-3.1930194,alt=2.495
INFO:root:Angle_optical:-68.3274407005 Distance_optical:114.634163627 Angle_gps:-73.3294151585 Distance_gps:125.96288275                  elapsed_time:0.104084014893
INFO:root:sl:0.0164427916111 sr:-0.0711286518575 heading:-165 velocity:[-0.22, 0.37, 2.8] position:LocationGlobalRelative:lat=55.9407374,lon=-3.193019,alt=2.249
INFO:root:Angle_optical:-68.3280265039 Distance_optical:114.612130982 Angle_gps:-73.3623956008 Distance_gps:125.46852191                  elapsed_time:0.0906040668488
