INFO:root:Resolution: 320*240
INFO:root:sl:-0.000164426847139 sr:0.00171464239378 heading:349 velocity:[0.0, 0.03, 0.31] position:LocationGlobalRelative:lat=55.9406162,lon=-3.1930802,alt=-1.9
INFO:root:Angle_optical:52.2032968675 Distance_optical:0.000810121664687 Angle_gps:0.0 Distance_gps:0.0                  elapsed_time:0.0930159091949
INFO:root:sl:-0.000635189657262 sr:0.00359907481162 heading:349 velocity:[0.0, 0.03, 0.31] position:LocationGlobalRelative:lat=55.9406162,lon=-3.1930802,alt=-1.9
INFO:root:Angle_optical:53.9913667848 Distance_optical:0.00215346132127 Angle_gps:0.0 Distance_gps:0.0                  elapsed_time:0.0830547809601
INFO:root:sl:0.000130365766226 sr:0.00382879746449 heading:349 velocity:[0.0, 0.03, 0.31] position:LocationGlobalRelative:lat=55.9406162,lon=-3.1930802,alt=-1.9
INFO:root:Angle_optical:51.1385759818 Distance_optical:0.00560738337897 Angle_gps:0.0 Distance_gps:0.0                  elapsed_time:0.068708896637
INFO:root:sl:-0.000776282919082 sr:0.00551791290821 heading:349 velocity:[0.0, 0.03, 0.31] position:LocationGlobalRelative:lat=55.9406162,lon=-3.1930802,alt=-1.9
INFO:root:Angle_optical:52.4024132685 Distance_optical:0.0100882339151 Angle_gps:0.0 Distance_gps:0.0                  elapsed_time:0.0693550109863
INFO:root:sl:-0.000158527265479 sr:0.00551646262121 heading:349 velocity:[0.0, 0.03, 0.31] position:LocationGlobalRelative:lat=55.9406162,lon=-3.1930802,alt=-1.9
INFO:root:Angle_optical:51.6400060773 Distance_optical:0.0169697410054 Angle_gps:0.0 Distance_gps:0.0                  elapsed_time:0.0714809894562
INFO:root:sl:-0.000798362590852 sr:0.00696415597676 heading:349 velocity:[0.0, 0.03, 0.31] position:LocationGlobalRelative:lat=55.9406162,lon=-3.1930802,alt=-1.9
INFO:root:Angle_optical:52.1678583421 Distance_optical:0.0251782171374 Angle_gps:0.0 Distance_gps:0.0                  elapsed_time:0.0682609081268
INFO:root:sl:0.000166226073973 sr:0.0061656943581 heading:349 velocity:[0.0, 0.03, 0.31] position:LocationGlobalRelative:lat=55.9406162,lon=-3.1930802,alt=-1.9
INFO:root:Angle_optical:51.6738136142 Distance_optical:0.0335775356416 Angle_gps:0.0 Distance_gps:0.0                  elapsed_time:0.0686678886414
INFO:root:sl:-0.000197665945589 sr:0.00466157823902 heading:349 velocity:[0.0, 0.03, 0.31] position:LocationGlobalRelative:lat=55.9406162,lon=-3.1930802,alt=-1.9
INFO:root:Angle_optical:51.9559202717 Distance_optical:0.0396724290064 Angle_gps:0.0 Distance_gps:0.0                  elapsed_time:0.0732691287994
INFO:root:sl:-0.000602942619356 sr:0.00827963006605 heading:349 velocity:[0.0, 0.03, 0.31] position:LocationGlobalRelative:lat=55.9406162,lon=-3.1930802,alt=-1.9
INFO:root:Angle_optical:52.1876009931 Distance_optical:0.0509878480461 Angle_gps:0.0 Distance_gps:0.0                  elapsed_time:0.0679841041565
INFO:root:sl:0.000209471528498 sr:0.00645903761968 heading:349 velocity:[0.0, 0.03, 0.31] position:LocationGlobalRelative:lat=55.9406162,lon=-3.1930802,alt=-1.9
INFO:root:Angle_optical:52.1454551052 Distance_optical:0.0596537937568 Angle_gps:0.0 Distance_gps:0.0                  elapsed_time:0.0704789161682
INFO:root:sl:-0.000326664473641 sr:0.00791341383581 heading:349 velocity:[0.0, 0.03, 0.31] position:LocationGlobalRelative:lat=55.9406162,lon=-3.1930802,alt=-1.9
INFO:root:Angle_optical:52.358770852 Distance_optical:0.0704197494662 Angle_gps:0.0 Distance_gps:0.0                  elapsed_time:0.0724959373474
INFO:root:sl:0.000204818249403 sr:0.00741505265253 heading:349 velocity:[0.0, 0.03, 0.31] position:LocationGlobalRelative:lat=55.9406154,lon=-3.1930809,alt=-1.9
INFO:root:Angle_optical:52.3428416562 Distance_optical:0.0804365885832 Angle_gps:0.0 Distance_gps:0.0                  elapsed_time:0.0727601051331
INFO:root:sl:-0.0008948293001 sr:0.0098383213733 heading:349 velocity:[0.0, 0.03, 0.31] position:LocationGlobalRelative:lat=55.9406154,lon=-3.1930809,alt=-1.9
INFO:root:Angle_optical:52.5388626925 Distance_optical:0.0937877604104 Angle_gps:0.0 Distance_gps:0.0                  elapsed_time:0.0676419734955
INFO:root:sl:1.00797958857e-05 sr:0.00880150685796 heading:349 velocity:[0.0, 0.03, 0.31] position:LocationGlobalRelative:lat=55.9406154,lon=-3.1930809,alt=-1.9
INFO:root:Angle_optical:52.675171928 Distance_optical:0.105697254794 Angle_gps:0.0 Distance_gps:0.0                  elapsed_time:0.0730819702148
INFO:root:sl:-0.000499102929767 sr:0.00899917279805 heading:349 velocity:[0.0, 0.03, 0.31] position:LocationGlobalRelative:lat=55.9406154,lon=-3.1930809,alt=-1.9
INFO:root:Angle_optical:52.7890001202 Distance_optical:0.117897584456 Angle_gps:0.0 Distance_gps:0.0                  elapsed_time:0.0727200508118
INFO:root:sl:-0.000457068466518 sr:0.0100026043007 heading:349 velocity:[0.0, 0.03, 0.31] position:LocationGlobalRelative:lat=55.9406154,lon=-3.1930809,alt=-1.9
INFO:root:Angle_optical:52.8940155434 Distance_optical:0.13144351657 Angle_gps:0.0 Distance_gps:0.0                  elapsed_time:0.0692400932312
INFO:root:sl:-0.000600579056817 sr:0.0102392432775 heading:349 velocity:[0.0, 0.03, 0.31] position:LocationGlobalRelative:lat=55.9406154,lon=-3.1930809,alt=-1.9
INFO:root:Angle_optical:52.9797968162 Distance_optical:0.145319951706 Angle_gps:0.0 Distance_gps:0.0                  elapsed_time:0.0708868503571
INFO:root:sl:-0.000202504730303 sr:0.00906636128292 heading:349 velocity:[0.0, 0.03, 0.31] position:LocationGlobalRelative:lat=55.9406154,lon=-3.1930809,alt=-1.9
INFO:root:Angle_optical:53.044026171 Distance_optical:0.157601961453 Angle_gps:0.0 Distance_gps:0.0                  elapsed_time:0.0750930309296
INFO:root:sl:-0.000606595512606 sr:0.0113041387388 heading:349 velocity:[0.0, 0.03, 0.31] position:LocationGlobalRelative:lat=55.9406154,lon=-3.1930809,alt=-1.9
INFO:root:Angle_optical:53.1108051659 Distance_optical:0.17291961379 Angle_gps:0.0 Distance_gps:0.0                  elapsed_time:0.0709669589996
INFO:root:sl:-0.000852780644632 sr:0.0103451645475 heading:349 velocity:[0.0, 0.03, 0.31] position:LocationGlobalRelative:lat=55.9406154,lon=-3.1930809,alt=-1.9
INFO:root:Angle_optical:53.1626348812 Distance_optical:0.186935803965 Angle_gps:0.0 Distance_gps:0.0                  elapsed_time:0.0682411193848
INFO:root:sl:-0.000870764892816 sr:0.0114115270452 heading:349 velocity:[0.0, 0.03, 0.31] position:LocationGlobalRelative:lat=55.9406154,lon=-3.1930809,alt=-1.9
INFO:root:Angle_optical:53.2113073699 Distance_optical:0.202398382574 Angle_gps:0.0 Distance_gps:0.0                  elapsed_time:0.0706489086151
INFO:root:sl:-0.00132755219939 sr:0.00746719980699 heading:349 velocity:[0.0, 0.03, 0.31] position:LocationGlobalRelative:lat=55.9406154,lon=-3.1930809,alt=-1.9
INFO:root:Angle_optical:53.2393937095 Distance_optical:0.212515897054 Angle_gps:0.0 Distance_gps:0.0                  elapsed_time:0.0718650817871
INFO:root:sl:0.000445795699153 sr:0.00825103118176 heading:349 velocity:[0.0, 0.03, 0.31] position:LocationGlobalRelative:lat=55.9406154,lon=-3.1930809,alt=-1.9
INFO:root:Angle_optical:53.1127190757 Distance_optical:0.223702328028 Angle_gps:0.0 Distance_gps:0.0                  elapsed_time:0.0724589824677
INFO:root:sl:-0.000484208304793 sr:0.00950628197948 heading:349 velocity:[0.0, 0.03, 0.31] position:LocationGlobalRelative:lat=55.9406154,lon=-3.1930809,alt=-1.9
INFO:root:Angle_optical:53.1501882479 Distance_optical:0.236582599616 Angle_gps:0.0 Distance_gps:0.0                  elapsed_time:0.0699968338013
INFO:root:sl:-0.00116227254186 sr:0.0108148688801 heading:349 velocity:[0.0, 0.03, 0.31] position:LocationGlobalRelative:lat=55.9406154,lon=-3.1930809,alt=-1.9
INFO:root:Angle_optical:53.1881249363 Distance_optical:0.251236205335 Angle_gps:0.0 Distance_gps:0.0                  elapsed_time:0.068351984024
INFO:root:sl:-0.000319690218258 sr:0.00952205764504 heading:349 velocity:[0.0, 0.02, 0.29] position:LocationGlobalRelative:lat=55.9406145,lon=-3.1930821,alt=-1.93
INFO:root:Angle_optical:53.2180519136 Distance_optical:0.264138095216 Angle_gps:0.0 Distance_gps:0.0                  elapsed_time:0.0707628726959
INFO:root:sl:-0.00136936706939 sr:0.0111560649808 heading:349 velocity:[0.0, 0.02, 0.29] position:LocationGlobalRelative:lat=55.9406145,lon=-3.1930821,alt=-1.93
INFO:root:Angle_optical:53.249590085 Distance_optical:0.279254134837 Angle_gps:0.0 Distance_gps:0.0                  elapsed_time:0.0703110694885
INFO:root:sl:-0.000333640288699 sr:0.00953762248419 heading:349 velocity:[0.0, 0.02, 0.29] position:LocationGlobalRelative:lat=55.9406145,lon=-3.1930821,alt=-1.93
INFO:root:Angle_optical:53.2739686846 Distance_optical:0.292177269111 Angle_gps:0.0 Distance_gps:0.0                  elapsed_time:0.0691919326782
INFO:root:sl:-0.000171678597088 sr:0.0099203096223 heading:349 velocity:[0.0, 0.02, 0.29] position:LocationGlobalRelative:lat=55.9406145,lon=-3.1930821,alt=-1.93
INFO:root:Angle_optical:53.2971360339 Distance_optical:0.305619005656 Angle_gps:0.0 Distance_gps:0.0                  elapsed_time:0.0718410015106
INFO:root:sl:-0.00123472307261 sr:0.0119182653839 heading:349 velocity:[0.0, 0.02, 0.29] position:LocationGlobalRelative:lat=55.9406145,lon=-3.1930821,alt=-1.93
INFO:root:Angle_optical:53.322411061 Distance_optical:0.32176795696 Angle_gps:0.0 Distance_gps:0.0                  elapsed_time:0.0698070526123
INFO:root:sl:-0.000883810532679 sr:0.011726716768 heading:349 velocity:[0.0, 0.02, 0.29] position:LocationGlobalRelative:lat=55.9406145,lon=-3.1930821,alt=-1.93
INFO:root:Angle_optical:53.3449194326 Distance_optical:0.337657429897 Angle_gps:0.0 Distance_gps:0.0                  elapsed_time:0.0676410198212
INFO:root:sl:-0.00029625234738 sr:0.0102538440856 heading:349 velocity:[0.0, 0.02, 0.29] position:LocationGlobalRelative:lat=55.9406145,lon=-3.1930821,alt=-1.93
INFO:root:Angle_optical:53.3629337739 Distance_optical:0.351551221871 Angle_gps:0.0 Distance_gps:0.0                  elapsed_time:0.0698668956757
INFO:root:sl:-0.000469575278684 sr:0.0105127424676 heading:349 velocity:[0.0, 0.02, 0.29] position:LocationGlobalRelative:lat=55.9406145,lon=-3.1930821,alt=-1.93
INFO:root:Angle_optical:53.3799820013 Distance_optical:0.365795853168 Angle_gps:0.0 Distance_gps:0.0                  elapsed_time:0.0690889358521
INFO:root:sl:-0.000802721011014 sr:0.0110965757174 heading:349 velocity:[0.0, 0.02, 0.29] position:LocationGlobalRelative:lat=55.9406145,lon=-3.1930821,alt=-1.93
INFO:root:Angle_optical:53.3965936176 Distance_optical:0.380831600515 Angle_gps:0.0 Distance_gps:0.0                  elapsed_time:0.0708658695221
INFO:root:sl:-0.00111412626546 sr:0.0123006007318 heading:349 velocity:[0.0, 0.02, 0.29] position:LocationGlobalRelative:lat=55.9406145,lon=-3.1930821,alt=-1.93
INFO:root:Angle_optical:53.4135389415 Distance_optical:0.39749882462 Angle_gps:0.0 Distance_gps:0.0                  elapsed_time:0.0666899681091
INFO:root:sl:-0.000630502404033 sr:0.0111654495983 heading:349 velocity:[0.0, 0.02, 0.29] position:LocationGlobalRelative:lat=55.9406145,lon=-3.1930821,alt=-1.93
INFO:root:Angle_optical:53.4277352649 Distance_optical:0.41262795336 Angle_gps:0.0 Distance_gps:0.0                  elapsed_time:0.0677881240845
INFO:root:sl:-0.000684409897622 sr:0.0111393708405 heading:349 velocity:[0.0, 0.02, 0.29] position:LocationGlobalRelative:lat=55.9406145,lon=-3.1930821,alt=-1.93
INFO:root:Angle_optical:53.4408976333 Distance_optical:0.427721768683 Angle_gps:0.0 Distance_gps:0.0                  elapsed_time:0.067272901535
INFO:root:sl:-0.000820181972246 sr:0.0114335206573 heading:349 velocity:[0.0, 0.02, 0.29] position:LocationGlobalRelative:lat=55.9406145,lon=-3.1930821,alt=-1.93
INFO:root:Angle_optical:53.4534752752 Distance_optical:0.443214176828 Angle_gps:0.0 Distance_gps:0.0                  elapsed_time:0.0754380226135
INFO:root:sl:-0.000761801481836 sr:0.0110956852565 heading:349 velocity:[0.0, 0.02, 0.29] position:LocationGlobalRelative:lat=55.9406145,lon=-3.1930821,alt=-1.93
INFO:root:Angle_optical:53.4648681469 Distance_optical:0.458248836753 Angle_gps:0.0 Distance_gps:0.0                  elapsed_time:0.0742340087891
INFO:root:sl:-0.00113360553512 sr:0.0116689356412 heading:349 velocity:[-0.01, 0.01, 0.28] position:LocationGlobalRelative:lat=55.9406137,lon=-3.1930832,alt=-1.97
INFO:root:Angle_optical:53.4760700273 Distance_optical:0.474060268481 Angle_gps:0.0 Distance_gps:0.0                  elapsed_time:0.073086977005
INFO:root:sl:-0.000342679077691 sr:0.0110751996028 heading:349 velocity:[-0.01, 0.01, 0.28] position:LocationGlobalRelative:lat=55.9406137,lon=-3.1930832,alt=-1.97
INFO:root:Angle_optical:53.4860319741 Distance_optical:0.489067201501 Angle_gps:0.0 Distance_gps:0.0                  elapsed_time:0.0708129405975
INFO:root:sl:-0.000439766966699 sr:0.010578012513 heading:349 velocity:[-0.01, 0.01, 0.28] position:LocationGlobalRelative:lat=55.9406137,lon=-3.1930832,alt=-1.97
INFO:root:Angle_optical:53.4949921612 Distance_optical:0.50340045641 Angle_gps:0.0 Distance_gps:0.0                  elapsed_time:0.0688800811768
INFO:root:sl:-0.00111551897929 sr:0.0123947651236 heading:349 velocity:[-0.01, 0.01, 0.28] position:LocationGlobalRelative:lat=55.9406137,lon=-3.1930832,alt=-1.97
INFO:root:Angle_optical:53.504862989 Distance_optical:0.520195432976 Angle_gps:0.0 Distance_gps:0.0                  elapsed_time:0.0703740119934
INFO:root:sl:-0.000381767493083 sr:0.0111694586292 heading:349 velocity:[-0.01, 0.01, 0.28] position:LocationGlobalRelative:lat=55.9406137,lon=-3.1930832,alt=-1.97
INFO:root:Angle_optical:53.5132274841 Distance_optical:0.535330123691 Angle_gps:0.0 Distance_gps:0.0                  elapsed_time:0.0707430839539
INFO:root:sl:-0.000484263359768 sr:0.00853555906645 heading:349 velocity:[-0.01, 0.01, 0.28] position:LocationGlobalRelative:lat=55.9406137,lon=-3.1930832,alt=-1.97
INFO:root:Angle_optical:53.5193074588 Distance_optical:0.546895869604 Angle_gps:0.0 Distance_gps:0.0                  elapsed_time:0.0701842308044
INFO:root:sl:-0.00097653132275 sr:0.0111513071475 heading:349 velocity:[-0.01, 0.01, 0.28] position:LocationGlobalRelative:lat=55.9406137,lon=-3.1930832,alt=-1.97
INFO:root:Angle_optical:53.5268736389 Distance_optical:0.56200598148 Angle_gps:0.0 Distance_gps:0.0                  elapsed_time:0.0724098682404
INFO:root:sl:0.00027901342031 sr:0.00949465157542 heading:349 velocity:[-0.01, 0.01, 0.28] position:LocationGlobalRelative:lat=55.9406137,lon=-3.1930832,alt=-1.97
INFO:root:Angle_optical:53.4953216203 Distance_optical:0.57487320892 Angle_gps:0.0 Distance_gps:0.0                  elapsed_time:0.0710129737854
INFO:root:sl:-0.000810591314986 sr:0.0102060058263 heading:349 velocity:[-0.01, 0.01, 0.28] position:LocationGlobalRelative:lat=55.9406137,lon=-3.1930832,alt=-1.97
INFO:root:Angle_optical:53.5024958492 Distance_optical:0.588702398473 Angle_gps:0.0 Distance_gps:0.0                  elapsed_time:0.0685970783234
INFO:root:sl:-0.000202286160896 sr:0.00966727411882 heading:349 velocity:[-0.01, 0.01, 0.28] position:LocationGlobalRelative:lat=55.9406137,lon=-3.1930832,alt=-1.97
INFO:root:Angle_optical:53.5089873111 Distance_optical:0.601801611084 Angle_gps:0.0 Distance_gps:0.0                  elapsed_time:0.0703108310699
INFO:root:sl:-0.00112349099848 sr:0.0112580399902 heading:349 velocity:[-0.01, 0.01, 0.28] position:LocationGlobalRelative:lat=55.9406137,lon=-3.1930832,alt=-1.97
INFO:root:Angle_optical:53.5161995923 Distance_optical:0.617056328872 Angle_gps:0.0 Distance_gps:0.0                  elapsed_time:0.0725967884064
INFO:root:sl:-0.000446210232075 sr:0.00958224869704 heading:349 velocity:[-0.01, 0.01, 0.28] position:LocationGlobalRelative:lat=55.9406137,lon=-3.1930832,alt=-1.97
INFO:root:Angle_optical:53.52206317 Distance_optical:0.630040344898 Angle_gps:0.0 Distance_gps:0.0                  elapsed_time:0.0709140300751
INFO:root:sl:-0.000280317695708 sr:0.00989622351757 heading:349 velocity:[-0.01, 0.01, 0.28] position:LocationGlobalRelative:lat=55.9406137,lon=-3.1930832,alt=-1.97
INFO:root:Angle_optical:53.5278704835 Distance_optical:0.64344980476 Angle_gps:0.0 Distance_gps:0.0                  elapsed_time:0.0703210830688
INFO:root:sl:-0.000462504731565 sr:0.00768412805121 heading:349 velocity:[-0.01, 0.01, 0.28] position:LocationGlobalRelative:lat=55.9406137,lon=-3.1930832,alt=-1.97
INFO:root:Angle_optical:53.5322154166 Distance_optical:0.653861861769 Angle_gps:0.0 Distance_gps:0.0                  elapsed_time:0.0697591304779
INFO:root:sl:-0.00031156090484 sr:0.00955186605155 heading:349 velocity:[0.0, 0.01, 0.28] position:LocationGlobalRelative:lat=55.9406131,lon=-3.1930842,alt=-1.97
INFO:root:Angle_optical:53.537427281 Distance_optical:0.666804723419 Angle_gps:0.0 Distance_gps:0.0                  elapsed_time:0.0750820636749
INFO:root:sl:-0.000680960584324 sr:0.00944394524464 heading:349 velocity:[0.0, 0.01, 0.28] position:LocationGlobalRelative:lat=55.9406131,lon=-3.1930842,alt=-1.97
INFO:root:Angle_optical:53.5423850986 Distance_optical:0.679601355719 Angle_gps:0.0 Distance_gps:0.0                  elapsed_time:0.0816869735718
INFO:root:sl:-0.00156136070707 sr:0.0121245557448 heading:349 velocity:[0.0, 0.01, 0.28] position:LocationGlobalRelative:lat=55.9406131,lon=-3.1930842,alt=-1.97
INFO:root:Angle_optical:53.5484829099 Distance_optical:0.696030245552 Angle_gps:0.0 Distance_gps:0.0                  elapsed_time:0.0681099891663
INFO:root:sl:0.000270669419232 sr:0.00908518698878 heading:349 velocity:[0.0, 0.01, 0.28] position:LocationGlobalRelative:lat=55.9406131,lon=-3.1930842,alt=-1.97
INFO:root:Angle_optical:53.5232005374 Distance_optical:0.708342446847 Angle_gps:0.0 Distance_gps:0.0                  elapsed_time:0.0701479911804
INFO:root:sl:-0.000810041180957 sr:0.0105593207188 heading:349 velocity:[0.0, 0.01, 0.28] position:LocationGlobalRelative:lat=55.9406131,lon=-3.1930842,alt=-1.97
INFO:root:Angle_optical:53.5286953704 Distance_optical:0.722650403262 Angle_gps:0.0 Distance_gps:0.0                  elapsed_time:0.0704131126404
INFO:root:sl:-0.000758360658533 sr:0.0106668144314 heading:349 velocity:[0.0, 0.01, 0.28] position:LocationGlobalRelative:lat=55.9406131,lon=-3.1930842,alt=-1.97
INFO:root:Angle_optical:53.5340295575 Distance_optical:0.737104019646 Angle_gps:0.0 Distance_gps:0.0                  elapsed_time:0.0698108673096
INFO:root:sl:-0.00053378563994 sr:0.0106019951844 heading:349 velocity:[0.0, 0.01, 0.28] position:LocationGlobalRelative:lat=55.9406131,lon=-3.1930842,alt=-1.97
INFO:root:Angle_optical:53.5391280097 Distance_optical:0.751469810236 Angle_gps:0.0 Distance_gps:0.0                  elapsed_time:0.0676889419556
INFO:root:sl:-0.00122596685245 sr:0.0120470490229 heading:349 velocity:[0.0, 0.01, 0.28] position:LocationGlobalRelative:lat=55.9406131,lon=-3.1930842,alt=-1.97
INFO:root:Angle_optical:53.5446898211 Distance_optical:0.76779366598 Angle_gps:0.0 Distance_gps:0.0                  elapsed_time:0.0714120864868
INFO:root:sl:-0.000260275934816 sr:0.0105120664986 heading:349 velocity:[0.0, 0.01, 0.28] position:LocationGlobalRelative:lat=55.9406131,lon=-3.1930842,alt=-1.97
INFO:root:Angle_optical:53.5493532803 Distance_optical:0.782037611369 Angle_gps:0.0 Distance_gps:0.0                  elapsed_time:0.0722680091858
INFO:root:sl:-0.000505007106802 sr:0.00829027767649 heading:349 velocity:[0.0, 0.01, 0.28] position:LocationGlobalRelative:lat=55.9406131,lon=-3.1930842,alt=-1.97
INFO:root:Angle_optical:53.552912974 Distance_optical:0.79327101535 Angle_gps:0.0 Distance_gps:0.0                  elapsed_time:0.0708601474762
INFO:root:sl:-0.000978047925168 sr:0.0110217805698 heading:349 velocity:[0.0, 0.01, 0.28] position:LocationGlobalRelative:lat=55.9406131,lon=-3.1930842,alt=-1.97
INFO:root:Angle_optical:53.5574923008 Distance_optical:0.808205634629 Angle_gps:0.0 Distance_gps:0.0                  elapsed_time:0.0713980197906
INFO:root:sl:-0.000950478739998 sr:0.0105770921467 heading:349 velocity:[0.0, 0.01, 0.28] position:LocationGlobalRelative:lat=55.9406131,lon=-3.1930842,alt=-1.97
INFO:root:Angle_optical:53.5617305118 Distance_optical:0.822537700031 Angle_gps:0.0 Distance_gps:0.0                  elapsed_time:0.0775818824768
INFO:root:sl:-0.000383768990203 sr:0.00985992355337 heading:349 velocity:[0.0, 0.01, 0.28] position:LocationGlobalRelative:lat=55.9406131,lon=-3.1930842,alt=-1.97
INFO:root:Angle_optical:53.565550474 Distance_optical:0.835897997457 Angle_gps:0.0 Distance_gps:0.0                  elapsed_time:0.0752220153809
INFO:root:sl:-0.000655387936963 sr:0.00973375229213 heading:349 velocity:[0.0, 0.01, 0.28] position:LocationGlobalRelative:lat=55.9406131,lon=-3.1930842,alt=-1.97
INFO:root:Angle_optical:53.569203644 Distance_optical:0.849087333816 Angle_gps:0.0 Distance_gps:0.0                  elapsed_time:0.0736842155457
