INFO:root:Resolotion:324,243
INFO:root:sl:0.00357570712771 sr:0.00329156869547 heading:346 velocity:[0.29, -0.05, -0.36] position:LocationGlobalRelative:lat=55.9409517,lon=-3.1928365,alt=5.42
INFO:root:Angle_optical:7.93169636873 Distance_optical:0.00224467572565 Angle_gps:14.5185915636 Distance_gps:0.0339790817837                  elapsed_time:0.136788129807
INFO:root:sl:0.000966233991566 sr:0.000889948986943 heading:346 velocity:[0.29, -0.05, -0.36] position:LocationGlobalRelative:lat=55.9409517,lon=-3.1928365,alt=5.42
INFO:root:Angle_optical:8.45991168996 Distance_optical:0.00272620552506 Angle_gps:15.8346934094 Distance_gps:0.0609571347297                  elapsed_time:0.230213165283
INFO:root:sl:0.00085027438318 sr:0.00155757763751 heading:346 velocity:[0.29, -0.05, -0.36] position:LocationGlobalRelative:lat=55.9409517,lon=-3.1928365,alt=5.42
INFO:root:Angle_optical:14.7004219273 Distance_optical:0.00423350545488 Angle_gps:14.6644100907 Distance_gps:0.125276068164                  elapsed_time:0.149105072021
INFO:root:sl:0.000851239197364 sr:0.00270465768665 heading:346 velocity:[0.9, 0.03, -0.69] position:LocationGlobalRelative:lat=55.940959,lon=-3.1928373,alt=5.4
INFO:root:Angle_optical:23.2838427134 Distance_optical:0.00632704292156 Angle_gps:22.5446755043 Distance_gps:0.300491293107                  elapsed_time:0.135544061661
INFO:root:sl:-0.00012707481778 sr:0.00246612442419 heading:346 velocity:[0.9, 0.03, -0.69] position:LocationGlobalRelative:lat=55.940959,lon=-3.1928373,alt=5.4
INFO:root:Angle_optical:32.8582267706 Distance_optical:0.00905026537749 Angle_gps:23.3769325826 Distance_gps:0.574455670154                  elapsed_time:0.144654035568
INFO:root:sl:0.00277810677627 sr:0.000714479878196 heading:339 velocity:[0.9, 0.03, -0.69] position:LocationGlobalRelative:lat=55.940959,lon=-3.1928373,alt=5.4
INFO:root:Angle_optical:20.3119516774 Distance_optical:0.0115594062063 Angle_gps:27.9626507669 Distance_gps:0.832312613398                  elapsed_time:0.144381046295
INFO:root:sl:0.0327781067763 sr:0.0281216451247 heading:339 velocity:[0.9, 0.03, -0.69] position:LocationGlobalRelative:lat=55.940959,lon=-3.1928373,alt=5.4
INFO:root:Angle_optical:14.6567096677 Distance_optical:0.0700877278163 Angle_gps:31.4056011646 Distance_gps:1.13212954868                  elapsed_time:0.139037132263
INFO:root:sl:0.022520485184 sr:0.0300404078318 heading:339 velocity:[0.9, 0.03, -0.69] position:LocationGlobalRelative:lat=55.940959,lon=-3.1928373,alt=5.4
INFO:root:Angle_optical:20.1654906609 Distance_optical:0.119530458767 Angle_gps:33.7573288955 Distance_gps:1.42869366224                  elapsed_time:0.132820129395
INFO:root:sl:0.01265653601 sr:0.0475514824104 heading:339 velocity:[0.9, 0.03, -0.69] position:LocationGlobalRelative:lat=55.940959,lon=-3.1928373,alt=5.4
INFO:root:Angle_optical:31.0205835093 Distance_optical:0.182102630686 Angle_gps:35.4192396997 Distance_gps:1.7387975571                  elapsed_time:0.141225099564
INFO:root:sl:0.0218886714258 sr:0.0646493245067 heading:339 velocity:[0.9, 0.03, -0.69] position:LocationGlobalRelative:lat=55.940959,lon=-3.1928373,alt=5.4
INFO:root:Angle_optical:36.3957659322 Distance_optical:0.273859882178 Angle_gps:36.6337632939 Distance_gps:2.04663622701                  elapsed_time:0.166201114655
INFO:root:sl:0.00432327799227 sr:0.074922982536 heading:339 velocity:[1.2, 0.0, -0.63] position:LocationGlobalRelative:lat=55.9409705,lon=-3.1928352,alt=5.35
INFO:root:Angle_optical:43.4639418739 Distance_optical:0.370727037645 Angle_gps:37.4706860417 Distance_gps:2.4631927809                  elapsed_time:0.142457962036
INFO:root:sl:-0.0108374717708 sr:0.077831951247 heading:339 velocity:[1.2, 0.0, -0.63] position:LocationGlobalRelative:lat=55.9409705,lon=-3.1928352,alt=5.35
INFO:root:Angle_optical:48.4199043823 Distance_optical:0.472451768853 Angle_gps:38.0779930816 Distance_gps:2.87839260152                  elapsed_time:0.138911962509
INFO:root:sl:-0.0119986189491 sr:0.0833272401784 heading:339 velocity:[1.2, 0.0, -0.63] position:LocationGlobalRelative:lat=55.9409705,lon=-3.1928352,alt=5.35
INFO:root:Angle_optical:51.7928292406 Distance_optical:0.584166338195 Angle_gps:38.532276482 Distance_gps:3.29499128746                  elapsed_time:0.139446973801
INFO:root:sl:-0.0036607763769 sr:0.0823697270284 heading:344 velocity:[1.2, 0.0, -0.63] position:LocationGlobalRelative:lat=55.9409705,lon=-3.1928352,alt=5.35
INFO:root:Angle_optical:53.4751020778 Distance_optical:0.696393300577 Angle_gps:37.9308856215 Distance_gps:3.70774533284                  elapsed_time:0.131144046783
INFO:root:sl:0.0263392236231 sr:0.107740011468 heading:344 velocity:[1.2, 0.0, -0.63] position:LocationGlobalRelative:lat=55.9409705,lon=-3.1928352,alt=5.35
INFO:root:Angle_optical:52.3032796642 Distance_optical:0.848306819014 Angle_gps:37.3061221848 Distance_gps:4.11861876378                  elapsed_time:0.0718319416046
INFO:root:sl:0.0307274853398 sr:0.0903954342975 heading:344 velocity:[1.2, 0.0, -0.63] position:LocationGlobalRelative:lat=55.9409705,lon=-3.1928352,alt=5.35
INFO:root:Angle_optical:50.8311694668 Distance_optical:0.977550234738 Angle_gps:36.7374851511 Distance_gps:4.52907306918                  elapsed_time:0.0732338428497
INFO:root:sl:0.0597469266239 sr:0.0954229252545 heading:348 velocity:[1.2, 0.0, -0.63] position:LocationGlobalRelative:lat=55.9409705,lon=-3.1928352,alt=5.35
INFO:root:Angle_optical:47.4052058883 Distance_optical:1.1182155243 Angle_gps:35.698861229 Distance_gps:4.9301736848                  elapsed_time:0.0735149383545
INFO:root:sl:0.0628305804022 sr:0.0934458552798 heading:348 velocity:[1.2, 0.0, -0.63] position:LocationGlobalRelative:lat=55.9409705,lon=-3.1928352,alt=5.35
INFO:root:Angle_optical:44.4183396622 Distance_optical:1.25833037687 Angle_gps:34.7323142216 Distance_gps:5.32890310696                  elapsed_time:0.0702140331268
INFO:root:sl:0.0524957474664 sr:0.12344585528 heading:348 velocity:[1.2, 0.0, -0.63] position:LocationGlobalRelative:lat=55.9409705,lon=-3.1928352,alt=5.35
INFO:root:Angle_optical:42.8932300024 Distance_optical:1.43726637333 Angle_gps:33.8572878941 Distance_gps:5.72815604863                  elapsed_time:0.0726470947266
INFO:root:sl:0.0475113405091 sr:0.113105918812 heading:348 velocity:[1.2, 0.0, -0.63] position:LocationGlobalRelative:lat=55.9409705,lon=-3.1928352,alt=5.35
INFO:root:Angle_optical:41.8000807803 Distance_optical:1.60139167232 Angle_gps:33.0817271897 Distance_gps:6.12769848444                  elapsed_time:0.0723819732666
INFO:root:sl:0.037271590522 sr:0.100554712976 heading:351 velocity:[1.2, 0.0, -0.63] position:LocationGlobalRelative:lat=55.9409705,lon=-3.1928352,alt=5.35
INFO:root:Angle_optical:41.0673142988 Distance_optical:1.74515149491 Angle_gps:32.1101233622 Distance_gps:6.51986513574                  elapsed_time:0.0721759796143
INFO:root:sl:0.0342813944438 sr:0.105434387329 heading:351 velocity:[1.2, 0.0, -0.63] position:LocationGlobalRelative:lat=55.9409705,lon=-3.1928352,alt=5.35
INFO:root:Angle_optical:40.5522453693 Distance_optical:1.89393084267 Angle_gps:31.2091428062 Distance_gps:6.91083560462                  elapsed_time:0.0699911117554
INFO:root:sl:0.0334780983236 sr:0.0822550182613 heading:351 velocity:[1.3, -0.07, -0.76] position:LocationGlobalRelative:lat=55.9409836,lon=-3.1928355,alt=5.19
INFO:root:Angle_optical:39.9257303726 Distance_optical:2.01199514708 Angle_gps:30.137849238 Distance_gps:7.32987878574                  elapsed_time:0.0797038078308
INFO:root:sl:0.0310250940921 sr:0.0776740451138 heading:351 velocity:[1.3, -0.07, -0.76] position:LocationGlobalRelative:lat=55.9409836,lon=-3.1928355,alt=5.19
INFO:root:Angle_optical:39.4109824117 Distance_optical:2.12332965197 Angle_gps:29.1748132136 Distance_gps:7.7503768178                  elapsed_time:0.0758378505707
INFO:root:sl:0.035603226422 sr:0.0725821005282 heading:353 velocity:[1.3, -0.07, -0.76] position:LocationGlobalRelative:lat=55.9409836,lon=-3.1928355,alt=5.19
INFO:root:Angle_optical:38.7036735381 Distance_optical:2.22899838225 Angle_gps:28.1549957528 Distance_gps:8.16578952171                  elapsed_time:0.0715630054474
INFO:root:sl:0.0419116426333 sr:0.06863825131 heading:353 velocity:[1.34, -0.22, -0.82] position:LocationGlobalRelative:lat=55.9409866,lon=-3.1928362,alt=5.16
INFO:root:Angle_optical:37.8093162007 Distance_optical:2.33120498973 Angle_gps:26.8652429791 Distance_gps:8.58189044397                  elapsed_time:0.070207118988
INFO:root:sl:0.0479639523954 sr:0.069300600096 heading:353 velocity:[1.34, -0.22, -0.82] position:LocationGlobalRelative:lat=55.9409866,lon=-3.1928362,alt=5.16
INFO:root:Angle_optical:36.797728728 Distance_optical:2.43659254867 Angle_gps:25.6832026892 Distance_gps:9.00141125191                  elapsed_time:0.0762898921967
INFO:root:sl:0.0500737941187 sr:0.0657276735518 heading:353 velocity:[1.34, -0.22, -0.82] position:LocationGlobalRelative:lat=55.9409866,lon=-3.1928362,alt=5.16
INFO:root:Angle_optical:35.7777967804 Distance_optical:2.53857793232 Angle_gps:24.6029539622 Distance_gps:9.42383046951                  elapsed_time:0.0750939846039
INFO:root:sl:0.0508091825261 sr:0.0599616249994 heading:354 velocity:[1.34, -0.22, -0.82] position:LocationGlobalRelative:lat=55.9409866,lon=-3.1928362,alt=5.16
INFO:root:Angle_optical:34.7540089258 Distance_optical:2.63369409851 Angle_gps:23.5515846962 Distance_gps:9.84492107486                  elapsed_time:0.0709519386292
INFO:root:sl:0.0552958660646 sr:0.0528406631425 heading:354 velocity:[1.33, -0.2, -0.73] position:LocationGlobalRelative:lat=55.9409902,lon=-3.1928373,alt=5.08
INFO:root:Angle_optical:33.6185601798 Distance_optical:2.72175064149 Angle_gps:22.6192436588 Distance_gps:10.2661361674                  elapsed_time:0.0713150501251
INFO:root:sl:0.0765246408111 sr:0.0389003455834 heading:354 velocity:[1.33, -0.2, -0.73] position:LocationGlobalRelative:lat=55.9409902,lon=-3.1928373,alt=5.08
INFO:root:Angle_optical:31.8811722005 Distance_optical:2.80119978266 Angle_gps:21.7557992478 Distance_gps:10.6896559993                  elapsed_time:0.0765280723572
INFO:root:sl:0.0716278695492 sr:0.0418791309347 heading:354 velocity:[1.33, -0.2, -0.73] position:LocationGlobalRelative:lat=55.9409902,lon=-3.1928373,alt=5.08
INFO:root:Angle_optical:30.3896020204 Distance_optical:2.88463864142 Angle_gps:20.9566799997 Distance_gps:11.1151516441                  elapsed_time:0.0733408927917
INFO:root:sl:0.0754712707858 sr:0.0446261545228 heading:354 velocity:[1.34, -0.14, -0.45] position:LocationGlobalRelative:lat=55.9409936,lon=-3.1928379,alt=5.11
INFO:root:Angle_optical:28.9130563143 Distance_optical:2.97515316575 Angle_gps:20.3111123647 Distance_gps:11.5494489584                  elapsed_time:0.0715019702911
INFO:root:sl:0.0803580520798 sr:0.0405421915064 heading:354 velocity:[1.34, -0.14, -0.45] position:LocationGlobalRelative:lat=55.9409936,lon=-3.1928379,alt=5.11
INFO:root:Angle_optical:27.3723498237 Distance_optical:3.0648393449 Angle_gps:19.7120760544 Distance_gps:11.9850257759                  elapsed_time:0.0711679458618
INFO:root:sl:0.0786139345385 sr:0.0395074969476 heading:354 velocity:[1.34, -0.14, -0.45] position:LocationGlobalRelative:lat=55.9409936,lon=-3.1928379,alt=5.11
INFO:root:Angle_optical:25.9490934107 Distance_optical:3.15440678226 Angle_gps:19.1548520041 Distance_gps:12.4218199431                  elapsed_time:0.0755019187927
INFO:root:sl:0.0823786998431 sr:0.0514368900942 heading:353 velocity:[1.34, -0.14, -0.45] position:LocationGlobalRelative:lat=55.9409936,lon=-3.1928379,alt=5.11
INFO:root:Angle_optical:24.6556197028 Distance_optical:3.26306178145 Angle_gps:18.6842419865 Distance_gps:12.8624808803                  elapsed_time:0.0715701580048
INFO:root:sl:0.0694004798754 sr:0.0472134485127 heading:353 velocity:[1.31, -0.1, -0.67] position:LocationGlobalRelative:lat=55.940997,lon=-3.1928381,alt=5.13
INFO:root:Angle_optical:23.6752903696 Distance_optical:3.36076647635 Angle_gps:18.3134481441 Distance_gps:13.29609756                  elapsed_time:0.071359872818
INFO:root:sl:0.0621036660385 sr:0.046982431703 heading:353 velocity:[1.31, -0.1, -0.67] position:LocationGlobalRelative:lat=55.940997,lon=-3.1928381,alt=5.13
INFO:root:Angle_optical:22.8961377549 Distance_optical:3.45472960137 Angle_gps:17.9693446556 Distance_gps:13.7302947076                  elapsed_time:0.0704369544983
INFO:root:sl:0.0407268124564 sr:0.0578596289146 heading:353 velocity:[1.31, -0.1, -0.67] position:LocationGlobalRelative:lat=55.940997,lon=-3.1928381,alt=5.13
INFO:root:Angle_optical:22.6803938493 Distance_optical:3.54902550019 Angle_gps:17.6476180255 Distance_gps:14.1651040863                  elapsed_time:0.0746829509735
INFO:root:sl:0.0346485678008 sr:0.0569911544868 heading:353 velocity:[1.31, -0.1, -0.67] position:LocationGlobalRelative:lat=55.940997,lon=-3.1928381,alt=5.13
INFO:root:Angle_optical:22.5821751963 Distance_optical:3.63855755914 Angle_gps:17.3458044276 Distance_gps:14.6003161483                  elapsed_time:0.0715110301971
INFO:root:sl:0.0339192892178 sr:0.0744511241254 heading:353 velocity:[1.35, -0.07, -0.73] position:LocationGlobalRelative:lat=55.9410006,lon=-3.1928383,alt=5.12
INFO:root:Angle_optical:22.6681030778 Distance_optical:3.74851007834 Angle_gps:17.09546221 Distance_gps:15.0502320852                  elapsed_time:0.0712230205536
INFO:root:sl:0.0308521617465 sr:0.0716883971159 heading:353 velocity:[1.35, -0.07, -0.73] position:LocationGlobalRelative:lat=55.9410006,lon=-3.1928383,alt=5.12
INFO:root:Angle_optical:22.7785293028 Distance_optical:3.85327133562 Angle_gps:16.8598319578 Distance_gps:15.5003945685                  elapsed_time:0.0701551437378
INFO:root:sl:0.0281158879293 sr:0.0637926800865 heading:353 velocity:[1.35, -0.07, -0.73] position:LocationGlobalRelative:lat=55.9410006,lon=-3.1928383,alt=5.12
INFO:root:Angle_optical:22.8604094386 Distance_optical:3.94691420741 Angle_gps:16.6375550506 Distance_gps:15.9508048449                  elapsed_time:0.0753171443939
INFO:root:sl:0.0274913122768 sr:0.0590361270451 heading:353 velocity:[1.32, -0.11, -0.76] position:LocationGlobalRelative:lat=55.9410036,lon=-3.1928387,alt=5.12
INFO:root:Angle_optical:22.90778273 Distance_optical:4.03448208847 Angle_gps:16.3833738192 Distance_gps:16.3903372825                  elapsed_time:0.0728719234467
INFO:root:sl:0.0273377377319 sr:0.0686075467831 heading:353 velocity:[1.32, -0.11, -0.76] position:LocationGlobalRelative:lat=55.9410036,lon=-3.1928387,alt=5.12
INFO:root:Angle_optical:23.0369187077 Distance_optical:4.13343318591 Angle_gps:16.1424824995 Distance_gps:16.8301660302                  elapsed_time:0.070708990097
INFO:root:sl:0.0345813782693 sr:0.0711581511094 heading:353 velocity:[1.32, -0.11, -0.76] position:LocationGlobalRelative:lat=55.9410036,lon=-3.1928387,alt=5.12
INFO:root:Angle_optical:23.0634553544 Distance_optical:4.23987438729 Angle_gps:15.9138762898 Distance_gps:17.2702600654                  elapsed_time:0.0704879760742
INFO:root:sl:0.0401857723518 sr:0.0641136819067 heading:353 velocity:[1.33, -0.07, -0.72] position:LocationGlobalRelative:lat=55.9410063,lon=-3.1928392,alt=5.11
INFO:root:Angle_optical:22.9433008269 Distance_optical:4.34129405268 Angle_gps:15.7393420058 Distance_gps:17.7148231818                  elapsed_time:0.0744640827179
INFO:root:sl:0.0488942215919 sr:0.061978298075 heading:353 velocity:[1.33, -0.07, -0.72] position:LocationGlobalRelative:lat=55.9410063,lon=-3.1928392,alt=5.11
INFO:root:Angle_optical:22.6773673063 Distance_optical:4.44554478078 Angle_gps:15.5733553365 Distance_gps:18.1595255222                  elapsed_time:0.0728580951691
INFO:root:sl:0.0414112159557 sr:0.0557016096718 heading:353 velocity:[1.33, -0.07, -0.72] position:LocationGlobalRelative:lat=55.9410063,lon=-3.1928392,alt=5.11
INFO:root:Angle_optical:22.4869191629 Distance_optical:4.5377405924 Angle_gps:15.4153027916 Distance_gps:18.6043570629                  elapsed_time:0.105904102325
INFO:root:sl:0.0403597014595 sr:0.0476122439809 heading:351 velocity:[1.31, -0.05, -0.66] position:LocationGlobalRelative:lat=55.9410094,lon=-3.19284,alt=5.13
INFO:root:Angle_optical:22.2735766246 Distance_optical:4.6200502203 Angle_gps:15.3540836575 Distance_gps:19.0449234878                  elapsed_time:0.13804101944
INFO:root:sl:0.03856035068 sr:0.0437583286089 heading:351 velocity:[1.31, -0.05, -0.66] position:LocationGlobalRelative:lat=55.9410094,lon=-3.19284,alt=5.13
INFO:root:Angle_optical:22.0695238688 Distance_optical:4.69697318296 Angle_gps:15.3051017443 Distance_gps:19.4864467184                  elapsed_time:0.145722866058
INFO:root:sl:0.0386514986684 sr:0.0409825932427 heading:351 velocity:[1.32, -0.09, -0.82] position:LocationGlobalRelative:lat=55.9410123,lon=-3.1928407,alt=5.17
INFO:root:Angle_optical:21.8521309112 Distance_optical:4.77080375013 Angle_gps:15.2245674659 Distance_gps:19.9313510888                  elapsed_time:0.139226913452
INFO:root:sl:0.0426868982967 sr:0.0357421556301 heading:351 velocity:[1.38, -0.07, -0.75] position:LocationGlobalRelative:lat=55.9410154,lon=-3.1928413,alt=5.2
INFO:root:Angle_optical:21.544954662 Distance_optical:4.84138386362 Angle_gps:15.1495222523 Distance_gps:20.376561356                  elapsed_time:0.147793054581
INFO:root:sl:0.0319443899725 sr:0.0348324180722 heading:350 velocity:[1.38, -0.07, -0.75] position:LocationGlobalRelative:lat=55.9410154,lon=-3.1928413,alt=5.2
INFO:root:Angle_optical:21.3926663843 Distance_optical:4.90386644547 Angle_gps:15.1320918704 Distance_gps:20.842477744                  elapsed_time:0.141511917114
INFO:root:sl:0.0359465778673 sr:0.0234889105501 heading:350 velocity:[1.33, -0.03, -0.68] position:LocationGlobalRelative:lat=55.9410184,lon=-3.1928417,alt=5.27
INFO:root:Angle_optical:21.1016308131 Distance_optical:4.95623757774 Angle_gps:15.1552158202 Distance_gps:21.2915605122                  elapsed_time:0.150388002396
INFO:root:sl:0.0396546051925 sr:0.0201848481758 heading:350 velocity:[1.33, -0.03, -0.68] position:LocationGlobalRelative:lat=55.9410184,lon=-3.1928417,alt=5.27
INFO:root:Angle_optical:20.7424973807 Distance_optical:5.00763525477 Angle_gps:15.1801533466 Distance_gps:21.7405037878                  elapsed_time:0.136528015137
INFO:root:sl:0.0342052839028 sr:0.0291237940706 heading:350 velocity:[1.33, -0.04, -0.8] position:LocationGlobalRelative:lat=55.9410213,lon=-3.1928425,alt=5.31
INFO:root:Angle_optical:20.5346012735 Distance_optical:5.06556178664 Angle_gps:15.1964295917 Distance_gps:22.1897405364                  elapsed_time:0.138809919357
INFO:root:sl:0.0394074879616 sr:0.0315750378319 heading:349 velocity:[1.33, -0.04, -0.8] position:LocationGlobalRelative:lat=55.9410213,lon=-3.1928425,alt=5.31
INFO:root:Angle_optical:20.292229945 Distance_optical:5.13038674962 Angle_gps:15.2436966211 Distance_gps:22.6388947259                  elapsed_time:0.133239030838
INFO:root:sl:0.0397933031435 sr:0.0316359686543 heading:349 velocity:[1.38, -0.05, -0.97] position:LocationGlobalRelative:lat=55.9410244,lon=-3.1928433,alt=5.28
INFO:root:Angle_optical:20.0544145771 Distance_optical:5.19583627085 Angle_gps:15.2887670723 Distance_gps:23.1056767591                  elapsed_time:0.142722129822
INFO:root:sl:0.0450601956395 sr:0.0304723485894 heading:349 velocity:[1.38, -0.05, -0.97] position:LocationGlobalRelative:lat=55.9410244,lon=-3.1928433,alt=5.28
INFO:root:Angle_optical:19.7502300042 Distance_optical:5.26408174977 Angle_gps:15.3347272659 Distance_gps:23.5723156614                  elapsed_time:0.150675058365
INFO:root:sl:0.0417384520747 sr:0.0301868819814 heading:349 velocity:[1.4, -0.04, -1.01] position:LocationGlobalRelative:lat=55.9410277,lon=-3.1928441,alt=5.22
INFO:root:Angle_optical:19.4920249487 Distance_optical:5.32966786535 Angle_gps:15.3891738392 Distance_gps:24.0455930421                  elapsed_time:0.144088029861
INFO:root:sl:0.037524624633 sr:0.0292912786196 heading:347 velocity:[1.37, -0.05, -0.96] position:LocationGlobalRelative:lat=55.9410306,lon=-3.1928455,alt=5.17
INFO:root:Angle_optical:19.2968773544 Distance_optical:5.39164854837 Angle_gps:15.493591612 Distance_gps:24.5080504307                  elapsed_time:0.178791999817
INFO:root:sl:0.042459778275 sr:0.0308210253697 heading:347 velocity:[1.37, -0.05, -0.96] position:LocationGlobalRelative:lat=55.9410306,lon=-3.1928455,alt=5.17
INFO:root:Angle_optical:19.0677935995 Distance_optical:5.45968976681 Angle_gps:15.6040273028 Distance_gps:24.9714536168                  elapsed_time:0.145974874496
INFO:root:sl:0.0451962762811 sr:0.025106615425 heading:344 velocity:[1.37, -0.05, -0.96] position:LocationGlobalRelative:lat=55.9410306,lon=-3.1928455,alt=5.17
INFO:root:Angle_optical:18.7916783379 Distance_optical:5.52515453911 Angle_gps:15.8079020804 Distance_gps:25.4301651741                  elapsed_time:0.1511759758
INFO:root:sl:0.051989985323 sr:0.0318418780429 heading:344 velocity:[1.39, -0.01, -0.88] position:LocationGlobalRelative:lat=55.9410342,lon=-3.1928468,alt=5.12
INFO:root:Angle_optical:18.5200088364 Distance_optical:5.60457437097 Angle_gps:16.0551220344 Distance_gps:25.8933971318                  elapsed_time:0.141416788101
INFO:root:sl:0.063311790478 sr:0.0367613624255 heading:342 velocity:[1.44, 0.06, -0.85] position:LocationGlobalRelative:lat=55.9410375,lon=-3.1928475,alt=5.11
INFO:root:Angle_optical:18.212780535 Distance_optical:5.7006454034 Angle_gps:16.4239018429 Distance_gps:26.3589306946                  elapsed_time:0.133595943451
INFO:root:sl:0.0564079549168 sr:0.0292541823833 heading:342 velocity:[1.44, 0.06, -0.85] position:LocationGlobalRelative:lat=55.9410375,lon=-3.1928475,alt=5.11
INFO:root:Angle_optical:17.92479175 Distance_optical:5.78352511431 Angle_gps:16.7940811828 Distance_gps:26.8250606741                  elapsed_time:0.147094964981
INFO:root:sl:0.0769816484583 sr:0.017298114129 heading:340 velocity:[1.45, 0.12, -0.76] position:LocationGlobalRelative:lat=55.941041,lon=-3.1928479,alt=5.11
INFO:root:Angle_optical:17.3608566648 Distance_optical:5.87641825579 Angle_gps:17.2602830385 Distance_gps:27.2767201256                  elapsed_time:0.145135879517
INFO:root:sl:0.0864145521466 sr:0.0229335693654 heading:339 velocity:[1.45, 0.12, -0.76] position:LocationGlobalRelative:lat=55.941041,lon=-3.1928479,alt=5.11
INFO:root:Angle_optical:16.8071406666 Distance_optical:5.98653229728 Angle_gps:17.7525619137 Distance_gps:27.7220182287                  elapsed_time:0.147560834885
INFO:root:sl:0.074693467335 sr:0.0313904078374 heading:339 velocity:[1.42, 0.07, -0.78] position:LocationGlobalRelative:lat=55.9410445,lon=-3.1928483,alt=5.09
INFO:root:Angle_optical:16.4677547304 Distance_optical:6.09323717939 Angle_gps:18.1979750206 Distance_gps:28.1643050596                  elapsed_time:0.141013860703
INFO:root:sl:0.0780488937382 sr:0.0408168130028 heading:339 velocity:[1.42, 0.07, -0.78] position:LocationGlobalRelative:lat=55.9410445,lon=-3.1928483,alt=5.09
INFO:root:Angle_optical:16.2076080086 Distance_optical:6.21241270879 Angle_gps:18.633346035 Distance_gps:28.6075817649                  elapsed_time:0.143555879593
INFO:root:sl:0.0789992970106 sr:0.0490863250188 heading:337 velocity:[1.42, 0.04, -0.77] position:LocationGlobalRelative:lat=55.9410481,lon=-3.192849,alt=5.05
INFO:root:Angle_optical:16.0597891209 Distance_optical:6.34069885276 Angle_gps:19.0907392926 Distance_gps:29.0432603301                  elapsed_time:0.138258934021
INFO:root:sl:0.0732866965674 sr:0.060384776784 heading:337 velocity:[1.42, 0.04, -0.77] position:LocationGlobalRelative:lat=55.9410481,lon=-3.192849,alt=5.05
INFO:root:Angle_optical:16.0827778492 Distance_optical:6.47275154234 Angle_gps:19.543876539 Distance_gps:29.4784651604                  elapsed_time:0.138854980469
INFO:root:sl:0.0592753861405 sr:0.0545896605178 heading:337 velocity:[1.42, 0.03, -0.75] position:LocationGlobalRelative:lat=55.9410518,lon=-3.19285,alt=5.04
INFO:root:Angle_optical:16.1593380067 Distance_optical:6.5844801617 Angle_gps:19.9812817719 Distance_gps:29.9159382752                  elapsed_time:0.157998085022
INFO:root:sl:0.0482733610523 sr:0.0584677893497 heading:337 velocity:[1.42, 0.03, -0.75] position:LocationGlobalRelative:lat=55.9410518,lon=-3.19285,alt=5.04
INFO:root:Angle_optical:16.3523443361 Distance_optical:6.68753628467 Angle_gps:20.4074422034 Distance_gps:30.3547271151                  elapsed_time:0.1408162117
INFO:root:sl:0.0387343495057 sr:0.0507782341074 heading:338 velocity:[1.44, 0.05, -0.69] position:LocationGlobalRelative:lat=55.9410548,lon=-3.1928509,alt=5.04
INFO:root:Angle_optical:16.529781069 Distance_optical:6.77387691679 Angle_gps:20.8139861721 Distance_gps:30.8049576173                  elapsed_time:0.144849061966
INFO:root:sl:0.0413271849118 sr:0.0487760682826 heading:338 velocity:[1.44, 0.05, -0.69] position:LocationGlobalRelative:lat=55.9410548,lon=-3.1928509,alt=5.04
INFO:root:Angle_optical:16.6621988121 Distance_optical:6.86138393336 Angle_gps:21.2048067676 Distance_gps:31.2576813004                  elapsed_time:0.141078948975
INFO:root:sl:0.061740292503 sr:0.051742941985 heading:339 velocity:[1.39, 0.03, -0.7] position:LocationGlobalRelative:lat=55.9410584,lon=-3.192852,alt=5.03
INFO:root:Angle_optical:16.6549095998 Distance_optical:6.97337595033 Angle_gps:21.5349581879 Distance_gps:31.7042593027                  elapsed_time:0.133916139603
INFO:root:sl:0.0593419726646 sr:0.0521330689291 heading:339 velocity:[1.39, 0.03, -0.7] position:LocationGlobalRelative:lat=55.9410584,lon=-3.192852,alt=5.03
INFO:root:Angle_optical:16.6635443705 Distance_optical:7.08316285821 Angle_gps:21.8511949564 Distance_gps:32.1527379155                  elapsed_time:0.142803192139
INFO:root:sl:0.0586437161684 sr:0.0666521605282 heading:342 velocity:[1.36, 0.07, -0.67] position:LocationGlobalRelative:lat=55.9410612,lon=-3.1928528,alt=5.02
INFO:root:Angle_optical:16.759076934 Distance_optical:7.20563010426 Angle_gps:22.1025741686 Distance_gps:32.6013705045                  elapsed_time:0.146642923355
INFO:root:sl:0.0646789376644 sr:0.0722581608132 heading:342 velocity:[1.3, 0.03, -0.69] position:LocationGlobalRelative:lat=55.9410642,lon=-3.1928534,alt=4.98
INFO:root:Angle_optical:16.8341116392 Distance_optical:7.33942199903 Angle_gps:22.302619168 Distance_gps:33.0348755326                  elapsed_time:0.155151128769
INFO:root:sl:0.0662554718788 sr:0.0661201580047 heading:345 velocity:[1.3, 0.03, -0.69] position:LocationGlobalRelative:lat=55.9410642,lon=-3.1928534,alt=4.98
INFO:root:Angle_optical:16.8046831995 Distance_optical:7.46824902117 Angle_gps:22.4245396965 Distance_gps:33.4755968144                  elapsed_time:0.151152849197
INFO:root:sl:0.076759177393 sr:0.0731711514271 heading:345 velocity:[1.29, 0.05, -0.81] position:LocationGlobalRelative:lat=55.941067,lon=-3.1928539,alt=4.94
INFO:root:Angle_optical:16.7288114374 Distance_optical:7.61334270732 Angle_gps:22.5408094585 Distance_gps:33.9116106989                  elapsed_time:0.136591911316
INFO:root:sl:0.0691328983731 sr:0.0733877159895 heading:352 velocity:[1.29, 0.05, -0.81] position:LocationGlobalRelative:lat=55.941067,lon=-3.1928539,alt=4.94
INFO:root:Angle_optical:16.6334821138 Distance_optical:7.7499073726 Angle_gps:22.5058886658 Distance_gps:34.3489712049                  elapsed_time:0.138251066208
INFO:root:sl:0.0397047588498 sr:0.0776833356382 heading:352 velocity:[1.3, 0.05, -0.83] position:LocationGlobalRelative:lat=55.9410697,lon=-3.1928539,alt=4.87
INFO:root:Angle_optical:16.7680665783 Distance_optical:7.8660910217 Angle_gps:22.4480215339 Distance_gps:34.7848394654                  elapsed_time:0.147067070007
INFO:root:sl:0.0354566012897 sr:0.0787270985931 heading:358 velocity:[1.3, 0.05, -0.83] position:LocationGlobalRelative:lat=55.9410697,lon=-3.1928539,alt=4.87
INFO:root:Angle_optical:16.8890678633 Distance_optical:7.98119484595 Angle_gps:22.2764778966 Distance_gps:35.2090683469                  elapsed_time:0.162765026093
INFO:root:sl:0.0599167247583 sr:0.0752499821206 heading:358 velocity:[1.32, 0.13, -0.55] position:LocationGlobalRelative:lat=55.9410726,lon=-3.1928539,alt=4.8
INFO:root:Angle_optical:16.7685388408 Distance_optical:8.10892406368 Angle_gps:22.12960335 Distance_gps:35.6425712026                  elapsed_time:0.14023399353
INFO:root:sl:0.07305866747 sr:0.0715932838129 heading:5 velocity:[1.32, 0.13, -0.55] position:LocationGlobalRelative:lat=55.9410726,lon=-3.1928539,alt=4.8
INFO:root:Angle_optical:16.47764009 Distance_optical:8.23969825215 Angle_gps:21.8657479329 Distance_gps:36.0543255915                  elapsed_time:0.139735937119
INFO:root:sl:0.0592237235976 sr:0.0837566946961 heading:5 velocity:[1.39, 0.18, -0.41] position:LocationGlobalRelative:lat=55.941076,lon=-3.1928535,alt=4.8
INFO:root:Angle_optical:16.3351508154 Distance_optical:8.37568849033 Angle_gps:21.5957251997 Distance_gps:36.4906261805                  elapsed_time:0.143657922745
INFO:root:sl:0.0557872563872 sr:0.0809341566674 heading:9 velocity:[1.43, 0.18, -0.39] position:LocationGlobalRelative:lat=55.9410793,lon=-3.1928529,alt=4.84
INFO:root:Angle_optical:16.174308984 Distance_optical:8.50560159132 Angle_gps:21.2438802327 Distance_gps:36.9176160381                  elapsed_time:0.143831968307
INFO:root:sl:0.0575909946485 sr:0.0879470765048 heading:9 velocity:[1.43, 0.18, -0.39] position:LocationGlobalRelative:lat=55.9410793,lon=-3.1928529,alt=4.84
INFO:root:Angle_optical:16.0099223002 Distance_optical:8.64514885342 Angle_gps:20.8853535017 Distance_gps:37.3426818588                  elapsed_time:0.147274971008
INFO:root:sl:0.0715001801775 sr:0.0647377665373 heading:10 velocity:[1.45, 0.21, -0.39] position:LocationGlobalRelative:lat=55.9410827,lon=-3.1928521,alt=4.87
INFO:root:Angle_optical:15.6415868782 Distance_optical:8.76257698732 Angle_gps:20.5169083972 Distance_gps:37.7720791032                  elapsed_time:0.149844884872
INFO:root:sl:0.0834368734794 sr:0.0809047744568 heading:10 velocity:[1.45, 0.21, -0.39] position:LocationGlobalRelative:lat=55.9410827,lon=-3.1928521,alt=4.87
INFO:root:Angle_optical:15.2334026191 Distance_optical:8.90647968803 Angle_gps:20.150448648 Distance_gps:38.201812931                  elapsed_time:0.141505002975
INFO:root:sl:0.0650252953587 sr:0.0924894040556 heading:8 velocity:[1.42, 0.31, -0.28] position:LocationGlobalRelative:lat=55.9410855,lon=-3.1928512,alt=4.92
INFO:root:Angle_optical:15.0345403588 Distance_optical:9.05582426406 Angle_gps:19.8735030824 Distance_gps:38.6539860645                  elapsed_time:0.138787031174
INFO:root:sl:0.0659428745112 sr:0.0855232990682 heading:5 velocity:[1.42, 0.31, -0.28] position:LocationGlobalRelative:lat=55.9410855,lon=-3.1928512,alt=4.92
INFO:root:Angle_optical:14.8171000928 Distance_optical:9.19716263466 Angle_gps:19.6072676135 Distance_gps:39.1074198749                  elapsed_time:0.142737865448
INFO:root:sl:0.0959428745112 sr:0.115523299068 heading:5 velocity:[1.38, 0.3, -0.5] position:LocationGlobalRelative:lat=55.9410892,lon=-3.1928499,alt=4.95
INFO:root:Angle_optical:14.5132021213 Distance_optical:9.39320538979 Angle_gps:19.404726256 Distance_gps:39.5602252385                  elapsed_time:0.138814926147
INFO:root:sl:0.0659428745112 sr:0.0855232990682 heading:352 velocity:[1.44, -0.07, -0.14] position:LocationGlobalRelative:lat=55.9411123,lon=-3.1928453,alt=4.86
INFO:root:Angle_optical:14.4158897599 Distance_optical:9.53690627242 Angle_gps:19.2434723161 Distance_gps:40.0279199011                  elapsed_time:1.59348392487
INFO:root:sl:0.0821236937743 sr:0.0833290207674 heading:349 velocity:[1.44, -0.07, -0.14] position:LocationGlobalRelative:lat=55.9411123,lon=-3.1928453,alt=4.86
INFO:root:Angle_optical:14.2697675323 Distance_optical:9.69236224698 Angle_gps:19.1705445221 Distance_gps:40.5082108622                  elapsed_time:0.158142805099
INFO:root:sl:0.0850176642646 sr:0.0898270992404 heading:348 velocity:[1.44, -0.09, -0.29] position:LocationGlobalRelative:lat=55.9411156,lon=-3.1928458,alt=4.96
INFO:root:Angle_optical:14.1832752665 Distance_optical:9.85885796979 Angle_gps:19.1324489019 Distance_gps:40.9930498778                  elapsed_time:0.149962902069
INFO:root:sl:0.0846725226119 sr:0.118144736041 heading:348 velocity:[1.46, -0.12, -0.47] position:LocationGlobalRelative:lat=55.941119,lon=-3.1928464,alt=5.0
INFO:root:Angle_optical:14.2615126772 Distance_optical:10.0553783449 Angle_gps:19.095789951 Distance_gps:41.4867513288                  elapsed_time:0.134310007095
INFO:root:sl:0.0889580591911 sr:0.123253573034 heading:347 velocity:[1.46, -0.12, -0.47] position:LocationGlobalRelative:lat=55.941119,lon=-3.1928464,alt=5.0
INFO:root:Angle_optical:14.3607163208 Distance_optical:10.2610287447 Angle_gps:19.0860368101 Distance_gps:41.9819968557                  elapsed_time:0.155301094055
INFO:root:sl:0.0595510389881 sr:0.0932535730339 heading:347 velocity:[1.46, -0.12, -0.47] position:LocationGlobalRelative:lat=55.941119,lon=-3.1928464,alt=5.0
INFO:root:Angle_optical:14.4848863324 Distance_optical:10.4099047202 Angle_gps:19.0825904914 Distance_gps:42.478260196                  elapsed_time:0.140595912933
INFO:root:sl:0.0895510389881 sr:0.107879607322 heading:347 velocity:[1.44, -0.09, -0.59] position:LocationGlobalRelative:lat=55.9411234,lon=-3.1928469,alt=5.02
INFO:root:Angle_optical:14.5140683482 Distance_optical:10.600616872 Angle_gps:19.0950300137 Distance_gps:42.9669182361                  elapsed_time:0.136468887329
INFO:root:sl:0.0760181978773 sr:0.101402629355 heading:349 velocity:[1.42, -0.09, -0.56] position:LocationGlobalRelative:lat=55.9411267,lon=-3.1928473,alt=5.0
INFO:root:Angle_optical:14.5670328825 Distance_optical:10.772517647 Angle_gps:19.0718659701 Distance_gps:43.4478325025                  elapsed_time:0.137344837189
INFO:root:sl:0.072318585419 sr:0.10271317849 heading:349 velocity:[1.42, -0.09, -0.56] position:LocationGlobalRelative:lat=55.9411267,lon=-3.1928473,alt=5.0
INFO:root:Angle_optical:14.6373453904 Distance_optical:10.9422101408 Angle_gps:19.0443684589 Distance_gps:43.9272796926                  elapsed_time:0.138436079025
INFO:root:sl:0.102318585419 sr:0.13271317849 heading:351 velocity:[1.39, -0.13, -0.62] position:LocationGlobalRelative:lat=55.9411307,lon=-3.1928478,alt=4.96
INFO:root:Angle_optical:14.6502677712 Distance_optical:11.1690110438 Angle_gps:18.9645957243 Distance_gps:44.3936355599                  elapsed_time:0.133859157562
INFO:root:sl:0.105624741362 sr:0.130452560899 heading:351 velocity:[1.39, -0.13, -0.62] position:LocationGlobalRelative:lat=55.9411307,lon=-3.1928478,alt=4.96
INFO:root:Angle_optical:14.6244886958 Distance_optical:11.3954618431 Angle_gps:18.8809412495 Distance_gps:44.8580302149                  elapsed_time:0.153320074081
INFO:root:sl:0.0985051552387 sr:0.140831061399 heading:352 velocity:[1.35, -0.15, -0.52] position:LocationGlobalRelative:lat=55.9411339,lon=-3.1928484,alt=4.94
INFO:root:Angle_optical:14.6634860432 Distance_optical:11.6272623912 Angle_gps:18.7733550802 Distance_gps:45.3064149288                  elapsed_time:0.151829004288
INFO:root:sl:0.0968824722476 sr:0.13005397729 heading:352 velocity:[1.35, -0.15, -0.52] position:LocationGlobalRelative:lat=55.9411339,lon=-3.1928484,alt=4.94
INFO:root:Angle_optical:14.6610416302 Distance_optical:11.8457120439 Angle_gps:18.664778159 Distance_gps:45.753586552                  elapsed_time:0.152391910553
INFO:root:sl:0.113728416949 sr:0.125287568821 heading:354 velocity:[1.33, -0.17, -0.46] position:LocationGlobalRelative:lat=55.9411374,lon=-3.1928492,alt=4.92
INFO:root:Angle_optical:14.5338749696 Distance_optical:12.0720155302 Angle_gps:18.5215039854 Distance_gps:46.1880904918                  elapsed_time:0.139377117157
INFO:root:sl:0.116197820059 sr:0.120512796643 heading:354 velocity:[1.35, -0.2, -0.39] position:LocationGlobalRelative:lat=55.9411402,lon=-3.1928498,alt=4.93
INFO:root:Angle_optical:14.3730282927 Distance_optical:12.2943446323 Angle_gps:18.3634359918 Distance_gps:46.626242299                  elapsed_time:0.148275136948
INFO:root:sl:0.107919410229 sr:0.132567785452 heading:355 velocity:[1.35, -0.2, -0.39] position:LocationGlobalRelative:lat=55.9411402,lon=-3.1928498,alt=4.93
INFO:root:Angle_optical:14.290301044 Distance_optical:12.5234120163 Angle_gps:18.1928616414 Distance_gps:47.061046495                  elapsed_time:0.167431116104
INFO:root:sl:0.122637756451 sr:0.123692103415 heading:355 velocity:[1.38, -0.11, -0.39] position:LocationGlobalRelative:lat=55.9411436,lon=-3.1928502,alt=4.95
INFO:root:Angle_optical:14.1018802911 Distance_optical:12.7535145772 Angle_gps:18.0567496532 Distance_gps:47.5096609053                  elapsed_time:0.141266107559
INFO:root:sl:0.124432506052 sr:0.0936921034146 heading:357 velocity:[1.38, -0.11, -0.39] position:LocationGlobalRelative:lat=55.9411436,lon=-3.1928502,alt=4.95
INFO:root:Angle_optical:13.7959367159 Distance_optical:12.9510442928 Angle_gps:17.8961570146 Distance_gps:47.9523966787                  elapsed_time:0.137403964996
INFO:root:sl:0.1267287011 sr:0.0947206324708 heading:357 velocity:[1.43, -0.03, -0.23] position:LocationGlobalRelative:lat=55.9411471,lon=-3.19285,alt=4.98
INFO:root:Angle_optical:13.4854728946 Distance_optical:13.1510408226 Angle_gps:17.7614687185 Distance_gps:48.4158663578                  elapsed_time:0.144884824753
INFO:root:sl:0.119182498549 sr:0.0880633697496 heading:357 velocity:[1.43, -0.03, -0.23] position:LocationGlobalRelative:lat=55.9411471,lon=-3.19285,alt=4.98
INFO:root:Angle_optical:13.1956092038 Distance_optical:13.3381820202 Angle_gps:17.6272629551 Distance_gps:48.87934661                  elapsed_time:0.139611005783
INFO:root:sl:0.135683691787 sr:0.088026331512 heading:357 velocity:[1.4, -0.06, -0.37] position:LocationGlobalRelative:lat=55.9411506,lon=-3.1928499,alt=5.02
INFO:root:Angle_optical:12.8349459656 Distance_optical:13.5378632745 Angle_gps:17.4858780504 Distance_gps:49.3307547371                  elapsed_time:0.149717092514
INFO:root:sl:0.125658106652 sr:0.103673775778 heading:359 velocity:[1.4, -0.06, -0.37] position:LocationGlobalRelative:lat=55.9411506,lon=-3.1928499,alt=5.02
INFO:root:Angle_optical:12.569239843 Distance_optical:13.7469216293 Angle_gps:17.3223001626 Distance_gps:49.7762353163                  elapsed_time:0.138976812363
INFO:root:sl:0.12069612125 sr:0.110945718285 heading:359 velocity:[1.4, -0.11, -0.53] position:LocationGlobalRelative:lat=55.9411542,lon=-3.1928498,alt=4.99
INFO:root:Angle_optical:12.3511982961 Distance_optical:13.9601815487 Angle_gps:17.1402007973 Distance_gps:50.2166038404                  elapsed_time:0.145058870316
INFO:root:sl:0.136860199875 sr:0.140945718285 heading:359 velocity:[1.4, -0.11, -0.53] position:LocationGlobalRelative:lat=55.9411542,lon=-3.1928498,alt=4.99
INFO:root:Angle_optical:12.1542409041 Distance_optical:14.2189971558 Angle_gps:16.9597209351 Distance_gps:50.6570455674                  elapsed_time:0.149130105972
INFO:root:sl:0.135901363204 sr:0.132961745981 heading:359 velocity:[1.34, -0.26, -0.37] position:LocationGlobalRelative:lat=55.9411849,lon=-3.1928506,alt=5.01
INFO:root:Angle_optical:11.9435518477 Distance_optical:14.4682484854 Angle_gps:16.7648994147 Distance_gps:51.076382908                  elapsed_time:0.158839225769
INFO:root:sl:0.105901363204 sr:0.102961745981 heading:359 velocity:[1.38, -0.39, -0.42] position:LocationGlobalRelative:lat=55.941188,lon=-3.192851,alt=5.0
INFO:root:Angle_optical:11.781888034 Distance_optical:14.6618749199 Angle_gps:16.491177909 Distance_gps:51.4871565153                  elapsed_time:2.26765608788
INFO:root:sl:0.123501334547 sr:0.131183616138 heading:359 velocity:[1.38, -0.39, -0.42] position:LocationGlobalRelative:lat=55.941188,lon=-3.192851,alt=5.0
INFO:root:Angle_optical:11.6304574557 Distance_optical:14.9001231362 Angle_gps:16.2216903742 Distance_gps:51.8989340886                  elapsed_time:0.163195133209
INFO:root:sl:0.117382533128 sr:0.138202636964 heading:359 velocity:[1.38, -0.35, -0.47] position:LocationGlobalRelative:lat=55.9411918,lon=-3.1928516,alt=4.93
INFO:root:Angle_optical:11.5292992839 Distance_optical:15.141650178 Angle_gps:15.9705430322 Distance_gps:52.3150487568                  elapsed_time:0.139224052429
INFO:root:sl:0.11165794913 sr:0.121696752018 heading:359 velocity:[1.43, -0.33, -0.34] position:LocationGlobalRelative:lat=55.9411954,lon=-3.1928522,alt=4.91
INFO:root:Angle_optical:11.408509878 Distance_optical:15.3606111811 Angle_gps:15.7259544077 Distance_gps:52.7498389164                  elapsed_time:0.140514850616
INFO:root:sl:0.128536672291 sr:0.134448598944 heading:0 velocity:[1.43, -0.33, -0.34] position:LocationGlobalRelative:lat=55.9411954,lon=-3.1928522,alt=4.91
INFO:root:Angle_optical:11.2579402553 Distance_optical:15.6065105461 Angle_gps:15.48537647 Distance_gps:53.1855247841                  elapsed_time:0.143157958984
INFO:root:sl:0.0985366722906 sr:0.111109273927 heading:0 velocity:[1.43, -0.33, -0.34] position:LocationGlobalRelative:lat=55.9411954,lon=-3.1928522,alt=4.91
INFO:root:Angle_optical:11.16359665 Distance_optical:15.8038087218 Angle_gps:15.2378983951 Distance_gps:53.6168456838                  elapsed_time:0.154920101166
INFO:root:sl:0.128536672291 sr:0.123645550658 heading:0 velocity:[1.36, -0.16, -0.2] position:LocationGlobalRelative:lat=55.9411997,lon=-3.1928524,alt=4.96
INFO:root:Angle_optical:10.9842468878 Distance_optical:16.0375182065 Angle_gps:15.0574961434 Distance_gps:54.0403714705                  elapsed_time:0.14253616333
INFO:root:sl:0.141420176027 sr:0.112121847979 heading:0 velocity:[1.36, -0.16, -0.2] position:LocationGlobalRelative:lat=55.9411997,lon=-3.1928524,alt=4.96
INFO:root:Angle_optical:10.7280504015 Distance_optical:16.2682888436 Angle_gps:14.8792949966 Distance_gps:54.4641535718                  elapsed_time:0.138345956802
INFO:root:sl:0.153389173005 sr:0.128480781869 heading:359 velocity:[1.36, -0.17, -0.41] position:LocationGlobalRelative:lat=55.9412035,lon=-3.1928525,alt=5.0
INFO:root:Angle_optical:10.4758008817 Distance_optical:16.5264668918 Angle_gps:14.7002059539 Distance_gps:54.8874522707                  elapsed_time:0.151921033859
INFO:root:sl:0.183389173005 sr:0.14259762407 heading:359 velocity:[1.36, -0.13, -0.29] position:LocationGlobalRelative:lat=55.941207,lon=-3.1928526,alt=5.03
INFO:root:Angle_optical:10.1613012879 Distance_optical:16.823946836 Angle_gps:14.5474709623 Distance_gps:55.318007681                  elapsed_time:0.150305986404
INFO:root:sl:0.174515885886 sr:0.130017989182 heading:358 velocity:[1.36, -0.13, -0.29] position:LocationGlobalRelative:lat=55.941207,lon=-3.1928526,alt=5.03
INFO:root:Angle_optical:9.86542789133 Distance_optical:17.1020671791 Angle_gps:14.4087354534 Distance_gps:55.7525508054                  elapsed_time:0.154838085175
INFO:root:sl:0.163502430565 sr:0.13958436816 heading:358 velocity:[1.33, -0.12, -0.35] position:LocationGlobalRelative:lat=55.9412106,lon=-3.1928527,alt=5.04
INFO:root:Angle_optical:9.64707845522 Distance_optical:17.3825574054 Angle_gps:14.2793270406 Distance_gps:56.1788392348                  elapsed_time:0.141407966614
INFO:root:sl:0.169200725973 sr:0.145984353693 heading:357 velocity:[1.33, -0.12, -0.35] position:LocationGlobalRelative:lat=55.9412106,lon=-3.1928527,alt=5.04
INFO:root:Angle_optical:9.44012801262 Distance_optical:17.6752567808 Angle_gps:14.1629931735 Distance_gps:56.6084148029                  elapsed_time:0.149037837982
INFO:root:sl:0.147458462631 sr:0.130762858039 heading:357 velocity:[1.34, -0.13, -0.33] position:LocationGlobalRelative:lat=55.9412139,lon=-3.1928529,alt=5.03
INFO:root:Angle_optical:9.27765036229 Distance_optical:17.9345757234 Angle_gps:14.0462378402 Distance_gps:57.0415060892                  elapsed_time:0.144219875336
INFO:root:sl:0.152709379465 sr:0.155201483231 heading:355 velocity:[1.34, -0.13, -0.33] position:LocationGlobalRelative:lat=55.9412139,lon=-3.1928529,alt=5.03
INFO:root:Angle_optical:9.17881701029 Distance_optical:18.2247993904 Angle_gps:13.9529500574 Distance_gps:57.4799584416                  elapsed_time:0.148320913315
INFO:root:sl:0.157320853522 sr:0.136695878004 heading:355 velocity:[1.37, -0.19, -0.36] position:LocationGlobalRelative:lat=55.9412176,lon=-3.1928533,alt=5.02
INFO:root:Angle_optical:9.02609411385 Distance_optical:18.5001617791 Angle_gps:13.8433764549 Distance_gps:57.9275412515                  elapsed_time:0.140985965729
INFO:root:sl:0.187320853522 sr:0.125640585952 heading:354 velocity:[1.37, -0.19, -0.36] position:LocationGlobalRelative:lat=55.9412176,lon=-3.1928533,alt=5.02
INFO:root:Angle_optical:8.76347948166 Distance_optical:18.7905194562 Angle_gps:13.7478930004 Distance_gps:58.3781260966                  elapsed_time:0.13959813118
INFO:root:sl:0.173752591635 sr:0.129813888677 heading:354 velocity:[1.38, -0.18, -0.49] position:LocationGlobalRelative:lat=55.9412215,lon=-3.1928538,alt=5.0
INFO:root:Angle_optical:8.56551185895 Distance_optical:19.0743932967 Angle_gps:13.6589794129 Distance_gps:58.8332450708                  elapsed_time:0.141787052155
INFO:root:sl:0.143752591635 sr:0.137638036691 heading:353 velocity:[1.39, -0.2, -0.43] position:LocationGlobalRelative:lat=55.9412254,lon=-3.1928545,alt=4.95
INFO:root:Angle_optical:8.49219320811 Distance_optical:19.3405707593 Angle_gps:13.5770210206 Distance_gps:59.2938379181                  elapsed_time:0.155902862549
INFO:root:sl:0.173588118305 sr:0.157811121658 heading:353 velocity:[1.39, -0.2, -0.43] position:LocationGlobalRelative:lat=55.9412254,lon=-3.1928545,alt=4.95
INFO:root:Angle_optical:8.38873719558 Distance_optical:19.654021596 Angle_gps:13.4982646685 Distance_gps:59.7553513136                  elapsed_time:0.151412963867
