INFO:root:Resolution: 320*240
INFO:root:sl:-0.0592592592593 sr:0.0592592592593 heading:5 velocity:[0.0, 0.0, 0.16] position:LocationGlobalRelative:lat=0.0,lon=0.0,alt=4.66
INFO:root:Angle_optical:42.2475732216 Distance_optical:0.0289142598258 Angle_gps:0.0 Distance_gps:0.0                  elapsed_time:0.112663984299
INFO:root:sl:-0.0145341993965 sr:0.0151457888134 heading:5 velocity:[0.0, 0.0, 0.16] position:LocationGlobalRelative:lat=0.0,lon=0.0,alt=4.66
INFO:root:Angle_optical:41.9950325236 Distance_optical:0.0347152333547 Angle_gps:0.0 Distance_gps:0.0                  elapsed_time:0.160494089127
INFO:root:sl:-0.0142556044191 sr:0.0189615893469 heading:5 velocity:[0.0, 0.0, 0.16] position:LocationGlobalRelative:lat=0.0,lon=0.0,alt=4.66
INFO:root:Angle_optical:42.2334186985 Distance_optical:0.0525850398845 Angle_gps:0.0 Distance_gps:0.0                  elapsed_time:0.0751690864563
INFO:root:sl:-0.0243230208032 sr:0.023218661741 heading:5 velocity:[0.0, 0.0, 0.16] position:LocationGlobalRelative:lat=0.0,lon=0.0,alt=4.66
INFO:root:Angle_optical:41.9948744055 Distance_optical:0.0722913543065 Angle_gps:0.0 Distance_gps:0.0                  elapsed_time:0.0723769664764
INFO:root:sl:-0.0108147732653 sr:0.0148107139276 heading:5 velocity:[0.0, 0.0, 0.16] position:LocationGlobalRelative:lat=0.0,lon=0.0,alt=4.66
INFO:root:Angle_optical:42.2093375756 Distance_optical:0.091303807064 Angle_gps:0.0 Distance_gps:0.0                  elapsed_time:0.0771980285645
INFO:root:sl:-0.0129015060019 sr:0.0138659068268 heading:5 velocity:[0.0, 0.0, 0.16] position:LocationGlobalRelative:lat=0.0,lon=0.0,alt=4.66
INFO:root:Angle_optical:42.1414624683 Distance_optical:0.107913550727 Angle_gps:0.0 Distance_gps:0.0                  elapsed_time:0.0774850845337
INFO:root:sl:-0.0154304021323 sr:0.0141109645886 heading:5 velocity:[0.0, 0.0, 0.16] position:LocationGlobalRelative:lat=0.0,lon=0.0,alt=4.66
INFO:root:Angle_optical:42.1846096419 Distance_optical:0.127159226174 Angle_gps:0.0 Distance_gps:0.0                  elapsed_time:0.0744760036469
INFO:root:sl:-0.028927716977 sr:0.0438264612039 heading:5 velocity:[0.0, 0.0, 0.16] position:LocationGlobalRelative:lat=0.0,lon=0.0,alt=4.66
INFO:root:Angle_optical:42.0254661318 Distance_optical:0.18426312436 Angle_gps:0.0 Distance_gps:0.0                  elapsed_time:0.0819840431213
INFO:root:sl:-0.0140805395419 sr:0.0166744571825 heading:5 velocity:[0.0, 0.0, 0.16] position:LocationGlobalRelative:lat=0.0,lon=0.0,alt=4.66
INFO:root:Angle_optical:42.012516712 Distance_optical:0.206900757882 Angle_gps:0.0 Distance_gps:0.0                  elapsed_time:0.0758550167084
INFO:root:sl:-0.0131090278449 sr:0.0188043544958 heading:5 velocity:[0.0, 0.0, 0.16] position:LocationGlobalRelative:lat=0.0,lon=0.0,alt=4.66
INFO:root:Angle_optical:41.9663306887 Distance_optical:0.231909249368 Angle_gps:0.0 Distance_gps:0.0                  elapsed_time:0.074156999588
INFO:root:sl:-0.0403100723626 sr:0.0647212247293 heading:5 velocity:[0.0, 0.0, 0.16] position:LocationGlobalRelative:lat=0.0,lon=0.0,alt=4.67
INFO:root:Angle_optical:41.8898193096 Distance_optical:0.319254413441 Angle_gps:0.0 Distance_gps:0.0                  elapsed_time:0.0794718265533
INFO:root:sl:-0.021052614152 sr:0.0243578293402 heading:5 velocity:[0.0, 0.0, 0.16] position:LocationGlobalRelative:lat=0.0,lon=0.0,alt=4.67
INFO:root:Angle_optical:41.8597813394 Distance_optical:0.351853105716 Angle_gps:0.0 Distance_gps:0.0                  elapsed_time:0.0712170600891
INFO:root:sl:-0.0402943838516 sr:0.0642074605161 heading:5 velocity:[0.0, 0.0, 0.16] position:LocationGlobalRelative:lat=0.0,lon=0.0,alt=4.67
INFO:root:Angle_optical:41.8106869788 Distance_optical:0.438255533217 Angle_gps:0.0 Distance_gps:0.0                  elapsed_time:0.0758428573608
INFO:root:sl:-0.0530024667045 sr:0.0795562511608 heading:5 velocity:[0.0, 0.0, 0.16] position:LocationGlobalRelative:lat=0.0,lon=0.0,alt=4.67
INFO:root:Angle_optical:41.7629316477 Distance_optical:0.544961659164 Angle_gps:0.0 Distance_gps:0.0                  elapsed_time:0.0725071430206
INFO:root:sl:-0.0548334048522 sr:0.0857583584951 heading:5 velocity:[0.0, 0.0, 0.16] position:LocationGlobalRelative:lat=0.0,lon=0.0,alt=4.67
INFO:root:Angle_optical:41.7320452331 Distance_optical:0.660226576518 Angle_gps:0.0 Distance_gps:0.0                  elapsed_time:0.0758290290833
INFO:root:sl:-0.0357859648403 sr:0.0568536795838 heading:5 velocity:[0.0, 0.0, 0.16] position:LocationGlobalRelative:lat=0.0,lon=0.0,alt=4.67
INFO:root:Angle_optical:41.7152532168 Distance_optical:0.73654435677 Angle_gps:0.0 Distance_gps:0.0                  elapsed_time:0.0777988433838
INFO:root:sl:-0.0401366367863 sr:0.0595802832182 heading:5 velocity:[0.0, 0.0, 0.16] position:LocationGlobalRelative:lat=0.0,lon=0.0,alt=4.67
INFO:root:Angle_optical:41.7017895418 Distance_optical:0.816586125633 Angle_gps:0.0 Distance_gps:0.0                  elapsed_time:0.0751519203186
INFO:root:sl:-0.0276801330793 sr:0.0504738452482 heading:5 velocity:[0.0, 0.0, 0.16] position:LocationGlobalRelative:lat=0.0,lon=0.0,alt=4.67
INFO:root:Angle_optical:41.6918407474 Distance_optical:0.884360647844 Angle_gps:0.0 Distance_gps:0.0                  elapsed_time:0.0741798877716
INFO:root:sl:-0.0263910001869 sr:0.0404354523037 heading:5 velocity:[0.0, 0.0, 0.16] position:LocationGlobalRelative:lat=0.0,lon=0.0,alt=4.67
INFO:root:Angle_optical:41.6850889956 Distance_optical:0.938672633283 Angle_gps:0.0 Distance_gps:0.0                  elapsed_time:0.0719220638275
INFO:root:sl:-0.0807564456202 sr:0.0996947115629 heading:5 velocity:[0.0, 0.0, 0.16] position:LocationGlobalRelative:lat=0.0,lon=0.0,alt=4.67
INFO:root:Angle_optical:41.6710888911 Distance_optical:1.07255480415 Angle_gps:0.0 Distance_gps:0.0                  elapsed_time:0.0714421272278
INFO:root:sl:-0.0307182345867 sr:0.0474418367716 heading:5 velocity:[0.0, 0.0, 0.16] position:LocationGlobalRelative:lat=0.0,lon=0.0,alt=4.67
INFO:root:Angle_optical:41.6656550096 Distance_optical:1.13627295907 Angle_gps:0.0 Distance_gps:0.0                  elapsed_time:0.0714089870453
INFO:root:sl:-0.0372802133771 sr:0.0469395995914 heading:5 velocity:[0.0, 0.0, 0.16] position:LocationGlobalRelative:lat=0.0,lon=0.0,alt=4.67
INFO:root:Angle_optical:41.6608031215 Distance_optical:1.19931191947 Angle_gps:0.0 Distance_gps:0.0                  elapsed_time:0.0763449668884
INFO:root:sl:-0.0341342285572 sr:0.0481710650588 heading:5 velocity:[0.0, 0.0, 0.16] position:LocationGlobalRelative:lat=0.0,lon=0.0,alt=4.67
INFO:root:Angle_optical:41.6563520617 Distance_optical:1.26400762383 Angle_gps:0.0 Distance_gps:0.0                  elapsed_time:0.0738930702209
INFO:root:sl:-0.0249125179133 sr:0.0364973232204 heading:4 velocity:[0.0, 0.0, 0.16] position:LocationGlobalRelative:lat=0.0,lon=0.0,alt=4.67
INFO:root:Angle_optical:41.6675156226 Distance_optical:1.3130136674 Angle_gps:0.0 Distance_gps:0.0                  elapsed_time:0.073175907135
INFO:root:sl:-0.0276279432167 sr:0.0321400929811 heading:4 velocity:[0.0, 0.0, 0.16] position:LocationGlobalRelative:lat=0.0,lon=0.0,alt=4.67
INFO:root:Angle_optical:41.6823828596 Distance_optical:1.35614771331 Angle_gps:0.0 Distance_gps:0.0                  elapsed_time:0.0757868289948
INFO:root:sl:-0.0395585506241 sr:0.0601741424983 heading:4 velocity:[0.0, 0.0, 0.16] position:LocationGlobalRelative:lat=0.0,lon=0.0,alt=4.67
INFO:root:Angle_optical:41.71286918 Distance_optical:1.43691388281 Angle_gps:0.0 Distance_gps:0.0                  elapsed_time:0.0764009952545
INFO:root:sl:-0.0236125027672 sr:0.033356564304 heading:4 velocity:[0.0, 0.0, 0.16] position:LocationGlobalRelative:lat=0.0,lon=0.0,alt=4.67
INFO:root:Angle_optical:41.7295906266 Distance_optical:1.481678746 Angle_gps:0.0 Distance_gps:0.0                  elapsed_time:0.0723309516907
INFO:root:sl:-0.0376528317181 sr:0.0503057829632 heading:4 velocity:[0.0, 0.0, 0.16] position:LocationGlobalRelative:lat=0.0,lon=0.0,alt=4.67
INFO:root:Angle_optical:41.7539067029 Distance_optical:1.54919346622 Angle_gps:0.0 Distance_gps:0.0                  elapsed_time:0.0701417922974
INFO:root:sl:-0.0229455852478 sr:0.0367085731266 heading:4 velocity:[0.0, 0.0, 0.16] position:LocationGlobalRelative:lat=0.0,lon=0.0,alt=4.67
INFO:root:Angle_optical:41.7706478051 Distance_optical:1.59845711678 Angle_gps:0.0 Distance_gps:0.0                  elapsed_time:0.0720241069794
INFO:root:sl:-0.0506119171977 sr:0.0763233405183 heading:4 velocity:[0.0, 0.0, 0.16] position:LocationGlobalRelative:lat=0.0,lon=0.0,alt=4.67
INFO:root:Angle_optical:41.8026558081 Distance_optical:1.70088728619 Angle_gps:0.0 Distance_gps:0.0                  elapsed_time:0.0754959583282
INFO:root:sl:-0.0577212316447 sr:0.0894454818523 heading:4 velocity:[0.0, 0.0, 0.16] position:LocationGlobalRelative:lat=0.0,lon=0.0,alt=4.67
INFO:root:Angle_optical:41.8357265873 Distance_optical:1.82092623664 Angle_gps:0.0 Distance_gps:0.0                  elapsed_time:0.0693409442902
INFO:root:sl:-0.0580740710479 sr:0.0920574233688 heading:4 velocity:[0.0, 0.0, 0.16] position:LocationGlobalRelative:lat=0.0,lon=0.0,alt=4.67
INFO:root:Angle_optical:41.8655766908 Distance_optical:1.94447201358 Angle_gps:0.0 Distance_gps:0.0                  elapsed_time:0.0706760883331
INFO:root:sl:-0.0409257006566 sr:0.0636488880745 heading:4 velocity:[0.0, 0.0, 0.16] position:LocationGlobalRelative:lat=0.0,lon=0.0,alt=4.67
INFO:root:Angle_optical:41.884110748 Distance_optical:2.02989161178 Angle_gps:0.0 Distance_gps:0.0                  elapsed_time:0.0744199752808
INFO:root:sl:-0.0540149021925 sr:0.0895976216822 heading:4 velocity:[0.0, 0.0, 0.16] position:LocationGlobalRelative:lat=0.0,lon=0.0,alt=4.67
INFO:root:Angle_optical:41.9077219308 Distance_optical:2.15013611826 Angle_gps:0.0 Distance_gps:0.0                  elapsed_time:0.070708990097
INFO:root:sl:-0.0382536684743 sr:0.0613259832814 heading:4 velocity:[0.0, 0.0, 0.16] position:LocationGlobalRelative:lat=0.0,lon=0.0,alt=4.67
INFO:root:Angle_optical:41.9224202946 Distance_optical:2.23243848605 Angle_gps:0.0 Distance_gps:0.0                  elapsed_time:0.0761501789093
INFO:root:sl:-0.0503394981459 sr:0.0745606064766 heading:4 velocity:[0.0, 0.0, 0.16] position:LocationGlobalRelative:lat=0.0,lon=0.0,alt=4.67
INFO:root:Angle_optical:41.9388966265 Distance_optical:2.33250249992 Angle_gps:0.0 Distance_gps:0.0                  elapsed_time:0.0705189704895
INFO:root:sl:-0.031536310307 sr:0.0576918178602 heading:4 velocity:[0.0, 0.0, 0.16] position:LocationGlobalRelative:lat=0.0,lon=0.0,alt=4.69
INFO:root:Angle_optical:41.950706963 Distance_optical:2.40992767237 Angle_gps:0.0 Distance_gps:0.0                  elapsed_time:0.0743021965027
INFO:root:sl:-0.0304320643075 sr:0.0472791549902 heading:4 velocity:[0.0, 0.0, 0.16] position:LocationGlobalRelative:lat=0.0,lon=0.0,alt=4.69
INFO:root:Angle_optical:41.9598348662 Distance_optical:2.47337857007 Angle_gps:0.0 Distance_gps:0.0                  elapsed_time:0.087877035141
INFO:root:sl:-0.0307681123186 sr:0.0467876695216 heading:4 velocity:[0.0, 0.0, 0.16] position:LocationGlobalRelative:lat=0.0,lon=0.0,alt=4.69
INFO:root:Angle_optical:41.9684182872 Distance_optical:2.53616981957 Angle_gps:0.0 Distance_gps:0.0                  elapsed_time:0.0706520080566
INFO:root:sl:-0.0553835925529 sr:0.0906359867658 heading:4 velocity:[0.0, 0.0, 0.16] position:LocationGlobalRelative:lat=0.0,lon=0.0,alt=4.69
INFO:root:Angle_optical:41.9838922004 Distance_optical:2.65780749763 Angle_gps:0.0 Distance_gps:0.0                  elapsed_time:0.0712769031525
INFO:root:sl:-0.0310919347585 sr:0.0461429683261 heading:4 velocity:[0.0, 0.0, 0.16] position:LocationGlobalRelative:lat=0.0,lon=0.0,alt=4.69
INFO:root:Angle_optical:41.9912382443 Distance_optical:2.71973342018 Angle_gps:0.0 Distance_gps:0.0                  elapsed_time:0.0704829692841
INFO:root:sl:-0.0463296152498 sr:0.0736894980991 heading:4 velocity:[0.0, 0.0, 0.16] position:LocationGlobalRelative:lat=0.0,lon=0.0,alt=4.69
INFO:root:Angle_optical:42.0023003545 Distance_optical:2.81862792093 Angle_gps:0.0 Distance_gps:0.0                  elapsed_time:0.0711061954498
INFO:root:sl:-0.0384452588949 sr:0.0656871780528 heading:4 velocity:[0.0, 0.0, 0.16] position:LocationGlobalRelative:lat=0.0,lon=0.0,alt=4.69
INFO:root:Angle_optical:42.0115265384 Distance_optical:2.9067828359 Angle_gps:0.0 Distance_gps:0.0                  elapsed_time:0.0769989490509
INFO:root:sl:-0.0319009285003 sr:0.0450691630057 heading:4 velocity:[0.0, 0.0, 0.16] position:LocationGlobalRelative:lat=0.0,lon=0.0,alt=4.69
INFO:root:Angle_optical:42.0175396472 Distance_optical:2.9672674497 Angle_gps:0.0 Distance_gps:0.0                  elapsed_time:0.0705940723419
INFO:root:sl:-0.0327997308871 sr:0.0456659796674 heading:4 velocity:[0.0, 0.0, 0.16] position:LocationGlobalRelative:lat=0.0,lon=0.0,alt=4.69
INFO:root:Angle_optical:42.023387365 Distance_optical:3.02855294892 Angle_gps:0.0 Distance_gps:0.0                  elapsed_time:0.072998046875
INFO:root:sl:-0.0550659414923 sr:0.0808226363394 heading:4 velocity:[0.0, 0.0, 0.16] position:LocationGlobalRelative:lat=0.0,lon=0.0,alt=4.69
INFO:root:Angle_optical:42.0331768914 Distance_optical:3.13701986118 Angle_gps:0.0 Distance_gps:0.0                  elapsed_time:0.0694649219513
INFO:root:sl:-0.0599832019099 sr:0.0945337153647 heading:4 velocity:[0.0, 0.0, 0.16] position:LocationGlobalRelative:lat=0.0,lon=0.0,alt=4.69
INFO:root:Angle_optical:42.043801391 Distance_optical:3.26388723494 Angle_gps:0.0 Distance_gps:0.0                  elapsed_time:0.0722000598907
INFO:root:sl:-0.0428354714937 sr:0.0558138823871 heading:4 velocity:[0.0, 0.0, 0.16] position:LocationGlobalRelative:lat=0.0,lon=0.0,alt=4.69
INFO:root:Angle_optical:42.049695061 Distance_optical:3.33879114668 Angle_gps:0.0 Distance_gps:0.0                  elapsed_time:0.0708768367767
INFO:root:sl:-0.0927454874228 sr:0.115073141646 heading:4 velocity:[0.0, 0.0, 0.16] position:LocationGlobalRelative:lat=0.0,lon=0.0,alt=4.69
INFO:root:Angle_optical:42.0610482762 Distance_optical:3.4932223512 Angle_gps:0.0 Distance_gps:0.0                  elapsed_time:0.0732309818268
INFO:root:sl:-0.0428111299756 sr:0.0650779151979 heading:4 velocity:[0.0, 0.0, 0.16] position:LocationGlobalRelative:lat=0.0,lon=0.0,alt=4.69
INFO:root:Angle_optical:42.0670352659 Distance_optical:3.58055837304 Angle_gps:0.0 Distance_gps:0.0                  elapsed_time:0.0731081962585
INFO:root:sl:-0.062652225651 sr:0.0825364805236 heading:4 velocity:[0.0, 0.0, 0.16] position:LocationGlobalRelative:lat=0.0,lon=0.0,alt=4.69
INFO:root:Angle_optical:42.0742207739 Distance_optical:3.69132388917 Angle_gps:0.0 Distance_gps:0.0                  elapsed_time:0.0743651390076
INFO:root:sl:-0.0423128772018 sr:0.0624274008616 heading:4 velocity:[0.0, 0.0, 0.16] position:LocationGlobalRelative:lat=0.0,lon=0.0,alt=4.69
INFO:root:Angle_optical:42.0793754472 Distance_optical:3.77510241411 Angle_gps:0.0 Distance_gps:0.0                  elapsed_time:0.0762209892273
INFO:root:sl:-0.0379999354478 sr:0.0509278116491 heading:4 velocity:[0.0, 0.0, 0.16] position:LocationGlobalRelative:lat=0.0,lon=0.0,alt=4.69
INFO:root:Angle_optical:42.083414093 Distance_optical:3.84344816469 Angle_gps:0.0 Distance_gps:0.0                  elapsed_time:0.0713520050049
INFO:root:sl:-0.0332350046163 sr:0.0510757940172 heading:4 velocity:[0.0, 0.0, 0.16] position:LocationGlobalRelative:lat=0.0,lon=0.0,alt=4.69
INFO:root:Angle_optical:42.0873226889 Distance_optical:3.91199236991 Angle_gps:0.0 Distance_gps:0.0                  elapsed_time:0.0700399875641
INFO:root:sl:-0.0461534707997 sr:0.0638728419035 heading:4 velocity:[0.0, 0.0, 0.16] position:LocationGlobalRelative:lat=0.0,lon=0.0,alt=4.69
INFO:root:Angle_optical:42.0920218983 Distance_optical:3.99771013362 Angle_gps:0.0 Distance_gps:0.0                  elapsed_time:0.076268196106
INFO:root:sl:-0.0781799892211 sr:0.120900979875 heading:4 velocity:[0.0, 0.0, 0.16] position:LocationGlobalRelative:lat=0.0,lon=0.0,alt=4.69
INFO:root:Angle_optical:42.1003863176 Distance_optical:4.1599593842 Angle_gps:0.0 Distance_gps:0.0                  elapsed_time:0.0714628696442
INFO:root:sl:-0.047564203112 sr:0.0794522732786 heading:4 velocity:[0.0, 0.0, 0.16] position:LocationGlobalRelative:lat=0.0,lon=0.0,alt=4.69
INFO:root:Angle_optical:42.1055365879 Distance_optical:4.26658394882 Angle_gps:0.0 Distance_gps:0.0                  elapsed_time:0.0715489387512
INFO:root:sl:-0.0563220641092 sr:0.0792139218258 heading:4 velocity:[0.0, 0.0, 0.16] position:LocationGlobalRelative:lat=0.0,lon=0.0,alt=4.69
INFO:root:Angle_optical:42.1104212535 Distance_optical:4.37288825624 Angle_gps:0.0 Distance_gps:0.0                  elapsed_time:0.0773420333862
INFO:root:sl:-0.0471514543891 sr:0.0695768912854 heading:4 velocity:[0.0, 0.0, 0.16] position:LocationGlobalRelative:lat=0.0,lon=0.0,alt=4.69
INFO:root:Angle_optical:42.1145197426 Distance_optical:4.46625943102 Angle_gps:0.0 Distance_gps:0.0                  elapsed_time:0.0705878734589
INFO:root:sl:-0.0746378373373 sr:0.11693919908 heading:4 velocity:[0.0, 0.0, 0.16] position:LocationGlobalRelative:lat=0.0,lon=0.0,alt=4.69
INFO:root:Angle_optical:42.1210349954 Distance_optical:4.62318940898 Angle_gps:0.0 Distance_gps:0.0                  elapsed_time:0.0721011161804
INFO:root:sl:-0.0462254562707 sr:0.0656339738275 heading:4 velocity:[0.0, 0.0, 0.16] position:LocationGlobalRelative:lat=0.0,lon=0.0,alt=4.69
INFO:root:Angle_optical:42.124501495 Distance_optical:4.71126842911 Angle_gps:0.0 Distance_gps:0.0                  elapsed_time:0.0737838745117
INFO:root:sl:-0.0176763807955 sr:0.0263918862294 heading:4 velocity:[0.0, 0.0, 0.16] position:LocationGlobalRelative:lat=0.0,lon=0.0,alt=4.69
INFO:root:Angle_optical:42.1258591091 Distance_optical:4.74668554232 Angle_gps:0.0 Distance_gps:0.0                  elapsed_time:0.0736351013184
INFO:root:sl:0.0415828784638 sr:-0.0328673730299 heading:4 velocity:[0.0, 0.0, 0.16] position:LocationGlobalRelative:lat=0.0,lon=0.0,alt=4.69
INFO:root:Angle_optical:41.4522687386 Distance_optical:4.74718960051 Angle_gps:0.0 Distance_gps:0.0                  elapsed_time:0.071692943573
INFO:root:sl:-0.00195491660083 sr:0.0160224573106 heading:4 velocity:[0.0, 0.0, 0.16] position:LocationGlobalRelative:lat=0.0,lon=0.0,alt=4.69
INFO:root:Angle_optical:41.4561200497 Distance_optical:4.76868895721 Angle_gps:0.0 Distance_gps:0.0                  elapsed_time:0.0718591213226
INFO:root:sl:0.00303876168605 sr:0.00548440488289 heading:4 velocity:[0.0, 0.0, 0.16] position:LocationGlobalRelative:lat=0.0,lon=0.0,alt=4.7
INFO:root:Angle_optical:41.4085105626 Distance_optical:4.7761102567 Angle_gps:0.0 Distance_gps:0.0                  elapsed_time:0.0747170448303
INFO:root:sl:0.00268974629961 sr:0.00608455797328 heading:4 velocity:[0.0, 0.0, 0.16] position:LocationGlobalRelative:lat=0.0,lon=0.0,alt=4.7
INFO:root:Angle_optical:41.3668168271 Distance_optical:4.78433241601 Angle_gps:0.0 Distance_gps:0.0                  elapsed_time:0.0829968452454
INFO:root:sl:0.00570875608982 sr:0.00734324303011 heading:4 velocity:[0.0, 0.0, 0.16] position:LocationGlobalRelative:lat=0.0,lon=0.0,alt=4.7
INFO:root:Angle_optical:41.2771963714 Distance_optical:4.79431704923 Angle_gps:0.0 Distance_gps:0.0                  elapsed_time:0.0763621330261
INFO:root:sl:0.00452323384831 sr:0.00514423543348 heading:4 velocity:[0.0, 0.0, 0.16] position:LocationGlobalRelative:lat=0.0,lon=0.0,alt=4.7
INFO:root:Angle_optical:41.2062446852 Distance_optical:4.80133209761 Angle_gps:0.0 Distance_gps:0.0                  elapsed_time:0.0706970691681
INFO:root:sl:-0.0163900681529 sr:0.0327307955793 heading:4 velocity:[0.0, 0.0, 0.16] position:LocationGlobalRelative:lat=0.0,lon=0.0,alt=4.7
INFO:root:Angle_optical:41.2162177752 Distance_optical:4.84524785916 Angle_gps:0.0 Distance_gps:0.0                  elapsed_time:0.0728240013123
INFO:root:sl:0.00189179828806 sr:0.0117478339525 heading:4 velocity:[0.0, 0.0, 0.16] position:LocationGlobalRelative:lat=0.0,lon=0.0,alt=4.7
INFO:root:Angle_optical:41.1898324079 Distance_optical:4.86105906976 Angle_gps:0.0 Distance_gps:0.0                  elapsed_time:0.0750341415405
INFO:root:sl:-0.0010374315526 sr:0.00826043415209 heading:4 velocity:[0.0, 0.0, 0.16] position:LocationGlobalRelative:lat=0.0,lon=0.0,alt=4.7
INFO:root:Angle_optical:41.1923727982 Distance_optical:4.87214221405 Angle_gps:0.0 Distance_gps:0.0                  elapsed_time:0.0693550109863
INFO:root:sl:-0.0074785798057 sr:0.01255106192 heading:4 velocity:[0.0, 0.0, 0.16] position:LocationGlobalRelative:lat=0.0,lon=0.0,alt=4.7
INFO:root:Angle_optical:41.1962106657 Distance_optical:4.88898216402 Angle_gps:0.0 Distance_gps:0.0                  elapsed_time:0.0699479579926
INFO:root:sl:-0.00300785125743 sr:0.00719847224569 heading:4 velocity:[0.0, 0.0, 0.16] position:LocationGlobalRelative:lat=0.0,lon=0.0,alt=4.7
INFO:root:Angle_optical:41.1983999075 Distance_optical:4.89864046767 Angle_gps:0.0 Distance_gps:0.0                  elapsed_time:0.0755331516266
INFO:root:sl:-0.00340167579692 sr:0.00866520006823 heading:4 velocity:[0.0, 0.0, 0.16] position:LocationGlobalRelative:lat=0.0,lon=0.0,alt=4.7
INFO:root:Angle_optical:41.2010237936 Distance_optical:4.91026670729 Angle_gps:0.0 Distance_gps:0.0                  elapsed_time:0.0709488391876
INFO:root:sl:-0.0159162968476 sr:0.028850500767 heading:4 velocity:[0.0, 0.0, 0.16] position:LocationGlobalRelative:lat=0.0,lon=0.0,alt=4.7
INFO:root:Angle_optical:41.2096710636 Distance_optical:4.94897592404 Angle_gps:0.0 Distance_gps:0.0                  elapsed_time:0.0709629058838
INFO:root:sl:-0.0099141053481 sr:0.00969464453331 heading:4 velocity:[0.0, 0.0, 0.16] position:LocationGlobalRelative:lat=0.0,lon=0.0,alt=4.7
INFO:root:Angle_optical:41.2125465172 Distance_optical:4.96198340705 Angle_gps:0.0 Distance_gps:0.0                  elapsed_time:0.0705749988556
INFO:root:sl:-0.00392442916144 sr:0.011560714956 heading:4 velocity:[0.0, 0.0, 0.16] position:LocationGlobalRelative:lat=0.0,lon=0.0,alt=4.7
INFO:root:Angle_optical:41.215955801 Distance_optical:4.97749463771 Angle_gps:0.0 Distance_gps:0.0                  elapsed_time:0.0772659778595
INFO:root:sl:-0.0134014232322 sr:0.0271287184822 heading:4 velocity:[0.0, 0.0, 0.16] position:LocationGlobalRelative:lat=0.0,lon=0.0,alt=4.7
INFO:root:Angle_optical:41.2238732802 Distance_optical:5.01389378137 Angle_gps:0.0 Distance_gps:0.0                  elapsed_time:0.0707612037659
INFO:root:sl:-0.00935017096294 sr:0.0113891925299 heading:5 velocity:[0.0, 0.01, 0.15] position:LocationGlobalRelative:lat=0.0,lon=0.0,alt=4.69
INFO:root:Angle_optical:41.2260026541 Distance_optical:5.02917885608 Angle_gps:0.0 Distance_gps:0.0                  elapsed_time:0.0717470645905
INFO:root:sl:-0.0081845157012 sr:0.0111115206237 heading:5 velocity:[0.0, 0.01, 0.15] position:LocationGlobalRelative:lat=0.0,lon=0.0,alt=4.69
INFO:root:Angle_optical:41.227538259 Distance_optical:5.04409927979 Angle_gps:0.0 Distance_gps:0.0                  elapsed_time:0.0701620578766
INFO:root:sl:-0.00442968640774 sr:0.0135185301135 heading:5 velocity:[0.0, 0.01, 0.15] position:LocationGlobalRelative:lat=0.0,lon=0.0,alt=4.69
INFO:root:Angle_optical:41.2290706178 Distance_optical:5.06224995168 Angle_gps:0.0 Distance_gps:0.0                  elapsed_time:0.0714960098267
INFO:root:sl:-0.00107967614997 sr:0.00938161830067 heading:5 velocity:[0.0, 0.01, 0.15] position:LocationGlobalRelative:lat=0.0,lon=0.0,alt=4.69
INFO:root:Angle_optical:41.2300253457 Distance_optical:5.0748481959 Angle_gps:0.0 Distance_gps:0.0                  elapsed_time:0.0743567943573
INFO:root:sl:-0.0329491883629 sr:0.0521087242547 heading:5 velocity:[0.0, 0.01, 0.15] position:LocationGlobalRelative:lat=0.0,lon=0.0,alt=4.69
INFO:root:Angle_optical:41.2349523871 Distance_optical:5.14481921759 Angle_gps:0.0 Distance_gps:0.0                  elapsed_time:0.0688970088959
INFO:root:sl:-0.00739054219569 sr:0.0196678040009 heading:5 velocity:[0.0, 0.01, 0.15] position:LocationGlobalRelative:lat=0.0,lon=0.0,alt=4.69
INFO:root:Angle_optical:41.2367294327 Distance_optical:5.17123033239 Angle_gps:0.0 Distance_gps:0.0                  elapsed_time:0.0703938007355
INFO:root:sl:-0.0424771481843 sr:0.0693220882173 heading:5 velocity:[0.0, 0.01, 0.15] position:LocationGlobalRelative:lat=0.0,lon=0.0,alt=4.69
INFO:root:Angle_optical:41.2427603322 Distance_optical:5.2643177592 Angle_gps:0.0 Distance_gps:0.0                  elapsed_time:0.0712990760803
INFO:root:sl:-0.0165304015735 sr:0.0348415291706 heading:5 velocity:[0.0, 0.01, 0.15] position:LocationGlobalRelative:lat=0.0,lon=0.0,alt=4.69
INFO:root:Angle_optical:41.2456930606 Distance_optical:5.31110462866 Angle_gps:0.0 Distance_gps:0.0                  elapsed_time:0.0742871761322
INFO:root:sl:-0.0674673857949 sr:0.0941007884299 heading:5 velocity:[0.0, 0.01, 0.15] position:LocationGlobalRelative:lat=0.0,lon=0.0,alt=4.69
INFO:root:Angle_optical:41.2533326563 Distance_optical:5.437465959 Angle_gps:0.0 Distance_gps:0.0                  elapsed_time:0.0708518028259
INFO:root:sl:-0.0285605484714 sr:0.0513843721938 heading:5 velocity:[0.0, 0.01, 0.15] position:LocationGlobalRelative:lat=0.0,lon=0.0,alt=4.69
INFO:root:Angle_optical:41.2573504409 Distance_optical:5.50646664144 Angle_gps:0.0 Distance_gps:0.0                  elapsed_time:0.0701818466187
INFO:root:sl:-0.0406925957344 sr:0.0612555321258 heading:5 velocity:[0.0, 0.01, 0.15] position:LocationGlobalRelative:lat=0.0,lon=0.0,alt=4.69
INFO:root:Angle_optical:41.2620058055 Distance_optical:5.58872205893 Angle_gps:0.0 Distance_gps:0.0                  elapsed_time:0.0748250484467
