INFO:root:Resolotion:324,243
INFO:root:sl:0.000199733469217 sr:0.000452693435319 heading:359 velocity:[0.39, 0.03, -0.29] position:LocationGlobalRelative:lat=55.9409765,lon=-3.1928093,alt=5.71
INFO:root:Angle_optical:21.7173935167 Distance_optical:0.00024340951047 Angle_gps:5.92371368138 Distance_gps:0.0481055903736                  elapsed_time:0.0872349739075
INFO:root:sl:-2.49178731728e-05 sr:-0.000309004400718 heading:359 velocity:[0.39, 0.03, -0.29] position:LocationGlobalRelative:lat=55.9409765,lon=-3.1928093,alt=5.71
INFO:root:Angle_optical:21.7173935167 Distance_optical:0.00024340951047 Angle_gps:6.0590555585 Distance_gps:0.0858252850535                  elapsed_time:0.0769488811493
INFO:root:sl:4.37038990112e-05 sr:3.59222586502e-05 heading:359 velocity:[0.39, 0.03, -0.29] position:LocationGlobalRelative:lat=55.9409765,lon=-3.1928093,alt=5.71
INFO:root:Angle_optical:16.9417877638 Distance_optical:0.000292497456041 Angle_gps:5.94136402074 Distance_gps:0.178973506509                  elapsed_time:0.0733380317688
INFO:root:sl:-0.000141540392348 sr:-0.00029169345197 heading:359 velocity:[0.39, 0.03, -0.29] position:LocationGlobalRelative:lat=55.9409765,lon=-3.1928093,alt=5.71
INFO:root:Angle_optical:16.9417877638 Distance_optical:0.000292497456041 Angle_gps:5.99256878014 Distance_gps:0.26288534951                  elapsed_time:0.0695719718933
INFO:root:sl:-0.000216260834806 sr:0.000227522982797 heading:359 velocity:[0.39, 0.03, -0.29] position:LocationGlobalRelative:lat=55.9409765,lon=-3.1928093,alt=5.71
INFO:root:Angle_optical:31.1911980532 Distance_optical:0.000568437606195 Angle_gps:5.92038764852 Distance_gps:0.389198717355                  elapsed_time:0.0695791244507
INFO:root:sl:-0.0131166451888 sr:0.00848919011484 heading:359 velocity:[0.39, 0.03, -0.29] position:LocationGlobalRelative:lat=55.9409765,lon=-3.1928093,alt=5.71
INFO:root:Angle_optical:44.8638255894 Distance_optical:0.0107582047904 Angle_gps:5.94275594809 Distance_gps:0.50677147031                  elapsed_time:0.0766000747681
INFO:root:sl:0.0168833548112 sr:0.0127247524966 heading:359 velocity:[0.39, 0.03, -0.29] position:LocationGlobalRelative:lat=55.9409765,lon=-3.1928093,alt=5.71
INFO:root:Angle_optical:6.02708019718 Distance_optical:0.0364130285769 Angle_gps:5.93162570402 Distance_gps:0.640137236614                  elapsed_time:0.0701611042023
INFO:root:sl:0.0235944717586 sr:0.0149826037379 heading:359 velocity:[1.01, -0.01, -0.52] position:LocationGlobalRelative:lat=55.9409853,lon=-3.1928093,alt=5.69
INFO:root:Angle_optical:-2.9585769779 Distance_optical:0.0719163143449 Angle_gps:4.28178520595 Distance_gps:0.968188163393                  elapsed_time:0.0714418888092
INFO:root:sl:0.0304733321421 sr:0.0250376309684 heading:359 velocity:[1.01, -0.01, -0.52] position:LocationGlobalRelative:lat=55.9409853,lon=-3.1928093,alt=5.69
INFO:root:Angle_optical:-3.83026277759 Distance_optical:0.125362576596 Angle_gps:3.43061611841 Distance_gps:1.31009044423                  elapsed_time:0.0727970600128
INFO:root:sl:0.0486104996211 sr:0.0342775835258 heading:359 velocity:[1.01, -0.01, -0.52] position:LocationGlobalRelative:lat=55.9409853,lon=-3.1928093,alt=5.69
INFO:root:Angle_optical:-5.8894652196 Distance_optical:0.204140157351 Angle_gps:2.95255264312 Distance_gps:1.64518847025                  elapsed_time:0.077780008316
INFO:root:sl:0.0645928608747 sr:0.0441597268466 heading:334 velocity:[1.01, -0.01, -0.52] position:LocationGlobalRelative:lat=55.9409853,lon=-3.1928093,alt=5.69
INFO:root:Angle_optical:-1.96397978121 Distance_optical:0.308675146007 Angle_gps:9.33735565724 Distance_gps:1.92379796984                  elapsed_time:0.0695219039917
INFO:root:sl:0.0807619608632 sr:0.0416997164901 heading:334 velocity:[1.01, -0.01, -0.52] position:LocationGlobalRelative:lat=55.9409853,lon=-3.1928093,alt=5.69
INFO:root:Angle_optical:0.0655891496285 Distance_optical:0.433890455123 Angle_gps:15.0396561611 Distance_gps:2.20714133261                  elapsed_time:0.071389913559
INFO:root:sl:0.0799428331129 sr:0.0498031478936 heading:334 velocity:[1.01, -0.01, -0.52] position:LocationGlobalRelative:lat=55.9409853,lon=-3.1928093,alt=5.69
INFO:root:Angle_optical:2.81411552321 Distance_optical:0.562123722652 Angle_gps:19.6934071772 Distance_gps:2.50011983252                  elapsed_time:0.0722448825836
INFO:root:sl:0.0753682082545 sr:0.0523430817004 heading:334 velocity:[1.01, -0.01, -0.52] position:LocationGlobalRelative:lat=55.9409853,lon=-3.1928093,alt=5.69
INFO:root:Angle_optical:5.21484201436 Distance_optical:0.68673749123 Angle_gps:23.471913824 Distance_gps:2.80383512062                  elapsed_time:0.0719411373138
INFO:root:sl:0.0715943396259 sr:0.0630175179372 heading:334 velocity:[1.01, -0.01, -0.52] position:LocationGlobalRelative:lat=55.9409853,lon=-3.1928093,alt=5.69
INFO:root:Angle_optical:8.02878040379 Distance_optical:0.81366167683 Angle_gps:26.5344298103 Distance_gps:3.1159266133                  elapsed_time:0.069394826889
INFO:root:sl:0.0559730277653 sr:0.059853607757 heading:334 velocity:[1.01, -0.01, -0.52] position:LocationGlobalRelative:lat=55.9409853,lon=-3.1928093,alt=5.69
INFO:root:Angle_optical:10.5068622938 Distance_optical:0.920888973415 Angle_gps:29.0510519496 Distance_gps:3.43502277714                  elapsed_time:0.0723481178284
INFO:root:sl:0.0473078056478 sr:0.0691170570499 heading:334 velocity:[1.01, -0.01, -0.52] position:LocationGlobalRelative:lat=55.9409853,lon=-3.1928093,alt=5.69
INFO:root:Angle_optical:13.4293239552 Distance_optical:1.02579479308 Angle_gps:31.1405730395 Distance_gps:3.75933715226                  elapsed_time:0.0728838443756
INFO:root:sl:0.0336476778773 sr:0.0689368809327 heading:334 velocity:[1.01, -0.01, -0.52] position:LocationGlobalRelative:lat=55.9409853,lon=-3.1928093,alt=5.69
INFO:root:Angle_optical:16.3414107538 Distance_optical:1.11710075226 Angle_gps:32.8990786269 Distance_gps:4.08784564366                  elapsed_time:0.0707170963287
INFO:root:sl:0.0356814555299 sr:0.0627808778823 heading:334 velocity:[1.01, -0.01, -0.52] position:LocationGlobalRelative:lat=55.9409853,lon=-3.1928093,alt=5.69
INFO:root:Angle_optical:18.4051669794 Distance_optical:1.20796936748 Angle_gps:34.3951967108 Distance_gps:4.41956712787                  elapsed_time:0.0788190364838
INFO:root:sl:0.0336417892754 sr:0.0679385267721 heading:334 velocity:[1.01, -0.01, -0.52] position:LocationGlobalRelative:lat=55.9409853,lon=-3.1928093,alt=5.69
INFO:root:Angle_optical:20.5022306912 Distance_optical:1.30243707148 Angle_gps:35.6821408732 Distance_gps:4.75388748217                  elapsed_time:0.073520898819
INFO:root:sl:0.0273545414941 sr:0.05541645159 heading:334 velocity:[1.01, -0.01, -0.52] position:LocationGlobalRelative:lat=55.9409853,lon=-3.1928093,alt=5.69
INFO:root:Angle_optical:22.0019079492 Distance_optical:1.38052840994 Angle_gps:36.7994850898 Distance_gps:5.09027187205                  elapsed_time:0.0691080093384
INFO:root:sl:0.0324151752412 sr:0.0734202844048 heading:334 velocity:[1.7, -0.01, -0.36] position:LocationGlobalRelative:lat=55.941,lon=-3.1928106,alt=5.7
INFO:root:Angle_optical:23.8816306709 Distance_optical:1.48133454563 Angle_gps:38.4024626832 Distance_gps:5.65955024674                  elapsed_time:0.071720123291
INFO:root:sl:0.0359919750184 sr:0.0669662107731 heading:334 velocity:[1.7, -0.01, -0.36] position:LocationGlobalRelative:lat=55.941,lon=-3.1928106,alt=5.7
INFO:root:Angle_optical:25.1620808099 Distance_optical:1.58095127947 Angle_gps:39.7115498449 Distance_gps:6.23242880502                  elapsed_time:0.0724539756775
INFO:root:sl:0.0398909758298 sr:0.0704001651995 heading:334 velocity:[1.7, -0.01, -0.36] position:LocationGlobalRelative:lat=55.941,lon=-3.1928106,alt=5.7
INFO:root:Angle_optical:26.2767075941 Distance_optical:1.68845110037 Angle_gps:40.7997515632 Distance_gps:6.80800321161                  elapsed_time:0.0713241100311
INFO:root:sl:0.0531753985673 sr:0.1004001652 heading:332 velocity:[1.7, -0.01, -0.36] position:LocationGlobalRelative:lat=55.941,lon=-3.1928106,alt=5.7
INFO:root:Angle_optical:27.8704540033 Distance_optical:1.83760848493 Angle_gps:41.9836617073 Distance_gps:7.37666731642                  elapsed_time:0.0692420005798
INFO:root:sl:0.0393154807649 sr:0.0919944373065 heading:332 velocity:[1.7, -0.01, -0.36] position:LocationGlobalRelative:lat=55.941,lon=-3.1928106,alt=5.7
INFO:root:Angle_optical:29.4251729692 Distance_optical:1.965579639 Angle_gps:43.036551969 Distance_gps:7.94555390263                  elapsed_time:0.0704817771912
INFO:root:sl:0.0337669839589 sr:0.103347476585 heading:332 velocity:[1.7, -0.01, -0.36] position:LocationGlobalRelative:lat=55.941,lon=-3.1928106,alt=5.7
INFO:root:Angle_optical:31.2495267284 Distance_optical:2.10083026275 Angle_gps:43.9659829171 Distance_gps:8.51611587124                  elapsed_time:0.0722808837891
INFO:root:sl:0.0289254702313 sr:0.13062486267 heading:332 velocity:[1.7, -0.01, -0.36] position:LocationGlobalRelative:lat=55.941,lon=-3.1928106,alt=5.7
INFO:root:Angle_optical:33.6122379675 Distance_optical:2.26184998327 Angle_gps:44.7842875511 Distance_gps:9.08814704663                  elapsed_time:0.0710098743439
INFO:root:sl:0.0222774142882 sr:0.118851095573 heading:335 velocity:[1.7, -0.01, -0.36] position:LocationGlobalRelative:lat=55.941,lon=-3.1928106,alt=5.7
INFO:root:Angle_optical:35.4621053092 Distance_optical:2.41115391199 Angle_gps:45.1986654004 Distance_gps:9.67194610766                  elapsed_time:0.0696530342102
INFO:root:sl:0.0219247731468 sr:0.148851095573 heading:335 velocity:[1.7, -0.01, -0.36] position:LocationGlobalRelative:lat=55.941,lon=-3.1928106,alt=5.7
INFO:root:Angle_optical:37.5714115168 Distance_optical:2.59843408849 Angle_gps:45.5183089378 Distance_gps:10.2587326813                  elapsed_time:0.0740730762482
INFO:root:sl:0.0110102254778 sr:0.155955378869 heading:335 velocity:[1.7, -0.01, -0.36] position:LocationGlobalRelative:lat=55.941,lon=-3.1928106,alt=5.7
INFO:root:Angle_optical:39.7410670337 Distance_optical:2.7898663162 Angle_gps:45.783770731 Distance_gps:10.8460994015                  elapsed_time:0.0795600414276
INFO:root:sl:0.01033053265 sr:0.157578364161 heading:338 velocity:[1.7, -0.01, -0.36] position:LocationGlobalRelative:lat=55.941,lon=-3.1928106,alt=5.7
INFO:root:Angle_optical:41.5138932898 Distance_optical:2.9902899639 Angle_gps:45.7474660538 Distance_gps:11.4364513167                  elapsed_time:0.072389125824
INFO:root:sl:0.0155797988145 sr:0.16982913643 heading:338 velocity:[1.7, -0.01, -0.36] position:LocationGlobalRelative:lat=55.941,lon=-3.1928106,alt=5.7
INFO:root:Angle_optical:43.0123182856 Distance_optical:3.21320565724 Angle_gps:45.6693063786 Distance_gps:12.0271269197                  elapsed_time:0.0750150680542
INFO:root:sl:0.0151649305285 sr:0.159294842189 heading:338 velocity:[1.7, -0.01, -0.36] position:LocationGlobalRelative:lat=55.941,lon=-3.1928106,alt=5.7
INFO:root:Angle_optical:44.2053040739 Distance_optical:3.42476146921 Angle_gps:45.5813757426 Distance_gps:12.6176678181                  elapsed_time:0.0743780136108
INFO:root:sl:0.00644731261096 sr:0.152212786602 heading:338 velocity:[1.7, -0.01, -0.36] position:LocationGlobalRelative:lat=55.941,lon=-3.1928106,alt=5.7
INFO:root:Angle_optical:45.3710278239 Distance_optical:3.62417177373 Angle_gps:45.4947849026 Distance_gps:13.2082148363                  elapsed_time:0.0720810890198
INFO:root:sl:0.00787733682256 sr:0.149210016983 heading:340 velocity:[1.7, -0.01, -0.36] position:LocationGlobalRelative:lat=55.941,lon=-3.1928106,alt=5.7
INFO:root:Angle_optical:46.2854779775 Distance_optical:3.82309445214 Angle_gps:45.2658269489 Distance_gps:13.7959754557                  elapsed_time:0.073075056076
INFO:root:sl:0.0195631069201 sr:0.173876254981 heading:340 velocity:[1.0, -0.2, -0.4] position:LocationGlobalRelative:lat=55.9410147,lon=-3.1928139,alt=5.55
INFO:root:Angle_optical:47.0087760978 Distance_optical:4.06089480588 Angle_gps:44.8535467445 Distance_gps:14.1352555907                  elapsed_time:0.0731530189514
INFO:root:sl:0.0154627523752 sr:0.143876254981 heading:340 velocity:[1.0, -0.2, -0.4] position:LocationGlobalRelative:lat=55.9410147,lon=-3.1928139,alt=5.55
INFO:root:Angle_optical:47.5477207651 Distance_optical:4.25794023784 Angle_gps:44.4549484691 Distance_gps:14.4747627113                  elapsed_time:0.0730719566345
INFO:root:sl:0.0352021397565 sr:0.142433486292 heading:340 velocity:[1.0, -0.2, -0.4] position:LocationGlobalRelative:lat=55.9410147,lon=-3.1928139,alt=5.55
INFO:root:Angle_optical:47.6899065394 Distance_optical:4.461306087 Angle_gps:44.0724822989 Distance_gps:14.8147135593                  elapsed_time:0.0723881721497
INFO:root:sl:0.0379911627513 sr:0.142946846972 heading:341 velocity:[0.77, -0.17, -0.37] position:LocationGlobalRelative:lat=55.9410168,lon=-3.1928153,alt=5.54
INFO:root:Angle_optical:47.7428859349 Distance_optical:4.66636575798 Angle_gps:43.7384476018 Distance_gps:15.0736969495                  elapsed_time:0.0719239711761
INFO:root:sl:0.0624533953006 sr:0.128383137367 heading:341 velocity:[0.77, -0.17, -0.37] position:LocationGlobalRelative:lat=55.9410168,lon=-3.1928153,alt=5.54
INFO:root:Angle_optical:47.3296877085 Distance_optical:4.86118375915 Angle_gps:43.410844787 Distance_gps:15.3325210989                  elapsed_time:0.0768921375275
INFO:root:sl:0.059572351132 sr:0.109301725728 heading:341 velocity:[0.77, -0.17, -0.37] position:LocationGlobalRelative:lat=55.9410168,lon=-3.1928153,alt=5.54
INFO:root:Angle_optical:46.901938549 Distance_optical:5.0296640128 Angle_gps:43.0919885783 Distance_gps:15.5916210646                  elapsed_time:0.0728161334991
INFO:root:sl:0.0768383152088 sr:0.0820278468479 heading:341 velocity:[0.77, -0.17, -0.37] position:LocationGlobalRelative:lat=55.9410168,lon=-3.1928153,alt=5.54
INFO:root:Angle_optical:46.1255426543 Distance_optical:5.16920098439 Angle_gps:42.7828057959 Distance_gps:15.8510669083                  elapsed_time:0.0709300041199
INFO:root:sl:0.0468383152088 sr:0.0647670187406 heading:341 velocity:[0.65, -0.09, -0.2] position:LocationGlobalRelative:lat=55.9410186,lon=-3.1928166,alt=5.48
INFO:root:Angle_optical:45.7393918415 Distance_optical:5.27418968469 Angle_gps:42.5950463722 Distance_gps:16.0721018919                  elapsed_time:0.0742950439453
INFO:root:sl:0.0366673412176 sr:0.0491286559241 heading:341 velocity:[0.65, -0.09, -0.2] position:LocationGlobalRelative:lat=55.9410186,lon=-3.1928166,alt=5.48
INFO:root:Angle_optical:45.4404155466 Distance_optical:5.3544580684 Angle_gps:42.412280525 Distance_gps:16.2932843627                  elapsed_time:0.0746541023254
INFO:root:sl:0.0329284539735 sr:0.0191286559241 heading:341 velocity:[0.65, -0.09, -0.2] position:LocationGlobalRelative:lat=55.9410186,lon=-3.1928166,alt=5.48
INFO:root:Angle_optical:45.0652542673 Distance_optical:5.39376415179 Angle_gps:42.234356232 Distance_gps:16.5146227735                  elapsed_time:0.0727491378784
INFO:root:sl:0.0155909817238 sr:0.0322316435479 heading:342 velocity:[0.65, -0.09, -0.2] position:LocationGlobalRelative:lat=55.9410186,lon=-3.1928166,alt=5.48
INFO:root:Angle_optical:44.9895797009 Distance_optical:5.44278452614 Angle_gps:42.0385641882 Distance_gps:16.734246455                  elapsed_time:0.0708250999451
INFO:root:sl:0.0108542618464 sr:0.0207666701434 heading:342 velocity:[0.59, -0.06, -0.12] position:LocationGlobalRelative:lat=55.9410196,lon=-3.1928174,alt=5.43
INFO:root:Angle_optical:44.9287619345 Distance_optical:5.47465330926 Angle_gps:41.887224994 Distance_gps:16.934179681                  elapsed_time:0.0722501277924
INFO:root:sl:0.0122606865849 sr:0.0167207479296 heading:342 velocity:[0.59, -0.06, -0.12] position:LocationGlobalRelative:lat=55.9410196,lon=-3.1928174,alt=5.43
INFO:root:Angle_optical:44.8312982814 Distance_optical:5.50175096556 Angle_gps:41.7379285873 Distance_gps:17.1341180902                  elapsed_time:0.0766880512238
INFO:root:sl:0.00491541659146 sr:0.0156047997927 heading:342 velocity:[0.59, -0.06, -0.12] position:LocationGlobalRelative:lat=55.9410196,lon=-3.1928174,alt=5.43
INFO:root:Angle_optical:44.8303102318 Distance_optical:5.52436080314 Angle_gps:41.591550661 Distance_gps:17.3340886789                  elapsed_time:0.0729370117188
INFO:root:sl:0.00263099010976 sr:0.029329860432 heading:342 velocity:[0.59, -0.06, -0.12] position:LocationGlobalRelative:lat=55.9410196,lon=-3.1928174,alt=5.43
INFO:root:Angle_optical:44.9181235413 Distance_optical:5.56416029209 Angle_gps:41.448245765 Distance_gps:17.5341532713                  elapsed_time:0.0713200569153
INFO:root:sl:0.00698403380696 sr:0.0184267098986 heading:342 velocity:[0.51, -0.08, 0.0] position:LocationGlobalRelative:lat=55.9410203,lon=-3.1928182,alt=5.4
INFO:root:Angle_optical:44.9004425357 Distance_optical:5.59133805436 Angle_gps:41.2956535284 Distance_gps:17.7061021805                  elapsed_time:0.0767669677734
INFO:root:sl:0.00114080539506 sr:0.00337147516666 heading:342 velocity:[0.51, -0.08, 0.0] position:LocationGlobalRelative:lat=55.9410203,lon=-3.1928182,alt=5.4
INFO:root:Angle_optical:44.8990752249 Distance_optical:5.59625495461 Angle_gps:41.1459539872 Distance_gps:17.8781704471                  elapsed_time:0.0781779289246
INFO:root:sl:-0.0066055797898 sr:0.0107092782071 heading:343 velocity:[0.51, -0.08, 0.0] position:LocationGlobalRelative:lat=55.9410203,lon=-3.1928182,alt=5.4
INFO:root:Angle_optical:44.9417346831 Distance_optical:5.61043353402 Angle_gps:40.9829380062 Distance_gps:18.0486726558                  elapsed_time:0.0718200206757
INFO:root:sl:-0.00864942452976 sr:0.00814480677926 heading:343 velocity:[0.47, -0.03, -0.07] position:LocationGlobalRelative:lat=55.9410209,lon=-3.1928189,alt=5.34
INFO:root:Angle_optical:44.9734540059 Distance_optical:5.62122259905 Angle_gps:40.8800881795 Distance_gps:18.2075670285                  elapsed_time:0.0708439350128
INFO:root:sl:8.8713123785e-06 sr:-0.0135103651723 heading:343 velocity:[0.47, -0.03, -0.07] position:LocationGlobalRelative:lat=55.9410209,lon=-3.1928189,alt=5.34
INFO:root:Angle_optical:44.9733341303 Distance_optical:5.62122595504 Angle_gps:40.7778683987 Distance_gps:18.3664368439                  elapsed_time:0.0778431892395
INFO:root:sl:-0.0034730088842 sr:0.00759641000562 heading:343 velocity:[0.47, -0.03, -0.07] position:LocationGlobalRelative:lat=55.9410209,lon=-3.1928189,alt=5.34
INFO:root:Angle_optical:45.0024744732 Distance_optical:5.63129644429 Angle_gps:40.6770041292 Distance_gps:18.5252941676                  elapsed_time:0.076308965683
INFO:root:sl:0.000468165345733 sr:0.035143351989 heading:342 velocity:[0.47, -0.03, -0.07] position:LocationGlobalRelative:lat=55.9410209,lon=-3.1928189,alt=5.34
INFO:root:Angle_optical:45.1356248936 Distance_optical:5.67798559544 Angle_gps:40.5922634118 Distance_gps:18.6853015771                  elapsed_time:0.0718610286713
INFO:root:sl:0.00688523633683 sr:0.0297338361957 heading:342 velocity:[0.45, -0.07, -0.11] position:LocationGlobalRelative:lat=55.941022,lon=-3.1928194,alt=5.22
INFO:root:Angle_optical:45.1625421702 Distance_optical:5.7200656763 Angle_gps:40.4715117819 Distance_gps:18.8374239653                  elapsed_time:0.0736730098724
INFO:root:sl:0.0112117774196 sr:0.0593941588743 heading:342 velocity:[0.45, -0.07, -0.11] position:LocationGlobalRelative:lat=55.941022,lon=-3.1928194,alt=5.22
INFO:root:Angle_optical:45.2501709951 Distance_optical:5.80310573606 Angle_gps:40.353701474 Distance_gps:18.9897166049                  elapsed_time:0.0816209316254
INFO:root:sl:0.00879279197571 sr:0.0650129569914 heading:341 velocity:[0.45, -0.07, -0.11] position:LocationGlobalRelative:lat=55.941022,lon=-3.1928194,alt=5.22
INFO:root:Angle_optical:45.400071339 Distance_optical:5.89257221523 Angle_gps:40.2518361174 Distance_gps:19.1434198935                  elapsed_time:0.073380947113
INFO:root:sl:0.00962162691313 sr:0.0544031263864 heading:341 velocity:[0.41, -0.09, -0.04] position:LocationGlobalRelative:lat=55.941023,lon=-3.1928201,alt=5.13
INFO:root:Angle_optical:45.4973465537 Distance_optical:5.96841502508 Angle_gps:40.1356771515 Distance_gps:19.2833182448                  elapsed_time:0.0725679397583
INFO:root:sl:0.0124537876748 sr:0.0605993552718 heading:341 velocity:[0.41, -0.09, -0.04] position:LocationGlobalRelative:lat=55.941023,lon=-3.1928201,alt=5.13
INFO:root:Angle_optical:45.5829983189 Distance_optical:6.05362208268 Angle_gps:40.0221448143 Distance_gps:19.4233921984                  elapsed_time:0.0771839618683
INFO:root:sl:0.0152030242777 sr:0.0721126367304 heading:341 velocity:[0.41, -0.09, -0.04] position:LocationGlobalRelative:lat=55.941023,lon=-3.1928201,alt=5.13
INFO:root:Angle_optical:45.6779769851 Distance_optical:6.15520392062 Angle_gps:39.9105821912 Distance_gps:19.563599167                  elapsed_time:0.0772769451141
INFO:root:sl:0.023172699797 sr:0.0696391748073 heading:340 velocity:[0.41, -0.09, -0.04] position:LocationGlobalRelative:lat=55.941023,lon=-3.1928201,alt=5.13
INFO:root:Angle_optical:45.6762575006 Distance_optical:6.25696427049 Angle_gps:39.8130564429 Distance_gps:19.7050944307                  elapsed_time:0.072242975235
INFO:root:sl:0.0199533927368 sr:0.0677625546039 heading:340 velocity:[0.32, -0.07, 0.06] position:LocationGlobalRelative:lat=55.9410237,lon=-3.1928209,alt=5.09
INFO:root:Angle_optical:45.7100245233 Distance_optical:6.35491531252 Angle_gps:39.7397437891 Distance_gps:19.8157909744                  elapsed_time:0.0739829540253
INFO:root:sl:0.0283564530236 sr:0.0616893368282 heading:340 velocity:[0.32, -0.07, 0.06] position:LocationGlobalRelative:lat=55.9410237,lon=-3.1928209,alt=5.09
INFO:root:Angle_optical:45.6225395715 Distance_optical:6.44862070357 Angle_gps:39.6679392572 Distance_gps:19.9265731113                  elapsed_time:0.0737459659576
INFO:root:sl:0.0523693158988 sr:0.0749531580881 heading:341 velocity:[0.32, -0.07, 0.06] position:LocationGlobalRelative:lat=55.9410237,lon=-3.1928209,alt=5.09
INFO:root:Angle_optical:45.302078607 Distance_optical:6.57006269842 Angle_gps:39.5877206289 Distance_gps:20.0365267353                  elapsed_time:0.0769228935242
INFO:root:sl:0.0323035238477 sr:0.0600659638281 heading:341 velocity:[0.23, -0.09, 0.17] position:LocationGlobalRelative:lat=55.9410243,lon=-3.1928215,alt=5.09
INFO:root:Angle_optical:45.1592724382 Distance_optical:6.66310404014 Angle_gps:39.4904931234 Distance_gps:20.1149378212                  elapsed_time:0.0716700553894
INFO:root:sl:0.0363423665779 sr:0.062550633057 heading:341 velocity:[0.23, -0.09, 0.17] position:LocationGlobalRelative:lat=55.9410243,lon=-3.1928215,alt=5.09
INFO:root:Angle_optical:44.9829584027 Distance_optical:6.76118080804 Angle_gps:39.3935725914 Distance_gps:20.1933374769                  elapsed_time:0.0726821422577
INFO:root:sl:0.0327197145189 sr:0.0376152756553 heading:341 velocity:[0.23, -0.09, 0.17] position:LocationGlobalRelative:lat=55.9410243,lon=-3.1928215,alt=5.09
INFO:root:Angle_optical:44.7591263411 Distance_optical:6.82494069638 Angle_gps:39.2972517363 Distance_gps:20.2717548393                  elapsed_time:0.0794680118561
INFO:root:sl:0.0261009566886 sr:0.0494424325658 heading:342 velocity:[0.13, -0.11, 0.14] position:LocationGlobalRelative:lat=55.9410248,lon=-3.1928221,alt=5.08
INFO:root:Angle_optical:44.6471207591 Distance_optical:6.90112525255 Angle_gps:39.1818703214 Distance_gps:20.314150902                  elapsed_time:0.0725681781769
INFO:root:sl:0.0226526423765 sr:0.0374049877405 heading:342 velocity:[0.13, -0.11, 0.14] position:LocationGlobalRelative:lat=55.9410248,lon=-3.1928221,alt=5.08
INFO:root:Angle_optical:44.5301699178 Distance_optical:6.95989264637 Angle_gps:39.0664753142 Distance_gps:20.3563792669                  elapsed_time:0.0705621242523
INFO:root:sl:0.0158945181462 sr:0.03904533792 heading:342 velocity:[0.13, -0.11, 0.14] position:LocationGlobalRelative:lat=55.9410248,lon=-3.1928221,alt=5.08
INFO:root:Angle_optical:44.4923669371 Distance_optical:7.017978931 Angle_gps:38.9512893635 Distance_gps:20.3985948387                  elapsed_time:0.0746479034424
INFO:root:sl:0.0100079333487 sr:0.0277890636308 heading:344 velocity:[0.12, -0.03, 0.2] position:LocationGlobalRelative:lat=55.9410252,lon=-3.1928226,alt=5.08
INFO:root:Angle_optical:44.4713029654 Distance_optical:7.05860007142 Angle_gps:38.907786479 Distance_gps:20.4382574928                  elapsed_time:0.0778110027313
INFO:root:sl:0.0249126064849 sr:0.0280437068447 heading:344 velocity:[0.12, -0.03, 0.2] position:LocationGlobalRelative:lat=55.9410252,lon=-3.1928226,alt=5.08
INFO:root:Angle_optical:44.2887507936 Distance_optical:7.10498214916 Angle_gps:38.8634168972 Distance_gps:20.4776820382                  elapsed_time:0.0718460083008
INFO:root:sl:0.0239166248723 sr:0.0258338330529 heading:344 velocity:[0.12, -0.03, 0.2] position:LocationGlobalRelative:lat=55.9410252,lon=-3.1928226,alt=5.08
INFO:root:Angle_optical:44.1107602661 Distance_optical:7.14802583054 Angle_gps:38.8186846822 Distance_gps:20.5170370521                  elapsed_time:0.070876121521
INFO:root:sl:0.0301127299221 sr:0.0282880495432 heading:344 velocity:[0.12, -0.03, 0.2] position:LocationGlobalRelative:lat=55.9410252,lon=-3.1928226,alt=5.08
INFO:root:Angle_optical:43.8763951616 Distance_optical:7.19663386279 Angle_gps:38.7739457504 Distance_gps:20.5563542604                  elapsed_time:0.0754618644714
INFO:root:sl:0.0328224136944 sr:0.018831616842 heading:344 velocity:[0.1, 0.03, 0.16] position:LocationGlobalRelative:lat=55.9410255,lon=-3.1928227,alt=5.07
INFO:root:Angle_optical:43.5881175403 Distance_optical:7.2338713946 Angle_gps:38.7887313607 Distance_gps:20.5917848294                  elapsed_time:0.0727269649506
INFO:root:sl:0.0244155554347 sr:0.0236007449557 heading:346 velocity:[0.1, 0.03, 0.16] position:LocationGlobalRelative:lat=55.9410255,lon=-3.1928227,alt=5.07
INFO:root:Angle_optical:43.3974825696 Distance_optical:7.27365263358 Angle_gps:38.7975823076 Distance_gps:20.6273645978                  elapsed_time:0.0722010135651
INFO:root:sl:0.0258310863982 sr:0.0235083808692 heading:346 velocity:[0.1, 0.03, 0.16] position:LocationGlobalRelative:lat=55.9410255,lon=-3.1928227,alt=5.07
INFO:root:Angle_optical:43.1914616547 Distance_optical:7.31353636219 Angle_gps:38.8054207146 Distance_gps:20.6628812373                  elapsed_time:0.0713951587677
INFO:root:sl:0.0247840764417 sr:0.00827819821209 heading:346 velocity:[0.11, 0.09, 0.22] position:LocationGlobalRelative:lat=55.9410258,lon=-3.1928227,alt=5.06
INFO:root:Angle_optical:42.9565159312 Distance_optical:7.33286966356 Angle_gps:38.8477102314 Distance_gps:20.708381844                  elapsed_time:0.0765428543091
INFO:root:sl:0.0214287283462 sr:0.00450473236164 heading:345 velocity:[0.11, 0.09, 0.22] position:LocationGlobalRelative:lat=55.9410258,lon=-3.1928227,alt=5.06
INFO:root:Angle_optical:42.7481598987 Distance_optical:7.34645425229 Angle_gps:38.8909878541 Distance_gps:20.7536452654                  elapsed_time:0.0816299915314
INFO:root:sl:0.0160787682525 sr:0.0136224671908 heading:345 velocity:[0.11, 0.09, 0.22] position:LocationGlobalRelative:lat=55.9410258,lon=-3.1928227,alt=5.06
INFO:root:Angle_optical:42.6216789701 Distance_optical:7.37031400395 Angle_gps:38.9346060253 Distance_gps:20.7989295427                  elapsed_time:0.0732870101929
INFO:root:sl:0.0100463895416 sr:0.00404261118002 heading:345 velocity:[0.11, 0.09, 0.22] position:LocationGlobalRelative:lat=55.9410258,lon=-3.1928227,alt=5.06
INFO:root:Angle_optical:42.5304336585 Distance_optical:7.37936877834 Angle_gps:38.9782869638 Distance_gps:20.8441819741                  elapsed_time:0.072163105011
INFO:root:sl:0.00609230984808 sr:-0.00193043659233 heading:345 velocity:[0.09, 0.02, 0.04] position:LocationGlobalRelative:lat=55.9410262,lon=-3.1928224,alt=5.06
INFO:root:Angle_optical:42.4680962879 Distance_optical:7.38164540572 Angle_gps:38.981093783 Distance_gps:20.875702779                  elapsed_time:0.0785481929779
INFO:root:sl:0.00543098301604 sr:0.0105388840191 heading:345 velocity:[0.09, 0.02, 0.04] position:LocationGlobalRelative:lat=55.9410262,lon=-3.1928224,alt=5.06
INFO:root:Angle_optical:42.4432770708 Distance_optical:7.39756557352 Angle_gps:38.9839307052 Distance_gps:20.9072192142                  elapsed_time:0.0722010135651
INFO:root:sl:-0.00103408675988 sr:0.0119907358602 heading:345 velocity:[0.09, 0.02, 0.04] position:LocationGlobalRelative:lat=55.9410262,lon=-3.1928224,alt=5.06
INFO:root:Angle_optical:42.4780889966 Distance_optical:7.41336205589 Angle_gps:38.9867682827 Distance_gps:20.9387392274                  elapsed_time:0.0722949504852
INFO:root:sl:-0.00514083980831 sr:0.0132855565708 heading:345 velocity:[0.09, 0.02, 0.04] position:LocationGlobalRelative:lat=55.9410262,lon=-3.1928224,alt=5.06
INFO:root:Angle_optical:42.5164990579 Distance_optical:7.43086611807 Angle_gps:38.9896058669 Distance_gps:20.9702574986                  elapsed_time:0.0732398033142
INFO:root:sl:-0.000875410801959 sr:0.0411566895125 heading:345 velocity:[0.09, 0.05, 0.15] position:LocationGlobalRelative:lat=55.9410264,lon=-3.1928222,alt=5.07
INFO:root:Angle_optical:42.6343564065 Distance_optical:7.48511389396 Angle_gps:39.0199689207 Distance_gps:21.0036683918                  elapsed_time:0.0768158435822
INFO:root:sl:-0.001805652808 sr:0.028157919476 heading:345 velocity:[0.09, 0.05, 0.15] position:LocationGlobalRelative:lat=55.9410264,lon=-3.1928222,alt=5.07
INFO:root:Angle_optical:42.7140159038 Distance_optical:7.52224524497 Angle_gps:39.0502370504 Distance_gps:21.0370840937                  elapsed_time:0.0739560127258
INFO:root:sl:-0.00365070777364 sr:0.0288573103082 heading:345 velocity:[0.09, 0.05, 0.15] position:LocationGlobalRelative:lat=55.9410264,lon=-3.1928222,alt=5.07
INFO:root:Angle_optical:42.7948426596 Distance_optical:7.56031421327 Angle_gps:39.0804093351 Distance_gps:21.0705058996                  elapsed_time:0.0721230506897
INFO:root:sl:-0.0100850876161 sr:0.0232241551222 heading:345 velocity:[0.13, 0.03, 0.25] position:LocationGlobalRelative:lat=55.9410267,lon=-3.192822,alt=5.09
INFO:root:Angle_optical:42.8593035428 Distance_optical:7.59096235053 Angle_gps:39.085296451 Distance_gps:21.1161054638                  elapsed_time:0.0723240375519
INFO:root:sl:-0.0104758320873 sr:0.0120155593103 heading:345 velocity:[0.13, 0.03, 0.25] position:LocationGlobalRelative:lat=55.9410267,lon=-3.192822,alt=5.09
INFO:root:Angle_optical:42.8924499437 Distance_optical:7.60682268017 Angle_gps:39.0901621782 Distance_gps:21.161705098                  elapsed_time:0.0787658691406
INFO:root:sl:-0.0214325482691 sr:0.000296305340802 heading:345 velocity:[0.13, 0.03, 0.25] position:LocationGlobalRelative:lat=55.9410267,lon=-3.192822,alt=5.09
INFO:root:Angle_optical:42.8932655954 Distance_optical:7.60721382886 Angle_gps:39.0950069882 Distance_gps:21.2073044917                  elapsed_time:0.0752120018005
INFO:root:sl:-0.0213330486331 sr:-0.0167511364928 heading:345 velocity:[0.13, 0.03, 0.25] position:LocationGlobalRelative:lat=55.9410267,lon=-3.192822,alt=5.09
INFO:root:Angle_optical:42.8932655954 Distance_optical:7.60721382886 Angle_gps:39.0998307367 Distance_gps:21.2529038224                  elapsed_time:0.072496175766
INFO:root:sl:-0.0211333098433 sr:-0.0266009968135 heading:345 velocity:[0.3, 0.0, 0.22] position:LocationGlobalRelative:lat=55.9410273,lon=-3.1928219,alt=5.12
INFO:root:Angle_optical:42.8932655954 Distance_optical:7.60721382886 Angle_gps:39.0484126841 Distance_gps:21.3537388985                  elapsed_time:0.0722968578339
INFO:root:sl:-0.0298268441699 sr:-0.0259145789075 heading:345 velocity:[0.3, 0.0, 0.22] position:LocationGlobalRelative:lat=55.9410273,lon=-3.1928219,alt=5.12
INFO:root:Angle_optical:42.8932655954 Distance_optical:7.60721382886 Angle_gps:38.9974774185 Distance_gps:21.4545898364                  elapsed_time:0.0822961330414
INFO:root:sl:-0.0577739608455 sr:-0.0559145789075 heading:345 velocity:[0.3, 0.0, 0.22] position:LocationGlobalRelative:lat=55.9410273,lon=-3.1928219,alt=5.12
INFO:root:Angle_optical:42.8932655954 Distance_optical:7.60721382886 Angle_gps:38.9470183843 Distance_gps:21.5554563194                  elapsed_time:0.0714960098267
INFO:root:sl:-0.0399931218821 sr:-0.0470029260107 heading:345 velocity:[0.51, 0.03, 0.13] position:LocationGlobalRelative:lat=55.9410283,lon=-3.1928217,alt=5.14
INFO:root:Angle_optical:42.8932655954 Distance_optical:7.60721382886 Angle_gps:38.8889364844 Distance_gps:21.7288321521                  elapsed_time:0.0723659992218
INFO:root:sl:-0.0443799017111 sr:-0.0516709805525 heading:345 velocity:[0.51, 0.03, 0.13] position:LocationGlobalRelative:lat=55.9410283,lon=-3.1928217,alt=5.14
INFO:root:Angle_optical:42.8932655954 Distance_optical:7.60721382886 Angle_gps:38.8317722939 Distance_gps:21.9022261562                  elapsed_time:0.0725328922272
INFO:root:sl:-0.0363966691746 sr:-0.0442953907455 heading:345 velocity:[0.51, 0.03, 0.13] position:LocationGlobalRelative:lat=55.9410283,lon=-3.1928217,alt=5.14
INFO:root:Angle_optical:42.8932655954 Distance_optical:7.60721382886 Angle_gps:38.7755042104 Distance_gps:22.0756378107                  elapsed_time:0.0802958011627
INFO:root:sl:-0.0222021028981 sr:-0.0142953907455 heading:345 velocity:[0.51, 0.03, 0.13] position:LocationGlobalRelative:lat=55.9410283,lon=-3.1928217,alt=5.14
INFO:root:Angle_optical:42.8932655954 Distance_optical:7.60721382886 Angle_gps:38.7201113768 Distance_gps:22.2490665696                  elapsed_time:0.0706241130829
INFO:root:sl:-0.0141388765946 sr:-0.0197560675494 heading:345 velocity:[0.74, 0.1, 0.05] position:LocationGlobalRelative:lat=55.94103,lon=-3.1928214,alt=5.12
INFO:root:Angle_optical:42.8932655954 Distance_optical:7.60721382886 Angle_gps:38.6896742585 Distance_gps:22.50418277                  elapsed_time:0.0726690292358
INFO:root:sl:-0.00787144533038 sr:0.00746036103848 heading:345 velocity:[0.74, 0.1, 0.05] position:LocationGlobalRelative:lat=55.94103,lon=-3.1928214,alt=5.12
INFO:root:Angle_optical:42.9137744324 Distance_optical:7.61706266493 Angle_gps:38.6599141677 Distance_gps:22.7592963065                  elapsed_time:0.0716559886932
INFO:root:sl:0.00126522259114 sr:0.0105986823575 heading:345 velocity:[0.74, 0.1, 0.05] position:LocationGlobalRelative:lat=55.94103,lon=-3.1928214,alt=5.12
INFO:root:Angle_optical:42.930275066 Distance_optical:7.63151745378 Angle_gps:38.630808513 Distance_gps:23.0144068744                  elapsed_time:0.0797288417816
INFO:root:sl:0.0109170130217 sr:0.0405986823575 heading:345 velocity:[0.83, 0.15, 0.06] position:LocationGlobalRelative:lat=55.941032,lon=-3.1928208,alt=5.09
INFO:root:Angle_optical:42.9331549008 Distance_optical:7.68910201607 Angle_gps:38.6302506512 Distance_gps:23.302836869                  elapsed_time:0.0714380741119
INFO:root:sl:0.0165333245572 sr:0.0411130354294 heading:349 velocity:[0.83, 0.15, 0.06] position:LocationGlobalRelative:lat=55.941032,lon=-3.1928208,alt=5.09
INFO:root:Angle_optical:42.8631524019 Distance_optical:7.74875956046 Angle_gps:38.5502032343 Distance_gps:23.5879747811                  elapsed_time:0.072144985199
INFO:root:sl:0.0219335412697 sr:0.0632115934948 heading:349 velocity:[0.83, 0.15, 0.06] position:LocationGlobalRelative:lat=55.941032,lon=-3.1928208,alt=5.09
INFO:root:Angle_optical:42.7799189699 Distance_optical:7.83877716079 Angle_gps:38.460178828 Distance_gps:23.8710572872                  elapsed_time:0.0707731246948
INFO:root:sl:0.0168451971616 sr:0.0630957891603 heading:349 velocity:[0.91, 0.15, 0.07] position:LocationGlobalRelative:lat=55.9410342,lon=-3.19282,alt=5.08
INFO:root:Angle_optical:42.7408562626 Distance_optical:7.92721329679 Angle_gps:38.3456307023 Distance_gps:24.1797169945                  elapsed_time:0.0741930007935
INFO:root:sl:0.0127537883247 sr:0.0930957891603 heading:358 velocity:[0.91, 0.15, 0.07] position:LocationGlobalRelative:lat=55.9410342,lon=-3.19282,alt=5.08
INFO:root:Angle_optical:42.7335173129 Distance_optical:8.05385260154 Angle_gps:38.0738959214 Distance_gps:24.467867146                  elapsed_time:0.0714638233185
INFO:root:sl:0.00268854535989 sr:0.110296092219 heading:358 velocity:[0.91, 0.15, 0.07] position:LocationGlobalRelative:lat=55.9410342,lon=-3.19282,alt=5.08
INFO:root:Angle_optical:42.8061165537 Distance_optical:8.20135009161 Angle_gps:37.7878678382 Distance_gps:24.7509870777                  elapsed_time:0.0706560611725
INFO:root:sl:-0.0079245400033 sr:0.115380948631 heading:358 velocity:[0.91, 0.15, 0.07] position:LocationGlobalRelative:lat=55.9410342,lon=-3.19282,alt=5.08
INFO:root:Angle_optical:42.8873807433 Distance_optical:8.35576585101 Angle_gps:37.4969572349 Distance_gps:25.033054845                  elapsed_time:0.0699441432953
INFO:root:sl:-0.0265877646987 sr:0.124171415115 heading:358 velocity:[1.01, 0.17, 0.13] position:LocationGlobalRelative:lat=55.9410365,lon=-3.1928193,alt=5.07
INFO:root:Angle_optical:42.9626584185 Distance_optical:8.52180358478 Angle_gps:37.1787958776 Distance_gps:25.3459284874                  elapsed_time:0.0762419700623
INFO:root:sl:-0.0440784736919 sr:0.131836402591 heading:3 velocity:[1.01, 0.17, 0.13] position:LocationGlobalRelative:lat=55.9410365,lon=-3.1928193,alt=5.07
INFO:root:Angle_optical:43.0003579719 Distance_optical:8.69845343265 Angle_gps:36.7857969388 Distance_gps:25.6408670776                  elapsed_time:0.0780448913574
INFO:root:sl:-0.0534308366526 sr:0.128161558595 heading:3 velocity:[1.01, 0.17, 0.13] position:LocationGlobalRelative:lat=55.9410365,lon=-3.1928193,alt=5.07
INFO:root:Angle_optical:43.0174496899 Distance_optical:8.87021984663 Angle_gps:36.3911560135 Distance_gps:25.9340826447                  elapsed_time:0.0710599422455
INFO:root:sl:-0.0750506316675 sr:0.107859363122 heading:3 velocity:[1.01, 0.17, 0.13] position:LocationGlobalRelative:lat=55.9410365,lon=-3.1928193,alt=5.07
INFO:root:Angle_optical:43.0240855368 Distance_optical:9.01484677862 Angle_gps:36.0001282928 Distance_gps:26.2272202334                  elapsed_time:0.0697169303894
INFO:root:sl:-0.0638697875108 sr:0.120735342268 heading:3 velocity:[1.15, 0.11, 0.04] position:LocationGlobalRelative:lat=55.9410391,lon=-3.1928187,alt=5.07
INFO:root:Angle_optical:43.0273810568 Distance_optical:9.17673244971 Angle_gps:35.5166315339 Distance_gps:26.5435517303                  elapsed_time:0.0759902000427
INFO:root:sl:-0.0664318230751 sr:0.120222984631 heading:3 velocity:[1.15, 0.11, 0.04] position:LocationGlobalRelative:lat=55.9410391,lon=-3.1928187,alt=5.07
INFO:root:Angle_optical:43.0287249037 Distance_optical:9.33795237557 Angle_gps:35.0432421771 Distance_gps:26.861352234                  elapsed_time:0.0760309696198
INFO:root:sl:-0.0560859401325 sr:0.11294564246 heading:3 velocity:[1.15, 0.11, 0.04] position:LocationGlobalRelative:lat=55.9410391,lon=-3.1928187,alt=5.07
INFO:root:Angle_optical:43.0291190009 Distance_optical:9.48940690162 Angle_gps:34.5803643783 Distance_gps:27.1807198539                  elapsed_time:0.0705149173737
INFO:root:sl:-0.0467166552258 sr:0.110408498916 heading:3 velocity:[1.32, 0.07, 0.08] position:LocationGlobalRelative:lat=55.9410421,lon=-3.1928184,alt=5.06
INFO:root:Angle_optical:43.0291127194 Distance_optical:9.63746452737 Angle_gps:34.127962766 Distance_gps:27.5017250878                  elapsed_time:0.0698809623718
INFO:root:sl:-0.0410306374151 sr:0.110579523318 heading:359 velocity:[1.32, 0.07, 0.08] position:LocationGlobalRelative:lat=55.9410421,lon=-3.1928184,alt=5.06
INFO:root:Angle_optical:43.049585024 Distance_optical:9.78565366778 Angle_gps:33.6628286098 Distance_gps:27.8827724921                  elapsed_time:0.0756728649139
INFO:root:sl:-0.041426953315 sr:0.0805795233179 heading:359 velocity:[1.32, 0.07, 0.08] position:LocationGlobalRelative:lat=55.9410421,lon=-3.1928184,alt=5.06
INFO:root:Angle_optical:43.0712531832 Distance_optical:9.89356482196 Angle_gps:33.2193525675 Distance_gps:28.2679335971                  elapsed_time:0.0783050060272
INFO:root:sl:-0.0328770300125 sr:0.0697538193082 heading:359 velocity:[1.32, 0.07, 0.08] position:LocationGlobalRelative:lat=55.9410421,lon=-3.1928184,alt=5.06
INFO:root:Angle_optical:43.0926027574 Distance_optical:9.98697823163 Angle_gps:32.7920472862 Distance_gps:28.6559663338                  elapsed_time:0.0706970691681
INFO:root:sl:-0.011821152119 sr:0.0644956742679 heading:359 velocity:[1.49, 0.04, 0.07] position:LocationGlobalRelative:lat=55.9410456,lon=-3.1928183,alt=5.06
INFO:root:Angle_optical:43.1133081015 Distance_optical:10.0733331375 Angle_gps:32.3037330983 Distance_gps:29.0897131258                  elapsed_time:0.0697910785675
INFO:root:sl:-0.00113789313365 sr:0.0677481964327 heading:355 velocity:[1.49, 0.04, 0.07] position:LocationGlobalRelative:lat=55.9410456,lon=-3.1928183,alt=5.06
INFO:root:Angle_optical:43.1481593876 Distance_optical:10.163933053 Angle_gps:31.9132996314 Distance_gps:29.5466315918                  elapsed_time:0.0720269680023
INFO:root:sl:0.0288621068664 sr:0.0710523611933 heading:355 velocity:[1.49, 0.04, 0.07] position:LocationGlobalRelative:lat=55.9410456,lon=-3.1928183,alt=5.06
INFO:root:Angle_optical:42.9751233124 Distance_optical:10.2621435532 Angle_gps:31.5453829942 Distance_gps:30.0078965913                  elapsed_time:0.0781428813934
INFO:root:sl:0.049680819187 sr:0.0500399598984 heading:355 velocity:[1.62, 0.03, 0.06] position:LocationGlobalRelative:lat=55.9410491,lon=-3.1928183,alt=5.06
INFO:root:Angle_optical:42.6401176303 Distance_optical:10.3351576509 Angle_gps:31.1561803747 Distance_gps:30.5101116342                  elapsed_time:0.0709660053253
INFO:root:sl:0.0732877769299 sr:0.0775054182888 heading:355 velocity:[1.62, 0.03, 0.06] position:LocationGlobalRelative:lat=55.9410491,lon=-3.1928183,alt=5.06
INFO:root:Angle_optical:42.1589316307 Distance_optical:10.4487241305 Angle_gps:30.782167062 Distance_gps:31.0144456851                  elapsed_time:0.0692939758301
INFO:root:sl:0.0797288867255 sr:0.0697393588162 heading:353 velocity:[1.62, 0.03, 0.06] position:LocationGlobalRelative:lat=55.9410491,lon=-3.1928183,alt=5.06
INFO:root:Angle_optical:41.6440601081 Distance_optical:10.5552026474 Angle_gps:30.4673945395 Distance_gps:31.5294786978                  elapsed_time:0.0751550197601
INFO:root:sl:0.0978064591723 sr:0.0801951759711 heading:353 velocity:[1.62, 0.03, 0.06] position:LocationGlobalRelative:lat=55.9410491,lon=-3.1928183,alt=5.06
INFO:root:Angle_optical:41.02508064 Distance_optical:10.6808739211 Angle_gps:30.1691112827 Distance_gps:32.0473948898                  elapsed_time:0.0703108310699
INFO:root:sl:0.127806459172 sr:0.104392380478 heading:353 velocity:[1.74, 0.16, 0.29] position:LocationGlobalRelative:lat=55.9410528,lon=-3.1928179,alt=5.08
INFO:root:Angle_optical:40.241114418 Distance_optical:10.8468903751 Angle_gps:29.9347537347 Distance_gps:32.6182973012                  elapsed_time:0.0726480484009
INFO:root:sl:0.13454409485 sr:0.118452369422 heading:353 velocity:[1.74, 0.16, 0.29] position:LocationGlobalRelative:lat=55.9410528,lon=-3.1928179,alt=5.08
INFO:root:Angle_optical:39.4535233468 Distance_optical:11.0354355135 Angle_gps:29.7099834383 Distance_gps:33.1901474139                  elapsed_time:0.0697629451752
INFO:root:sl:0.127243578383 sr:0.119966849855 heading:352 velocity:[1.74, 0.16, 0.29] position:LocationGlobalRelative:lat=55.9410528,lon=-3.1928179,alt=5.08
INFO:root:Angle_optical:38.7523414602 Distance_optical:11.2273368021 Angle_gps:29.5185157398 Distance_gps:33.7656510479                  elapsed_time:0.0707020759583
INFO:root:sl:0.11510572709 sr:0.126766855322 heading:352 velocity:[1.89, 0.22, 0.2] position:LocationGlobalRelative:lat=55.9410574,lon=-3.192817,alt=5.12
INFO:root:Angle_optical:38.1680394855 Distance_optical:11.4269752207 Angle_gps:29.3466383045 Distance_gps:34.3963914346                  elapsed_time:0.0748529434204
INFO:root:sl:0.109738899582 sr:0.141959777977 heading:352 velocity:[1.89, 0.22, 0.2] position:LocationGlobalRelative:lat=55.9410574,lon=-3.192817,alt=5.12
INFO:root:Angle_optical:37.6636368557 Distance_optical:11.6462263952 Angle_gps:29.1831460169 Distance_gps:35.0274168297                  elapsed_time:0.0751090049744
INFO:root:sl:0.0941538073347 sr:0.147726779771 heading:352 velocity:[1.89, 0.22, 0.2] position:LocationGlobalRelative:lat=55.9410574,lon=-3.192817,alt=5.12
INFO:root:Angle_optical:37.2860464557 Distance_optical:11.8691122083 Angle_gps:29.0262576541 Distance_gps:35.6589194059                  elapsed_time:0.0698301792145
