INFO:root:Resolution: 324*243
INFO:root:sl:-0.00747823716539 sr:0.010095624585 heading:352 velocity:[0.0, 0.01, 0.15] position:LocationGlobalRelative:lat=0.0,lon=0.0,alt=0.66
INFO:root:Angle_optical:49.740678101 Distance_optical:0.00486093939548 Angle_gps:0.0 Distance_gps:0.0                  elapsed_time:0.156980037689
INFO:root:sl:-0.00415656733872 sr:0.0125911432925 heading:352 velocity:[0.0, 0.01, 0.15] position:LocationGlobalRelative:lat=0.0,lon=0.0,alt=0.66
INFO:root:Angle_optical:50.88463149 Distance_optical:0.00963125970846 Angle_gps:0.0 Distance_gps:0.0                  elapsed_time:0.252471923828
INFO:root:sl:-0.00592194958223 sr:0.0254862646479 heading:352 velocity:[0.0, 0.01, 0.15] position:LocationGlobalRelative:lat=0.0,lon=0.0,alt=0.66
INFO:root:Angle_optical:49.5770249221 Distance_optical:0.033229783799 Angle_gps:0.0 Distance_gps:0.0                  elapsed_time:0.163143873215
INFO:root:sl:-0.00725084996058 sr:0.0266871363655 heading:352 velocity:[0.0, 0.01, 0.15] position:LocationGlobalRelative:lat=0.0,lon=0.0,alt=0.66
INFO:root:Angle_optical:50.2013772019 Distance_optical:0.0554766721396 Angle_gps:0.0 Distance_gps:0.0                  elapsed_time:0.152542829514
INFO:root:sl:-0.00132213855523 sr:0.00966344851572 heading:352 velocity:[0.0, 0.0, 0.15] position:LocationGlobalRelative:lat=0.0,lon=0.0,alt=0.68
INFO:root:Angle_optical:49.8911474532 Distance_optical:0.0677448512246 Angle_gps:0.0 Distance_gps:0.0                  elapsed_time:0.152293920517
INFO:root:sl:-0.00700324394991 sr:0.0307526907013 heading:352 velocity:[0.0, 0.0, 0.15] position:LocationGlobalRelative:lat=0.0,lon=0.0,alt=0.68
INFO:root:Angle_optical:50.1135125996 Distance_optical:0.104353219191 Angle_gps:0.0 Distance_gps:0.0                  elapsed_time:0.173972845078
INFO:root:sl:-0.00828320448007 sr:0.0434294274209 heading:352 velocity:[0.0, 0.0, 0.15] position:LocationGlobalRelative:lat=0.0,lon=0.0,alt=0.68
INFO:root:Angle_optical:49.8671242482 Distance_optical:0.163573531112 Angle_gps:0.0 Distance_gps:0.0                  elapsed_time:0.154392004013
INFO:root:sl:-0.00840650818895 sr:0.0417819152595 heading:352 velocity:[0.0, 0.0, 0.15] position:LocationGlobalRelative:lat=0.0,lon=0.0,alt=0.68
INFO:root:Angle_optical:50.0742315028 Distance_optical:0.218081196686 Angle_gps:0.0 Distance_gps:0.0                  elapsed_time:0.146147012711
INFO:root:sl:-0.00884737330252 sr:0.0442720732855 heading:352 velocity:[0.0, 0.0, 0.15] position:LocationGlobalRelative:lat=0.0,lon=0.0,alt=0.68
INFO:root:Angle_optical:50.1260000781 Distance_optical:0.278342524337 Angle_gps:0.0 Distance_gps:0.0                  elapsed_time:0.204946994781
INFO:root:sl:-0.010313504851 sr:0.0515989769258 heading:352 velocity:[0.0, 0.0, 0.15] position:LocationGlobalRelative:lat=0.0,lon=0.0,alt=0.68
INFO:root:Angle_optical:50.2704094144 Distance_optical:0.347166817521 Angle_gps:0.0 Distance_gps:0.0                  elapsed_time:0.14705991745
INFO:root:sl:-0.00981645959985 sr:0.0530373924511 heading:352 velocity:[0.0, 0.0, 0.15] position:LocationGlobalRelative:lat=0.0,lon=0.0,alt=0.68
INFO:root:Angle_optical:50.3422888063 Distance_optical:0.418966573708 Angle_gps:0.0 Distance_gps:0.0                  elapsed_time:0.157133102417
INFO:root:sl:-0.0116449481718 sr:0.0635603046635 heading:352 velocity:[0.0, 0.0, 0.16] position:LocationGlobalRelative:lat=0.0,lon=0.0,alt=0.71
INFO:root:Angle_optical:50.4350690142 Distance_optical:0.504307599895 Angle_gps:0.0 Distance_gps:0.0                  elapsed_time:0.162994146347
INFO:root:sl:-0.0125254288112 sr:0.0689186820876 heading:352 velocity:[0.0, 0.0, 0.16] position:LocationGlobalRelative:lat=0.0,lon=0.0,alt=0.71
INFO:root:Angle_optical:50.4947295856 Distance_optical:0.597349002514 Angle_gps:0.0 Distance_gps:0.0                  elapsed_time:0.152112007141
INFO:root:sl:-0.0118165634224 sr:0.0590914577881 heading:352 velocity:[0.0, 0.0, 0.16] position:LocationGlobalRelative:lat=0.0,lon=0.0,alt=0.71
INFO:root:Angle_optical:50.5411616158 Distance_optical:0.676868270555 Angle_gps:0.0 Distance_gps:0.0                  elapsed_time:0.158453941345
INFO:root:sl:-0.0127970868512 sr:0.0698345310346 heading:352 velocity:[0.0, 0.0, 0.16] position:LocationGlobalRelative:lat=0.0,lon=0.0,alt=0.71
INFO:root:Angle_optical:50.5800089153 Distance_optical:0.771036867586 Angle_gps:0.0 Distance_gps:0.0                  elapsed_time:0.153263092041
INFO:root:sl:-0.0133539201279 sr:0.0702873273055 heading:352 velocity:[0.0, 0.0, 0.16] position:LocationGlobalRelative:lat=0.0,lon=0.0,alt=0.71
INFO:root:Angle_optical:50.6133660571 Distance_optical:0.865699351502 Angle_gps:0.0 Distance_gps:0.0                  elapsed_time:0.157209157944
INFO:root:sl:-0.0129133268307 sr:0.0658047759365 heading:352 velocity:[0.0, 0.0, 0.16] position:LocationGlobalRelative:lat=0.0,lon=0.0,alt=0.71
INFO:root:Angle_optical:50.6374486387 Distance_optical:0.954393395744 Angle_gps:0.0 Distance_gps:0.0                  elapsed_time:0.157921075821
INFO:root:sl:-0.013676597713 sr:0.0694842075966 heading:352 velocity:[0.0, 0.01, 0.16] position:LocationGlobalRelative:lat=0.0,lon=0.0,alt=0.73
INFO:root:Angle_optical:50.659285597 Distance_optical:1.04800258521 Angle_gps:0.0 Distance_gps:0.0                  elapsed_time:0.151394128799
INFO:root:sl:-0.0227651579935 sr:0.0582456916608 heading:352 velocity:[0.0, 0.01, 0.16] position:LocationGlobalRelative:lat=0.0,lon=0.0,alt=0.73
INFO:root:Angle_optical:50.6744502793 Distance_optical:1.12649429493 Angle_gps:0.0 Distance_gps:0.0                  elapsed_time:0.163527965546
INFO:root:sl:-0.0219654124219 sr:0.0327065950519 heading:352 velocity:[0.0, 0.01, 0.16] position:LocationGlobalRelative:lat=0.0,lon=0.0,alt=0.73
INFO:root:Angle_optical:50.6822038266 Distance_optical:1.17056166228 Angle_gps:0.0 Distance_gps:0.0                  elapsed_time:0.146122932434
INFO:root:sl:0.00803458757807 sr:0.0550630120764 heading:352 velocity:[0.0, 0.01, 0.16] position:LocationGlobalRelative:lat=0.0,lon=0.0,alt=0.73
INFO:root:Angle_optical:50.1955788606 Distance_optical:1.24484127175 Angle_gps:0.0 Distance_gps:0.0                  elapsed_time:0.15768289566
INFO:root:sl:-0.0219654124219 sr:0.0318481697499 heading:352 velocity:[0.0, 0.01, 0.16] position:LocationGlobalRelative:lat=0.0,lon=0.0,alt=0.73
INFO:root:Angle_optical:50.2183776251 Distance_optical:1.28775113114 Angle_gps:0.0 Distance_gps:0.0                  elapsed_time:0.150839090347
INFO:root:sl:-0.0519654124219 sr:0.0186284509106 heading:352 velocity:[0.0, 0.01, 0.16] position:LocationGlobalRelative:lat=0.0,lon=0.0,alt=0.73
INFO:root:Angle_optical:50.2310081911 Distance_optical:1.312850872 Angle_gps:0.0 Distance_gps:0.0                  elapsed_time:0.158915996552
INFO:root:sl:-0.0246144230598 sr:-0.0113715490894 heading:352 velocity:[0.01, 0.01, 0.16] position:LocationGlobalRelative:lat=0.0,lon=0.0,alt=0.74
INFO:root:Angle_optical:50.2310081911 Distance_optical:1.312850872 Angle_gps:49.7406780989 Distance_gps:0.00168575631789                  elapsed_time:0.153213977814
INFO:root:sl:-0.0546144230598 sr:-0.0254767644232 heading:352 velocity:[0.01, 0.01, 0.16] position:LocationGlobalRelative:lat=0.0,lon=0.0,alt=0.74
INFO:root:Angle_optical:50.2310081911 Distance_optical:1.312850872 Angle_gps:50.7577511212 Distance_gps:0.00301214489199                  elapsed_time:0.192432880402
INFO:root:sl:-0.0414740970781 sr:-0.0170854004115 heading:352 velocity:[0.01, 0.01, 0.16] position:LocationGlobalRelative:lat=0.0,lon=0.0,alt=0.74
INFO:root:Angle_optical:50.2310081911 Distance_optical:1.312850872 Angle_gps:49.8690684757 Distance_gps:0.00625373274231                  elapsed_time:0.151124000549
INFO:root:sl:-0.0114740970781 sr:-0.00405100583991 heading:352 velocity:[0.01, 0.01, 0.16] position:LocationGlobalRelative:lat=0.0,lon=0.0,alt=0.74
INFO:root:Angle_optical:50.2310081911 Distance_optical:1.312850872 Angle_gps:50.2715468346 Distance_gps:0.00917249668026                  elapsed_time:0.15965294838
INFO:root:sl:0.0185259029219 sr:0.0259489941601 heading:352 velocity:[0.01, 0.01, 0.16] position:LocationGlobalRelative:lat=0.0,lon=0.0,alt=0.74
INFO:root:Angle_optical:49.187050361 Distance_optical:1.34831989343 Angle_gps:49.6894760111 Distance_gps:0.0136175096821                  elapsed_time:0.153640031815
INFO:root:sl:0.0485259029219 sr:-0.00405100583991 heading:352 velocity:[0.01, 0.01, 0.16] position:LocationGlobalRelative:lat=0.0,lon=0.0,alt=0.74
INFO:root:Angle_optical:46.4158311017 Distance_optical:1.35183170895 Angle_gps:49.8852728581 Distance_gps:0.0177851184274                  elapsed_time:0.159245967865
INFO:root:sl:0.0424279808399 sr:0.0139953992258 heading:352 velocity:[0.01, 0.01, 0.16] position:LocationGlobalRelative:lat=0.0,lon=0.0,alt=0.74
INFO:root:Angle_optical:44.1033459644 Distance_optical:1.37620256271 Angle_gps:49.7895518687 Distance_gps:0.0225593477787                  elapsed_time:0.157904148102
INFO:root:sl:0.0724279808399 sr:-0.0160046007742 heading:352 velocity:[0.01, 0.0, 0.16] position:LocationGlobalRelative:lat=0.0,lon=0.0,alt=0.74
INFO:root:Angle_optical:40.1085337773 Distance_optical:1.39109725481 Angle_gps:45.4283285273 Distance_gps:0.0252681362334                  elapsed_time:0.177133083344
INFO:root:sl:0.0424279808399 sr:-0.0306083212265 heading:352 velocity:[0.01, 0.0, 0.16] position:LocationGlobalRelative:lat=0.0,lon=0.0,alt=0.74
INFO:root:Angle_optical:37.8141819843 Distance_optical:1.40290585353 Angle_gps:41.7513143363 Distance_gps:0.0282084216985                  elapsed_time:0.150942087173
INFO:root:sl:0.0250980109392 sr:-0.0125763195813 heading:352 velocity:[0.01, 0.0, 0.16] position:LocationGlobalRelative:lat=0.0,lon=0.0,alt=0.74
INFO:root:Angle_optical:36.4762908032 Distance_optical:1.41093547179 Angle_gps:38.8843114813 Distance_gps:0.031194727743                  elapsed_time:0.168349981308
INFO:root:sl:0.0550980109392 sr:-0.0425763195813 heading:352 velocity:[0.01, 0.0, 0.16] position:LocationGlobalRelative:lat=0.0,lon=0.0,alt=0.74
INFO:root:Angle_optical:33.5963354389 Distance_optical:1.43121022561 Angle_gps:36.4760653217 Distance_gps:0.0342875100623                  elapsed_time:0.152997970581
INFO:root:sl:0.077038576359 sr:-0.0660660866148 heading:352 velocity:[0.01, 0.0, 0.16] position:LocationGlobalRelative:lat=0.0,lon=0.0,alt=0.74
INFO:root:Angle_optical:29.7179056676 Distance_optical:1.46540626253 Angle_gps:34.5010910782 Distance_gps:0.0374091138421                  elapsed_time:0.15501499176
INFO:root:sl:0.0960751855149 sr:-0.0515182037291 heading:352 velocity:[0.01, 0.0, 0.16] position:LocationGlobalRelative:lat=0.0,lon=0.0,alt=0.74
INFO:root:Angle_optical:25.1531437977 Distance_optical:1.51695171695 Angle_gps:32.8179003536 Distance_gps:0.040584206498                  elapsed_time:0.151129007339
INFO:root:sl:0.0660751855149 sr:-0.0815182037291 heading:352 velocity:[0.0, 0.0, 0.16] position:LocationGlobalRelative:lat=0.0,lon=0.0,alt=0.76
INFO:root:Angle_optical:22.2015160631 Distance_optical:1.55766506415 Angle_gps:32.8179003536 Distance_gps:0.040584206498                  elapsed_time:0.162233114243
INFO:root:sl:0.0960751855149 sr:-0.0781604083538 heading:352 velocity:[0.0, 0.0, 0.16] position:LocationGlobalRelative:lat=0.0,lon=0.0,alt=0.76
INFO:root:Angle_optical:18.190587654 Distance_optical:1.62376657576 Angle_gps:32.8179003536 Distance_gps:0.040584206498                  elapsed_time:0.149741172791
INFO:root:sl:0.0660751855149 sr:-0.0481604083538 heading:352 velocity:[0.0, 0.0, 0.16] position:LocationGlobalRelative:lat=0.0,lon=0.0,alt=0.76
INFO:root:Angle_optical:15.6243149068 Distance_optical:1.67352972443 Angle_gps:32.8179003536 Distance_gps:0.040584206498                  elapsed_time:0.152647018433
INFO:root:sl:0.0806341255292 sr:-0.0181604083538 heading:352 velocity:[0.0, 0.0, 0.16] position:LocationGlobalRelative:lat=0.0,lon=0.0,alt=0.76
INFO:root:Angle_optical:12.6989993026 Distance_optical:1.73851032187 Angle_gps:32.8179003536 Distance_gps:0.040584206498                  elapsed_time:0.152492046356
INFO:root:sl:0.0506341255292 sr:-0.0271580609406 heading:352 velocity:[0.0, 0.0, 0.16] position:LocationGlobalRelative:lat=0.0,lon=0.0,alt=0.76
INFO:root:Angle_optical:10.9738632272 Distance_optical:1.78149167005 Angle_gps:32.8179003536 Distance_gps:0.040584206498                  elapsed_time:0.173717021942
INFO:root:sl:0.0206341255292 sr:-0.0571580609406 heading:352 velocity:[0.0, 0.0, 0.16] position:LocationGlobalRelative:lat=0.0,lon=0.0,alt=0.76
INFO:root:Angle_optical:10.2947427848 Distance_optical:1.79945468778 Angle_gps:32.8179003536 Distance_gps:0.040584206498                  elapsed_time:0.15629196167
INFO:root:sl:0.0318960871255 sr:-0.0271580609406 heading:352 velocity:[0.0, 0.0, 0.16] position:LocationGlobalRelative:lat=0.0,lon=0.0,alt=0.77
INFO:root:Angle_optical:9.2714776099 Distance_optical:1.82770669809 Angle_gps:32.8179003536 Distance_gps:0.040584206498                  elapsed_time:0.161045789719
INFO:root:sl:0.00595126114564 sr:-0.0571580609406 heading:352 velocity:[0.0, 0.0, 0.16] position:LocationGlobalRelative:lat=0.0,lon=0.0,alt=0.77
INFO:root:Angle_optical:9.08406189479 Distance_optical:1.83304138516 Angle_gps:32.8179003536 Distance_gps:0.040584206498                  elapsed_time:0.171876192093
INFO:root:sl:0.0359512611456 sr:-0.0827565704468 heading:352 velocity:[0.0, 0.0, 0.16] position:LocationGlobalRelative:lat=0.0,lon=0.0,alt=0.77
INFO:root:Angle_optical:7.97486797234 Distance_optical:1.86567660515 Angle_gps:32.8179003536 Distance_gps:0.040584206498                  elapsed_time:0.163275003433
INFO:root:sl:0.00595126114564 sr:-0.0527565704468 heading:352 velocity:[0.0, 0.0, 0.16] position:LocationGlobalRelative:lat=0.0,lon=0.0,alt=0.77
INFO:root:Angle_optical:7.79500547077 Distance_optical:1.87114501529 Angle_gps:32.8179003536 Distance_gps:0.040584206498                  elapsed_time:0.14959692955
INFO:root:sl:-0.00217196536973 sr:-0.02605772238 heading:352 velocity:[0.0, 0.0, 0.16] position:LocationGlobalRelative:lat=0.0,lon=0.0,alt=0.77
INFO:root:Angle_optical:7.79500547077 Distance_optical:1.87114501529 Angle_gps:32.8179003536 Distance_gps:0.040584206498                  elapsed_time:0.162714004517
INFO:root:sl:-0.0238239044264 sr:-0.0258006182639 heading:352 velocity:[0.0, 0.0, 0.16] position:LocationGlobalRelative:lat=0.0,lon=0.0,alt=0.77
INFO:root:Angle_optical:7.79500547077 Distance_optical:1.87114501529 Angle_gps:32.8179003536 Distance_gps:0.040584206498                  elapsed_time:0.148989915848
INFO:root:sl:-0.0224633985205 sr:-0.0168995899636 heading:352 velocity:[0.0, 0.0, 0.16] position:LocationGlobalRelative:lat=0.0,lon=0.0,alt=0.77
INFO:root:Angle_optical:7.79500547077 Distance_optical:1.87114501529 Angle_gps:32.8179003536 Distance_gps:0.040584206498                  elapsed_time:0.159140110016
INFO:root:sl:-0.0524633985205 sr:0.0131004100364 heading:352 velocity:[0.0, 0.0, 0.15] position:LocationGlobalRelative:lat=0.0,lon=0.0,alt=0.77
INFO:root:Angle_optical:8.16169045005 Distance_optical:1.88407585706 Angle_gps:32.8179003536 Distance_gps:0.040584206498                  elapsed_time:0.158000946045
INFO:root:sl:-0.0224633985205 sr:-0.0168995899636 heading:352 velocity:[0.0, 0.0, 0.15] position:LocationGlobalRelative:lat=0.0,lon=0.0,alt=0.77
INFO:root:Angle_optical:8.16169045005 Distance_optical:1.88407585706 Angle_gps:32.8179003536 Distance_gps:0.040584206498                  elapsed_time:0.154587030411
INFO:root:sl:0.00753660147947 sr:-0.0468995899636 heading:352 velocity:[0.0, 0.0, 0.15] position:LocationGlobalRelative:lat=0.0,lon=0.0,alt=0.77
INFO:root:Angle_optical:7.9356220109 Distance_optical:1.89097973382 Angle_gps:32.8179003536 Distance_gps:0.040584206498                  elapsed_time:0.156502962112
INFO:root:sl:-0.0224633985205 sr:-0.0241638656376 heading:352 velocity:[0.0, 0.0, 0.15] position:LocationGlobalRelative:lat=0.0,lon=0.0,alt=0.77
INFO:root:Angle_optical:7.9356220109 Distance_optical:1.89097973382 Angle_gps:32.8179003536 Distance_gps:0.040584206498                  elapsed_time:0.158664941788
INFO:root:sl:-0.0495160331714 sr:-0.0385180305294 heading:352 velocity:[0.0, 0.0, 0.15] position:LocationGlobalRelative:lat=0.0,lon=0.0,alt=0.77
INFO:root:Angle_optical:7.9356220109 Distance_optical:1.89097973382 Angle_gps:32.8179003536 Distance_gps:0.040584206498                  elapsed_time:0.155655860901
INFO:root:sl:-0.0195160331714 sr:-0.0417856793367 heading:352 velocity:[0.0, 0.0, 0.15] position:LocationGlobalRelative:lat=0.0,lon=0.0,alt=0.77
INFO:root:Angle_optical:7.9356220109 Distance_optical:1.89097973382 Angle_gps:32.8179003536 Distance_gps:0.040584206498                  elapsed_time:0.157120943069
INFO:root:sl:-0.0495160331714 sr:-0.0117856793367 heading:352 velocity:[0.0, 0.0, 0.16] position:LocationGlobalRelative:lat=0.0,lon=0.0,alt=0.79
INFO:root:Angle_optical:7.9356220109 Distance_optical:1.89097973382 Angle_gps:32.8179003536 Distance_gps:0.040584206498                  elapsed_time:0.157146930695
INFO:root:sl:-0.0195160331714 sr:-0.00665271607183 heading:352 velocity:[0.0, 0.0, 0.16] position:LocationGlobalRelative:lat=0.0,lon=0.0,alt=0.79
INFO:root:Angle_optical:7.9356220109 Distance_optical:1.89097973382 Angle_gps:32.8179003536 Distance_gps:0.040584206498                  elapsed_time:0.158603906631
INFO:root:sl:-0.0495160331714 sr:0.0233472839282 heading:352 velocity:[0.0, 0.0, 0.16] position:LocationGlobalRelative:lat=0.0,lon=0.0,alt=0.79
INFO:root:Angle_optical:8.57717923607 Distance_optical:1.91412871019 Angle_gps:32.8179003536 Distance_gps:0.040584206498                  elapsed_time:0.16001701355
INFO:root:sl:-0.0795160331714 sr:0.0368639195876 heading:352 velocity:[0.0, 0.0, 0.16] position:LocationGlobalRelative:lat=0.0,lon=0.0,alt=0.79
INFO:root:Angle_optical:9.55894535898 Distance_optical:1.95115310018 Angle_gps:32.8179003536 Distance_gps:0.040584206498                  elapsed_time:0.157402038574
INFO:root:sl:-0.0961813225348 sr:0.0542247555984 heading:352 velocity:[0.0, 0.0, 0.16] position:LocationGlobalRelative:lat=0.0,lon=0.0,alt=0.79
INFO:root:Angle_optical:10.936577224 Distance_optical:2.00660719049 Angle_gps:32.8179003536 Distance_gps:0.040584206498                  elapsed_time:0.152014017105
INFO:root:sl:-0.116480853146 sr:0.0842247555984 heading:352 velocity:[0.0, 0.0, 0.16] position:LocationGlobalRelative:lat=0.0,lon=0.0,alt=0.79
INFO:root:Angle_optical:12.9297813543 Distance_optical:2.09488478967 Angle_gps:32.8179003536 Distance_gps:0.040584206498                  elapsed_time:0.16185092926
INFO:root:sl:-0.106650725799 sr:0.0641568173706 heading:352 velocity:[0.0, 0.0, 0.16] position:LocationGlobalRelative:lat=0.0,lon=0.0,alt=0.8
INFO:root:Angle_optical:14.3376895164 Distance_optical:2.16370670323 Angle_gps:32.8179003536 Distance_gps:0.040584206498                  elapsed_time:0.150766849518
INFO:root:sl:-0.136650725799 sr:0.0941568173706 heading:352 velocity:[0.0, 0.0, 0.16] position:LocationGlobalRelative:lat=0.0,lon=0.0,alt=0.8
INFO:root:Angle_optical:16.2473127296 Distance_optical:2.26689697929 Angle_gps:32.8179003536 Distance_gps:0.040584206498                  elapsed_time:0.18594288826
INFO:root:sl:-0.106650725799 sr:0.0732161603627 heading:352 velocity:[0.0, 0.0, 0.16] position:LocationGlobalRelative:lat=0.0,lon=0.0,alt=0.8
INFO:root:Angle_optical:17.6151241493 Distance_optical:2.34874104425 Angle_gps:32.8179003536 Distance_gps:0.040584206498                  elapsed_time:0.156188964844
INFO:root:sl:-0.0766507257988 sr:0.0432161603627 heading:352 velocity:[0.0, 0.0, 0.16] position:LocationGlobalRelative:lat=0.0,lon=0.0,alt=0.8
INFO:root:Angle_optical:18.3784037022 Distance_optical:2.39764381252 Angle_gps:32.8179003536 Distance_gps:0.040584206498                  elapsed_time:0.15793299675
INFO:root:sl:-0.0570707958853 sr:0.0732161603627 heading:352 velocity:[0.0, 0.0, 0.16] position:LocationGlobalRelative:lat=0.0,lon=0.0,alt=0.8
INFO:root:Angle_optical:19.6024562255 Distance_optical:2.48141335451 Angle_gps:32.8179003536 Distance_gps:0.040584206498                  elapsed_time:0.158113956451
INFO:root:sl:-0.0820974088765 sr:0.0811123628845 heading:352 velocity:[0.0, 0.0, 0.16] position:LocationGlobalRelative:lat=0.0,lon=0.0,alt=0.8
INFO:root:Angle_optical:20.8649036771 Distance_optical:2.5754483678 Angle_gps:32.8179003536 Distance_gps:0.040584206498                  elapsed_time:0.15999007225
INFO:root:sl:-0.112097408877 sr:0.111112362884 heading:352 velocity:[0.0, 0.01, 0.16] position:LocationGlobalRelative:lat=0.0,lon=0.0,alt=0.82
INFO:root:Angle_optical:22.4507435622 Distance_optical:2.70612417137 Angle_gps:32.8179003536 Distance_gps:0.040584206498                  elapsed_time:0.159857988358
INFO:root:sl:-0.120735240134 sr:0.0811123628845 heading:352 velocity:[0.0, 0.01, 0.16] position:LocationGlobalRelative:lat=0.0,lon=0.0,alt=0.82
INFO:root:Angle_optical:23.514459007 Distance_optical:2.80272073968 Angle_gps:32.8179003536 Distance_gps:0.040584206498                  elapsed_time:0.190353155136
INFO:root:sl:-0.0907352401344 sr:0.0613779594235 heading:352 velocity:[0.0, 0.01, 0.16] position:LocationGlobalRelative:lat=0.0,lon=0.0,alt=0.82
INFO:root:Angle_optical:24.2716984329 Distance_optical:2.87641958441 Angle_gps:32.8179003536 Distance_gps:0.040584206498                  elapsed_time:0.151782035828
INFO:root:sl:-0.0607352401344 sr:0.0313779594235 heading:352 velocity:[0.0, 0.01, 0.16] position:LocationGlobalRelative:lat=0.0,lon=0.0,alt=0.82
INFO:root:Angle_optical:24.6439902188 Distance_optical:2.91428289247 Angle_gps:32.8179003536 Distance_gps:0.040584206498                  elapsed_time:0.15370798111
INFO:root:sl:-0.0307352401344 sr:0.00137795942353 heading:352 velocity:[0.0, 0.01, 0.16] position:LocationGlobalRelative:lat=0.0,lon=0.0,alt=0.82
INFO:root:Angle_optical:24.660117618 Distance_optical:2.91594843646 Angle_gps:32.8179003536 Distance_gps:0.040584206498                  elapsed_time:0.152455091476
INFO:root:sl:-0.0607352401344 sr:-0.0113644500252 heading:352 velocity:[0.0, 0.01, 0.16] position:LocationGlobalRelative:lat=0.0,lon=0.0,alt=0.82
INFO:root:Angle_optical:24.660117618 Distance_optical:2.91594843646 Angle_gps:32.8179003536 Distance_gps:0.040584206498                  elapsed_time:0.172230958939
INFO:root:sl:-0.0307352401344 sr:-0.0375726145649 heading:352 velocity:[0.0, 0.01, 0.16] position:LocationGlobalRelative:lat=0.0,lon=0.0,alt=0.82
INFO:root:Angle_optical:24.660117618 Distance_optical:2.91594843646 Angle_gps:32.8179003536 Distance_gps:0.040584206498                  elapsed_time:0.147780179977
INFO:root:sl:-0.000735240134371 sr:-0.0675726145649 heading:352 velocity:[0.0, 0.01, 0.16] position:LocationGlobalRelative:lat=0.0,lon=0.0,alt=0.84
INFO:root:Angle_optical:24.660117618 Distance_optical:2.91594843646 Angle_gps:32.8179003536 Distance_gps:0.040584206498                  elapsed_time:0.154480934143
INFO:root:sl:-0.0307352401344 sr:-0.0375726145649 heading:352 velocity:[0.0, 0.01, 0.16] position:LocationGlobalRelative:lat=0.0,lon=0.0,alt=0.84
INFO:root:Angle_optical:24.660117618 Distance_optical:2.91594843646 Angle_gps:32.8179003536 Distance_gps:0.040584206498                  elapsed_time:0.161640167236
INFO:root:sl:-0.0493885773632 sr:-0.0137010707181 heading:352 velocity:[0.0, 0.01, 0.16] position:LocationGlobalRelative:lat=0.0,lon=0.0,alt=0.84
INFO:root:Angle_optical:24.660117618 Distance_optical:2.91594843646 Angle_gps:32.8179003536 Distance_gps:0.040584206498                  elapsed_time:0.158222913742
INFO:root:sl:-0.0193885773632 sr:-0.0317078703632 heading:352 velocity:[0.0, 0.01, 0.16] position:LocationGlobalRelative:lat=0.0,lon=0.0,alt=0.84
INFO:root:Angle_optical:24.660117618 Distance_optical:2.91594843646 Angle_gps:32.8179003536 Distance_gps:0.040584206498                  elapsed_time:0.154840946198
INFO:root:sl:-0.000108296978883 sr:-0.0617078703632 heading:352 velocity:[0.0, 0.01, 0.16] position:LocationGlobalRelative:lat=0.0,lon=0.0,alt=0.84
INFO:root:Angle_optical:24.660117618 Distance_optical:2.91594843646 Angle_gps:32.8179003536 Distance_gps:0.040584206498                  elapsed_time:0.161190986633
INFO:root:sl:0.0298917030211 sr:-0.0917078703632 heading:352 velocity:[0.0, 0.01, 0.16] position:LocationGlobalRelative:lat=0.0,lon=0.0,alt=0.84
INFO:root:Angle_optical:23.9544683496 Distance_optical:2.9339658842 Angle_gps:32.8179003536 Distance_gps:0.040584206498                  elapsed_time:0.159641027451
INFO:root:sl:0.0277576560757 sr:-0.107149325455 heading:352 velocity:[0.0, 0.01, 0.15] position:LocationGlobalRelative:lat=0.0,lon=0.0,alt=0.83
INFO:root:Angle_optical:23.3070032521 Distance_optical:2.95109079272 Angle_gps:32.8179003536 Distance_gps:0.040584206498                  elapsed_time:0.164932966232
INFO:root:sl:0.0577576560757 sr:-0.137149325455 heading:352 velocity:[0.0, 0.01, 0.15] position:LocationGlobalRelative:lat=0.0,lon=0.0,alt=0.83
INFO:root:Angle_optical:21.9840037458 Distance_optical:2.98791029257 Angle_gps:32.8179003536 Distance_gps:0.040584206498                  elapsed_time:0.149981021881
INFO:root:sl:0.0557105459525 sr:-0.107149325455 heading:352 velocity:[0.0, 0.01, 0.15] position:LocationGlobalRelative:lat=0.0,lon=0.0,alt=0.83
INFO:root:Angle_optical:20.7390460827 Distance_optical:3.02489762562 Angle_gps:32.8179003536 Distance_gps:0.040584206498                  elapsed_time:0.161225795746
INFO:root:sl:0.0857105459525 sr:-0.137149325455 heading:352 velocity:[0.0, 0.01, 0.15] position:LocationGlobalRelative:lat=0.0,lon=0.0,alt=0.83
INFO:root:Angle_optical:18.8834874445 Distance_optical:3.08450502865 Angle_gps:32.8179003536 Distance_gps:0.040584206498                  elapsed_time:0.150408983231
INFO:root:sl:0.0652553713513 sr:-0.123323129045 heading:352 velocity:[0.0, 0.01, 0.15] position:LocationGlobalRelative:lat=0.0,lon=0.0,alt=0.83
INFO:root:Angle_optical:17.5191790473 Distance_optical:3.13198230225 Angle_gps:32.8179003536 Distance_gps:0.040584206498                  elapsed_time:0.159949064255
INFO:root:sl:0.0952553713513 sr:-0.153323129045 heading:352 velocity:[0.0, 0.01, 0.15] position:LocationGlobalRelative:lat=0.0,lon=0.0,alt=0.83
INFO:root:Angle_optical:15.6019689787 Distance_optical:3.20435646799 Angle_gps:32.8179003536 Distance_gps:0.040584206498                  elapsed_time:0.151526927948
INFO:root:sl:0.0652553713513 sr:-0.123323129045 heading:352 velocity:[0.0, 0.01, 0.15] position:LocationGlobalRelative:lat=0.0,lon=0.0,alt=0.83
INFO:root:Angle_optical:14.3387047455 Distance_optical:3.25592925195 Angle_gps:32.8179003536 Distance_gps:0.040584206498                  elapsed_time:0.163434028625
INFO:root:sl:0.0952553713513 sr:-0.153323129045 heading:352 velocity:[0.0, 0.0, 0.15] position:LocationGlobalRelative:lat=0.0,lon=0.0,alt=0.83
INFO:root:Angle_optical:12.5662169878 Distance_optical:3.33394364371 Angle_gps:32.8179003536 Distance_gps:0.040584206498                  elapsed_time:0.162216901779
INFO:root:sl:0.0652553713513 sr:-0.138581182799 heading:352 velocity:[0.0, 0.0, 0.15] position:LocationGlobalRelative:lat=0.0,lon=0.0,alt=0.83
INFO:root:Angle_optical:11.3998019227 Distance_optical:3.38915736697 Angle_gps:32.8179003536 Distance_gps:0.040584206498                  elapsed_time:0.154071092606
INFO:root:sl:0.0406000140876 sr:-0.108581182799 heading:352 velocity:[0.0, 0.0, 0.15] position:LocationGlobalRelative:lat=0.0,lon=0.0,alt=0.83
INFO:root:Angle_optical:10.6932524161 Distance_optical:3.42419988427 Angle_gps:32.8179003536 Distance_gps:0.040584206498                  elapsed_time:0.157110929489
INFO:root:sl:0.0333793346522 sr:-0.082241684713 heading:352 velocity:[0.0, 0.0, 0.15] position:LocationGlobalRelative:lat=0.0,lon=0.0,alt=0.83
INFO:root:Angle_optical:10.1231727348 Distance_optical:3.45339288951 Angle_gps:32.8179003536 Distance_gps:0.040584206498                  elapsed_time:0.153100967407
INFO:root:sl:0.00730188304476 sr:-0.0604016022447 heading:352 velocity:[0.0, 0.0, 0.15] position:LocationGlobalRelative:lat=0.0,lon=0.0,alt=0.83
INFO:root:Angle_optical:9.99975124665 Distance_optical:3.45982409497 Angle_gps:32.8179003536 Distance_gps:0.040584206498                  elapsed_time:0.147786855698
INFO:root:sl:0.0373018830448 sr:-0.0686484221689 heading:352 velocity:[0.0, 0.0, 0.15] position:LocationGlobalRelative:lat=0.0,lon=0.0,alt=0.83
INFO:root:Angle_optical:9.3763735435 Distance_optical:3.49292574243 Angle_gps:32.8179003536 Distance_gps:0.040584206498                  elapsed_time:0.157359838486
INFO:root:sl:0.0446690932679 sr:-0.0986484221689 heading:352 velocity:[0.0, 0.01, 0.15] position:LocationGlobalRelative:lat=0.0,lon=0.0,alt=0.84
INFO:root:Angle_optical:8.64535444952 Distance_optical:3.53309778262 Angle_gps:32.8179003536 Distance_gps:0.040584206498                  elapsed_time:0.153667926788
INFO:root:sl:0.0146690932679 sr:-0.0686484221689 heading:352 velocity:[0.0, 0.01, 0.15] position:LocationGlobalRelative:lat=0.0,lon=0.0,alt=0.84
INFO:root:Angle_optical:8.40891828724 Distance_optical:3.54641361285 Angle_gps:32.8179003536 Distance_gps:0.040584206498                  elapsed_time:0.153621912003
INFO:root:sl:-0.0153309067321 sr:-0.0386484221689 heading:352 velocity:[0.0, 0.01, 0.15] position:LocationGlobalRelative:lat=0.0,lon=0.0,alt=0.84
INFO:root:Angle_optical:8.40891828724 Distance_optical:3.54641361285 Angle_gps:32.8179003536 Distance_gps:0.040584206498                  elapsed_time:0.162056922913
INFO:root:sl:0.0146690932679 sr:-0.0686484221689 heading:352 velocity:[0.0, 0.01, 0.15] position:LocationGlobalRelative:lat=0.0,lon=0.0,alt=0.84
INFO:root:Angle_optical:8.17425505289 Distance_optical:3.55978937641 Angle_gps:32.8179003536 Distance_gps:0.040584206498                  elapsed_time:0.160144090652
INFO:root:sl:-0.0153309067321 sr:-0.0469605886567 heading:352 velocity:[0.0, 0.01, 0.15] position:LocationGlobalRelative:lat=0.0,lon=0.0,alt=0.84
INFO:root:Angle_optical:8.17425505289 Distance_optical:3.55978937641 Angle_gps:32.8179003536 Distance_gps:0.040584206498                  elapsed_time:0.151620864868
INFO:root:sl:0.0146690932679 sr:-0.0265016801419 heading:352 velocity:[0.0, 0.01, 0.16] position:LocationGlobalRelative:lat=0.0,lon=0.0,alt=0.85
INFO:root:Angle_optical:7.9413526649 Distance_optical:3.57322440009 Angle_gps:32.8179003536 Distance_gps:0.040584206498                  elapsed_time:0.163548946381
INFO:root:sl:-0.0153309067321 sr:0.00028338190417 heading:352 velocity:[0.0, 0.01, 0.16] position:LocationGlobalRelative:lat=0.0,lon=0.0,alt=0.85
INFO:root:Angle_optical:7.9455231206 Distance_optical:3.57350394785 Angle_gps:32.8179003536 Distance_gps:0.040584206498                  elapsed_time:0.155648946762
INFO:root:sl:-0.0453309067321 sr:0.0302833819042 heading:352 velocity:[0.0, 0.01, 0.16] position:LocationGlobalRelative:lat=0.0,lon=0.0,alt=0.85
INFO:root:Angle_optical:8.38745706617 Distance_optical:3.60348578556 Angle_gps:32.8179003536 Distance_gps:0.040584206498                  elapsed_time:0.15824508667
INFO:root:sl:-0.0153309067321 sr:0.00028338190417 heading:352 velocity:[0.0, 0.01, 0.16] position:LocationGlobalRelative:lat=0.0,lon=0.0,alt=0.86
INFO:root:Angle_optical:8.39155776733 Distance_optical:3.60376734952 Angle_gps:32.8179003536 Distance_gps:0.040584206498                  elapsed_time:0.174175977707
INFO:root:sl:0.0146690932679 sr:-0.0297166180958 heading:352 velocity:[0.0, 0.01, 0.16] position:LocationGlobalRelative:lat=0.0,lon=0.0,alt=0.86
INFO:root:Angle_optical:8.16067990853 Distance_optical:3.61714702975 Angle_gps:32.8179003536 Distance_gps:0.040584206498                  elapsed_time:0.160036087036
INFO:root:sl:-0.0135593242252 sr:-0.0597166180958 heading:352 velocity:[0.0, 0.01, 0.16] position:LocationGlobalRelative:lat=0.0,lon=0.0,alt=0.86
INFO:root:Angle_optical:8.16067990853 Distance_optical:3.61714702975 Angle_gps:32.8179003536 Distance_gps:0.040584206498                  elapsed_time:0.152802944183
INFO:root:sl:0.00510335646745 sr:-0.043451019677 heading:352 velocity:[0.0, 0.01, 0.16] position:LocationGlobalRelative:lat=0.0,lon=0.0,alt=0.86
INFO:root:Angle_optical:8.08075830637 Distance_optical:3.6218155024 Angle_gps:32.8179003536 Distance_gps:0.040584206498                  elapsed_time:0.189760923386
INFO:root:sl:0.00455823946901 sr:-0.030267052726 heading:352 velocity:[0.0, 0.01, 0.16] position:LocationGlobalRelative:lat=0.0,lon=0.0,alt=0.86
INFO:root:Angle_optical:8.00954769204 Distance_optical:3.62599125344 Angle_gps:32.8179003536 Distance_gps:0.040584206498                  elapsed_time:0.154897928238
INFO:root:sl:-0.00443369974266 sr:-0.0148115677387 heading:352 velocity:[0.0, 0.01, 0.16] position:LocationGlobalRelative:lat=0.0,lon=0.0,alt=0.86
INFO:root:Angle_optical:8.00954769204 Distance_optical:3.62599125344 Angle_gps:32.8179003536 Distance_gps:0.040584206498                  elapsed_time:0.158361911774
INFO:root:sl:-0.0029398393019 sr:0.00447548097363 heading:352 velocity:[0.0, 0.01, 0.16] position:LocationGlobalRelative:lat=0.0,lon=0.0,alt=0.86
INFO:root:Angle_optical:8.07429665342 Distance_optical:3.63041323162 Angle_gps:32.8179003536 Distance_gps:0.040584206498                  elapsed_time:0.162415027618
INFO:root:sl:-0.000703824893889 sr:-0.0101507848728 heading:352 velocity:[0.0, 0.01, 0.16] position:LocationGlobalRelative:lat=0.0,lon=0.0,alt=0.86
INFO:root:Angle_optical:8.07429665342 Distance_optical:3.63041323162 Angle_gps:32.8179003536 Distance_gps:0.040584206498                  elapsed_time:0.167484998703
INFO:root:sl:-0.00690267893783 sr:0.0198492151272 heading:352 velocity:[0.0, 0.01, 0.16] position:LocationGlobalRelative:lat=0.0,lon=0.0,alt=0.86
INFO:root:Angle_optical:8.3595707019 Distance_optical:3.65008066042 Angle_gps:32.8179003536 Distance_gps:0.040584206498                  elapsed_time:0.153183937073
INFO:root:sl:-0.00578098090415 sr:0.0155221669407 heading:352 velocity:[0.0, 0.01, 0.16] position:LocationGlobalRelative:lat=0.0,lon=0.0,alt=0.86
INFO:root:Angle_optical:8.58051888233 Distance_optical:3.66552310499 Angle_gps:32.8179003536 Distance_gps:0.040584206498                  elapsed_time:0.174648046494
INFO:root:sl:-0.00621742825017 sr:0.0193743930744 heading:352 velocity:[0.0, 0.01, 0.16] position:LocationGlobalRelative:lat=0.0,lon=0.0,alt=0.87
INFO:root:Angle_optical:8.85369729495 Distance_optical:3.68487373786 Angle_gps:32.8179003536 Distance_gps:0.040584206498                  elapsed_time:0.151143074036
INFO:root:sl:-0.00923539154813 sr:0.0411013447382 heading:352 velocity:[0.0, 0.01, 0.16] position:LocationGlobalRelative:lat=0.0,lon=0.0,alt=0.87
INFO:root:Angle_optical:9.42379529338 Distance_optical:3.72619747404 Angle_gps:32.8179003536 Distance_gps:0.040584206498                  elapsed_time:0.157979011536
INFO:root:sl:-0.00694890540969 sr:0.0268316456909 heading:352 velocity:[0.0, 0.01, 0.16] position:LocationGlobalRelative:lat=0.0,lon=0.0,alt=0.87
INFO:root:Angle_optical:9.78916908225 Distance_optical:3.75336966476 Angle_gps:32.8179003536 Distance_gps:0.040584206498                  elapsed_time:0.16957116127
INFO:root:sl:-0.0076701349694 sr:0.0334672500504 heading:352 velocity:[0.0, 0.01, 0.16] position:LocationGlobalRelative:lat=0.0,lon=0.0,alt=0.87
INFO:root:Angle_optical:10.2375298546 Distance_optical:3.78747210924 Angle_gps:32.8179003536 Distance_gps:0.040584206498                  elapsed_time:0.155969142914
INFO:root:sl:-0.0108148259669 sr:0.0553271813093 heading:352 velocity:[0.0, 0.01, 0.16] position:LocationGlobalRelative:lat=0.0,lon=0.0,alt=0.87
INFO:root:Angle_optical:10.9612180771 Distance_optical:3.84434592464 Angle_gps:32.8179003536 Distance_gps:0.040584206498                  elapsed_time:0.151602983475
INFO:root:sl:-0.0102883404032 sr:0.0538349106857 heading:352 velocity:[0.0, 0.01, 0.16] position:LocationGlobalRelative:lat=0.0,lon=0.0,alt=0.87
INFO:root:Angle_optical:11.6450212678 Distance_optical:3.90025737467 Angle_gps:32.8179003536 Distance_gps:0.040584206498                  elapsed_time:0.179879903793
INFO:root:sl:-0.0105634469021 sr:0.0494464664026 heading:352 velocity:[0.0, 0.01, 0.16] position:LocationGlobalRelative:lat=0.0,lon=0.0,alt=0.88
INFO:root:Angle_optical:12.2559569727 Distance_optical:3.95208714048 Angle_gps:32.8179003536 Distance_gps:0.040584206498                  elapsed_time:0.152231931686
INFO:root:sl:-0.0104772252865 sr:0.0554995334647 heading:352 velocity:[0.0, 0.01, 0.16] position:LocationGlobalRelative:lat=0.0,lon=0.0,alt=0.88
INFO:root:Angle_optical:12.9227861204 Distance_optical:4.01078210636 Angle_gps:32.8179003536 Distance_gps:0.040584206498                  elapsed_time:0.160172939301
INFO:root:sl:-0.0107807334913 sr:0.0508024347801 heading:352 velocity:[0.0, 0.01, 0.16] position:LocationGlobalRelative:lat=0.0,lon=0.0,alt=0.88
INFO:root:Angle_optical:13.5162247745 Distance_optical:4.06497246396 Angle_gps:32.8179003536 Distance_gps:0.040584206498                  elapsed_time:0.165523052216
INFO:root:sl:-0.0125006804709 sr:0.0676996045547 heading:352 velocity:[0.0, 0.01, 0.16] position:LocationGlobalRelative:lat=0.0,lon=0.0,alt=0.88
INFO:root:Angle_optical:14.2827680918 Distance_optical:4.13784365894 Angle_gps:32.8179003536 Distance_gps:0.040584206498                  elapsed_time:0.163604021072
INFO:root:sl:-0.0118125840947 sr:0.0597800347752 heading:352 velocity:[0.0, 0.01, 0.16] position:LocationGlobalRelative:lat=0.0,lon=0.0,alt=0.89
INFO:root:Angle_optical:14.9374383021 Distance_optical:4.2027857216 Angle_gps:32.8179003536 Distance_gps:0.040584206498                  elapsed_time:0.148030996323
INFO:root:sl:-0.0126105429117 sr:0.067292169417 heading:352 velocity:[0.0, 0.01, 0.16] position:LocationGlobalRelative:lat=0.0,lon=0.0,alt=0.89
INFO:root:Angle_optical:15.6504799208 Distance_optical:4.27652361592 Angle_gps:32.8179003536 Distance_gps:0.040584206498                  elapsed_time:0.181041955948
INFO:root:sl:-0.0129995187098 sr:0.0653460587245 heading:352 velocity:[0.0, 0.01, 0.16] position:LocationGlobalRelative:lat=0.0,lon=0.0,alt=0.89
INFO:root:Angle_optical:16.3196568732 Distance_optical:4.34874142145 Angle_gps:32.8179003536 Distance_gps:0.040584206498                  elapsed_time:0.150570869446
