INFO:root:Resolotion:320,240
INFO:root:sl:-0.0125859519795 sr:-0.0145983857885 heading:352 velocity:[1.05, -0.01, 0.15] position:LocationGlobalRelative:lat=55.868639,lon=-3.1495431,alt=3.86
INFO:root:Angle_optical:0.0 Distance_optical:0.0 Angle_gps:12.1950186573 Distance_gps:0.126396761232                  elapsed_time:0.0543241500854
INFO:root:sl:0.0135201856356 sr:0.0446608734708 heading:354 velocity:[1.17, 0.06, 0.21] position:LocationGlobalRelative:lat=55.8686412,lon=-3.1495436,alt=3.84
INFO:root:Angle_optical:33.9313487134 Distance_optical:0.0176511953328 Angle_gps:13.3695974056 Distance_gps:0.237130350511                  elapsed_time:0.113727092743
INFO:root:sl:0.0473909615931 sr:0.10392013273 heading:354 velocity:[1.17, 0.06, 0.21] position:LocationGlobalRelative:lat=55.8686412,lon=-3.1495436,alt=3.84
INFO:root:Angle_optical:24.892032104 Distance_optical:0.124055158629 Angle_gps:12.5569171457 Distance_gps:0.510592233361                  elapsed_time:0.0979239940643
INFO:root:sl:0.0767833070761 sr:0.163179391989 heading:354 velocity:[1.26, 0.11, 0.22] position:LocationGlobalRelative:lat=55.8686438,lon=-3.1495439,alt=3.82
INFO:root:Angle_optical:24.5590256092 Distance_optical:0.275569314569 Angle_gps:13.5554401228 Distance_gps:0.776025813725                  elapsed_time:0.0698997974396
INFO:root:sl:0.0691623431869 sr:0.222438651249 heading:358 velocity:[1.26, 0.11, 0.22] position:LocationGlobalRelative:lat=55.8686438,lon=-3.1495439,alt=3.82
INFO:root:Angle_optical:26.9009282722 Distance_optical:0.57373229208 Angle_gps:11.7607891472 Distance_gps:1.1802442966                  elapsed_time:0.0739850997925
INFO:root:sl:0.0419688316858 sr:0.163179391989 heading:358 velocity:[1.26, 0.11, 0.22] position:LocationGlobalRelative:lat=55.8686438,lon=-3.1495439,alt=3.82
INFO:root:Angle_optical:28.2698700406 Distance_optical:0.774085915112 Angle_gps:10.9938018839 Distance_gps:1.55698703598                  elapsed_time:0.076199054718
INFO:root:sl:0.0657318228089 sr:0.222438651249 heading:358 velocity:[1.32, 0.1, 0.24] position:LocationGlobalRelative:lat=55.8686463,lon=-3.1495443,alt=3.8
INFO:root:Angle_optical:28.6654761545 Distance_optical:1.09031022851 Angle_gps:10.1928935312 Distance_gps:2.00759162113                  elapsed_time:0.0750730037689
INFO:root:sl:0.0571397940992 sr:0.201958746031 heading:0 velocity:[1.32, 0.1, 0.24] position:LocationGlobalRelative:lat=55.8686463,lon=-3.1495443,alt=3.8
INFO:root:Angle_optical:28.8947741853 Distance_optical:1.36311243598 Angle_gps:9.26675120598 Distance_gps:2.43632048014                  elapsed_time:0.0698840618134
INFO:root:sl:0.0667242470687 sr:0.191532241524 heading:0 velocity:[1.32, 0.1, 0.24] position:LocationGlobalRelative:lat=55.8686463,lon=-3.1495443,alt=3.8
INFO:root:Angle_optical:28.4180682849 Distance_optical:1.63787174133 Angle_gps:8.5403555309 Distance_gps:2.88384190955                  elapsed_time:0.0702278614044
INFO:root:sl:0.075997756287 sr:0.198265387923 heading:0 velocity:[1.32, 0.1, 0.24] position:LocationGlobalRelative:lat=55.8686463,lon=-3.1495443,alt=3.8
INFO:root:Angle_optical:27.7936446099 Distance_optical:1.91901461297 Angle_gps:8.00222816062 Distance_gps:3.32210376036                  elapsed_time:0.0708291530609
INFO:root:sl:0.0898900931269 sr:0.205070620301 heading:1 velocity:[1.4, 0.06, 0.29] position:LocationGlobalRelative:lat=55.8686489,lon=-3.1495448,alt=3.79
INFO:root:Angle_optical:26.880756627 Distance_optical:2.21891787829 Angle_gps:7.15578863358 Distance_gps:3.79121242428                  elapsed_time:0.0755739212036
INFO:root:sl:0.0761224822839 sr:0.174061679617 heading:1 velocity:[1.4, 0.06, 0.29] position:LocationGlobalRelative:lat=55.8686489,lon=-3.1495448,alt=3.79
INFO:root:Angle_optical:26.2682231009 Distance_optical:2.47145260868 Angle_gps:6.47816476241 Distance_gps:4.25674234736                  elapsed_time:0.0800950527191
INFO:root:sl:0.0988382546408 sr:0.19662239104 heading:1 velocity:[1.4, 0.06, 0.29] position:LocationGlobalRelative:lat=55.8686489,lon=-3.1495448,alt=3.79
INFO:root:Angle_optical:25.3607302377 Distance_optical:2.76417790199 Angle_gps:5.92290896838 Distance_gps:4.7253425175                  elapsed_time:0.0784208774567
INFO:root:sl:0.0941893376442 sr:0.171883780317 heading:1 velocity:[1.49, 0.06, 0.28] position:LocationGlobalRelative:lat=55.868652,lon=-3.1495456,alt=3.78
INFO:root:Angle_optical:24.5231330831 Distance_optical:3.02315847094 Angle_gps:5.42379885272 Distance_gps:5.22255955808                  elapsed_time:0.0690290927887
INFO:root:sl:0.101171653111 sr:0.169885758495 heading:1 velocity:[1.49, 0.06, 0.28] position:LocationGlobalRelative:lat=55.868652,lon=-3.1495456,alt=3.78
INFO:root:Angle_optical:23.645531006 Distance_optical:3.28402869193 Angle_gps:5.00909824461 Distance_gps:5.72116893714                  elapsed_time:0.0722389221191
INFO:root:sl:0.142133197093 sr:0.2194057133 heading:1 velocity:[1.49, 0.06, 0.28] position:LocationGlobalRelative:lat=55.868652,lon=-3.1495456,alt=3.78
INFO:root:Angle_optical:22.4736654407 Distance_optical:3.62712668885 Angle_gps:4.66022742297 Distance_gps:6.21935082575                  elapsed_time:0.0718021392822
INFO:root:sl:0.107617089887 sr:0.203142280084 heading:1 velocity:[1.59, 0.08, 0.26] position:LocationGlobalRelative:lat=55.8686551,lon=-3.1495463,alt=3.78
INFO:root:Angle_optical:22.0015637315 Distance_optical:3.93383822326 Angle_gps:4.38941018104 Distance_gps:6.7521796246                  elapsed_time:0.0728738307953
INFO:root:sl:0.121208659475 sr:0.224398353246 heading:0 velocity:[1.59, 0.08, 0.26] position:LocationGlobalRelative:lat=55.8686551,lon=-3.1495463,alt=3.78
INFO:root:Angle_optical:21.5470287679 Distance_optical:4.27411679075 Angle_gps:4.25587741158 Distance_gps:7.28533727302                  elapsed_time:0.0769319534302
INFO:root:sl:0.159812326314 sr:0.283657612505 heading:0 velocity:[1.59, 0.08, 0.26] position:LocationGlobalRelative:lat=55.8686551,lon=-3.1495463,alt=3.78
INFO:root:Angle_optical:20.9828257035 Distance_optical:4.70836140211 Angle_gps:4.15157828489 Distance_gps:7.81870476136                  elapsed_time:0.0717179775238
INFO:root:sl:0.146160436146 sr:0.270158862083 heading:0 velocity:[1.59, 0.08, 0.26] position:LocationGlobalRelative:lat=55.8686551,lon=-3.1495463,alt=3.78
INFO:root:Angle_optical:20.6234741976 Distance_optical:5.11892458082 Angle_gps:4.06561356036 Distance_gps:8.35200523453                  elapsed_time:0.070013999939
INFO:root:sl:0.149258580722 sr:0.289591340969 heading:0 velocity:[1.59, 0.08, 0.26] position:LocationGlobalRelative:lat=55.8686551,lon=-3.1495463,alt=3.78
INFO:root:Angle_optical:20.3933660317 Distance_optical:5.55513003411 Angle_gps:3.99223592593 Distance_gps:8.88537768473                  elapsed_time:0.072338104248
INFO:root:sl:0.16367076438 sr:0.296213896426 heading:359 velocity:[1.65, 0.06, 0.29] position:LocationGlobalRelative:lat=55.8686588,lon=-3.1495472,alt=3.79
INFO:root:Angle_optical:20.0916823376 Distance_optical:6.00773411423 Angle_gps:3.95756485781 Distance_gps:9.43858330442                  elapsed_time:0.0730969905853
INFO:root:sl:0.222930023639 sr:0.355473155686 heading:359 velocity:[1.65, 0.06, 0.29] position:LocationGlobalRelative:lat=55.8686588,lon=-3.1495472,alt=3.79
INFO:root:Angle_optical:19.5193977031 Distance_optical:6.56669980082 Angle_gps:3.93624541366 Distance_gps:9.99184773323                  elapsed_time:0.0918121337891
INFO:root:sl:0.20718441018 sr:0.329757727333 heading:359 velocity:[1.65, 0.06, 0.29] position:LocationGlobalRelative:lat=55.8686588,lon=-3.1495472,alt=3.79
INFO:root:Angle_optical:19.0716886781 Distance_optical:7.08599992087 Angle_gps:3.92153446265 Distance_gps:10.5450845516                  elapsed_time:0.0786330699921
INFO:root:sl:0.216319350796 sr:0.332003280684 heading:359 velocity:[1.65, 0.05, 0.28] position:LocationGlobalRelative:lat=55.8686623,lon=-3.1495481,alt=3.79
INFO:root:Angle_optical:18.6159546695 Distance_optical:7.613950374 Angle_gps:3.89300740039 Distance_gps:11.0981952921                  elapsed_time:0.0686960220337
INFO:root:sl:0.22426015083 sr:0.328255141073 heading:359 velocity:[1.65, 0.05, 0.28] position:LocationGlobalRelative:lat=55.8686623,lon=-3.1495481,alt=3.79
INFO:root:Angle_optical:18.1378329442 Distance_optical:8.14276835581 Angle_gps:3.8681127693 Distance_gps:11.6512865656                  elapsed_time:0.0694668292999
INFO:root:sl:0.221504772388 sr:0.324151371763 heading:359 velocity:[1.65, 0.05, 0.28] position:LocationGlobalRelative:lat=55.8686623,lon=-3.1495481,alt=3.79
INFO:root:Angle_optical:17.7231495066 Distance_optical:8.66549875053 Angle_gps:3.84589565887 Distance_gps:12.20437181                  elapsed_time:0.0697889328003
INFO:root:sl:0.194244483363 sr:0.299841599463 heading:0 velocity:[1.64, 0.02, 0.26] position:LocationGlobalRelative:lat=55.8686654,lon=-3.1495492,alt=3.79
INFO:root:Angle_optical:17.4432161306 Distance_optical:9.14236995191 Angle_gps:3.72368602257 Distance_gps:12.7532340069                  elapsed_time:0.083643913269
INFO:root:sl:0.253503742622 sr:0.348332729823 heading:0 velocity:[1.64, 0.02, 0.26] position:LocationGlobalRelative:lat=55.8686654,lon=-3.1495492,alt=3.79
INFO:root:Angle_optical:16.9490128571 Distance_optical:9.71401856538 Angle_gps:3.6049246204 Distance_gps:13.3020352142                  elapsed_time:0.0743510723114
INFO:root:sl:0.222634819281 sr:0.306381368923 heading:0 velocity:[1.64, 0.02, 0.26] position:LocationGlobalRelative:lat=55.8686654,lon=-3.1495492,alt=3.79
INFO:root:Angle_optical:16.5584320106 Distance_optical:10.2170438328 Angle_gps:3.4924808638 Distance_gps:13.8508458721                  elapsed_time:0.072350025177
INFO:root:sl:0.237444700878 sr:0.296905529272 heading:0 velocity:[1.64, 0.02, 0.26] position:LocationGlobalRelative:lat=55.8686654,lon=-3.1495492,alt=3.79
INFO:root:Angle_optical:16.0770445818 Distance_optical:10.718912901 Angle_gps:3.38716814869 Distance_gps:14.399663646                  elapsed_time:0.0696740150452
INFO:root:sl:0.2075390258 sr:0.29661334832 heading:2 velocity:[1.63, 0.05, 0.26] position:LocationGlobalRelative:lat=55.8686687,lon=-3.1495503,alt=3.78
INFO:root:Angle_optical:15.7863932447 Distance_optical:11.2008714436 Angle_gps:3.23034516872 Distance_gps:14.9444697444                  elapsed_time:0.0706250667572
INFO:root:sl:0.25161544163 sr:0.302483682812 heading:2 velocity:[1.63, 0.05, 0.26] position:LocationGlobalRelative:lat=55.8686687,lon=-3.1495503,alt=3.78
INFO:root:Angle_optical:15.2701692336 Distance_optical:11.7180831605 Angle_gps:3.07266776487 Distance_gps:15.4892515905                  elapsed_time:0.0860970020294
INFO:root:sl:0.221947916684 sr:0.289020026025 heading:2 velocity:[1.63, 0.05, 0.26] position:LocationGlobalRelative:lat=55.8686687,lon=-3.1495503,alt=3.78
INFO:root:Angle_optical:14.9128336506 Distance_optical:12.200797804 Angle_gps:2.92014838593 Distance_gps:16.0339894649                  elapsed_time:0.0747609138489
INFO:root:sl:0.200391786502 sr:0.273983287894 heading:2 velocity:[1.64, 0.07, 0.27] position:LocationGlobalRelative:lat=55.868672,lon=-3.1495513,alt=3.77
INFO:root:Angle_optical:14.6494360352 Distance_optical:12.6521987055 Angle_gps:2.79685894061 Distance_gps:16.582832369                  elapsed_time:0.0703268051147
INFO:root:sl:0.225916649051 sr:0.268807857152 heading:5 velocity:[1.64, 0.07, 0.27] position:LocationGlobalRelative:lat=55.868672,lon=-3.1495513,alt=3.77
INFO:root:Angle_optical:14.2189707488 Distance_optical:13.1129061246 Angle_gps:2.54931175454 Distance_gps:17.1280461673                  elapsed_time:0.070643901825
INFO:root:sl:0.257337641471 sr:0.303496208191 heading:5 velocity:[1.64, 0.07, 0.27] position:LocationGlobalRelative:lat=55.868672,lon=-3.1495513,alt=3.77
INFO:root:Angle_optical:13.735516425 Distance_optical:13.6349638808 Angle_gps:2.30010754031 Distance_gps:17.673527885                  elapsed_time:0.0726869106293
INFO:root:sl:0.220548880797 sr:0.265772813803 heading:5 velocity:[1.66, 0.08, 0.26] position:LocationGlobalRelative:lat=55.8686753,lon=-3.1495522,alt=3.76
INFO:root:Angle_optical:13.3559986072 Distance_optical:14.089232269 Angle_gps:2.06447785299 Distance_gps:18.2260229307                  elapsed_time:0.0702178478241
INFO:root:sl:0.217349552606 sr:0.247645149206 heading:6 velocity:[1.66, 0.08, 0.26] position:LocationGlobalRelative:lat=55.8686753,lon=-3.1495522,alt=3.76
INFO:root:Angle_optical:12.9528573457 Distance_optical:14.5200472978 Angle_gps:1.79764348972 Distance_gps:18.777036144                  elapsed_time:0.0804500579834
INFO:root:sl:0.2017406232 sr:0.260725723412 heading:6 velocity:[1.66, 0.08, 0.26] position:LocationGlobalRelative:lat=55.8686753,lon=-3.1495522,alt=3.76
INFO:root:Angle_optical:12.6682325063 Distance_optical:14.956786331 Angle_gps:1.53875014362 Distance_gps:19.3283184963                  elapsed_time:0.0738139152527
INFO:root:sl:0.249392083383 sr:0.319984982671 heading:6 velocity:[1.66, 0.08, 0.26] position:LocationGlobalRelative:lat=55.8686753,lon=-3.1495522,alt=3.76
INFO:root:Angle_optical:12.3287080736 Distance_optical:15.4942142569 Angle_gps:1.29079282776 Distance_gps:19.8797686774                  elapsed_time:0.0703749656677
INFO:root:sl:0.190132824123 sr:0.260725723412 heading:6 velocity:[1.71, 0.12, 0.22] position:LocationGlobalRelative:lat=55.8686785,lon=-3.1495529,alt=3.75
INFO:root:Angle_optical:12.1227628669 Distance_optical:15.9240107369 Angle_gps:1.08241073388 Distance_gps:20.4506140338                  elapsed_time:0.068333864212
INFO:root:sl:0.249392083383 sr:0.319984982671 heading:7 velocity:[1.71, 0.12, 0.22] position:LocationGlobalRelative:lat=55.8686785,lon=-3.1495529,alt=3.75
INFO:root:Angle_optical:11.8039600733 Distance_optical:16.4616432648 Angle_gps:0.845701136738 Distance_gps:21.0198676155                  elapsed_time:0.0724151134491
INFO:root:sl:0.220829106303 sr:0.301887736836 heading:7 velocity:[1.71, 0.12, 0.22] position:LocationGlobalRelative:lat=55.8686785,lon=-3.1495529,alt=3.75
INFO:root:Angle_optical:11.5728612128 Distance_optical:16.9600632901 Angle_gps:0.615787196607 Distance_gps:21.5895743797                  elapsed_time:0.073842048645
INFO:root:sl:0.216637757445 sr:0.301375101559 heading:7 velocity:[1.75, 0.11, 0.31] position:LocationGlobalRelative:lat=55.868682,lon=-3.1495535,alt=3.75
INFO:root:Angle_optical:11.3670190065 Distance_optical:17.4552068938 Angle_gps:0.379058385964 Distance_gps:22.1717462442                  elapsed_time:0.0818150043488
INFO:root:sl:0.275897016704 sr:0.360634360818 heading:6 velocity:[1.75, 0.11, 0.31] position:LocationGlobalRelative:lat=55.868682,lon=-3.1495535,alt=3.75
INFO:root:Angle_optical:11.0861525505 Distance_optical:18.0593447156 Angle_gps:0.189948448482 Distance_gps:22.7561227522                  elapsed_time:0.0737729072571
INFO:root:sl:0.249314791485 sr:0.31755969122 heading:6 velocity:[1.75, 0.11, 0.31] position:LocationGlobalRelative:lat=55.868682,lon=-3.1495535,alt=3.75
INFO:root:Angle_optical:10.8361059321 Distance_optical:18.5956662992 Angle_gps:0.0147315121802 Distance_gps:23.3404324632                  elapsed_time:0.0716199874878
INFO:root:sl:0.291166294818 sr:0.32917955441 heading:6 velocity:[1.75, 0.11, 0.31] position:LocationGlobalRelative:lat=55.868682,lon=-3.1495535,alt=3.75
INFO:root:Angle_optical:10.4805885862 Distance_optical:19.1743140897 Angle_gps:-0.149739889311 Distance_gps:23.9251659963                  elapsed_time:0.0694210529327
INFO:root:sl:0.306967662195 sr:0.289196744249 heading:6 velocity:[1.77, 0.06, 0.43] position:LocationGlobalRelative:lat=55.8686854,lon=-3.1495544,alt=3.77
INFO:root:Angle_optical:10.0146022116 Distance_optical:19.7182185619 Angle_gps:-0.346735720934 Distance_gps:24.5136682171                  elapsed_time:0.0697190761566
INFO:root:sl:0.345424296725 sr:0.245895336315 heading:7 velocity:[1.77, 0.06, 0.43] position:LocationGlobalRelative:lat=55.8686854,lon=-3.1495544,alt=3.77
INFO:root:Angle_optical:9.35253227175 Distance_optical:20.2390891512 Angle_gps:-0.56756075798 Distance_gps:25.1004987836                  elapsed_time:0.0721168518066
INFO:root:sl:0.342200406485 sr:0.231906895994 heading:7 velocity:[1.77, 0.06, 0.43] position:LocationGlobalRelative:lat=55.8686854,lon=-3.1495544,alt=3.77
INFO:root:Angle_optical:8.70177580479 Distance_optical:20.7438136979 Angle_gps:-0.782707151233 Distance_gps:25.6877232962                  elapsed_time:0.070317029953
INFO:root:sl:0.330239984612 sr:0.212213734969 heading:7 velocity:[1.79, 0.1, 0.34] position:LocationGlobalRelative:lat=55.8686893,lon=-3.1495555,alt=3.8
INFO:root:Angle_optical:8.07877905454 Distance_optical:21.2196700538 Angle_gps:-0.964379594284 Distance_gps:26.2841850978                  elapsed_time:0.0756440162659
INFO:root:sl:0.32151608437 sr:0.21425426641 heading:7 velocity:[1.79, 0.1, 0.34] position:LocationGlobalRelative:lat=55.8686893,lon=-3.1495555,alt=3.8
INFO:root:Angle_optical:7.51217130756 Distance_optical:21.693833926 Angle_gps:-1.13895011618 Distance_gps:26.8809117232                  elapsed_time:0.0727310180664
INFO:root:sl:0.380775343629 sr:0.271760878315 heading:9 velocity:[1.79, 0.1, 0.34] position:LocationGlobalRelative:lat=55.8686893,lon=-3.1495555,alt=3.8
INFO:root:Angle_optical:6.880482293 Distance_optical:22.2747077732 Angle_gps:-1.37052250021 Distance_gps:27.4734286651                  elapsed_time:0.0766358375549
INFO:root:sl:0.32151608437 sr:0.271687976169 heading:9 velocity:[1.8, 0.2, 0.29] position:LocationGlobalRelative:lat=55.8686929,lon=-3.149556,alt=3.81
INFO:root:Angle_optical:6.43817612914 Distance_optical:22.8147359702 Angle_gps:-1.53676970055 Distance_gps:28.0779684715                  elapsed_time:0.0755469799042
INFO:root:sl:0.376794951424 sr:0.330947235428 heading:11 velocity:[1.8, 0.2, 0.29] position:LocationGlobalRelative:lat=55.8686929,lon=-3.149556,alt=3.81
INFO:root:Angle_optical:5.93119649797 Distance_optical:23.4595771677 Angle_gps:-1.76594529806 Distance_gps:28.6777384346                  elapsed_time:0.0826859474182
INFO:root:sl:0.31825780308 sr:0.365043821069 heading:11 velocity:[1.8, 0.2, 0.29] position:LocationGlobalRelative:lat=55.8686929,lon=-3.149556,alt=3.81
INFO:root:Angle_optical:5.6527564223 Distance_optical:24.1044573723 Angle_gps:-1.99787549458 Distance_gps:29.2785424246                  elapsed_time:0.077367067337
INFO:root:sl:0.285928949423 sr:0.380194532582 heading:11 velocity:[1.8, 0.2, 0.29] position:LocationGlobalRelative:lat=55.8686929,lon=-3.149556,alt=3.81
INFO:root:Angle_optical:5.49217717162 Distance_optical:24.7439921993 Angle_gps:-2.2265030564 Distance_gps:29.8788883119                  elapsed_time:0.07745885849
INFO:root:sl:0.280667728934 sr:0.414440472314 heading:11 velocity:[1.82, 0.23, 0.24] position:LocationGlobalRelative:lat=55.868697,lon=-3.1495559,alt=3.81
INFO:root:Angle_optical:5.40409000675 Distance_optical:25.4201380194 Angle_gps:-2.4341529191 Distance_gps:30.4893820558                  elapsed_time:0.0748360157013
INFO:root:sl:0.339926988194 sr:0.473699731574 heading:11 velocity:[1.82, 0.23, 0.24] position:LocationGlobalRelative:lat=55.868697,lon=-3.1495559,alt=3.81
INFO:root:Angle_optical:5.25832516739 Distance_optical:26.206036628 Angle_gps:-2.63497592273 Distance_gps:31.0999270829                  elapsed_time:0.0760560035706
INFO:root:sl:0.280667728934 sr:0.423026493085 heading:11 velocity:[1.82, 0.23, 0.24] position:LocationGlobalRelative:lat=55.868697,lon=-3.1495559,alt=3.81
INFO:root:Angle_optical:5.19122444201 Distance_optical:26.8921177229 Angle_gps:-2.8285471711 Distance_gps:31.7109133363                  elapsed_time:0.0795338153839
INFO:root:sl:0.258591599585 sr:0.430562878265 heading:11 velocity:[1.82, 0.22, 0.18] position:LocationGlobalRelative:lat=55.868701,lon=-3.1495556,alt=3.78
INFO:root:Angle_optical:5.19111097591 Distance_optical:27.5714127053 Angle_gps:-3.02081953423 Distance_gps:32.3211216042                  elapsed_time:0.0735809803009
INFO:root:sl:0.317850858844 sr:0.489822137524 heading:11 velocity:[1.82, 0.22, 0.18] position:LocationGlobalRelative:lat=55.868701,lon=-3.1495556,alt=3.78
INFO:root:Angle_optical:5.13534909175 Distance_optical:28.3607113415 Angle_gps:-3.20604414488 Distance_gps:32.9316763311                  elapsed_time:0.0719850063324
INFO:root:sl:0.265350770726 sr:0.452930963955 heading:9 velocity:[1.82, 0.22, 0.18] position:LocationGlobalRelative:lat=55.868701,lon=-3.1495556,alt=3.78
INFO:root:Angle_optical:5.17799589939 Distance_optical:29.0691584958 Angle_gps:-3.32795852296 Distance_gps:33.5461872137                  elapsed_time:0.0793309211731
INFO:root:sl:0.273040904048 sr:0.451503968974 heading:9 velocity:[1.81, 0.16, 0.24] position:LocationGlobalRelative:lat=55.8687052,lon=-3.1495555,alt=3.77
INFO:root:Angle_optical:5.21067102768 Distance_optical:29.7797455533 Angle_gps:-3.46867528242 Distance_gps:34.1522044057                  elapsed_time:0.0862338542938
INFO:root:sl:0.295821058939 sr:0.496654541744 heading:9 velocity:[1.81, 0.16, 0.24] position:LocationGlobalRelative:lat=55.8687052,lon=-3.1495555,alt=3.77
INFO:root:Angle_optical:5.26080604831 Distance_optical:30.5582030945 Angle_gps:-3.6001652486 Distance_gps:34.7589223155                  elapsed_time:0.0784060955048
INFO:root:sl:0.250152913877 sr:0.444550867512 heading:7 velocity:[1.81, 0.16, 0.24] position:LocationGlobalRelative:lat=55.8687052,lon=-3.1495555,alt=3.77
INFO:root:Angle_optical:5.35691024056 Distance_optical:31.2423007252 Angle_gps:-3.67446431751 Distance_gps:35.3679993819                  elapsed_time:0.0731070041656
INFO:root:sl:0.251166221502 sr:0.440762353884 heading:7 velocity:[1.81, 0.16, 0.24] position:LocationGlobalRelative:lat=55.8687052,lon=-3.1495555,alt=3.77
INFO:root:Angle_optical:5.45182091253 Distance_optical:31.9214299076 Angle_gps:-3.73801475563 Distance_gps:35.9764604132                  elapsed_time:0.0725698471069
INFO:root:sl:0.310425480761 sr:0.500021613143 heading:7 velocity:[1.8, 0.11, 0.28] position:LocationGlobalRelative:lat=55.8687092,lon=-3.1495554,alt=3.77
INFO:root:Angle_optical:5.51080310109 Distance_optical:32.7110249788 Angle_gps:-3.8206078667 Distance_gps:36.579385395                  elapsed_time:0.0780870914459
INFO:root:sl:0.251166221502 sr:0.442375435054 heading:4 velocity:[1.8, 0.11, 0.28] position:LocationGlobalRelative:lat=55.8687092,lon=-3.1495554,alt=3.77
INFO:root:Angle_optical:5.6322374747 Distance_optical:33.3894435415 Angle_gps:-3.83017135059 Distance_gps:37.1836628211                  elapsed_time:0.0780658721924
INFO:root:sl:0.233930703607 sr:0.453527035385 heading:4 velocity:[1.8, 0.11, 0.28] position:LocationGlobalRelative:lat=55.8687092,lon=-3.1495554,alt=3.77
INFO:root:Angle_optical:5.80707712847 Distance_optical:34.0645453453 Angle_gps:-3.82951586827 Distance_gps:37.7869012504                  elapsed_time:0.0749359130859
INFO:root:sl:0.231552415261 sr:0.477748935923 heading:4 velocity:[1.8, 0.11, 0.28] position:LocationGlobalRelative:lat=55.8687092,lon=-3.1495554,alt=3.77
INFO:root:Angle_optical:6.01682832415 Distance_optical:34.7638915685 Angle_gps:-3.82399364769 Distance_gps:38.3902822858                  elapsed_time:0.0740840435028
INFO:root:sl:0.216418335325 sr:0.497584763881 heading:4 velocity:[1.79, 0.11, 0.34] position:LocationGlobalRelative:lat=55.8687133,lon=-3.1495551,alt=3.79
INFO:root:Angle_optical:6.27262296425 Distance_optical:35.4725379488 Angle_gps:-3.81616411364 Distance_gps:38.9899661584                  elapsed_time:0.0805859565735
INFO:root:sl:0.180115251578 sr:0.459827938215 heading:3 velocity:[1.79, 0.11, 0.34] position:LocationGlobalRelative:lat=55.8687133,lon=-3.1495551,alt=3.79
INFO:root:Angle_optical:6.54210358808 Distance_optical:36.1111704268 Angle_gps:-3.78679252046 Distance_gps:39.5892977956                  elapsed_time:0.0751049518585
INFO:root:sl:0.208301927643 sr:0.489397256489 heading:3 velocity:[1.79, 0.11, 0.34] position:LocationGlobalRelative:lat=55.8687133,lon=-3.1495551,alt=3.79
INFO:root:Angle_optical:6.79421375958 Distance_optical:36.8036838361 Angle_gps:-3.7552367789 Distance_gps:40.1881752064                  elapsed_time:0.0765540599823
INFO:root:sl:0.243364854543 sr:0.537476406642 heading:3 velocity:[1.82, 0.12, 0.32] position:LocationGlobalRelative:lat=55.8687173,lon=-3.1495549,alt=3.8
INFO:root:Angle_optical:7.03825723327 Distance_optical:37.5761876899 Angle_gps:-3.71873461626 Distance_gps:40.7971748358                  elapsed_time:0.0750238895416
INFO:root:sl:0.20937633711 sr:0.48687758524 heading:2 velocity:[1.82, 0.12, 0.32] position:LocationGlobalRelative:lat=55.8687173,lon=-3.1495549,alt=3.8
INFO:root:Angle_optical:7.27593117457 Distance_optical:38.2665126698 Angle_gps:-3.66275401149 Distance_gps:41.4051618869                  elapsed_time:0.0736939907074
INFO:root:sl:0.219060094708 sr:0.532790523241 heading:2 velocity:[1.82, 0.12, 0.32] position:LocationGlobalRelative:lat=55.8687173,lon=-3.1495549,alt=3.8
INFO:root:Angle_optical:7.54596943928 Distance_optical:39.0139274417 Angle_gps:-3.60562364923 Distance_gps:42.0128717705                  elapsed_time:0.0869059562683
INFO:root:sl:0.171523253806 sr:0.52034503865 heading:2 velocity:[1.85, 0.13, 0.28] position:LocationGlobalRelative:lat=55.8687214,lon=-3.1495543,alt=3.81
INFO:root:Angle_optical:7.86794780711 Distance_optical:39.7111175602 Angle_gps:-3.54426996127 Distance_gps:42.6305045125                  elapsed_time:0.0723829269409
INFO:root:sl:0.133870725429 sr:0.522731548421 heading:2 velocity:[1.85, 0.13, 0.28] position:LocationGlobalRelative:lat=55.8687214,lon=-3.1495543,alt=3.81
INFO:root:Angle_optical:8.24030793457 Distance_optical:40.3825805188 Angle_gps:-3.48403662141 Distance_gps:43.2480484672                  elapsed_time:0.0675549507141
INFO:root:sl:0.115112302431 sr:0.528085187112 heading:1 velocity:[1.85, 0.13, 0.28] position:LocationGlobalRelative:lat=55.8687214,lon=-3.1495543,alt=3.81
INFO:root:Angle_optical:8.64065538244 Distance_optical:41.0451941674 Angle_gps:-3.40632066599 Distance_gps:43.8643117209                  elapsed_time:0.0705509185791
INFO:root:sl:0.114389233601 sr:0.534097114962 heading:1 velocity:[1.85, 0.13, 0.28] position:LocationGlobalRelative:lat=55.8687214,lon=-3.1495543,alt=3.81
INFO:root:Angle_optical:9.03831379174 Distance_optical:41.7146460172 Angle_gps:-3.32834836049 Distance_gps:44.4802918764                  elapsed_time:0.0791668891907
INFO:root:sl:0.173083867707 sr:0.593356374221 heading:0 velocity:[1.89, 0.14, 0.22] position:LocationGlobalRelative:lat=55.8687255,lon=-3.1495538,alt=3.8
INFO:root:Angle_optical:9.40483161348 Distance_optical:42.4936302151 Angle_gps:-3.22802275044 Distance_gps:45.1078059119                  elapsed_time:0.0868611335754
INFO:root:sl:0.185741545972 sr:0.621262402321 heading:0 velocity:[1.89, 0.14, 0.22] position:LocationGlobalRelative:lat=55.8687255,lon=-3.1495538,alt=3.8
INFO:root:Angle_optical:9.77158538074 Distance_optical:43.3132597547 Angle_gps:-3.12766652463 Distance_gps:45.7350328328                  elapsed_time:0.0723659992218
INFO:root:sl:0.163470264286 sr:0.607008716643 heading:0 velocity:[1.89, 0.14, 0.22] position:LocationGlobalRelative:lat=55.8687255,lon=-3.1495538,alt=3.8
INFO:root:Angle_optical:10.1441288115 Distance_optical:44.1013949688 Angle_gps:-3.02869509747 Distance_gps:46.3622103337                  elapsed_time:0.0714690685272
INFO:root:sl:0.185231497517 sr:0.612508166667 heading:0 velocity:[1.91, 0.09, 0.27] position:LocationGlobalRelative:lat=55.8687301,lon=-3.1495532,alt=3.77
INFO:root:Angle_optical:10.4789421124 Distance_optical:44.9133908388 Angle_gps:-2.95163811819 Distance_gps:46.9968599696                  elapsed_time:0.0695731639862
INFO:root:sl:0.173046643086 sr:0.59865695853 heading:0 velocity:[1.91, 0.09, 0.27] position:LocationGlobalRelative:lat=55.8687301,lon=-3.1495532,alt=3.77
INFO:root:Angle_optical:10.8060405717 Distance_optical:45.7021722929 Angle_gps:-2.87633584065 Distance_gps:47.6314956186                  elapsed_time:0.0695388317108
INFO:root:sl:0.149877907002 sr:0.57438842814 heading:358 velocity:[1.91, 0.09, 0.27] position:LocationGlobalRelative:lat=55.8687301,lon=-3.1495532,alt=3.77
INFO:root:Angle_optical:11.1425357369 Distance_optical:46.4449079774 Angle_gps:-2.76771997904 Distance_gps:48.2625669714                  elapsed_time:0.0800020694733
INFO:root:sl:0.194985843285 sr:0.633647687399 heading:358 velocity:[1.9, 0.07, 0.33] position:LocationGlobalRelative:lat=55.8687341,lon=-3.1495528,alt=3.76
INFO:root:Angle_optical:11.4676301029 Distance_optical:47.2868079985 Angle_gps:-2.66574624006 Distance_gps:48.8906828053                  elapsed_time:0.0749890804291
INFO:root:sl:0.172855766565 sr:0.598352011687 heading:357 velocity:[1.9, 0.07, 0.33] position:LocationGlobalRelative:lat=55.8687341,lon=-3.1495528,alt=3.76
INFO:root:Angle_optical:11.7873055186 Distance_optical:48.0721403223 Angle_gps:-2.54719714686 Distance_gps:49.5164138767                  elapsed_time:0.0753591060638
INFO:root:sl:0.163750656696 sr:0.657611270946 heading:357 velocity:[1.9, 0.07, 0.33] position:LocationGlobalRelative:lat=55.8687341,lon=-3.1495528,alt=3.76
INFO:root:Angle_optical:12.1649426928 Distance_optical:48.9158228613 Angle_gps:-2.42850216923 Distance_gps:50.1420531519                  elapsed_time:0.0724279880524
INFO:root:sl:0.139929829742 sr:0.627488460871 heading:357 velocity:[1.9, 0.07, 0.33] position:LocationGlobalRelative:lat=55.8687341,lon=-3.1495528,alt=3.76
INFO:root:Angle_optical:12.5358709402 Distance_optical:49.7095223259 Angle_gps:-2.31127198072 Distance_gps:50.7675468212                  elapsed_time:0.0699148178101
INFO:root:sl:0.112140064144 sr:0.568229201612 heading:357 velocity:[1.92, 0.04, 0.37] position:LocationGlobalRelative:lat=55.8687382,lon=-3.1495525,alt=3.77
INFO:root:Angle_optical:12.8807634499 Distance_optical:50.4186844383 Angle_gps:-2.20634081782 Distance_gps:51.4009903275                  elapsed_time:0.0685319900513
INFO:root:sl:0.139793577771 sr:0.627488460871 heading:357 velocity:[1.92, 0.04, 0.37] position:LocationGlobalRelative:lat=55.8687382,lon=-3.1495525,alt=3.77
INFO:root:Angle_optical:13.2309212145 Distance_optical:51.2153002333 Angle_gps:-2.10364120242 Distance_gps:52.0344374993                  elapsed_time:0.070689201355
INFO:root:sl:0.130900517139 sr:0.573681974078 heading:357 velocity:[1.92, 0.04, 0.37] position:LocationGlobalRelative:lat=55.8687382,lon=-3.1495525,alt=3.77
INFO:root:Angle_optical:13.5379028819 Distance_optical:51.9472670358 Angle_gps:-2.00326644006 Distance_gps:52.6679581797                  elapsed_time:0.0709969997406
INFO:root:sl:0.108671019037 sr:0.54920893874 heading:357 velocity:[1.95, 0.03, 0.33] position:LocationGlobalRelative:lat=55.868743,lon=-3.1495522,alt=3.77
INFO:root:Angle_optical:13.8440350272 Distance_optical:52.6369544108 Angle_gps:-1.90748357658 Distance_gps:53.3118455775                  elapsed_time:0.0742340087891
INFO:root:sl:0.151613338179 sr:0.55775432128 heading:357 velocity:[1.95, 0.03, 0.33] position:LocationGlobalRelative:lat=55.868743,lon=-3.1495522,alt=3.77
INFO:root:Angle_optical:14.0969805844 Distance_optical:53.368620941 Angle_gps:-1.81396753392 Distance_gps:53.955783778                  elapsed_time:0.0728931427002
INFO:root:sl:0.120138184552 sr:0.549230303308 heading:357 velocity:[1.95, 0.03, 0.33] position:LocationGlobalRelative:lat=55.868743,lon=-3.1495522,alt=3.77
INFO:root:Angle_optical:14.3740658006 Distance_optical:54.0688505431 Angle_gps:-1.72265824242 Distance_gps:54.599754612                  elapsed_time:0.0699021816254
INFO:root:sl:0.132161807037 sr:0.545251939077 heading:357 velocity:[1.95, 0.03, 0.33] position:LocationGlobalRelative:lat=55.868743,lon=-3.1495522,alt=3.77
INFO:root:Angle_optical:14.6267874631 Distance_optical:54.7742632703 Angle_gps:-1.63348793929 Distance_gps:55.2437615393                  elapsed_time:0.0691909790039
INFO:root:sl:0.1274118138 sr:0.534922561125 heading:357 velocity:[2.0, 0.03, 0.3] position:LocationGlobalRelative:lat=55.8687472,lon=-3.149552,alt=3.75
INFO:root:Angle_optical:14.8709932785 Distance_optical:55.465527454 Angle_gps:-1.5444416312 Distance_gps:55.9043369515                  elapsed_time:0.0682430267334
INFO:root:sl:0.186671073059 sr:0.594181820384 heading:358 velocity:[2.0, 0.03, 0.3] position:LocationGlobalRelative:lat=55.8687472,lon=-3.149552,alt=3.75
INFO:root:Angle_optical:15.0828735219 Distance_optical:56.2661890424 Angle_gps:-1.45749280519 Distance_gps:56.564935691                  elapsed_time:0.0719878673553
INFO:root:sl:0.173660227091 sr:0.556008903378 heading:358 velocity:[2.0, 0.03, 0.3] position:LocationGlobalRelative:lat=55.8687472,lon=-3.149552,alt=3.75
INFO:root:Angle_optical:15.2721319394 Distance_optical:57.0162445601 Angle_gps:-1.38821304605 Distance_gps:57.2272849699                  elapsed_time:0.0893919467926
INFO:root:sl:0.169000674113 sr:0.559516025283 heading:358 velocity:[2.04, 0.08, 0.37] position:LocationGlobalRelative:lat=55.8687519,lon=-3.1495518,alt=3.75
INFO:root:Angle_optical:15.4617829055 Distance_optical:57.767798877 Angle_gps:-1.30497796593 Distance_gps:57.9014899578                  elapsed_time:0.0726511478424
INFO:root:sl:0.228259933372 sr:0.618775284542 heading:358 velocity:[2.04, 0.08, 0.37] position:LocationGlobalRelative:lat=55.8687519,lon=-3.1495518,alt=3.75
INFO:root:Angle_optical:15.6181192861 Distance_optical:58.6280415268 Angle_gps:-1.22462728144 Distance_gps:58.5758660063                  elapsed_time:0.0693888664246
INFO:root:sl:0.210563855168 sr:0.586995168756 heading:358 velocity:[2.04, 0.08, 0.37] position:LocationGlobalRelative:lat=55.8687519,lon=-3.1495518,alt=3.75
INFO:root:Angle_optical:15.7681901492 Distance_optical:59.4402053301 Angle_gps:-1.14658338483 Distance_gps:59.2502350336                  elapsed_time:0.0685381889343
INFO:root:sl:0.208347086854 sr:0.579166392678 heading:358 velocity:[2.04, 0.08, 0.37] position:LocationGlobalRelative:lat=55.8687519,lon=-3.1495518,alt=3.75
INFO:root:Angle_optical:15.9112746813 Distance_optical:60.2421527518 Angle_gps:-1.07053381926 Distance_gps:59.9246413261                  elapsed_time:0.0710229873657
INFO:root:sl:0.185897362398 sr:0.596320366154 heading:358 velocity:[2.07, 0.09, 0.36] position:LocationGlobalRelative:lat=55.8687566,lon=-3.1495515,alt=3.75
INFO:root:Angle_optical:16.0854203984 Distance_optical:61.0486938856 Angle_gps:-0.996303010867 Distance_gps:60.5990209894                  elapsed_time:0.0708570480347
INFO:root:sl:0.153243967455 sr:0.556719174942 heading:358 velocity:[2.07, 0.09, 0.36] position:LocationGlobalRelative:lat=55.8687566,lon=-3.1495515,alt=3.75
INFO:root:Angle_optical:16.2655057961 Distance_optical:61.7883498913 Angle_gps:-0.919987322173 Distance_gps:61.2830909902                  elapsed_time:0.0795748233795
INFO:root:sl:0.144831249035 sr:0.584449886346 heading:358 velocity:[2.07, 0.09, 0.36] position:LocationGlobalRelative:lat=55.8687566,lon=-3.1495515,alt=3.75
INFO:root:Angle_optical:16.4668594423 Distance_optical:62.5545534995 Angle_gps:-0.845403751384 Distance_gps:61.9671336804                  elapsed_time:0.0756289958954
INFO:root:sl:0.204090508294 sr:0.643709145605 heading:358 velocity:[2.1, 0.11, 0.26] position:LocationGlobalRelative:lat=55.8687611,lon=-3.1495512,alt=3.74
INFO:root:Angle_optical:16.6360811489 Distance_optical:63.4284901166 Angle_gps:-0.765771421081 Distance_gps:62.6606212709                  elapsed_time:0.0738599300385
INFO:root:sl:0.24027247565 sr:0.649175708189 heading:358 velocity:[2.1, 0.11, 0.26] position:LocationGlobalRelative:lat=55.8687611,lon=-3.1495512,alt=3.74
INFO:root:Angle_optical:16.7662617052 Distance_optical:64.3327433397 Angle_gps:-0.687913582487 Distance_gps:63.3540890352                  elapsed_time:0.0676960945129
INFO:root:sl:0.2647798447 sr:0.668956261247 heading:357 velocity:[2.1, 0.11, 0.26] position:LocationGlobalRelative:lat=55.8687611,lon=-3.1495512,alt=3.74
INFO:root:Angle_optical:16.8840611867 Distance_optical:65.2750548093 Angle_gps:-0.597134575996 Distance_gps:64.0453949343                  elapsed_time:0.0703520774841
INFO:root:sl:0.277679394089 sr:0.679209084142 heading:357 velocity:[2.1, 0.11, 0.26] position:LocationGlobalRelative:lat=55.8687611,lon=-3.1495512,alt=3.74
INFO:root:Angle_optical:16.9937087787 Distance_optical:66.2374379248 Angle_gps:-0.506493277328 Distance_gps:64.7366138535                  elapsed_time:0.0700390338898
INFO:root:sl:0.305599965291 sr:0.738468343402 heading:357 velocity:[2.09, 0.12, 0.32] position:LocationGlobalRelative:lat=55.868766,lon=-3.1495509,alt=3.73
INFO:root:Angle_optical:17.1068395039 Distance_optical:67.2857914307 Angle_gps:-0.414299561647 Distance_gps:65.4240419241                  elapsed_time:0.0852689743042
INFO:root:sl:0.246340706032 sr:0.703797621706 heading:355 velocity:[2.09, 0.12, 0.32] position:LocationGlobalRelative:lat=55.868766,lon=-3.1495509,alt=3.73
INFO:root:Angle_optical:17.266328709 Distance_optical:68.2527623163 Angle_gps:-0.295104641455 Distance_gps:66.1058627268                  elapsed_time:0.0777251720428
INFO:root:sl:0.231411831583 sr:0.743886025481 heading:355 velocity:[2.09, 0.12, 0.32] position:LocationGlobalRelative:lat=55.868766,lon=-3.1495509,alt=3.73
INFO:root:Angle_optical:17.4631457154 Distance_optical:69.2547444366 Angle_gps:-0.174452664142 Distance_gps:66.7875242944                  elapsed_time:0.0727939605713
INFO:root:sl:0.189352762908 sr:0.691308402663 heading:355 velocity:[2.09, 0.12, 0.32] position:LocationGlobalRelative:lat=55.868766,lon=-3.1495509,alt=3.73
INFO:root:Angle_optical:17.6674488079 Distance_optical:70.1678166639 Angle_gps:-0.0544108594559 Distance_gps:67.4687706399                  elapsed_time:0.0731809139252
INFO:root:sl:0.186533166232 sr:0.66808493996 heading:355 velocity:[2.05, 0.1, 0.36] position:LocationGlobalRelative:lat=55.8687708,lon=-3.1495508,alt=3.73
INFO:root:Angle_optical:17.8575798571 Distance_optical:71.0529190783 Angle_gps:0.0569469999784 Distance_gps:68.1379473722                  elapsed_time:0.0805730819702
INFO:root:sl:0.245792425491 sr:0.727344199219 heading:353 velocity:[2.05, 0.1, 0.36] position:LocationGlobalRelative:lat=55.8687708,lon=-3.1495508,alt=3.73
INFO:root:Angle_optical:18.0321914942 Distance_optical:72.0428643706 Angle_gps:0.194084509873 Distance_gps:68.8000870228                  elapsed_time:0.0709018707275
INFO:root:sl:0.195891635814 sr:0.674934156269 heading:353 velocity:[2.05, 0.1, 0.36] position:LocationGlobalRelative:lat=55.8687708,lon=-3.1495508,alt=3.73
INFO:root:Angle_optical:18.224095917 Distance_optical:72.9390468633 Angle_gps:0.332636124628 Distance_gps:69.4622888645                  elapsed_time:0.0695579051971
INFO:root:sl:0.171123581142 sr:0.676589816154 heading:353 velocity:[2.05, 0.1, 0.36] position:LocationGlobalRelative:lat=55.8687708,lon=-3.1495508,alt=3.73
INFO:root:Angle_optical:18.4365335778 Distance_optical:73.8190151309 Angle_gps:0.47046509065 Distance_gps:70.1239394759                  elapsed_time:0.0690240859985
INFO:root:sl:0.19431681852 sr:0.65708829432 heading:353 velocity:[2.03, 0.07, 0.37] position:LocationGlobalRelative:lat=55.8687759,lon=-3.1495508,alt=3.73
INFO:root:Angle_optical:18.6143515801 Distance_optical:74.693711582 Angle_gps:0.597609182011 Distance_gps:70.7813293829                  elapsed_time:0.0676729679108
INFO:root:sl:0.163970069201 sr:0.627863858096 heading:353 velocity:[2.03, 0.07, 0.37] position:LocationGlobalRelative:lat=55.8687759,lon=-3.1495508,alt=3.73
INFO:root:Angle_optical:18.7996637502 Distance_optical:75.5143972092 Angle_gps:0.722810946504 Distance_gps:71.4386814171                  elapsed_time:0.0728650093079
INFO:root:sl:0.198897969441 sr:0.687123117355 heading:353 velocity:[2.03, 0.07, 0.37] position:LocationGlobalRelative:lat=55.8687759,lon=-3.1495508,alt=3.73
INFO:root:Angle_optical:18.9812758301 Distance_optical:76.426467495 Angle_gps:0.845892177237 Distance_gps:72.0962715461                  elapsed_time:0.0845658779144
INFO:root:sl:0.162851148982 sr:0.63937000514 heading:353 velocity:[2.02, 0.05, 0.43] position:LocationGlobalRelative:lat=55.8687806,lon=-3.1495508,alt=3.74
INFO:root:Angle_optical:19.1653334113 Distance_optical:77.2600354919 Angle_gps:0.961166594978 Distance_gps:72.7519875036                  elapsed_time:0.0777778625488
INFO:root:sl:0.178332239266 sr:0.683459131289 heading:353 velocity:[2.02, 0.05, 0.43] position:LocationGlobalRelative:lat=55.8687806,lon=-3.1495508,alt=3.74
INFO:root:Angle_optical:19.3540534594 Distance_optical:78.1544352119 Angle_gps:1.07438844708 Distance_gps:73.4078719092                  elapsed_time:0.0704791545868
INFO:root:sl:0.237591498526 sr:0.742718390548 heading:353 velocity:[2.02, 0.05, 0.43] position:LocationGlobalRelative:lat=55.8687806,lon=-3.1495508,alt=3.74
INFO:root:Angle_optical:19.5175637651 Distance_optical:79.156515437 Angle_gps:1.18558996534 Distance_gps:74.0638644067                  elapsed_time:0.0688591003418
INFO:root:sl:0.296850757785 sr:0.801977649807 heading:353 velocity:[1.89, 0.07, 0.45] position:LocationGlobalRelative:lat=55.8687848,lon=-3.1495508,alt=3.76
INFO:root:Angle_optical:19.656103281 Distance_optical:80.265915676 Angle_gps:1.29481083758 Distance_gps:74.7199929708                  elapsed_time:0.0692942142487
INFO:root:sl:0.237591498526 sr:0.742718390548 heading:353 velocity:[1.89, 0.07, 0.45] position:LocationGlobalRelative:lat=55.8687848,lon=-3.1495508,alt=3.76
INFO:root:Angle_optical:19.8112887541 Distance_optical:81.2679698554 Angle_gps:1.40101605608 Distance_gps:75.3325567939                  elapsed_time:0.080414056778
INFO:root:sl:0.296850757785 sr:0.801977649807 heading:354 velocity:[1.89, 0.07, 0.45] position:LocationGlobalRelative:lat=55.8687848,lon=-3.1495508,alt=3.76
INFO:root:Angle_optical:19.9359913214 Distance_optical:82.3780604591 Angle_gps:1.49383393068 Distance_gps:75.9483059914                  elapsed_time:0.0749340057373
INFO:root:sl:0.294398939945 sr:0.783142716931 heading:354 velocity:[1.89, 0.07, 0.45] position:LocationGlobalRelative:lat=55.8687848,lon=-3.1495508,alt=3.76
INFO:root:Angle_optical:20.0480807603 Distance_optical:83.4645359661 Angle_gps:1.58347039461 Distance_gps:76.5640749299                  elapsed_time:0.0717570781708
INFO:root:sl:0.26003551714 sr:0.748717548725 heading:354 velocity:[1.57, 0.08, 0.59] position:LocationGlobalRelative:lat=55.8687888,lon=-3.1495508,alt=3.8
INFO:root:Angle_optical:20.1680840822 Distance_optical:84.489421329 Angle_gps:1.66147797972 Distance_gps:77.0747833781                  elapsed_time:0.0712430477142
INFO:root:sl:0.262835816399 sr:0.806309070729 heading:354 velocity:[1.57, 0.08, 0.59] position:LocationGlobalRelative:lat=55.8687888,lon=-3.1495508,alt=3.8
INFO:root:Angle_optical:20.3067616382 Distance_optical:85.5816256235 Angle_gps:1.73812212955 Distance_gps:77.5855064757                  elapsed_time:0.074462890625
