INFO:root:sl:0.0829802863954 sr:0.0715004249693 heading:143 velocity:[None, None, None] position:LocationGlobalRelative:lat=None,lon=None,alt=None
INFO:root:Angle_optical:-143.990663746 Distance_optical:0.0527402436139 Angle_gps:0.0 Distance_gps:0.0                  elapsed_time:0.059198141098
INFO:root:sl:0.0205659954791 sr:0.017829074377 heading:143 velocity:[None, None, None] position:LocationGlobalRelative:lat=None,lon=None,alt=None
INFO:root:Angle_optical:-144.340156939 Distance_optical:0.0630504857454 Angle_gps:0.0 Distance_gps:0.0                  elapsed_time:1.5793299675
INFO:root:sl:0.0260095261898 sr:0.0171769403584 heading:143 velocity:[None, None, None] position:LocationGlobalRelative:lat=None,lon=None,alt=None
INFO:root:Angle_optical:-146.305725106 Distance_optical:0.0917974653354 Angle_gps:0.0 Distance_gps:0.0                  elapsed_time:0.103994131088
INFO:root:sl:0.0288981035084 sr:0.0238033994502 heading:143 velocity:[None, None, None] position:LocationGlobalRelative:lat=None,lon=None,alt=None
INFO:root:Angle_optical:-146.394475191 Distance_optical:0.123014033943 Angle_gps:0.0 Distance_gps:0.0                  elapsed_time:0.0909309387207
INFO:root:sl:0.0168359819303 sr:0.0185816792165 heading:143 velocity:[None, None, None] position:LocationGlobalRelative:lat=None,lon=None,alt=None
INFO:root:Angle_optical:-144.194520935 Distance_optical:0.15441611432 Angle_gps:0.0 Distance_gps:0.0                  elapsed_time:0.125149965286
INFO:root:sl:0.0158301419139 sr:0.0173722503841 heading:143 velocity:[None, None, None] position:LocationGlobalRelative:lat=None,lon=None,alt=None
INFO:root:Angle_optical:-143.224853425 Distance_optical:0.182250997528 Angle_gps:0.0 Distance_gps:0.0                  elapsed_time:0.136150836945
INFO:root:sl:0.017292535359 sr:0.0175054146598 heading:143 velocity:[None, None, None] position:LocationGlobalRelative:lat=None,lon=None,alt=None
INFO:root:Angle_optical:-142.581098725 Distance_optical:0.215731622217 Angle_gps:0.0 Distance_gps:0.0                  elapsed_time:0.11189699173
INFO:root:sl:0.0153403557203 sr:0.0180609596468 heading:143 velocity:[None, None, None] position:LocationGlobalRelative:lat=None,lon=None,alt=None
INFO:root:Angle_optical:-141.762257448 Distance_optical:0.246471805281 Angle_gps:0.0 Distance_gps:0.0                  elapsed_time:0.0847370624542
INFO:root:sl:0.0125274913134 sr:0.00653889661785 heading:143 velocity:[None, None, None] position:LocationGlobalRelative:lat=None,lon=None,alt=None
INFO:root:Angle_optical:-142.907771146 Distance_optical:0.26501588174 Angle_gps:0.0 Distance_gps:0.0                  elapsed_time:0.122425079346
INFO:root:sl:0.00904029311774 sr:0.0107550392164 heading:143 velocity:[None, None, None] position:LocationGlobalRelative:lat=None,lon=None,alt=None
INFO:root:Angle_optical:-142.446099616 Distance_optical:0.28362654179 Angle_gps:0.0 Distance_gps:0.0                  elapsed_time:0.110590934753
INFO:root:sl:0.0194215447017 sr:0.00883899741318 heading:143 velocity:[None, None, None] position:LocationGlobalRelative:lat=None,lon=None,alt=None
INFO:root:Angle_optical:-144.15841724 Distance_optical:0.311116277313 Angle_gps:0.0 Distance_gps:0.0                  elapsed_time:0.0833868980408
INFO:root:sl:0.00434074994243 sr:0.00833821893833 heading:143 velocity:[None, None, None] position:LocationGlobalRelative:lat=None,lon=None,alt=None
INFO:root:Angle_optical:-143.36438176 Distance_optical:0.322949452238 Angle_gps:0.0 Distance_gps:0.0                  elapsed_time:0.083575963974
INFO:root:sl:0.0074225227145 sr:0.00248230498683 heading:143 velocity:[None, None, None] position:LocationGlobalRelative:lat=None,lon=None,alt=None
INFO:root:Angle_optical:-144.103581334 Distance_optical:0.332632716023 Angle_gps:0.0 Distance_gps:0.0                  elapsed_time:0.0824930667877
INFO:root:sl:0.0139516934385 sr:0.0122357780879 heading:143 velocity:[None, None, None] position:LocationGlobalRelative:lat=None,lon=None,alt=None
INFO:root:Angle_optical:-144.140960668 Distance_optical:0.357604449908 Angle_gps:0.0 Distance_gps:0.0                  elapsed_time:0.0829701423645
INFO:root:sl:0.00511662253007 sr:0.0055803807141 heading:143 velocity:[None, None, None] position:LocationGlobalRelative:lat=None,lon=None,alt=None
INFO:root:Angle_optical:-143.981213103 Distance_optical:0.367763594202 Angle_gps:0.0 Distance_gps:0.0                  elapsed_time:0.0931398868561
INFO:root:sl:0.0100182896655 sr:0.00730449371368 heading:143 velocity:[None, None, None] position:LocationGlobalRelative:lat=None,lon=None,alt=None
INFO:root:Angle_optical:-144.233072274 Distance_optical:0.384380015218 Angle_gps:0.0 Distance_gps:0.0                  elapsed_time:0.0868940353394
INFO:root:sl:0.00437134483198 sr:-0.00355271452034 heading:143 velocity:[None, None, None] position:LocationGlobalRelative:lat=None,lon=None,alt=None
INFO:root:Angle_optical:-144.809990241 Distance_optical:0.388803005876 Angle_gps:0.0 Distance_gps:0.0                  elapsed_time:0.0854179859161
INFO:root:sl:0.0101588682396 sr:0.00626213122711 heading:143 velocity:[None, None, None] position:LocationGlobalRelative:lat=None,lon=None,alt=None
INFO:root:Angle_optical:-145.182617633 Distance_optical:0.404672194043 Angle_gps:0.0 Distance_gps:0.0                  elapsed_time:0.0862588882446
INFO:root:sl:0.00256453757806 sr:0.00365982313259 heading:143 velocity:[None, None, None] position:LocationGlobalRelative:lat=None,lon=None,alt=None
INFO:root:Angle_optical:-144.975204525 Distance_optical:0.410511014252 Angle_gps:0.0 Distance_gps:0.0                  elapsed_time:0.0863988399506
INFO:root:sl:0.00601372074252 sr:0.00541596011697 heading:143 velocity:[None, None, None] position:LocationGlobalRelative:lat=None,lon=None,alt=None
INFO:root:Angle_optical:-144.946716382 Distance_optical:0.421413384244 Angle_gps:0.0 Distance_gps:0.0                  elapsed_time:0.0866079330444
INFO:root:sl:0.00586687829016 sr:0.00578368438094 heading:143 velocity:[None, None, None] position:LocationGlobalRelative:lat=None,lon=None,alt=None
INFO:root:Angle_optical:-144.852855354 Distance_optical:0.432492743967 Angle_gps:0.0 Distance_gps:0.0                  elapsed_time:0.088399887085
INFO:root:sl:0.00247416512525 sr:0.00183437004734 heading:143 velocity:[None, None, None] position:LocationGlobalRelative:lat=None,lon=None,alt=None
INFO:root:Angle_optical:-144.895329745 Distance_optical:0.436630300001 Angle_gps:0.0 Distance_gps:0.0                  elapsed_time:0.0966160297394
INFO:root:sl:-0.000141030869507 sr:-0.00164863594359 heading:143 velocity:[None, None, None] position:LocationGlobalRelative:lat=None,lon=None,alt=None
INFO:root:Angle_optical:-144.895329745 Distance_optical:0.436630300001 Angle_gps:0.0 Distance_gps:0.0                  elapsed_time:0.11373591423
INFO:root:sl:0.00024850423767 sr:0.00218649198193 heading:143 velocity:[None, None, None] position:LocationGlobalRelative:lat=None,lon=None,alt=None
INFO:root:Angle_optical:-144.633613161 Distance_optical:0.438819908122 Angle_gps:0.0 Distance_gps:0.0                  elapsed_time:0.101196050644
INFO:root:sl:-0.00151839667202 sr:-0.000566686476089 heading:143 velocity:[None, None, None] position:LocationGlobalRelative:lat=None,lon=None,alt=None
INFO:root:Angle_optical:-144.633613161 Distance_optical:0.438819908122 Angle_gps:0.0 Distance_gps:0.0                  elapsed_time:0.0915148258209
INFO:root:sl:0.00047535755862 sr:0.00586658882714 heading:143 velocity:[None, None, None] position:LocationGlobalRelative:lat=None,lon=None,alt=None
INFO:root:Angle_optical:-143.921968976 Distance_optical:0.444547475557 Angle_gps:0.0 Distance_gps:0.0                  elapsed_time:0.0868129730225
INFO:root:sl:-7.60847897709e-05 sr:0.000207477281214 heading:143 velocity:[None, None, None] position:LocationGlobalRelative:lat=None,lon=None,alt=None
INFO:root:Angle_optical:-143.895184997 Distance_optical:0.444734437095 Angle_gps:0.0 Distance_gps:0.0                  elapsed_time:0.0859289169312
INFO:root:sl:-0.00272013306521 sr:-0.000461893768533 heading:143 velocity:[None, None, None] position:LocationGlobalRelative:lat=None,lon=None,alt=None
INFO:root:Angle_optical:-143.895184997 Distance_optical:0.444734437095 Angle_gps:0.0 Distance_gps:0.0                  elapsed_time:0.0863230228424
INFO:root:sl:0.000315520540915 sr:0.00640364413332 heading:143 velocity:[None, None, None] position:LocationGlobalRelative:lat=None,lon=None,alt=None
INFO:root:Angle_optical:-143.116215904 Distance_optical:0.450864067688 Angle_gps:0.0 Distance_gps:0.0                  elapsed_time:0.0851809978485
INFO:root:sl:0.00394057219819 sr:0.00128046809748 heading:143 velocity:[None, None, None] position:LocationGlobalRelative:lat=None,lon=None,alt=None
INFO:root:Angle_optical:-143.41007875 Distance_optical:0.455939806047 Angle_gps:0.0 Distance_gps:0.0                  elapsed_time:0.086935043335
INFO:root:sl:-0.00225429723107 sr:7.98996530402e-06 heading:143 velocity:[None, None, None] position:LocationGlobalRelative:lat=None,lon=None,alt=None
INFO:root:Angle_optical:-143.409080787 Distance_optical:0.455947075378 Angle_gps:0.0 Distance_gps:0.0                  elapsed_time:0.0945529937744
INFO:root:sl:-0.00256051476432 sr:0.00167136004002 heading:143 velocity:[None, None, None] position:LocationGlobalRelative:lat=None,lon=None,alt=None
INFO:root:Angle_optical:-143.201022664 Distance_optical:0.457470721613 Angle_gps:0.0 Distance_gps:0.0                  elapsed_time:0.110569953918
INFO:root:sl:0.00146677035589 sr:0.00421275377835 heading:143 velocity:[None, None, None] position:LocationGlobalRelative:lat=None,lon=None,alt=None
INFO:root:Angle_optical:-142.850217744 Distance_optical:0.462780414122 Angle_gps:0.0 Distance_gps:0.0                  elapsed_time:0.101992845535
INFO:root:sl:0.00478885757057 sr:-0.00292575183722 heading:143 velocity:[None, None, None] position:LocationGlobalRelative:lat=None,lon=None,alt=None
INFO:root:Angle_optical:-143.389851029 Distance_optical:0.467518199982 Angle_gps:0.0 Distance_gps:0.0                  elapsed_time:0.0939011573792
INFO:root:sl:-0.00555719680828 sr:-0.00166889630892 heading:143 velocity:[None, None, None] position:LocationGlobalRelative:lat=None,lon=None,alt=None
INFO:root:Angle_optical:-143.389851029 Distance_optical:0.467518199982 Angle_gps:0.0 Distance_gps:0.0                  elapsed_time:0.0861659049988
INFO:root:sl:0.00393154733809 sr:0.0050027261439 heading:143 velocity:[None, None, None] position:LocationGlobalRelative:lat=None,lon=None,alt=None
INFO:root:Angle_optical:-143.22222701 Distance_optical:0.475979935846 Angle_gps:0.0 Distance_gps:0.0                  elapsed_time:0.086061000824
INFO:root:sl:0.000110134622581 sr:-0.0067369746635 heading:143 velocity:[None, None, None] position:LocationGlobalRelative:lat=None,lon=None,alt=None
INFO:root:Angle_optical:-143.234328924 Distance_optical:0.476089084869 Angle_gps:0.0 Distance_gps:0.0                  elapsed_time:0.0851790904999
INFO:root:sl:-0.00135875246813 sr:-0.00478993075975 heading:143 velocity:[None, None, None] position:LocationGlobalRelative:lat=None,lon=None,alt=None
INFO:root:Angle_optical:-143.234328924 Distance_optical:0.476089084869 Angle_gps:0.0 Distance_gps:0.0                  elapsed_time:0.0862560272217
INFO:root:sl:0.00259368994401 sr:0.00218427511362 heading:143 velocity:[None, None, None] position:LocationGlobalRelative:lat=None,lon=None,alt=None
INFO:root:Angle_optical:-143.25849078 Distance_optical:0.480653757401 Angle_gps:0.0 Distance_gps:0.0                  elapsed_time:0.0942189693451
INFO:root:sl:-0.00102400982318 sr:-0.00172065610774 heading:143 velocity:[None, None, None] position:LocationGlobalRelative:lat=None,lon=None,alt=None
INFO:root:Angle_optical:-143.25849078 Distance_optical:0.480653757401 Angle_gps:0.0 Distance_gps:0.0                  elapsed_time:0.133872032166
INFO:root:sl:-0.00271750451604 sr:0.00188230407644 heading:143 velocity:[None, None, None] position:LocationGlobalRelative:lat=None,lon=None,alt=None
INFO:root:Angle_optical:-143.03680608 Distance_optical:0.482374829756 Angle_gps:0.0 Distance_gps:0.0                  elapsed_time:0.0862560272217
INFO:root:sl:-0.00217689180607 sr:-0.0067867815275 heading:143 velocity:[None, None, None] position:LocationGlobalRelative:lat=None,lon=None,alt=None
INFO:root:Angle_optical:-143.03680608 Distance_optical:0.482374829756 Angle_gps:0.0 Distance_gps:0.0                  elapsed_time:0.0863230228424
INFO:root:sl:0.00148099905872 sr:-0.00130474468623 heading:143 velocity:[None, None, None] position:LocationGlobalRelative:lat=None,lon=None,alt=None
INFO:root:Angle_optical:-143.197497416 Distance_optical:0.483839951533 Angle_gps:0.0 Distance_gps:0.0                  elapsed_time:0.0858211517334
INFO:root:sl:-0.00417590041412 sr:0.00232700562087 heading:143 velocity:[None, None, None] position:LocationGlobalRelative:lat=None,lon=None,alt=None
INFO:root:Angle_optical:-142.925733232 Distance_optical:0.485971091792 Angle_gps:0.0 Distance_gps:0.0                  elapsed_time:0.0861740112305
INFO:root:sl:-0.00373909477963 sr:-0.00118517020328 heading:143 velocity:[None, None, None] position:LocationGlobalRelative:lat=None,lon=None,alt=None
INFO:root:Angle_optical:-142.925733232 Distance_optical:0.485971091792 Angle_gps:0.0 Distance_gps:0.0                  elapsed_time:0.0963449478149
INFO:root:sl:-0.00341477720109 sr:-0.00272355556 heading:143 velocity:[None, None, None] position:LocationGlobalRelative:lat=None,lon=None,alt=None
INFO:root:Angle_optical:-142.925733232 Distance_optical:0.485971091792 Angle_gps:0.0 Distance_gps:0.0                  elapsed_time:0.103030920029
INFO:root:sl:-0.00175559243196 sr:0.00316953502371 heading:143 velocity:[None, None, None] position:LocationGlobalRelative:lat=None,lon=None,alt=None
INFO:root:Angle_optical:-142.559395941 Distance_optical:0.488891251541 Angle_gps:0.0 Distance_gps:0.0                  elapsed_time:0.105901956558
INFO:root:sl:-0.00917627817424 sr:-0.0052481968884 heading:143 velocity:[None, None, None] position:LocationGlobalRelative:lat=None,lon=None,alt=None
INFO:root:Angle_optical:-142.559395941 Distance_optical:0.488891251541 Angle_gps:0.0 Distance_gps:0.0                  elapsed_time:0.0936200618744
INFO:root:sl:-0.00438143083063 sr:0.00655487068661 heading:143 velocity:[None, None, None] position:LocationGlobalRelative:lat=None,lon=None,alt=None
INFO:root:Angle_optical:-141.815571196 Distance_optical:0.494992647432 Angle_gps:0.0 Distance_gps:0.0                  elapsed_time:0.0859229564667
INFO:root:sl:-0.00438996014079 sr:-0.0063843827536 heading:143 velocity:[None, None, None] position:LocationGlobalRelative:lat=None,lon=None,alt=None
INFO:root:Angle_optical:-141.815571196 Distance_optical:0.494992647432 Angle_gps:0.0 Distance_gps:0.0                  elapsed_time:0.0868501663208
INFO:root:sl:-0.00629505233074 sr:-0.0038101167455 heading:143 velocity:[None, None, None] position:LocationGlobalRelative:lat=None,lon=None,alt=None
INFO:root:Angle_optical:-141.815571196 Distance_optical:0.494992647432 Angle_gps:0.0 Distance_gps:0.0                  elapsed_time:0.0858368873596
INFO:root:sl:-0.00171147396872 sr:-0.00223744724883 heading:143 velocity:[None, None, None] position:LocationGlobalRelative:lat=None,lon=None,alt=None
INFO:root:Angle_optical:-141.815571196 Distance_optical:0.494992647432 Angle_gps:0.0 Distance_gps:0.0                  elapsed_time:0.087023973465
INFO:root:sl:-0.00358019211394 sr:-0.00805007562953 heading:143 velocity:[None, None, None] position:LocationGlobalRelative:lat=None,lon=None,alt=None
INFO:root:Angle_optical:-141.815571196 Distance_optical:0.494992647432 Angle_gps:0.0 Distance_gps:0.0                  elapsed_time:0.0937240123749
INFO:root:sl:-0.00548017136507 sr:-0.00321444846432 heading:143 velocity:[None, None, None] position:LocationGlobalRelative:lat=None,lon=None,alt=None
INFO:root:Angle_optical:-141.815571196 Distance_optical:0.494992647432 Angle_gps:0.0 Distance_gps:0.0                  elapsed_time:0.108304977417
INFO:root:sl:0.000897512127448 sr:0.00223408614907 heading:143 velocity:[None, None, None] position:LocationGlobalRelative:lat=None,lon=None,alt=None
INFO:root:Angle_optical:-141.663450907 Distance_optical:0.49795698173 Angle_gps:0.0 Distance_gps:0.0                  elapsed_time:0.096804857254
INFO:root:sl:-0.000741601451844 sr:-0.0039774315485 heading:143 velocity:[None, None, None] position:LocationGlobalRelative:lat=None,lon=None,alt=None
INFO:root:Angle_optical:-141.663450907 Distance_optical:0.49795698173 Angle_gps:0.0 Distance_gps:0.0                  elapsed_time:0.0908401012421
INFO:root:sl:-0.00666384504963 sr:-0.00380596697179 heading:143 velocity:[None, None, None] position:LocationGlobalRelative:lat=None,lon=None,alt=None
INFO:root:Angle_optical:-141.663450907 Distance_optical:0.49795698173 Angle_gps:0.0 Distance_gps:0.0                  elapsed_time:0.0857579708099
INFO:root:sl:-0.0040937462385 sr:0.00045941084314 heading:143 velocity:[None, None, None] position:LocationGlobalRelative:lat=None,lon=None,alt=None
INFO:root:Angle_optical:-141.612444989 Distance_optical:0.498388874283 Angle_gps:0.0 Distance_gps:0.0                  elapsed_time:0.0857200622559
INFO:root:sl:-0.00119972851626 sr:-0.00736409518397 heading:143 velocity:[None, None, None] position:LocationGlobalRelative:lat=None,lon=None,alt=None
INFO:root:Angle_optical:-141.612444989 Distance_optical:0.498388874283 Angle_gps:0.0 Distance_gps:0.0                  elapsed_time:0.0870361328125
INFO:root:sl:-0.00179911483323 sr:0.00195589093915 heading:143 velocity:[None, None, None] position:LocationGlobalRelative:lat=None,lon=None,alt=None
INFO:root:Angle_optical:-141.396280036 Distance_optical:0.500232009307 Angle_gps:0.0 Distance_gps:0.0                  elapsed_time:0.0934579372406
INFO:root:sl:5.0552742795e-05 sr:-0.00161516469933 heading:143 velocity:[None, None, None] position:LocationGlobalRelative:lat=None,lon=None,alt=None
INFO:root:Angle_optical:-141.401746433 Distance_optical:0.500280610886 Angle_gps:0.0 Distance_gps:0.0                  elapsed_time:0.115397930145
INFO:root:sl:-0.00309146107741 sr:-0.00476564214288 heading:143 velocity:[None, None, None] position:LocationGlobalRelative:lat=None,lon=None,alt=None
INFO:root:Angle_optical:-141.401746433 Distance_optical:0.500280610886 Angle_gps:0.0 Distance_gps:0.0                  elapsed_time:0.105053186417
INFO:root:sl:-0.00122869481798 sr:0.00107626755947 heading:143 velocity:[None, None, None] position:LocationGlobalRelative:lat=None,lon=None,alt=None
INFO:root:Angle_optical:-141.283476747 Distance_optical:0.50129775336 Angle_gps:0.0 Distance_gps:0.0                  elapsed_time:0.0901198387146
INFO:root:sl:-0.00303441558023 sr:0.0014852872761 heading:143 velocity:[None, None, None] position:LocationGlobalRelative:lat=None,lon=None,alt=None
INFO:root:Angle_optical:-141.121047419 Distance_optical:0.502704936864 Angle_gps:0.0 Distance_gps:0.0                  elapsed_time:0.0888609886169
INFO:root:sl:-0.00368081812509 sr:-0.00967331516599 heading:143 velocity:[None, None, None] position:LocationGlobalRelative:lat=None,lon=None,alt=None
INFO:root:Angle_optical:-141.121047419 Distance_optical:0.502704936864 Angle_gps:0.0 Distance_gps:0.0                  elapsed_time:0.0904359817505
INFO:root:sl:-0.00239453957462 sr:0.00108775329932 heading:143 velocity:[None, None, None] position:LocationGlobalRelative:lat=None,lon=None,alt=None
INFO:root:Angle_optical:-141.002668293 Distance_optical:0.503738041132 Angle_gps:0.0 Distance_gps:0.0                  elapsed_time:0.0964820384979
INFO:root:sl:-0.00530734088483 sr:-0.000195786494861 heading:143 velocity:[None, None, None] position:LocationGlobalRelative:lat=None,lon=None,alt=None
INFO:root:Angle_optical:-141.002668293 Distance_optical:0.503738041132 Angle_gps:0.0 Distance_gps:0.0                  elapsed_time:0.108159780502
INFO:root:sl:-0.00787042207717 sr:-0.00653609882474 heading:143 velocity:[None, None, None] position:LocationGlobalRelative:lat=None,lon=None,alt=None
INFO:root:Angle_optical:-141.002668293 Distance_optical:0.503738041132 Angle_gps:0.0 Distance_gps:0.0                  elapsed_time:0.107247114182
INFO:root:sl:0.000274644301382 sr:-0.00641987275626 heading:143 velocity:[None, None, None] position:LocationGlobalRelative:lat=None,lon=None,alt=None
INFO:root:Angle_optical:-141.032352603 Distance_optical:0.504000352743 Angle_gps:0.0 Distance_gps:0.0                  elapsed_time:0.0875091552734
INFO:root:sl:-0.00399798345028 sr:-0.00380135736114 heading:143 velocity:[None, None, None] position:LocationGlobalRelative:lat=None,lon=None,alt=None
INFO:root:Angle_optical:-141.032352603 Distance_optical:0.504000352743 Angle_gps:0.0 Distance_gps:0.0                  elapsed_time:0.0861768722534
INFO:root:sl:0.00119687736009 sr:0.0015942476925 heading:143 velocity:[None, None, None] position:LocationGlobalRelative:lat=None,lon=None,alt=None
INFO:root:Angle_optical:-140.988733541 Distance_optical:0.506658862632 Angle_gps:0.0 Distance_gps:0.0                  elapsed_time:0.0865211486816
INFO:root:sl:-0.00754186619098 sr:-0.0162322796402 heading:143 velocity:[None, None, None] position:LocationGlobalRelative:lat=None,lon=None,alt=None
INFO:root:Angle_optical:-140.988733541 Distance_optical:0.506658862632 Angle_gps:0.0 Distance_gps:0.0                  elapsed_time:0.086128950119
INFO:root:sl:-0.0047153223569 sr:0.00442084803907 heading:143 velocity:[None, None, None] position:LocationGlobalRelative:lat=None,lon=None,alt=None
INFO:root:Angle_optical:-140.515425784 Distance_optical:0.510880424495 Angle_gps:0.0 Distance_gps:0.0                  elapsed_time:0.0861759185791
INFO:root:sl:-0.00334204493623 sr:-0.0042922356536 heading:143 velocity:[None, None, None] position:LocationGlobalRelative:lat=None,lon=None,alt=None
INFO:root:Angle_optical:-140.515425784 Distance_optical:0.510880424495 Angle_gps:0.0 Distance_gps:0.0                  elapsed_time:0.0980780124664
INFO:root:sl:-0.00492862245195 sr:-0.00192900956494 heading:143 velocity:[None, None, None] position:LocationGlobalRelative:lat=None,lon=None,alt=None
INFO:root:Angle_optical:-140.515425784 Distance_optical:0.510880424495 Angle_gps:0.0 Distance_gps:0.0                  elapsed_time:0.10734796524
INFO:root:sl:0.000425640350901 sr:-0.00160753482136 heading:143 velocity:[None, None, None] position:LocationGlobalRelative:lat=None,lon=None,alt=None
INFO:root:Angle_optical:-140.561160502 Distance_optical:0.511283553835 Angle_gps:0.0 Distance_gps:0.0                  elapsed_time:0.109193086624
INFO:root:sl:-0.00488312445713 sr:0.0039192883696 heading:143 velocity:[None, None, None] position:LocationGlobalRelative:lat=None,lon=None,alt=None
INFO:root:Angle_optical:-140.148056387 Distance_optical:0.515051915857 Angle_gps:0.0 Distance_gps:0.0                  elapsed_time:0.0899460315704
INFO:root:sl:-0.00115499058911 sr:-0.00277918404517 heading:143 velocity:[None, None, None] position:LocationGlobalRelative:lat=None,lon=None,alt=None
INFO:root:Angle_optical:-140.148056387 Distance_optical:0.515051915857 Angle_gps:0.0 Distance_gps:0.0                  elapsed_time:0.086727142334
INFO:root:sl:-0.000971597465972 sr:-0.00090547081864 heading:143 velocity:[None, None, None] position:LocationGlobalRelative:lat=None,lon=None,alt=None
INFO:root:Angle_optical:-140.148056387 Distance_optical:0.515051915857 Angle_gps:0.0 Distance_gps:0.0                  elapsed_time:0.0856430530548
INFO:root:sl:-0.00637372442937 sr:0.00276840629668 heading:143 velocity:[None, None, None] position:LocationGlobalRelative:lat=None,lon=None,alt=None
INFO:root:Angle_optical:-139.859892882 Distance_optical:0.517729649569 Angle_gps:0.0 Distance_gps:0.0                  elapsed_time:0.0859391689301
INFO:root:sl:-0.00211230531436 sr:0.000102049837728 heading:143 velocity:[None, None, None] position:LocationGlobalRelative:lat=None,lon=None,alt=None
INFO:root:Angle_optical:-139.849327514 Distance_optical:0.517828605934 Angle_gps:0.0 Distance_gps:0.0                  elapsed_time:0.0880610942841
INFO:root:sl:-0.000867362468559 sr:-0.00460223304764 heading:143 velocity:[None, None, None] position:LocationGlobalRelative:lat=None,lon=None,alt=None
INFO:root:Angle_optical:-139.849327514 Distance_optical:0.517828605934 Angle_gps:0.0 Distance_gps:0.0                  elapsed_time:0.0946099758148
INFO:root:sl:-0.00580123338271 sr:0.00358299246476 heading:143 velocity:[None, None, None] position:LocationGlobalRelative:lat=None,lon=None,alt=None
INFO:root:Angle_optical:-139.480923156 Distance_optical:0.521314071256 Angle_gps:0.0 Distance_gps:0.0                  elapsed_time:0.103439092636
INFO:root:sl:-0.0103387962969 sr:0.0019905692543 heading:143 velocity:[None, None, None] position:LocationGlobalRelative:lat=None,lon=None,alt=None
INFO:root:Angle_optical:-139.278377547 Distance_optical:0.523259674693 Angle_gps:0.0 Distance_gps:0.0                  elapsed_time:0.100188016891
INFO:root:sl:0.000827613491281 sr:0.00859332613138 heading:143 velocity:[None, None, None] position:LocationGlobalRelative:lat=None,lon=None,alt=None
INFO:root:Angle_optical:-138.509495675 Distance_optical:0.532487102039 Angle_gps:0.0 Distance_gps:0.0                  elapsed_time:0.0885808467865
INFO:root:sl:-0.00615374457214 sr:0.0065826139036 heading:143 velocity:[None, None, None] position:LocationGlobalRelative:lat=None,lon=None,alt=None
INFO:root:Angle_optical:-137.870969887 Distance_optical:0.539046462728 Angle_gps:0.0 Distance_gps:0.0                  elapsed_time:0.087327003479
INFO:root:sl:-0.00271727953131 sr:0.00628228165076 heading:143 velocity:[None, None, None] position:LocationGlobalRelative:lat=None,lon=None,alt=None
INFO:root:Angle_optical:-137.275971085 Distance_optical:0.545367516035 Angle_gps:0.0 Distance_gps:0.0                  elapsed_time:0.0859279632568
INFO:root:sl:-0.00569839576401 sr:-0.00934527404395 heading:143 velocity:[None, None, None] position:LocationGlobalRelative:lat=None,lon=None,alt=None
INFO:root:Angle_optical:-137.275971085 Distance_optical:0.545367516035 Angle_gps:0.0 Distance_gps:0.0                  elapsed_time:0.0857009887695
INFO:root:sl:-0.00874759043155 sr:0.00211056235996 heading:143 velocity:[None, None, None] position:LocationGlobalRelative:lat=None,lon=None,alt=None
INFO:root:Angle_optical:-137.079169432 Distance_optical:0.547504098353 Angle_gps:0.0 Distance_gps:0.0                  elapsed_time:0.0863330364227
INFO:root:sl:0.00053869843388 sr:0.00106477584282 heading:143 velocity:[None, None, None] position:LocationGlobalRelative:lat=None,lon=None,alt=None
INFO:root:Angle_optical:-137.037544567 Distance_optical:0.54906189489 Angle_gps:0.0 Distance_gps:0.0                  elapsed_time:0.0937471389771
INFO:root:sl:-0.00488999088836 sr:-0.00626970766807 heading:143 velocity:[None, None, None] position:LocationGlobalRelative:lat=None,lon=None,alt=None
INFO:root:Angle_optical:-137.037544567 Distance_optical:0.54906189489 Angle_gps:0.0 Distance_gps:0.0                  elapsed_time:0.107403039932
INFO:root:sl:0.00236238733578 sr:0.00322830800739 heading:143 velocity:[None, None, None] position:LocationGlobalRelative:lat=None,lon=None,alt=None
INFO:root:Angle_optical:-136.989357166 Distance_optical:0.554432214175 Angle_gps:0.0 Distance_gps:0.0                  elapsed_time:0.104056835175
INFO:root:sl:-0.00476867791524 sr:-0.00569306917252 heading:143 velocity:[None, None, None] position:LocationGlobalRelative:lat=None,lon=None,alt=None
INFO:root:Angle_optical:-136.989357166 Distance_optical:0.554432214175 Angle_gps:0.0 Distance_gps:0.0                  elapsed_time:0.100507974625
INFO:root:sl:0.00137140109855 sr:0.000962733089402 heading:143 velocity:[None, None, None] position:LocationGlobalRelative:lat=None,lon=None,alt=None
INFO:root:Angle_optical:-137.044875357 Distance_optical:0.556624899337 Angle_gps:0.0 Distance_gps:0.0                  elapsed_time:0.126667976379
INFO:root:sl:-0.000273415880471 sr:0.000457808652598 heading:143 velocity:[None, None, None] position:LocationGlobalRelative:lat=None,lon=None,alt=None
INFO:root:Angle_optical:-137.00311339 Distance_optical:0.557089440995 Angle_gps:0.0 Distance_gps:0.0                  elapsed_time:0.0986289978027
INFO:root:sl:-0.00163735227563 sr:-0.00888928403315 heading:143 velocity:[None, None, None] position:LocationGlobalRelative:lat=None,lon=None,alt=None
INFO:root:Angle_optical:-137.00311339 Distance_optical:0.557089440995 Angle_gps:0.0 Distance_gps:0.0                  elapsed_time:0.0915930271149
INFO:root:sl:0.00157197228317 sr:0.00653370458121 heading:143 velocity:[None, None, None] position:LocationGlobalRelative:lat=None,lon=None,alt=None
INFO:root:Angle_optical:-136.577835519 Distance_optical:0.565130013104 Angle_gps:0.0 Distance_gps:0.0                  elapsed_time:0.0852670669556
INFO:root:sl:0.00239868394093 sr:0.000233527604294 heading:143 velocity:[None, None, None] position:LocationGlobalRelative:lat=None,lon=None,alt=None
INFO:root:Angle_optical:-136.804528977 Distance_optical:0.567480631031 Angle_gps:0.0 Distance_gps:0.0                  elapsed_time:0.0861420631409
INFO:root:sl:-0.00850739306993 sr:-0.00994118220248 heading:143 velocity:[None, None, None] position:LocationGlobalRelative:lat=None,lon=None,alt=None
INFO:root:Angle_optical:-136.804528977 Distance_optical:0.567480631031 Angle_gps:0.0 Distance_gps:0.0                  elapsed_time:0.0863392353058
INFO:root:sl:0.00362583017993 sr:0.00203096648401 heading:143 velocity:[None, None, None] position:LocationGlobalRelative:lat=None,lon=None,alt=None
INFO:root:Angle_optical:-136.994470928 Distance_optical:0.57275197023 Angle_gps:0.0 Distance_gps:0.0                  elapsed_time:0.0934481620789
