INFO:root:Resolotion:324,243
INFO:root:sl:0.00701528819865 sr:0.00840681926434 heading:174 velocity:[0.02, -0.05, 0.05] position:LocationGlobalRelative:lat=0.0,lon=0.0,alt=-1.75
INFO:root:Angle_optical:-171.470476601 Distance_optical:0.00532248096467 Angle_gps:-131.626292061 Distance_gps:0.00193505051987                  elapsed_time:0.104522228241
INFO:root:sl:0.00175382204966 sr:0.00210170481608 heading:174 velocity:[0.02, -0.05, 0.05] position:LocationGlobalRelative:lat=0.0,lon=0.0,alt=-1.75
INFO:root:Angle_optical:-171.176062025 Distance_optical:0.0063675648801 Angle_gps:-130.837202449 Distance_gps:0.00345506609933                  elapsed_time:0.0922431945801
INFO:root:sl:0.00219227756208 sr:0.00262713102011 heading:174 velocity:[0.02, -0.05, 0.05] position:LocationGlobalRelative:lat=0.0,lon=0.0,alt=-1.75
INFO:root:Angle_optical:-171.453996493 Distance_optical:0.00957630904667 Angle_gps:-131.524890949 Distance_gps:0.00718789234664                  elapsed_time:0.0689570903778
INFO:root:sl:0.0027403469526 sr:0.00328391377513 heading:174 velocity:[0.02, -0.05, 0.05] position:LocationGlobalRelative:lat=0.0,lon=0.0,alt=-1.75
INFO:root:Angle_optical:-171.167300751 Distance_optical:0.0131880850303 Angle_gps:-131.218378548 Distance_gps:0.0105495222329                  elapsed_time:0.0707199573517
INFO:root:sl:0.00167161164108 sr:0.00200318740283 heading:174 velocity:[0.02, -0.05, 0.05] position:LocationGlobalRelative:lat=0.0,lon=0.0,alt=-1.75
INFO:root:Angle_optical:-171.417686428 Distance_optical:0.0165272409889 Angle_gps:-131.656079859 Distance_gps:0.0156443031699                  elapsed_time:0.0705969333649
INFO:root:sl:0.00165105903894 sr:0.00197855804952 heading:174 velocity:[0.02, -0.05, 0.05] position:LocationGlobalRelative:lat=0.0,lon=0.0,alt=-1.75
INFO:root:Angle_optical:-171.334750752 Distance_optical:0.0196087715828 Angle_gps:-131.513695582 Distance_gps:0.0204044924839                  elapsed_time:0.0669221878052
INFO:root:sl:0.00151575440815 sr:0.00181641480687 heading:174 velocity:[0.02, -0.05, 0.05] position:LocationGlobalRelative:lat=0.0,lon=0.0,alt=-1.75
INFO:root:Angle_optical:-171.384884032 Distance_optical:0.02283533652 Angle_gps:-131.583400897 Distance_gps:0.0258337029885                  elapsed_time:0.0675039291382
INFO:root:sl:0.00120960627204 sr:0.0014495400648 heading:174 velocity:[0.02, -0.05, 0.05] position:LocationGlobalRelative:lat=0.0,lon=0.0,alt=-1.75
INFO:root:Angle_optical:-171.325035445 Distance_optical:0.0252959643903 Angle_gps:-131.473359338 Distance_gps:0.0310219945421                  elapsed_time:0.0670781135559
INFO:root:sl:0.00109410492978 sr:0.0013111282303 heading:174 velocity:[0.02, -0.05, 0.05] position:LocationGlobalRelative:lat=0.0,lon=0.0,alt=-1.75
INFO:root:Angle_optical:-171.302318181 Distance_optical:0.0276159599701 Angle_gps:-131.434327592 Distance_gps:0.0364301905851                  elapsed_time:0.06951379776
INFO:root:sl:0.000954866402496 sr:0.00114427077549 heading:174 velocity:[0.02, -0.05, 0.05] position:LocationGlobalRelative:lat=0.0,lon=0.0,alt=-1.75
INFO:root:Angle_optical:-171.259337601 Distance_optical:0.0295994867253 Angle_gps:-131.355915964 Distance_gps:0.0417283194635                  elapsed_time:0.0656800270081
INFO:root:sl:0.000814644401081 sr:0.000976234767649 heading:174 velocity:[0.02, -0.05, 0.05] position:LocationGlobalRelative:lat=0.0,lon=0.0,alt=-1.75
INFO:root:Angle_optical:-171.233294699 Distance_optical:0.0313168335936 Angle_gps:-131.308470415 Distance_gps:0.0471050420158                  elapsed_time:0.0670709609985
INFO:root:sl:0.00071590393334 sr:0.00085790844336 heading:174 velocity:[0.02, -0.05, 0.05] position:LocationGlobalRelative:lat=0.0,lon=0.0,alt=-1.75
INFO:root:Angle_optical:-171.206104331 Distance_optical:0.0328134806529 Angle_gps:-131.25605271 Distance_gps:0.0524371016417                  elapsed_time:0.0671560764313
INFO:root:sl:0.000621353684229 sr:0.000744603496625 heading:174 velocity:[0.02, -0.05, 0.04] position:LocationGlobalRelative:lat=0.0,lon=0.0,alt=-1.76
INFO:root:Angle_optical:-171.186408554 Distance_optical:0.0341196074967 Angle_gps:-131.218147886 Distance_gps:0.0577984867012                  elapsed_time:0.0747990608215
INFO:root:sl:0.000537975504663 sr:0.000644686676909 heading:174 velocity:[0.02, -0.05, 0.04] position:LocationGlobalRelative:lat=0.0,lon=0.0,alt=-1.76
INFO:root:Angle_optical:-171.168880201 Distance_optical:0.0352467721722 Angle_gps:-131.182261128 Distance_gps:0.0631423694467                  elapsed_time:0.081729888916
INFO:root:sl:0.000468808280558 sr:0.000561799654223 heading:174 velocity:[0.02, -0.05, 0.04] position:LocationGlobalRelative:lat=0.0,lon=0.0,alt=-1.76
INFO:root:Angle_optical:-171.155094955 Distance_optical:0.0362310649256 Angle_gps:-131.153727431 Distance_gps:0.0684973902268                  elapsed_time:0.0677399635315
INFO:root:sl:0.000407034367363 sr:0.000487772456939 heading:174 velocity:[0.02, -0.05, 0.04] position:LocationGlobalRelative:lat=0.0,lon=0.0,alt=-1.76
INFO:root:Angle_optical:-171.143287911 Distance_optical:0.0370845769909 Angle_gps:-131.127957509 Distance_gps:0.0738456380602                  elapsed_time:0.0659549236298
INFO:root:sl:0.000353454538146 sr:0.000423564697018 heading:174 velocity:[0.02, -0.05, 0.04] position:LocationGlobalRelative:lat=0.0,lon=0.0,alt=-1.76
INFO:root:Angle_optical:-171.133646372 Distance_optical:0.0378263278656 Angle_gps:-131.106295187 Distance_gps:0.0791981487567                  elapsed_time:0.0673069953918
INFO:root:sl:0.000307324296517 sr:0.000368284202045 heading:174 velocity:[0.02, -0.05, 0.04] position:LocationGlobalRelative:lat=0.0,lon=0.0,alt=-1.76
INFO:root:Angle_optical:-171.125449671 Distance_optical:0.0384709562354 Angle_gps:-131.086932731 Distance_gps:0.0845480525989                  elapsed_time:0.0660970211029
INFO:root:sl:0.000266953300506 sr:0.000319905339001 heading:174 velocity:[0.02, -0.05, 0.04] position:LocationGlobalRelative:lat=0.0,lon=0.0,alt=-1.76
INFO:root:Angle_optical:-171.11860217 Distance_optical:0.0390310756887 Angle_gps:-131.070097222 Distance_gps:0.0898995944324                  elapsed_time:0.0713739395142
INFO:root:sl:0.000231933033792 sr:0.000277938559516 heading:174 velocity:[0.02, -0.05, 0.04] position:LocationGlobalRelative:lat=0.0,lon=0.0,alt=-1.76
INFO:root:Angle_optical:-171.112778829 Distance_optical:0.0395176246679 Angle_gps:-131.055006516 Distance_gps:0.0952501362084                  elapsed_time:0.0662240982056
INFO:root:sl:0.000201552657704 sr:0.00024153202514 heading:174 velocity:[0.02, -0.05, 0.04] position:LocationGlobalRelative:lat=0.0,lon=0.0,alt=-1.76
INFO:root:Angle_optical:-171.107848871 Distance_optical:0.0399404915124 Angle_gps:-131.041599683 Distance_gps:0.100601309416                  elapsed_time:0.0671799182892
INFO:root:sl:0.000175109748001 sr:0.000209843980914 heading:174 velocity:[0.02, -0.05, 0.04] position:LocationGlobalRelative:lat=0.0,lon=0.0,alt=-1.76
INFO:root:Angle_optical:-171.103640826 Distance_optical:0.040307853531 Angle_gps:-131.029497197 Distance_gps:0.105952100378                  elapsed_time:0.0660400390625
INFO:root:sl:0.000152148859874 sr:0.000182328641393 heading:174 velocity:[0.02, -0.05, 0.04] position:LocationGlobalRelative:lat=0.0,lon=0.0,alt=-1.76
INFO:root:Angle_optical:-171.100050803 Distance_optical:0.0406270605172 Angle_gps:-131.018586167 Distance_gps:0.111303135858                  elapsed_time:0.0724170207977
INFO:root:sl:0.000132202816395 sr:0.000158426161862 heading:174 velocity:[0.02, -0.05, 0.04] position:LocationGlobalRelative:lat=0.0,lon=0.0,alt=-1.76
INFO:root:Angle_optical:-171.09697441 Distance_optical:0.0409044132833 Angle_gps:-131.008658909 Distance_gps:0.116654026151                  elapsed_time:0.0674080848694
INFO:root:sl:0.000114865356067 sr:0.000137649696042 heading:174 velocity:[0.02, -0.05, 0.04] position:LocationGlobalRelative:lat=0.0,lon=0.0,alt=-1.76
INFO:root:Angle_optical:-171.094336429 Distance_optical:0.0411453974599 Angle_gps:-130.999612296 Distance_gps:0.12200501192                  elapsed_time:0.06702709198
INFO:root:sl:9.9804258084e-05 sr:0.000119601124824 heading:174 velocity:[0.02, -0.05, 0.04] position:LocationGlobalRelative:lat=0.0,lon=0.0,alt=-1.76
INFO:root:Angle_optical:-171.092068588 Distance_optical:0.0413547817205 Angle_gps:-130.991319862 Distance_gps:0.127355943246                  elapsed_time:0.0659170150757
INFO:root:sl:8.67181076365e-05 sr:0.000103919245682 heading:174 velocity:[0.02, -0.05, 0.04] position:LocationGlobalRelative:lat=0.0,lon=0.0,alt=-1.78
INFO:root:Angle_optical:-171.090117041 Distance_optical:0.0415367131621 Angle_gps:-130.983699665 Distance_gps:0.132706912462                  elapsed_time:0.0682771205902
INFO:root:sl:7.5346930447e-05 sr:9.02925166371e-05 heading:174 velocity:[0.02, -0.05, 0.04] position:LocationGlobalRelative:lat=0.0,lon=0.0,alt=-1.78
INFO:root:Angle_optical:-171.088435019 Distance_optical:0.0416947876752 Angle_gps:-130.97666804 Distance_gps:0.138057861827                  elapsed_time:0.086354970932
INFO:root:sl:6.54673240419e-05 sr:7.84532217858e-05 heading:174 velocity:[0.02, -0.05, 0.04] position:LocationGlobalRelative:lat=0.0,lon=0.0,alt=-1.78
INFO:root:Angle_optical:-171.086983975 Distance_optical:0.0418321355923 Angle_gps:-130.970162405 Distance_gps:0.143408826712                  elapsed_time:0.0701830387115
INFO:root:sl:5.68830905313e-05 sr:6.81662460262e-05 heading:174 velocity:[0.02, -0.05, 0.04] position:LocationGlobalRelative:lat=0.0,lon=0.0,alt=-1.78
INFO:root:Angle_optical:-171.085730852 Distance_optical:0.0419514739521 Angle_gps:-130.964124034 Distance_gps:0.148759784829                  elapsed_time:0.0660400390625
INFO:root:sl:4.9424336255e-05 sr:5.92279961123e-05 heading:174 velocity:[0.02, -0.05, 0.04] position:LocationGlobalRelative:lat=0.0,lon=0.0,alt=-1.78
INFO:root:Angle_optical:-171.084647849 Distance_optical:0.0420551642731 Angle_gps:-130.958505435 Distance_gps:0.154110749683                  elapsed_time:0.0671601295471
INFO:root:sl:4.29436877071e-05 sr:5.14618659811e-05 heading:174 velocity:[0.02, -0.05, 0.04] position:LocationGlobalRelative:lat=0.0,lon=0.0,alt=-1.78
INFO:root:Angle_optical:-171.083711162 Distance_optical:0.0421452584049 Angle_gps:-130.953263645 Distance_gps:0.159461712635                  elapsed_time:0.0689840316772
INFO:root:sl:3.73127786234e-05 sr:4.47140270299e-05 heading:174 velocity:[0.02, -0.05, 0.04] position:LocationGlobalRelative:lat=0.0,lon=0.0,alt=-1.78
INFO:root:Angle_optical:-171.082900551 Distance_optical:0.0422235391541 Angle_gps:-130.948362387 Distance_gps:0.164812678808                  elapsed_time:0.0706989765167
INFO:root:sl:3.24202006464e-05 sr:3.88509722808e-05 heading:174 velocity:[0.02, -0.05, 0.04] position:LocationGlobalRelative:lat=0.0,lon=0.0,alt=-1.78
INFO:root:Angle_optical:-171.082198661 Distance_optical:0.0422915554572 Angle_gps:-130.94376928 Distance_gps:0.170163644822                  elapsed_time:0.0661211013794
INFO:root:sl:2.81691667442e-05 sr:3.3756716323e-05 heading:174 velocity:[0.02, -0.05, 0.04] position:LocationGlobalRelative:lat=0.0,lon=0.0,alt=-1.78
INFO:root:Angle_optical:-171.081590639 Distance_optical:0.0423506532725 Angle_gps:-130.939456294 Distance_gps:0.175514612594                  elapsed_time:0.0665230751038
INFO:root:sl:2.44755365035e-05 sr:2.93304289084e-05 heading:174 velocity:[0.02, -0.05, 0.04] position:LocationGlobalRelative:lat=0.0,lon=0.0,alt=-1.78
INFO:root:Angle_optical:-171.081063717 Distance_optical:0.0424020019944 Angle_gps:-130.935398475 Distance_gps:0.180865580778                  elapsed_time:0.0659868717194
INFO:root:sl:2.12662259735e-05 sr:2.5484529378e-05 heading:174 velocity:[0.02, -0.05, 0.04] position:LocationGlobalRelative:lat=0.0,lon=0.0,alt=-1.78
INFO:root:Angle_optical:-171.080606922 Distance_optical:0.0424466177134 Angle_gps:-130.931573881 Distance_gps:0.186216550069                  elapsed_time:0.0680918693542
INFO:root:sl:1.84777323053e-05 sr:2.21429186524e-05 heading:174 velocity:[0.02, -0.05, 0.04] position:LocationGlobalRelative:lat=0.0,lon=0.0,alt=-1.78
INFO:root:Angle_optical:-171.080210802 Distance_optical:0.0424853832814 Angle_gps:-130.927962935 Distance_gps:0.191567519912                  elapsed_time:0.0694620609283
INFO:root:sl:1.60548736956e-05 sr:1.92394692347e-05 heading:174 velocity:[0.02, -0.05, 0.04] position:LocationGlobalRelative:lat=0.0,lon=0.0,alt=-1.78
INFO:root:Angle_optical:-171.07986721 Distance_optical:0.0425190657881 Angle_gps:-130.924548241 Distance_gps:0.196918490542                  elapsed_time:0.06667304039
INFO:root:sl:1.39497079936e-05 sr:1.67167293163e-05 heading:174 velocity:[0.02, -0.05, 0.04] position:LocationGlobalRelative:lat=0.0,lon=0.0,alt=-1.78
INFO:root:Angle_optical:-171.079569112 Distance_optical:0.0425483317392 Angle_gps:-130.921314211 Distance_gps:0.202269461713                  elapsed_time:0.0660710334778
INFO:root:sl:1.21205784986e-05 sr:1.45247793008e-05 heading:174 velocity:[0.02, -0.05, 0.04] position:LocationGlobalRelative:lat=0.0,lon=0.0,alt=-1.78
INFO:root:Angle_optical:-171.079310434 Distance_optical:0.0425737602479 Angle_gps:-130.918246884 Distance_gps:0.207620433489                  elapsed_time:0.0683720111847
INFO:root:sl:1.05312900469e-05 sr:1.2620244463e-05 heading:174 velocity:[0.02, -0.05, 0.04] position:LocationGlobalRelative:lat=0.0,lon=0.0,alt=-1.78
INFO:root:Angle_optical:-171.079085926 Distance_optical:0.042595854491 Angle_gps:-130.91533369 Distance_gps:0.212971405752                  elapsed_time:0.0724210739136
INFO:root:sl:9.15039413479e-06 sr:1.096543827e-05 heading:174 velocity:[0.02, -0.05, 0.04] position:LocationGlobalRelative:lat=0.0,lon=0.0,alt=-1.78
INFO:root:Angle_optical:-171.078891045 Distance_optical:0.0426150516681 Angle_gps:-130.912563298 Distance_gps:0.218322378501                  elapsed_time:0.0764150619507
INFO:root:sl:7.95056567009e-06 sr:9.52761550845e-06 heading:174 velocity:[0.02, -0.05, 0.04] position:LocationGlobalRelative:lat=0.0,lon=0.0,alt=-1.78
INFO:root:Angle_optical:-171.07872186 Distance_optical:0.0426317316511 Angle_gps:-130.909925458 Distance_gps:0.223673351671                  elapsed_time:0.0683090686798
INFO:root:sl:6.90806246295e-06 sr:8.27832456035e-06 heading:174 velocity:[0.02, -0.05, 0.04] position:LocationGlobalRelative:lat=0.0,lon=0.0,alt=-1.78
INFO:root:Angle_optical:-171.078574966 Distance_optical:0.0426462245027 Angle_gps:-130.90741088 Distance_gps:0.229024325243                  elapsed_time:0.0671820640564
INFO:root:sl:6.00225556696e-06 sr:7.19284458471e-06 heading:174 velocity:[0.02, -0.05, 0.04] position:LocationGlobalRelative:lat=0.0,lon=0.0,alt=-1.78
INFO:root:Angle_optical:-171.078447414 Distance_optical:0.042658817006 Angle_gps:-130.905011122 Distance_gps:0.234375299176                  elapsed_time:0.0660319328308
INFO:root:sl:5.215220925e-06 sr:6.24969616338e-06 heading:174 velocity:[0.02, -0.05, 0.04] position:LocationGlobalRelative:lat=0.0,lon=0.0,alt=-1.78
INFO:root:Angle_optical:-171.078336649 Distance_optical:0.0426697583411 Angle_gps:-130.902718493 Distance_gps:0.239726273444                  elapsed_time:0.0672109127045
INFO:root:sl:4.53138473873e-06 sr:5.43021632711e-06 heading:174 velocity:[0.02, -0.05, 0.04] position:LocationGlobalRelative:lat=0.0,lon=0.0,alt=-1.78
INFO:root:Angle_optical:-171.078240454 Distance_optical:0.0426792650137 Angle_gps:-130.900525979 Distance_gps:0.245077248019                  elapsed_time:0.0711390972137
INFO:root:sl:3.93721530767e-06 sr:4.7181892688e-06 heading:174 velocity:[0.02, -0.05, 0.04] position:LocationGlobalRelative:lat=0.0,lon=0.0,alt=-1.78
INFO:root:Angle_optical:-171.078156907 Distance_optical:0.0426875251418 Angle_gps:-130.89842716 Distance_gps:0.250428222876                  elapsed_time:0.0674068927765
INFO:root:sl:3.42095524285e-06 sr:4.09952543982e-06 heading:174 velocity:[0.02, -0.05, 0.04] position:LocationGlobalRelative:lat=0.0,lon=0.0,alt=-1.78
INFO:root:Angle_optical:-171.078084341 Distance_optical:0.0426947021758 Angle_gps:-130.896416156 Distance_gps:0.255779197992                  elapsed_time:0.0665280818939
INFO:root:sl:2.97238882231e-06 sr:3.56198275893e-06 heading:174 velocity:[0.02, -0.05, 0.04] position:LocationGlobalRelative:lat=0.0,lon=0.0,alt=-1.78
INFO:root:Angle_optical:-171.07802131 Distance_optical:0.0427009381347 Angle_gps:-130.894487569 Distance_gps:0.261130173347                  elapsed_time:0.0678160190582
INFO:root:sl:2.58263984321e-06 sr:3.09492436689e-06 heading:174 velocity:[0.02, -0.05, 0.04] position:LocationGlobalRelative:lat=0.0,lon=0.0,alt=-1.78
INFO:root:Angle_optical:-171.077966558 Distance_optical:0.042706356415 Angle_gps:-130.892636435 Distance_gps:0.26648114892                  elapsed_time:0.072026014328
INFO:root:sl:2.24399597709e-06 sr:2.68910814141e-06 heading:174 velocity:[0.02, -0.05, 0.04] position:LocationGlobalRelative:lat=0.0,lon=0.0,alt=-1.78
INFO:root:Angle_optical:-171.077918998 Distance_optical:0.0427110642333 Angle_gps:-130.890858178 Distance_gps:0.271832124693                  elapsed_time:0.0671260356903
INFO:root:sl:1.94975616065e-06 sr:2.33650381681e-06 heading:174 velocity:[0.02, -0.05, 0.04] position:LocationGlobalRelative:lat=0.0,lon=0.0,alt=-1.78
INFO:root:Angle_optical:-171.077877682 Distance_optical:0.0427151547478 Angle_gps:-130.889148579 Distance_gps:0.277183100651                  elapsed_time:0.0657339096069
INFO:root:sl:1.69409799524e-06 sr:2.03013408128e-06 heading:174 velocity:[0.02, -0.05, 0.04] position:LocationGlobalRelative:lat=0.0,lon=0.0,alt=-1.78
INFO:root:Angle_optical:-171.07784179 Distance_optical:0.0427187089012 Angle_gps:-130.887503737 Distance_gps:0.282534076776                  elapsed_time:0.0670039653778
INFO:root:sl:1.47196253325e-06 sr:1.76393650987e-06 heading:174 velocity:[0.02, -0.05, 0.04] position:LocationGlobalRelative:lat=0.0,lon=0.0,alt=-1.8
INFO:root:Angle_optical:-171.077810608 Distance_optical:0.0427217970226 Angle_gps:-130.88592004 Distance_gps:0.287885053055                  elapsed_time:0.0677809715271
INFO:root:sl:1.27895417228e-06 sr:1.53264360199e-06 heading:174 velocity:[0.02, -0.05, 0.04] position:LocationGlobalRelative:lat=0.0,lon=0.0,alt=-1.8
INFO:root:Angle_optical:-171.07778352 Distance_optical:0.04272448022 Angle_gps:-130.884394142 Distance_gps:0.293236029474                  elapsed_time:0.0858190059662
INFO:root:sl:1.11125367519e-06 sr:1.33167854828e-06 heading:174 velocity:[0.02, -0.05, 0.04] position:LocationGlobalRelative:lat=0.0,lon=0.0,alt=-1.8
INFO:root:Angle_optical:-171.077759986 Distance_optical:0.042726811588 Angle_gps:-130.882922934 Distance_gps:0.29858700602                  elapsed_time:0.0718238353729
INFO:root:sl:9.65542595181e-07 sr:1.15706466504e-06 heading:174 velocity:[0.02, -0.05, 0.04] position:LocationGlobalRelative:lat=0.0,lon=0.0,alt=-1.8
INFO:root:Angle_optical:-171.07773954 Distance_optical:0.0427288372598 Angle_gps:-130.881503529 Distance_gps:0.303937982681                  elapsed_time:0.066957950592
INFO:root:sl:8.38937610664e-07 sr:1.00534670383e-06 heading:174 velocity:[0.02, -0.05, 0.04] position:LocationGlobalRelative:lat=0.0,lon=0.0,alt=-1.8
INFO:root:Angle_optical:-171.077721776 Distance_optical:0.0427305973191 Angle_gps:-130.880133237 Distance_gps:0.309288959445                  elapsed_time:0.0661880970001
INFO:root:sl:7.28933470259e-07 sr:8.73522479287e-07 heading:174 velocity:[0.02, -0.05, 0.04] position:LocationGlobalRelative:lat=0.0,lon=0.0,alt=-1.8
INFO:root:Angle_optical:-171.077706343 Distance_optical:0.042732126594 Angle_gps:-130.878809553 Distance_gps:0.314639936304                  elapsed_time:0.0676410198212
INFO:root:sl:6.33353419026e-07 sr:7.58983462038e-07 heading:174 velocity:[0.02, -0.05, 0.04] position:LocationGlobalRelative:lat=0.0,lon=0.0,alt=-1.8
INFO:root:Angle_optical:-171.077692935 Distance_optical:0.0427334553454 Angle_gps:-130.877530138 Distance_gps:0.319990913246                  elapsed_time:0.07306599617
INFO:root:sl:5.50306124987e-07 sr:6.59463161288e-07 heading:174 velocity:[0.02, -0.05, 0.04] position:LocationGlobalRelative:lat=0.0,lon=0.0,alt=-1.8
INFO:root:Angle_optical:-171.077681285 Distance_optical:0.0427346098668 Angle_gps:-130.876292809 Distance_gps:0.325341890262                  elapsed_time:0.0680458545685
INFO:root:sl:4.78148253568e-07 sr:5.72992275653e-07 heading:174 velocity:[0.02, -0.05, 0.04] position:LocationGlobalRelative:lat=0.0,lon=0.0,alt=-1.8
INFO:root:Angle_optical:-171.077671163 Distance_optical:0.0427356130037 Angle_gps:-130.875095522 Distance_gps:0.330692867344                  elapsed_time:0.0657811164856
INFO:root:sl:4.15451949395e-07 sr:4.97859724745e-07 heading:174 velocity:[0.02, -0.05, 0.04] position:LocationGlobalRelative:lat=0.0,lon=0.0,alt=-1.8
INFO:root:Angle_optical:-171.077662369 Distance_optical:0.0427364846061 Angle_gps:-130.873936364 Distance_gps:0.336043844483                  elapsed_time:0.0668709278107
INFO:root:sl:3.60976581988e-07 sr:4.32578790422e-07 heading:174 velocity:[0.02, -0.05, 0.04] position:LocationGlobalRelative:lat=0.0,lon=0.0,alt=-1.8
INFO:root:Angle_optical:-171.077654728 Distance_optical:0.0427372419214 Angle_gps:-130.872813543 Distance_gps:0.34139482167                  elapsed_time:0.0660610198975
INFO:root:sl:3.13644196238e-07 sr:3.75857697705e-07 heading:174 velocity:[0.02, -0.05, 0.04] position:LocationGlobalRelative:lat=0.0,lon=0.0,alt=-1.8
INFO:root:Angle_optical:-171.07764809 Distance_optical:0.0427378999351 Angle_gps:-130.871725377 Distance_gps:0.3467457989                  elapsed_time:0.0721461772919
INFO:root:sl:2.72518181905e-07 sr:3.26574053218e-07 heading:174 velocity:[0.02, -0.05, 0.04] position:LocationGlobalRelative:lat=0.0,lon=0.0,alt=-1.8
INFO:root:Angle_optical:-171.077642322 Distance_optical:0.0427384716678 Angle_gps:-130.870670284 Distance_gps:0.352096776164                  elapsed_time:0.0683999061584
INFO:root:sl:2.36784740033e-07 sr:2.83752635336e-07 heading:174 velocity:[0.02, -0.05, 0.04] position:LocationGlobalRelative:lat=0.0,lon=0.0,alt=-1.8
INFO:root:Angle_optical:-171.07763731 Distance_optical:0.0427389684333 Angle_gps:-130.869646781 Distance_gps:0.357447753455                  elapsed_time:0.0672080516815
INFO:root:sl:2.05736779544e-07 sr:2.46546096565e-07 heading:174 velocity:[0.02, -0.05, 0.04] position:LocationGlobalRelative:lat=0.0,lon=0.0,alt=-1.8
INFO:root:Angle_optical:-171.077632956 Distance_optical:0.0427394000612 Angle_gps:-130.868653469 Distance_gps:0.362798730768                  elapsed_time:0.0657651424408
INFO:root:sl:1.7875992537e-07 sr:2.1421819628e-07 heading:174 velocity:[0.02, -0.05, 0.04] position:LocationGlobalRelative:lat=0.0,lon=0.0,alt=-1.81
INFO:root:Angle_optical:-171.077629172 Distance_optical:0.0427397750928 Angle_gps:-130.867689031 Distance_gps:0.368149708096                  elapsed_time:0.0731000900269
INFO:root:sl:1.55320361237e-07 sr:1.86129232045e-07 heading:174 velocity:[0.02, -0.05, 0.04] position:LocationGlobalRelative:lat=0.0,lon=0.0,alt=-1.81
INFO:root:Angle_optical:-171.077625885 Distance_optical:0.042740100949 Angle_gps:-130.866752227 Distance_gps:0.373500685433                  elapsed_time:0.0855569839478
INFO:root:sl:1.34954266538e-07 sr:1.61723381222e-07 heading:174 velocity:[0.02, -0.05, 0.04] position:LocationGlobalRelative:lat=0.0,lon=0.0,alt=-1.81
INFO:root:Angle_optical:-171.077623029 Distance_optical:0.042740384078 Angle_gps:-130.865841886 Distance_gps:0.378851662774                  elapsed_time:0.0681219100952
INFO:root:sl:1.17258638286e-07 sr:1.40517702387e-07 heading:174 velocity:[0.02, -0.05, 0.04] position:LocationGlobalRelative:lat=0.0,lon=0.0,alt=-1.81
INFO:root:Angle_optical:-171.077620547 Distance_optical:0.0427406300821 Angle_gps:-130.864956902 Distance_gps:0.384202640112                  elapsed_time:0.0658049583435
INFO:root:sl:1.01883316515e-07 sr:1.22092578914e-07 heading:174 velocity:[0.02, -0.05, 0.04] position:LocationGlobalRelative:lat=0.0,lon=0.0,alt=-1.81
INFO:root:Angle_optical:-171.077618391 Distance_optical:0.0427408438295 Angle_gps:-130.864096231 Distance_gps:0.389553617444                  elapsed_time:0.0877799987793
INFO:root:sl:8.85240553348e-08 sr:1.06083415631e-07 heading:174 velocity:[0.02, -0.05, 0.04] position:LocationGlobalRelative:lat=0.0,lon=0.0,alt=-1.81
INFO:root:Angle_optical:-171.077616518 Distance_optical:0.0427410295497 Angle_gps:-130.863258883 Distance_gps:0.394904594764                  elapsed_time:0.0672907829285
INFO:root:sl:7.69165025341e-08 sr:9.21734242328e-08 heading:174 velocity:[0.02, -0.05, 0.04] position:LocationGlobalRelative:lat=0.0,lon=0.0,alt=-1.81
INFO:root:Angle_optical:-171.07761489 Distance_optical:0.0427411909176 Angle_gps:-130.862443923 Distance_gps:0.400255572066                  elapsed_time:0.066890001297
INFO:root:sl:6.6830968596e-08 sr:8.00873546943e-08 heading:174 velocity:[0.02, -0.05, 0.04] position:LocationGlobalRelative:lat=0.0,lon=0.0,alt=-1.81
INFO:root:Angle_optical:-171.077613476 Distance_optical:0.0427413311265 Angle_gps:-130.861650466 Distance_gps:0.405606549348                  elapsed_time:0.0657949447632
INFO:root:sl:5.80678816162e-08 sr:6.95860486394e-08 heading:174 velocity:[0.02, -0.05, 0.04] position:LocationGlobalRelative:lat=0.0,lon=0.0,alt=-1.81
INFO:root:Angle_optical:-171.077612247 Distance_optical:0.0427414529507 Angle_gps:-130.860877671 Distance_gps:0.410957526604                  elapsed_time:0.0686450004578
INFO:root:sl:5.04538381866e-08 sr:6.04617068916e-08 heading:174 velocity:[0.02, -0.05, 0.04] position:LocationGlobalRelative:lat=0.0,lon=0.0,alt=-1.81
INFO:root:Angle_optical:-171.077611179 Distance_optical:0.042741558801 Angle_gps:-130.860124742 Distance_gps:0.41630850383                  elapsed_time:0.0681369304657
INFO:root:sl:4.38381720997e-08 sr:5.25337775563e-08 heading:174 velocity:[0.02, -0.05, 0.04] position:LocationGlobalRelative:lat=0.0,lon=0.0,alt=-1.81
INFO:root:Angle_optical:-171.077610252 Distance_optical:0.0427416507717 Angle_gps:-130.859390922 Distance_gps:0.421659481022                  elapsed_time:0.067076921463
INFO:root:sl:3.80899729756e-08 sr:4.56453832718e-08 heading:174 velocity:[0.02, -0.05, 0.04] position:LocationGlobalRelative:lat=0.0,lon=0.0,alt=-1.81
INFO:root:Angle_optical:-171.077609446 Distance_optical:0.0427417306831 Angle_gps:-130.858675493 Distance_gps:0.427010458175                  elapsed_time:0.0658807754517
INFO:root:sl:3.30954958155e-08 sr:3.966021693e-08 heading:174 velocity:[0.02, -0.05, 0.04] position:LocationGlobalRelative:lat=0.0,lon=0.0,alt=-1.81
INFO:root:Angle_optical:-171.077608745 Distance_optical:0.0427418001162 Angle_gps:-130.857977773 Distance_gps:0.432361435287                  elapsed_time:0.0670700073242
INFO:root:sl:2.87559102227e-08 sr:3.44598444395e-08 heading:174 velocity:[0.02, -0.05, 0.04] position:LocationGlobalRelative:lat=0.0,lon=0.0,alt=-1.81
INFO:root:Angle_optical:-171.077608137 Distance_optical:0.0427418604451 Angle_gps:-130.857297111 Distance_gps:0.437712412353                  elapsed_time:0.0726130008698
INFO:root:sl:2.49853447535e-08 sr:2.99413611603e-08 heading:174 velocity:[0.02, -0.05, 0.03] position:LocationGlobalRelative:lat=0.0,lon=0.0,alt=-1.83
INFO:root:Angle_optical:-171.077607608 Distance_optical:0.0427419128633 Angle_gps:-130.856632889 Distance_gps:0.443063389369                  elapsed_time:0.0694990158081
INFO:root:sl:2.17091876979e-08 sr:2.60153556325e-08 heading:174 velocity:[0.02, -0.05, 0.03] position:LocationGlobalRelative:lat=0.0,lon=0.0,alt=-1.83
INFO:root:Angle_optical:-171.077607149 Distance_optical:0.0427419584084 Angle_gps:-130.85598452 Distance_gps:0.448414366333                  elapsed_time:0.0720238685608
INFO:root:sl:1.88626106685e-08 sr:2.26041403081e-08 heading:174 velocity:[0.02, -0.05, 0.03] position:LocationGlobalRelative:lat=0.0,lon=0.0,alt=-1.83
INFO:root:Angle_optical:-171.077606749 Distance_optical:0.0427419979814 Angle_gps:-130.855351441 Distance_gps:0.453765343241                  elapsed_time:0.0669131278992
INFO:root:sl:1.638928578e-08 sr:1.96402142752e-08 heading:174 velocity:[0.02, -0.05, 0.03] position:LocationGlobalRelative:lat=0.0,lon=0.0,alt=-1.83
INFO:root:Angle_optical:-171.077606402 Distance_optical:0.0427420323654 Angle_gps:-130.854733119 Distance_gps:0.459116320089                  elapsed_time:0.0658020973206
INFO:root:sl:1.42402710366e-08 sr:1.70649275539e-08 heading:174 velocity:[0.02, -0.05, 0.03] position:LocationGlobalRelative:lat=0.0,lon=0.0,alt=-1.83
INFO:root:Angle_optical:-171.077606101 Distance_optical:0.0427420622409 Angle_gps:-130.854129044 Distance_gps:0.464467296875                  elapsed_time:0.067440032959
INFO:root:sl:1.23730418713e-08 sr:1.48273205343e-08 heading:174 velocity:[0.02, -0.05, 0.03] position:LocationGlobalRelative:lat=0.0,lon=0.0,alt=-1.83
INFO:root:Angle_optical:-171.077605839 Distance_optical:0.0427420881992 Angle_gps:-130.853538729 Distance_gps:0.469818273595                  elapsed_time:0.071583032608
INFO:root:sl:1.0750649672e-08 sr:1.28831155909e-08 heading:174 velocity:[0.02, -0.05, 0.03] position:LocationGlobalRelative:lat=0.0,lon=0.0,alt=-1.83
INFO:root:Angle_optical:-171.077605612 Distance_optical:0.0427421107537 Angle_gps:-130.852961708 Distance_gps:0.475169250246                  elapsed_time:0.0672919750214
INFO:root:sl:9.34099064496e-09 sr:1.11938409198e-08 heading:174 velocity:[0.02, -0.05, 0.03] position:LocationGlobalRelative:lat=0.0,lon=0.0,alt=-1.83
INFO:root:Angle_optical:-171.077605414 Distance_optical:0.0427421303507 Angle_gps:-130.852397538 Distance_gps:0.480520226825                  elapsed_time:0.0659799575806
INFO:root:sl:8.11617054705e-09 sr:9.72606926124e-09 heading:174 velocity:[0.02, -0.05, 0.03] position:LocationGlobalRelative:lat=0.0,lon=0.0,alt=-1.83
INFO:root:Angle_optical:-171.077605242 Distance_optical:0.0427421473781 Angle_gps:-130.851845795 Distance_gps:0.485871203329                  elapsed_time:0.0666470527649
INFO:root:sl:7.05195271599e-09 sr:8.45075644297e-09 heading:174 velocity:[0.02, -0.05, 0.03] position:LocationGlobalRelative:lat=0.0,lon=0.0,alt=-1.83
INFO:root:Angle_optical:-171.077605093 Distance_optical:0.0427421621728 Angle_gps:-130.851306071 Distance_gps:0.491222179756                  elapsed_time:0.071576833725
INFO:root:sl:6.127278477e-09 sr:7.342666656e-09 heading:174 velocity:[0.02, -0.05, 0.03] position:LocationGlobalRelative:lat=0.0,lon=0.0,alt=-1.83
INFO:root:Angle_optical:-171.077604963 Distance_optical:0.0427421750276 Angle_gps:-130.850777979 Distance_gps:0.496573156103                  elapsed_time:0.0672199726105
INFO:root:sl:5.32385043501e-09 sr:6.37987309005e-09 heading:174 velocity:[0.02, -0.05, 0.03] position:LocationGlobalRelative:lat=0.0,lon=0.0,alt=-1.83
INFO:root:Angle_optical:-171.077604851 Distance_optical:0.0427421861969 Angle_gps:-130.850261146 Distance_gps:0.501924132366                  elapsed_time:0.0659670829773
INFO:root:sl:4.625770407e-09 sr:5.54332404725e-09 heading:174 velocity:[0.02, -0.05, 0.03] position:LocationGlobalRelative:lat=0.0,lon=0.0,alt=-1.83
INFO:root:Angle_optical:-171.077604753 Distance_optical:0.0427421959016 Angle_gps:-130.849755217 Distance_gps:0.507275108544                  elapsed_time:0.0682809352875
INFO:root:sl:4.01922482975e-09 sr:4.81646594833e-09 heading:174 velocity:[0.02, -0.05, 0.03] position:LocationGlobalRelative:lat=0.0,lon=0.0,alt=-1.83
INFO:root:Angle_optical:-171.077604668 Distance_optical:0.0427422043337 Angle_gps:-130.849259849 Distance_gps:0.512626084634                  elapsed_time:0.0697557926178
INFO:root:sl:3.49221141794e-09 sr:4.18491577141e-09 heading:174 velocity:[0.02, -0.05, 0.03] position:LocationGlobalRelative:lat=0.0,lon=0.0,alt=-1.83
INFO:root:Angle_optical:-171.077604594 Distance_optical:0.0427422116603 Angle_gps:-130.848774715 Distance_gps:0.517977060633                  elapsed_time:0.0679450035095
INFO:root:sl:3.03430166367e-09 sr:3.63617644175e-09 heading:174 velocity:[0.02, -0.05, 0.03] position:LocationGlobalRelative:lat=0.0,lon=0.0,alt=-1.85
INFO:root:Angle_optical:-171.07760453 Distance_optical:0.0427422180261 Angle_gps:-130.848299502 Distance_gps:0.523328036539                  elapsed_time:0.0661869049072
INFO:root:sl:2.63643447784e-09 sr:3.15938954037e-09 heading:174 velocity:[0.02, -0.05, 0.03] position:LocationGlobalRelative:lat=0.0,lon=0.0,alt=-1.85
INFO:root:Angle_optical:-171.077604474 Distance_optical:0.0427422235573 Angle_gps:-130.847833908 Distance_gps:0.528679012349                  elapsed_time:0.0675311088562
INFO:root:sl:2.29073688986e-09 sr:2.74512043838e-09 heading:174 velocity:[0.02, -0.05, 0.03] position:LocationGlobalRelative:lat=0.0,lon=0.0,alt=-1.85
INFO:root:Angle_optical:-171.077604426 Distance_optical:0.0427422283632 Angle_gps:-130.847377645 Distance_gps:0.53402998806                  elapsed_time:0.0657579898834
INFO:root:sl:1.99036825784e-09 sr:2.38517160512e-09 heading:174 velocity:[0.02, -0.05, 0.03] position:LocationGlobalRelative:lat=0.0,lon=0.0,alt=-1.85
INFO:root:Angle_optical:-171.077604383 Distance_optical:0.0427422325387 Angle_gps:-130.846930433 Distance_gps:0.539380963672                  elapsed_time:0.0680501461029
INFO:root:sl:1.72938490639e-09 sr:2.07242039597e-09 heading:174 velocity:[0.02, -0.05, 0.03] position:LocationGlobalRelative:lat=0.0,lon=0.0,alt=-1.85
INFO:root:Angle_optical:-171.077604347 Distance_optical:0.0427422361669 Angle_gps:-130.846492007 Distance_gps:0.54473193918                  elapsed_time:0.0681610107422
INFO:root:sl:1.50262251352e-09 sr:1.80067810987e-09 heading:174 velocity:[0.02, -0.05, 0.03] position:LocationGlobalRelative:lat=0.0,lon=0.0,alt=-1.85
INFO:root:Angle_optical:-171.077604315 Distance_optical:0.0427422393195 Angle_gps:-130.846062111 Distance_gps:0.550082914584                  elapsed_time:0.0671141147614
INFO:root:sl:1.30559391944e-09 sr:1.56456752774e-09 heading:174 velocity:[0.02, -0.05, 0.03] position:LocationGlobalRelative:lat=0.0,lon=0.0,alt=-1.85
INFO:root:Angle_optical:-171.077604287 Distance_optical:0.0427422420585 Angle_gps:-130.845640497 Distance_gps:0.55543388988                  elapsed_time:0.0657079219818
INFO:root:sl:1.13440033484e-09 sr:1.35941650839e-09 heading:174 velocity:[0.02, -0.05, 0.03] position:LocationGlobalRelative:lat=0.0,lon=0.0,alt=-1.85
INFO:root:Angle_optical:-171.077604263 Distance_optical:0.0427422444385 Angle_gps:-130.845226929 Distance_gps:0.560784865067                  elapsed_time:0.0675888061523
INFO:root:sl:9.8565419195e-10 sr:1.1811655365e-09 heading:174 velocity:[0.02, -0.05, 0.03] position:LocationGlobalRelative:lat=0.0,lon=0.0,alt=-1.85
INFO:root:Angle_optical:-171.077604242 Distance_optical:0.0427422465063 Angle_gps:-130.844821178 Distance_gps:0.566135840142                  elapsed_time:0.0689179897308
INFO:root:sl:8.56412111557e-10 sr:1.02628739316e-09 heading:174 velocity:[0.02, -0.05, 0.03] position:LocationGlobalRelative:lat=0.0,lon=0.0,alt=-1.85
INFO:root:Angle_optical:-171.077604224 Distance_optical:0.0427422483031 Angle_gps:-130.844423025 Distance_gps:0.571486815103                  elapsed_time:0.0690958499908
INFO:root:sl:7.44116659586e-10 sr:8.91717359514e-10 heading:174 velocity:[0.02, -0.05, 0.03] position:LocationGlobalRelative:lat=0.0,lon=0.0,alt=-1.85
INFO:root:Angle_optical:-171.077604209 Distance_optical:0.0427422498642 Angle_gps:-130.844032258 Distance_gps:0.576837789948                  elapsed_time:0.0661861896515
INFO:root:sl:6.46545740773e-10 sr:7.74792572293e-10 heading:174 velocity:[0.02, -0.05, 0.03] position:LocationGlobalRelative:lat=0.0,lon=0.0,alt=-1.85
INFO:root:Angle_optical:-171.077604195 Distance_optical:0.0427422512207 Angle_gps:-130.843648674 Distance_gps:0.582188764676                  elapsed_time:0.0673890113831
INFO:root:sl:5.61768627979e-10 sr:6.73199331242e-10 heading:174 velocity:[0.02, -0.05, 0.03] position:LocationGlobalRelative:lat=0.0,lon=0.0,alt=-1.85
INFO:root:Angle_optical:-171.077604183 Distance_optical:0.0427422523992 Angle_gps:-130.843272077 Distance_gps:0.587539739283                  elapsed_time:0.07190990448
INFO:root:sl:4.88107757085e-10 sr:5.84927315762e-10 heading:174 velocity:[0.02, -0.05, 0.03] position:LocationGlobalRelative:lat=0.0,lon=0.0,alt=-1.85
INFO:root:Angle_optical:-171.077604173 Distance_optical:0.0427422534231 Angle_gps:-130.842902277 Distance_gps:0.592890713768                  elapsed_time:0.0678391456604
INFO:root:sl:4.24105531459e-10 sr:5.08229804824e-10 heading:174 velocity:[0.02, -0.05, 0.03] position:LocationGlobalRelative:lat=0.0,lon=0.0,alt=-1.85
INFO:root:Angle_optical:-171.077604164 Distance_optical:0.042742254313 Angle_gps:-130.842539092 Distance_gps:0.598241688128                  elapsed_time:0.0661749839783
INFO:root:sl:3.68495479131e-10 sr:4.41589112957e-10 heading:174 velocity:[0.02, -0.05, 0.03] position:LocationGlobalRelative:lat=0.0,lon=0.0,alt=-1.87
INFO:root:Angle_optical:-171.077604156 Distance_optical:0.0427422550861 Angle_gps:-130.842182345 Distance_gps:0.603592662363                  elapsed_time:0.0674169063568
INFO:root:sl:3.20177191919e-10 sr:3.83686558386e-10 heading:174 velocity:[0.02, -0.05, 0.03] position:LocationGlobalRelative:lat=0.0,lon=0.0,alt=-1.87
INFO:root:Angle_optical:-171.077604149 Distance_optical:0.0427422557578 Angle_gps:-130.841831869 Distance_gps:0.60894363647                  elapsed_time:0.0661988258362
INFO:root:sl:2.78194550627e-10 sr:3.33376369042e-10 heading:174 velocity:[0.02, -0.05, 0.03] position:LocationGlobalRelative:lat=0.0,lon=0.0,alt=-1.87
INFO:root:Angle_optical:-171.077604143 Distance_optical:0.0427422563415 Angle_gps:-130.841487497 Distance_gps:0.614294610447                  elapsed_time:0.0669889450073
INFO:root:sl:2.41716805419e-10 sr:2.89663010096e-10 heading:174 velocity:[0.02, -0.05, 0.03] position:LocationGlobalRelative:lat=0.0,lon=0.0,alt=-1.87
INFO:root:Angle_optical:-171.077604138 Distance_optical:0.0427422568486 Angle_gps:-130.841149073 Distance_gps:0.619645584291                  elapsed_time:0.0709140300751
INFO:root:sl:2.10022136991e-10 sr:2.51681484381e-10 heading:174 velocity:[0.02, -0.05, 0.03] position:LocationGlobalRelative:lat=0.0,lon=0.0,alt=-1.87
INFO:root:Angle_optical:-171.077604134 Distance_optical:0.0427422572892 Angle_gps:-130.840816443 Distance_gps:0.624996558002                  elapsed_time:0.0695791244507
INFO:root:sl:1.82483373259e-10 sr:2.1868021588e-10 heading:174 velocity:[0.02, -0.05, 0.03] position:LocationGlobalRelative:lat=0.0,lon=0.0,alt=-1.87
INFO:root:Angle_optical:-171.07760413 Distance_optical:0.0427422576721 Angle_gps:-130.84048946 Distance_gps:0.630347531577                  elapsed_time:0.0657110214233
INFO:root:sl:1.58555578917e-10 sr:1.90006177589e-10 heading:174 velocity:[0.02, -0.05, 0.03] position:LocationGlobalRelative:lat=0.0,lon=0.0,alt=-1.87
INFO:root:Angle_optical:-171.077604127 Distance_optical:0.0427422580047 Angle_gps:-130.840167981 Distance_gps:0.635698505015                  elapsed_time:0.0670800209045
INFO:root:sl:1.37765272292e-10 sr:1.65091969462e-10 heading:174 velocity:[0.02, -0.05, 0.03] position:LocationGlobalRelative:lat=0.0,lon=0.0,alt=-1.87
INFO:root:Angle_optical:-171.077604124 Distance_optical:0.0427422582937 Angle_gps:-130.839851869 Distance_gps:0.641049478313                  elapsed_time:0.0699360370636
INFO:root:sl:1.19701056117e-10 sr:1.43444590733e-10 heading:174 velocity:[0.02, -0.05, 0.03] position:LocationGlobalRelative:lat=0.0,lon=0.0,alt=-1.87
INFO:root:Angle_optical:-171.077604121 Distance_optical:0.0427422585449 Angle_gps:-130.83954099 Distance_gps:0.64640045147                  elapsed_time:0.0685307979584
INFO:root:sl:1.04005476832e-10 sr:1.24635684446e-10 heading:174 velocity:[0.02, -0.05, 0.03] position:LocationGlobalRelative:lat=0.0,lon=0.0,alt=-1.87
INFO:root:Angle_optical:-171.077604119 Distance_optical:0.0427422587631 Angle_gps:-130.839235215 Distance_gps:0.651751424484                  elapsed_time:0.0658481121063
INFO:root:sl:9.03679513102e-11 sr:1.0829306116e-10 heading:174 velocity:[0.02, -0.05, 0.03] position:LocationGlobalRelative:lat=0.0,lon=0.0,alt=-1.87
INFO:root:Angle_optical:-171.077604117 Distance_optical:0.0427422589528 Angle_gps:-130.83893442 Distance_gps:0.657102397353                  elapsed_time:0.0669260025024
INFO:root:sl:7.85186210648e-11 sr:9.40933340848e-11 heading:174 velocity:[0.02, -0.05, 0.03] position:LocationGlobalRelative:lat=0.0,lon=0.0,alt=-1.87
INFO:root:Angle_optical:-171.077604115 Distance_optical:0.0427422591175 Angle_gps:-130.838638484 Distance_gps:0.662453370075                  elapsed_time:0.0685560703278
INFO:root:sl:6.82230123017e-11 sr:8.17555199228e-11 heading:174 velocity:[0.02, -0.05, 0.03] position:LocationGlobalRelative:lat=0.0,lon=0.0,alt=-1.87
INFO:root:Angle_optical:-171.077604114 Distance_optical:0.0427422592607 Angle_gps:-130.83834729 Distance_gps:0.667804342649                  elapsed_time:0.0682981014252
INFO:root:sl:5.92773961692e-11 sr:7.1035478792e-11 heading:174 velocity:[0.02, -0.05, 0.03] position:LocationGlobalRelative:lat=0.0,lon=0.0,alt=-1.87
INFO:root:Angle_optical:-171.077604112 Distance_optical:0.0427422593851 Angle_gps:-130.838060724 Distance_gps:0.673155315073                  elapsed_time:0.0664219856262
INFO:root:sl:5.15047573839e-11 sr:6.17210831999e-11 heading:174 velocity:[0.02, -0.05, 0.02] position:LocationGlobalRelative:lat=0.0,lon=0.0,alt=-1.89
INFO:root:Angle_optical:-171.077604111 Distance_optical:0.0427422594931 Angle_gps:-130.837778679 Distance_gps:0.678506287344                  elapsed_time:0.0673971176147
INFO:root:sl:4.47512914637e-11 sr:5.36280204787e-11 heading:174 velocity:[0.02, -0.05, 0.02] position:LocationGlobalRelative:lat=0.0,lon=0.0,alt=-1.89
INFO:root:Angle_optical:-171.077604111 Distance_optical:0.042742259587 Angle_gps:-130.837501046 Distance_gps:0.683857259463                  elapsed_time:0.083359003067
INFO:root:sl:3.88833612542e-11 sr:4.65961456177e-11 heading:174 velocity:[0.02, -0.05, 0.02] position:LocationGlobalRelative:lat=0.0,lon=0.0,alt=-1.89
INFO:root:Angle_optical:-171.07760411 Distance_optical:0.0427422596685 Angle_gps:-130.837227725 Distance_gps:0.689208231426                  elapsed_time:0.0693719387054
INFO:root:sl:3.37848525254e-11 sr:4.04863123241e-11 heading:174 velocity:[0.02, -0.05, 0.02] position:LocationGlobalRelative:lat=0.0,lon=0.0,alt=-1.89
INFO:root:Angle_optical:-171.077604109 Distance_optical:0.0427422597394 Angle_gps:-130.836958614 Distance_gps:0.694559203231                  elapsed_time:0.06574010849
INFO:root:sl:2.93548763108e-11 sr:3.51776196051e-11 heading:174 velocity:[0.02, -0.05, 0.02] position:LocationGlobalRelative:lat=0.0,lon=0.0,alt=-1.89
INFO:root:Angle_optical:-171.077604108 Distance_optical:0.042742259801 Angle_gps:-130.836693618 Distance_gps:0.699910174878                  elapsed_time:0.0671119689941
INFO:root:sl:2.55057725226e-11 sr:3.05650193867e-11 heading:174 velocity:[0.02, -0.05, 0.02] position:LocationGlobalRelative:lat=0.0,lon=0.0,alt=-1.89
INFO:root:Angle_optical:-171.077604108 Distance_optical:0.0427422598544 Angle_gps:-130.836432642 Distance_gps:0.705261146365                  elapsed_time:0.0658938884735
INFO:root:sl:2.21613753397e-11 sr:2.6557237829e-11 heading:174 velocity:[0.02, -0.05, 0.02] position:LocationGlobalRelative:lat=0.0,lon=0.0,alt=-1.89
INFO:root:Angle_optical:-171.077604107 Distance_optical:0.0427422599009 Angle_gps:-130.836175596 Distance_gps:0.71061211769                  elapsed_time:0.0682108402252
INFO:root:sl:1.92555060433e-11 sr:2.30749692052e-11 heading:174 velocity:[0.02, -0.05, 0.02] position:LocationGlobalRelative:lat=0.0,lon=0.0,alt=-1.89
INFO:root:Angle_optical:-171.077604107 Distance_optical:0.0427422599413 Angle_gps:-130.835922392 Distance_gps:0.71596308885                  elapsed_time:0.0696358680725
INFO:root:sl:1.67306634764e-11 sr:2.00493066052e-11 heading:174 velocity:[0.02, -0.05, 0.02] position:LocationGlobalRelative:lat=0.0,lon=0.0,alt=-1.89
INFO:root:Angle_optical:-171.077604107 Distance_optical:0.0427422599763 Angle_gps:-130.835672945 Distance_gps:0.721314059846                  elapsed_time:0.0741889476776
INFO:root:sl:1.45368862149e-11 sr:1.74203784098e-11 heading:174 velocity:[0.02, -0.05, 0.02] position:LocationGlobalRelative:lat=0.0,lon=0.0,alt=-1.89
INFO:root:Angle_optical:-171.077604106 Distance_optical:0.042742260007 Angle_gps:-130.83542717 Distance_gps:0.726665030674                  elapsed_time:0.06600689888
INFO:root:sl:1.26307639336e-11 sr:1.51361635551e-11 heading:174 velocity:[0.02, -0.05, 0.02] position:LocationGlobalRelative:lat=0.0,lon=0.0,alt=-1.89
INFO:root:Angle_optical:-171.077604106 Distance_optical:0.0427422600334 Angle_gps:-130.835184989 Distance_gps:0.732016001334                  elapsed_time:0.0669231414795
INFO:root:sl:1.09745784062e-11 sr:1.31514621425e-11 heading:174 velocity:[0.02, -0.05, 0.02] position:LocationGlobalRelative:lat=0.0,lon=0.0,alt=-1.89
INFO:root:Angle_optical:-171.077604106 Distance_optical:0.0427422600564 Angle_gps:-130.834946322 Distance_gps:0.737366971823                  elapsed_time:0.0675489902496
INFO:root:sl:9.53555713868e-12 sr:1.14270010269e-11 heading:174 velocity:[0.02, -0.05, 0.02] position:LocationGlobalRelative:lat=0.0,lon=0.0,alt=-1.89
INFO:root:Angle_optical:-171.077604106 Distance_optical:0.0427422600764 Angle_gps:-130.834711093 Distance_gps:0.74271794214                  elapsed_time:0.0859191417694
INFO:root:sl:8.28522486964e-12 sr:9.92865668111e-12 heading:174 velocity:[0.02, -0.05, 0.02] position:LocationGlobalRelative:lat=0.0,lon=0.0,alt=-1.89
INFO:root:Angle_optical:-171.077604106 Distance_optical:0.0427422600938 Angle_gps:-130.834479229 Distance_gps:0.748068912284                  elapsed_time:0.0661408901215
INFO:root:sl:7.19884010364e-12 sr:8.62677996263e-12 heading:174 velocity:[0.02, -0.05, 0.02] position:LocationGlobalRelative:lat=0.0,lon=0.0,alt=-1.89
INFO:root:Angle_optical:-171.077604105 Distance_optical:0.0427422601089 Angle_gps:-130.834250658 Distance_gps:0.753419882253                  elapsed_time:0.0670809745789
INFO:root:sl:6.25490552799e-12 sr:7.49560941765e-12 heading:174 velocity:[0.02, -0.05, 0.02] position:LocationGlobalRelative:lat=0.0,lon=0.0,alt=-1.89
INFO:root:Angle_optical:-171.077604105 Distance_optical:0.0427422601221 Angle_gps:-130.834025311 Distance_gps:0.758770852045                  elapsed_time:0.068076133728
INFO:root:sl:5.43474262531e-12 sr:6.51276151535e-12 heading:174 velocity:[0.02, -0.05, 0.02] position:LocationGlobalRelative:lat=0.0,lon=0.0,alt=-1.89
INFO:root:Angle_optical:-171.077604105 Distance_optical:0.0427422601335 Angle_gps:-130.833803119 Distance_gps:0.764121821659                  elapsed_time:0.0672719478607
INFO:root:sl:4.72212206423e-12 sr:5.65878772391e-12 heading:174 velocity:[0.02, -0.05, 0.02] position:LocationGlobalRelative:lat=0.0,lon=0.0,alt=-1.89
INFO:root:Angle_optical:-171.077604105 Distance_optical:0.0427422601434 Angle_gps:-130.833584017 Distance_gps:0.769472791092                  elapsed_time:0.0681090354919
INFO:root:sl:4.10294255438e-12 sr:4.91678966423e-12 heading:174 velocity:[0.02, -0.05, 0.02] position:LocationGlobalRelative:lat=0.0,lon=0.0,alt=-1.89
INFO:root:Angle_optical:-171.077604105 Distance_optical:0.0427422601519 Angle_gps:-130.833367941 Distance_gps:0.774823760345                  elapsed_time:0.0679640769958
INFO:root:sl:3.56495181098e-12 sr:4.27208472587e-12 heading:174 velocity:[0.02, -0.05, 0.02] position:LocationGlobalRelative:lat=0.0,lon=0.0,alt=-1.89
INFO:root:Angle_optical:-171.077604105 Distance_optical:0.0427422601595 Angle_gps:-130.833154829 Distance_gps:0.780174729414                  elapsed_time:0.0884408950806
INFO:root:sl:3.0975041074e-12 sr:3.7119155285e-12 heading:174 velocity:[0.02, -0.05, 0.02] position:LocationGlobalRelative:lat=0.0,lon=0.0,alt=-1.89
INFO:root:Angle_optical:-171.077604105 Distance_optical:0.042742260166 Angle_gps:-130.832944619 Distance_gps:0.785525698298                  elapsed_time:0.0672841072083
INFO:root:sl:2.69134961819e-12 sr:3.22519747965e-12 heading:174 velocity:[0.02, -0.05, 0.02] position:LocationGlobalRelative:lat=0.0,lon=0.0,alt=-1.89
INFO:root:Angle_optical:-171.077604105 Distance_optical:0.0427422601717 Angle_gps:-130.832737254 Distance_gps:0.790876666997                  elapsed_time:0.0703120231628
INFO:root:sl:2.33845138414e-12 sr:2.8022994335e-12 heading:174 velocity:[0.02, -0.05, 0.02] position:LocationGlobalRelative:lat=0.0,lon=0.0,alt=-1.89
INFO:root:Angle_optical:-171.077604105 Distance_optical:0.0427422601766 Angle_gps:-130.832532675 Distance_gps:0.796227635507                  elapsed_time:0.0740401744843
INFO:root:sl:2.03182627743e-12 sr:2.43485311041e-12 heading:174 velocity:[0.02, -0.05, 0.02] position:LocationGlobalRelative:lat=0.0,lon=0.0,alt=-1.89
INFO:root:Angle_optical:-171.077604105 Distance_optical:0.0427422601809 Angle_gps:-130.832330827 Distance_gps:0.801578603829                  elapsed_time:0.0657920837402
INFO:root:sl:1.76540681994e-12 sr:2.11558750589e-12 heading:174 velocity:[0.02, -0.05, 0.02] position:LocationGlobalRelative:lat=0.0,lon=0.0,alt=-1.89
INFO:root:Angle_optical:-171.077604105 Distance_optical:0.0427422601846 Angle_gps:-130.832131655 Distance_gps:0.806929571959                  elapsed_time:0.0669889450073
INFO:root:sl:1.53392112038e-12 sr:1.83818501245e-12 heading:174 velocity:[0.02, -0.05, 0.02] position:LocationGlobalRelative:lat=0.0,lon=0.0,alt=-1.89
INFO:root:Angle_optical:-171.077604105 Distance_optical:0.0427422601877 Angle_gps:-130.831935108 Distance_gps:0.812280539898                  elapsed_time:0.0754549503326
INFO:root:sl:1.33278855444e-12 sr:1.59715640719e-12 heading:174 velocity:[0.02, -0.05, 0.02] position:LocationGlobalRelative:lat=0.0,lon=0.0,alt=-1.89
INFO:root:Angle_optical:-171.077604105 Distance_optical:0.0427422601905 Angle_gps:-130.831741132 Distance_gps:0.817631507642                  elapsed_time:0.0708608627319
INFO:root:sl:1.15802912369e-12 sr:1.38773223138e-12 heading:174 velocity:[0.02, -0.05, 0.02] position:LocationGlobalRelative:lat=0.0,lon=0.0,alt=-1.89
INFO:root:Angle_optical:-171.077604104 Distance_optical:0.042742260193 Angle_gps:-130.831549679 Distance_gps:0.822982475191                  elapsed_time:0.0670120716095
INFO:root:sl:1.00618469963e-12 sr:1.20576841276e-12 heading:174 velocity:[0.02, -0.05, 0.03] position:LocationGlobalRelative:lat=0.0,lon=0.0,alt=-1.89
INFO:root:Angle_optical:-171.077604105 Distance_optical:0.042742260195 Angle_gps:-130.831360698 Distance_gps:0.828333442543                  elapsed_time:0.0679008960724
INFO:root:sl:8.74250594439e-13 sr:1.04766426283e-12 heading:174 velocity:[0.02, -0.05, 0.03] position:LocationGlobalRelative:lat=0.0,lon=0.0,alt=-1.89
INFO:root:Angle_optical:-171.077604104 Distance_optical:0.0427422601969 Angle_gps:-130.831174143 Distance_gps:0.833684409697                  elapsed_time:0.065927028656
INFO:root:sl:7.59616104439e-13 sr:9.10291226743e-13 heading:174 velocity:[0.02, -0.05, 0.03] position:LocationGlobalRelative:lat=0.0,lon=0.0,alt=-1.89
INFO:root:Angle_optical:-171.077604104 Distance_optical:0.0427422601984 Angle_gps:-130.830989967 Distance_gps:0.839035376651                  elapsed_time:0.06702709198
INFO:root:sl:6.60012849626e-13 sr:7.90930975583e-13 heading:174 velocity:[0.02, -0.05, 0.03] position:LocationGlobalRelative:lat=0.0,lon=0.0,alt=-1.88
INFO:root:Angle_optical:-171.077604104 Distance_optical:0.0427422601998 Angle_gps:-130.830808125 Distance_gps:0.844386343403                  elapsed_time:0.0679321289062
INFO:root:sl:5.73469887126e-13 sr:6.8722161629e-13 heading:174 velocity:[0.02, -0.05, 0.03] position:LocationGlobalRelative:lat=0.0,lon=0.0,alt=-1.88
INFO:root:Angle_optical:-171.077604105 Distance_optical:0.042742260201 Angle_gps:-130.830628573 Distance_gps:0.849737309953                  elapsed_time:0.0844721794128
INFO:root:sl:4.98274710298e-13 sr:5.97110954654e-13 heading:174 velocity:[0.02, -0.05, 0.03] position:LocationGlobalRelative:lat=0.0,lon=0.0,alt=-1.88
INFO:root:Angle_optical:-171.077604105 Distance_optical:0.042742260202 Angle_gps:-130.830451268 Distance_gps:0.855088276298                  elapsed_time:0.0670118331909
INFO:root:sl:4.32939361763e-13 sr:5.18815886632e-13 heading:174 velocity:[0.02, -0.05, 0.03] position:LocationGlobalRelative:lat=0.0,lon=0.0,alt=-1.88
INFO:root:Angle_optical:-171.077604105 Distance_optical:0.0427422602029 Angle_gps:-130.830276167 Distance_gps:0.860439242437                  elapsed_time:0.0665938854218
INFO:root:sl:3.76170989797e-13 sr:4.50787114394e-13 heading:174 velocity:[0.02, -0.05, 0.02] position:LocationGlobalRelative:lat=0.0,lon=0.0,alt=-1.88
INFO:root:Angle_optical:-171.077604104 Distance_optical:0.0427422602037 Angle_gps:-130.83010323 Distance_gps:0.865790208369                  elapsed_time:0.0664830207825
INFO:root:sl:3.26846265464e-13 sr:3.9167848892e-13 heading:174 velocity:[0.02, -0.05, 0.02] position:LocationGlobalRelative:lat=0.0,lon=0.0,alt=-1.88
INFO:root:Angle_optical:-171.077604104 Distance_optical:0.0427422602044 Angle_gps:-130.829932417 Distance_gps:0.871141174091                  elapsed_time:0.0668370723724
INFO:root:sl:2.83989154256e-13 sr:3.40320372486e-13 heading:174 velocity:[0.02, -0.05, 0.02] position:LocationGlobalRelative:lat=0.0,lon=0.0,alt=-1.88
INFO:root:Angle_optical:-171.077604104 Distance_optical:0.042742260205 Angle_gps:-130.82976369 Distance_gps:0.876492139604                  elapsed_time:0.0678210258484
INFO:root:sl:2.46751602379e-13 sr:2.9569649395e-13 heading:174 velocity:[0.02, -0.05, 0.02] position:LocationGlobalRelative:lat=0.0,lon=0.0,alt=-1.88
INFO:root:Angle_optical:-171.077604104 Distance_optical:0.0427422602055 Angle_gps:-130.829597009 Distance_gps:0.881843104905                  elapsed_time:0.0702660083771
INFO:root:sl:2.14396755525e-13 sr:2.56923838839e-13 heading:174 velocity:[0.02, -0.05, 0.02] position:LocationGlobalRelative:lat=0.0,lon=0.0,alt=-1.88
INFO:root:Angle_optical:-171.077604104 Distance_optical:0.042742260206 Angle_gps:-130.829432339 Distance_gps:0.887194069992                  elapsed_time:0.0690958499908
INFO:root:sl:1.8628437804e-13 sr:2.23235176319e-13 heading:174 velocity:[0.02, -0.05, 0.02] position:LocationGlobalRelative:lat=0.0,lon=0.0,alt=-1.88
INFO:root:Angle_optical:-171.077604104 Distance_optical:0.0427422602064 Angle_gps:-130.829269643 Distance_gps:0.892545034864                  elapsed_time:0.0668928623199
INFO:root:sl:1.61858183986e-13 sr:1.93963877277e-13 heading:174 velocity:[0.02, -0.05, 0.02] position:LocationGlobalRelative:lat=0.0,lon=0.0,alt=-1.88
INFO:root:Angle_optical:-171.077604104 Distance_optical:0.0427422602067 Angle_gps:-130.829108886 Distance_gps:0.897895999521                  elapsed_time:0.0659692287445
INFO:root:sl:1.40634829388e-13 sr:1.68530723109e-13 heading:174 velocity:[0.02, -0.06, 0.03] position:LocationGlobalRelative:lat=0.0,lon=0.0,alt=-1.88
INFO:root:Angle_optical:-171.077604104 Distance_optical:0.042742260207 Angle_gps:-130.828887767 Distance_gps:0.905361797671                  elapsed_time:0.0704140663147
INFO:root:sl:1.22194347853e-13 sr:1.46432444176e-13 heading:174 velocity:[0.02, -0.06, 0.03] position:LocationGlobalRelative:lat=0.0,lon=0.0,alt=-1.88
INFO:root:Angle_optical:-171.077604104 Distance_optical:0.0427422602073 Angle_gps:-130.828670265 Distance_gps:0.912827595394                  elapsed_time:0.0810708999634
INFO:root:sl:1.06171840307e-13 sr:1.2723176114e-13 heading:174 velocity:[0.02, -0.06, 0.03] position:LocationGlobalRelative:lat=0.0,lon=0.0,alt=-1.88
INFO:root:Angle_optical:-171.077604104 Distance_optical:0.0427422602075 Angle_gps:-130.828456291 Distance_gps:0.920293392685                  elapsed_time:0.067156791687
INFO:root:sl:9.2250254387e-14 sr:1.10548732106e-13 heading:174 velocity:[0.02, -0.06, 0.03] position:LocationGlobalRelative:lat=0.0,lon=0.0,alt=-1.88
INFO:root:Angle_optical:-171.077604104 Distance_optical:0.0427422602077 Angle_gps:-130.828245759 Distance_gps:0.927759189541                  elapsed_time:0.0656089782715
INFO:root:sl:8.01541106368e-14 sr:9.60532343557e-14 heading:174 velocity:[0.02, -0.06, 0.03] position:LocationGlobalRelative:lat=0.0,lon=0.0,alt=-1.88
INFO:root:Angle_optical:-171.077604104 Distance_optical:0.0427422602079 Angle_gps:-130.828038589 Distance_gps:0.935224985956                  elapsed_time:0.0695419311523
INFO:root:sl:6.96440513327e-14 sr:8.34584319006e-14 heading:174 velocity:[0.02, -0.06, 0.03] position:LocationGlobalRelative:lat=0.0,lon=0.0,alt=-1.88
INFO:root:Angle_optical:-171.077604104 Distance_optical:0.042742260208 Angle_gps:-130.827834698 Distance_gps:0.942690781929                  elapsed_time:0.0676200389862
