INFO:root:Resolotion:320,240
INFO:root:sl:-0.0592592592593 sr:0.0592592592593 heading:5 velocity:[0.0, 0.0, 0.14] position:LocationGlobalRelative:lat=0.0,lon=0.0,alt=3.96
INFO:root:Angle_optical:42.2475732216 Distance_optical:0.0289142598258 Angle_gps:0.0 Distance_gps:0.0                  elapsed_time:0.116868019104
INFO:root:sl:-0.0125208440488 sr:0.0146736293072 heading:5 velocity:[0.0, 0.0, 0.14] position:LocationGlobalRelative:lat=0.0,lon=0.0,alt=3.96
INFO:root:Angle_optical:42.0016240682 Distance_optical:0.0345343834841 Angle_gps:0.0 Distance_gps:0.0                  elapsed_time:0.106637954712
INFO:root:sl:-0.0231757045361 sr:0.0191727267569 heading:5 velocity:[0.0, 0.0, 0.14] position:LocationGlobalRelative:lat=0.0,lon=0.0,alt=3.96
INFO:root:Angle_optical:42.2403174037 Distance_optical:0.0526031920043 Angle_gps:0.0 Distance_gps:0.0                  elapsed_time:0.0722908973694
INFO:root:sl:-0.0451304404765 sr:0.0582738772637 heading:5 velocity:[0.0, 0.0, 0.14] position:LocationGlobalRelative:lat=0.0,lon=0.0,alt=3.96
INFO:root:Angle_optical:41.8129151751 Distance_optical:0.102063003787 Angle_gps:0.0 Distance_gps:0.0                  elapsed_time:0.0691637992859
INFO:root:sl:-0.0184112038664 sr:0.023448678779 heading:5 velocity:[0.0, 0.0, 0.14] position:LocationGlobalRelative:lat=0.0,lon=0.0,alt=3.96
INFO:root:Angle_optical:42.0889271032 Distance_optical:0.132162626587 Angle_gps:0.0 Distance_gps:0.0                  elapsed_time:0.0667319297791
INFO:root:sl:-0.028096452137 sr:0.0259433697628 heading:5 velocity:[0.0, 0.0, 0.14] position:LocationGlobalRelative:lat=0.0,lon=0.0,alt=3.96
INFO:root:Angle_optical:42.0278972522 Distance_optical:0.163240149539 Angle_gps:0.0 Distance_gps:0.0                  elapsed_time:0.0662291049957
INFO:root:sl:-0.0341725147986 sr:0.0398754898437 heading:5 velocity:[0.0, 0.0, 0.14] position:LocationGlobalRelative:lat=0.0,lon=0.0,alt=3.96
INFO:root:Angle_optical:42.1275202146 Distance_optical:0.217625148328 Angle_gps:0.0 Distance_gps:0.0                  elapsed_time:0.0663571357727
INFO:root:sl:-0.033463274425 sr:0.0480059476804 heading:5 velocity:[0.0, 0.0, 0.14] position:LocationGlobalRelative:lat=0.0,lon=0.0,alt=3.96
INFO:root:Angle_optical:42.0256200623 Distance_optical:0.280174910347 Angle_gps:0.0 Distance_gps:0.0                  elapsed_time:0.0656499862671
INFO:root:sl:-0.0273400953398 sr:0.0287043803504 heading:5 velocity:[0.0, 0.0, 0.14] position:LocationGlobalRelative:lat=0.0,lon=0.0,alt=3.96
INFO:root:Angle_optical:42.0111494703 Distance_optical:0.319144641443 Angle_gps:0.0 Distance_gps:0.0                  elapsed_time:0.0722949504852
INFO:root:sl:-0.0285518046511 sr:0.0291886599362 heading:5 velocity:[0.0, 0.0, 0.14] position:LocationGlobalRelative:lat=0.0,lon=0.0,alt=3.96
INFO:root:Angle_optical:41.9648520024 Distance_optical:0.357963536822 Angle_gps:0.0 Distance_gps:0.0                  elapsed_time:0.0672068595886
INFO:root:sl:-0.0170658329105 sr:0.025307859533 heading:5 velocity:[0.0, 0.0, 0.14] position:LocationGlobalRelative:lat=0.0,lon=0.0,alt=3.96
INFO:root:Angle_optical:41.940622035 Distance_optical:0.392117925519 Angle_gps:0.0 Distance_gps:0.0                  elapsed_time:0.0659840106964
INFO:root:sl:-0.0266373868521 sr:0.0394289630489 heading:5 velocity:[0.0, 0.0, 0.14] position:LocationGlobalRelative:lat=0.0,lon=0.0,alt=3.96
INFO:root:Angle_optical:41.8961406151 Distance_optical:0.444886448675 Angle_gps:0.0 Distance_gps:0.0                  elapsed_time:0.0672771930695
INFO:root:sl:-0.0235282047696 sr:0.0225520973648 heading:5 velocity:[0.0, 0.0, 0.14] position:LocationGlobalRelative:lat=0.0,lon=0.0,alt=3.96
INFO:root:Angle_optical:41.8779167057 Distance_optical:0.475234131212 Angle_gps:0.0 Distance_gps:0.0                  elapsed_time:0.0661270618439
INFO:root:sl:-0.016482129174 sr:0.0224440640062 heading:5 velocity:[0.0, 0.0, 0.14] position:LocationGlobalRelative:lat=0.0,lon=0.0,alt=3.96
INFO:root:Angle_optical:41.8593828402 Distance_optical:0.505337401921 Angle_gps:0.0 Distance_gps:0.0                  elapsed_time:0.0674109458923
INFO:root:sl:-0.0148155657811 sr:0.0219183111478 heading:5 velocity:[0.0, 0.0, 0.14] position:LocationGlobalRelative:lat=0.0,lon=0.0,alt=3.96
INFO:root:Angle_optical:41.8443243257 Distance_optical:0.534796875462 Angle_gps:0.0 Distance_gps:0.0                  elapsed_time:0.081032037735
INFO:root:sl:-0.0209685315124 sr:0.0172372564037 heading:5 velocity:[0.0, 0.0, 0.14] position:LocationGlobalRelative:lat=0.0,lon=0.0,alt=3.96
INFO:root:Angle_optical:41.8329470605 Distance_optical:0.55793522792 Angle_gps:0.0 Distance_gps:0.0                  elapsed_time:0.0681238174438
INFO:root:sl:-0.0263178305694 sr:0.0421232069409 heading:5 velocity:[0.0, 0.0, 0.14] position:LocationGlobalRelative:lat=0.0,lon=0.0,alt=3.96
INFO:root:Angle_optical:41.8094604578 Distance_optical:0.614524387638 Angle_gps:0.0 Distance_gps:0.0                  elapsed_time:0.0709688663483
INFO:root:sl:-0.0205993176868 sr:0.0184835837269 heading:5 velocity:[0.0, 0.0, 0.14] position:LocationGlobalRelative:lat=0.0,lon=0.0,alt=3.96
INFO:root:Angle_optical:41.8002412844 Distance_optical:0.639343389591 Angle_gps:0.0 Distance_gps:0.0                  elapsed_time:0.068922996521
INFO:root:sl:-0.0441632417366 sr:0.0653577588203 heading:5 velocity:[0.0, 0.0, 0.14] position:LocationGlobalRelative:lat=0.0,lon=0.0,alt=3.96
INFO:root:Angle_optical:41.77306605 Distance_optical:0.727130167075 Angle_gps:0.0 Distance_gps:0.0                  elapsed_time:0.0707981586456
INFO:root:sl:-0.0279711416321 sr:0.032116275759 heading:5 velocity:[0.0, 0.0, 0.14] position:LocationGlobalRelative:lat=0.0,lon=0.0,alt=3.96
INFO:root:Angle_optical:41.7618599017 Distance_optical:0.770259712084 Angle_gps:0.0 Distance_gps:0.0                  elapsed_time:0.06973695755
INFO:root:sl:-0.023104575811 sr:0.0292753775318 heading:5 velocity:[0.0, 0.0, 0.14] position:LocationGlobalRelative:lat=0.0,lon=0.0,alt=3.96
INFO:root:Angle_optical:41.7527452677 Distance_optical:0.809578823021 Angle_gps:0.0 Distance_gps:0.0                  elapsed_time:0.0756981372833
INFO:root:sl:-0.0307989688897 sr:0.031871063093 heading:5 velocity:[0.0, 0.0, 0.14] position:LocationGlobalRelative:lat=0.0,lon=0.0,alt=3.96
INFO:root:Angle_optical:41.7437370147 Distance_optical:0.85238101286 Angle_gps:0.0 Distance_gps:0.0                  elapsed_time:0.0728449821472
INFO:root:sl:-0.0439396440969 sr:0.0642214736411 heading:5 velocity:[0.0, 0.0, 0.14] position:LocationGlobalRelative:lat=0.0,lon=0.0,alt=3.96
INFO:root:Angle_optical:41.7281252344 Distance_optical:0.938633086955 Angle_gps:0.0 Distance_gps:0.0                  elapsed_time:0.0663220882416
INFO:root:sl:-0.0277778110583 sr:0.0311707191019 heading:5 velocity:[0.0, 0.0, 0.14] position:LocationGlobalRelative:lat=0.0,lon=0.0,alt=3.96
INFO:root:Angle_optical:41.7215244673 Distance_optical:0.980495459377 Angle_gps:0.0 Distance_gps:0.0                  elapsed_time:0.0691809654236
INFO:root:sl:-0.0317640967945 sr:0.0321619211953 heading:5 velocity:[0.0, 0.0, 0.14] position:LocationGlobalRelative:lat=0.0,lon=0.0,alt=3.96
INFO:root:Angle_optical:41.715287641 Distance_optical:1.02368977368 Angle_gps:0.0 Distance_gps:0.0                  elapsed_time:0.0758769512177
INFO:root:sl:-0.024913860473 sr:0.0311872899418 heading:5 velocity:[0.0, 0.0, 0.14] position:LocationGlobalRelative:lat=0.0,lon=0.0,alt=3.96
INFO:root:Angle_optical:41.7097179373 Distance_optical:1.0655746712 Angle_gps:0.0 Distance_gps:0.0                  elapsed_time:0.0800240039825
INFO:root:sl:-0.0489952879325 sr:0.0635054857608 heading:5 velocity:[0.0, 0.0, 0.14] position:LocationGlobalRelative:lat=0.0,lon=0.0,alt=3.96
INFO:root:Angle_optical:41.6996351983 Distance_optical:1.15086383895 Angle_gps:0.0 Distance_gps:0.0                  elapsed_time:0.0690228939056
INFO:root:sl:-0.0330105123539 sr:0.0335852175351 heading:5 velocity:[0.0, 0.0, 0.14] position:LocationGlobalRelative:lat=0.0,lon=0.0,alt=3.96
INFO:root:Angle_optical:41.6948824843 Distance_optical:1.19596926827 Angle_gps:0.0 Distance_gps:0.0                  elapsed_time:0.0698940753937
INFO:root:sl:-0.0430965202421 sr:0.0529187337873 heading:5 velocity:[0.0, -0.01, 0.14] position:LocationGlobalRelative:lat=0.0,lon=0.0,alt=3.96
INFO:root:Angle_optical:41.6880820344 Distance_optical:1.26704004419 Angle_gps:0.0 Distance_gps:0.0                  elapsed_time:0.0725159645081
INFO:root:sl:-0.0667043021638 sr:0.0964578146618 heading:5 velocity:[0.0, -0.01, 0.14] position:LocationGlobalRelative:lat=0.0,lon=0.0,alt=3.96
INFO:root:Angle_optical:41.6774652865 Distance_optical:1.39658424363 Angle_gps:0.0 Distance_gps:0.0                  elapsed_time:0.0662560462952
INFO:root:sl:-0.0814059222774 sr:0.120447679444 heading:5 velocity:[0.0, -0.01, 0.14] position:LocationGlobalRelative:lat=0.0,lon=0.0,alt=3.96
INFO:root:Angle_optical:41.6666871812 Distance_optical:1.55834709534 Angle_gps:0.0 Distance_gps:0.0                  elapsed_time:0.0687069892883
INFO:root:sl:-0.0527651436784 sr:0.0674505598328 heading:5 velocity:[0.0, -0.01, 0.14] position:LocationGlobalRelative:lat=0.0,lon=0.0,alt=3.96
INFO:root:Angle_optical:41.661574652 Distance_optical:1.64893391402 Angle_gps:0.0 Distance_gps:0.0                  elapsed_time:0.0753841400146
INFO:root:sl:-0.078854887768 sr:0.119267577117 heading:5 velocity:[0.0, -0.01, 0.14] position:LocationGlobalRelative:lat=0.0,lon=0.0,alt=3.96
INFO:root:Angle_optical:41.6537877882 Distance_optical:1.80911133341 Angle_gps:0.0 Distance_gps:0.0                  elapsed_time:0.0683770179749
INFO:root:sl:-0.0573702451325 sr:0.0769784458333 heading:5 velocity:[0.0, -0.01, 0.14] position:LocationGlobalRelative:lat=0.0,lon=0.0,alt=3.96
INFO:root:Angle_optical:41.6494542583 Distance_optical:1.91249384961 Angle_gps:0.0 Distance_gps:0.0                  elapsed_time:0.065906047821
INFO:root:sl:-0.0811454841811 sr:0.116757670058 heading:5 velocity:[0.0, -0.01, 0.14] position:LocationGlobalRelative:lat=0.0,lon=0.0,alt=3.96
INFO:root:Angle_optical:41.6437077037 Distance_optical:2.06929980051 Angle_gps:0.0 Distance_gps:0.0                  elapsed_time:0.0691609382629
INFO:root:sl:-0.052559649261 sr:0.0783738839164 heading:5 velocity:[0.0, -0.01, 0.14] position:LocationGlobalRelative:lat=0.0,lon=0.0,alt=3.96
INFO:root:Angle_optical:41.6403149756 Distance_optical:2.17455594801 Angle_gps:0.0 Distance_gps:0.0                  elapsed_time:0.0744268894196
INFO:root:sl:-0.0479910513501 sr:0.0686727411049 heading:5 velocity:[0.0, -0.01, 0.14] position:LocationGlobalRelative:lat=0.0,lon=0.0,alt=3.96
INFO:root:Angle_optical:41.6376011119 Distance_optical:2.26678329613 Angle_gps:0.0 Distance_gps:0.0                  elapsed_time:0.0736320018768
INFO:root:sl:-0.0574526389862 sr:0.07895544988 heading:5 velocity:[0.0, -0.01, 0.14] position:LocationGlobalRelative:lat=0.0,lon=0.0,alt=3.96
INFO:root:Angle_optical:41.6347414641 Distance_optical:2.37282009372 Angle_gps:0.0 Distance_gps:0.0                  elapsed_time:0.0726749897003
INFO:root:sl:-0.0427324987258 sr:0.057317795175 heading:5 velocity:[0.0, -0.01, 0.14] position:LocationGlobalRelative:lat=0.0,lon=0.0,alt=3.96
INFO:root:Angle_optical:41.6328205121 Distance_optical:2.44979748232 Angle_gps:0.0 Distance_gps:0.0                  elapsed_time:0.0681281089783
INFO:root:sl:-0.0421989502009 sr:0.0509880068307 heading:5 velocity:[0.0, -0.01, 0.14] position:LocationGlobalRelative:lat=0.0,lon=0.0,alt=3.96
INFO:root:Angle_optical:41.6312103345 Distance_optical:2.51827390507 Angle_gps:0.0 Distance_gps:0.0                  elapsed_time:0.0732698440552
INFO:root:sl:-0.053846547182 sr:0.0704898187757 heading:5 velocity:[0.0, -0.01, 0.14] position:LocationGlobalRelative:lat=0.0,lon=0.0,alt=3.96
INFO:root:Angle_optical:41.6291231979 Distance_optical:2.6129409144 Angle_gps:0.0 Distance_gps:0.0                  elapsed_time:0.0728299617767
INFO:root:sl:-0.0304215828615 sr:0.0434934829889 heading:5 velocity:[0.0, -0.01, 0.14] position:LocationGlobalRelative:lat=0.0,lon=0.0,alt=3.96
INFO:root:Angle_optical:41.6279091386 Distance_optical:2.67135205732 Angle_gps:0.0 Distance_gps:0.0                  elapsed_time:0.0696640014648
INFO:root:sl:-0.0381433676965 sr:0.0424907429903 heading:5 velocity:[0.0, -0.01, 0.14] position:LocationGlobalRelative:lat=0.0,lon=0.0,alt=3.95
INFO:root:Angle_optical:41.6267732292 Distance_optical:2.72841645863 Angle_gps:0.0 Distance_gps:0.0                  elapsed_time:0.0678482055664
INFO:root:sl:-0.0497980549769 sr:0.066528466616 heading:5 velocity:[0.0, -0.01, 0.14] position:LocationGlobalRelative:lat=0.0,lon=0.0,alt=3.95
INFO:root:Angle_optical:41.6250870502 Distance_optical:2.81776299072 Angle_gps:0.0 Distance_gps:0.0                  elapsed_time:0.0691838264465
INFO:root:sl:-0.0313955705816 sr:0.0389988387515 heading:5 velocity:[0.0, -0.01, 0.14] position:LocationGlobalRelative:lat=0.0,lon=0.0,alt=3.95
INFO:root:Angle_optical:41.6241473784 Distance_optical:2.87013763856 Angle_gps:0.0 Distance_gps:0.0                  elapsed_time:0.068452835083
INFO:root:sl:-0.0286886481783 sr:0.0370693458471 heading:5 velocity:[0.0, -0.01, 0.14] position:LocationGlobalRelative:lat=0.0,lon=0.0,alt=3.95
INFO:root:Angle_optical:41.6232854161 Distance_optical:2.91992095343 Angle_gps:0.0 Distance_gps:0.0                  elapsed_time:0.0679500102997
INFO:root:sl:-0.031085982213 sr:0.0355704257222 heading:5 velocity:[0.0, -0.01, 0.14] position:LocationGlobalRelative:lat=0.0,lon=0.0,alt=3.95
INFO:root:Angle_optical:41.6224854683 Distance_optical:2.96769119266 Angle_gps:0.0 Distance_gps:0.0                  elapsed_time:0.0699620246887
INFO:root:sl:-0.0347551105812 sr:0.0428655339084 heading:5 velocity:[0.0, -0.01, 0.14] position:LocationGlobalRelative:lat=0.0,lon=0.0,alt=3.95
INFO:root:Angle_optical:41.6215549894 Distance_optical:3.02525851125 Angle_gps:0.0 Distance_gps:0.0                  elapsed_time:0.0700700283051
INFO:root:sl:-0.0211161087657 sr:0.0291706283465 heading:5 velocity:[0.0, -0.01, 0.14] position:LocationGlobalRelative:lat=0.0,lon=0.0,alt=3.95
INFO:root:Angle_optical:41.6209417519 Distance_optical:3.06443387138 Angle_gps:0.0 Distance_gps:0.0                  elapsed_time:0.0667510032654
INFO:root:sl:-0.0259266833643 sr:0.0263136196747 heading:5 velocity:[0.0, -0.01, 0.14] position:LocationGlobalRelative:lat=0.0,lon=0.0,alt=3.95
INFO:root:Angle_optical:41.6204018571 Distance_optical:3.09977231158 Angle_gps:0.0 Distance_gps:0.0                  elapsed_time:0.0676069259644
INFO:root:sl:-0.034321899265 sr:0.0516496478505 heading:5 velocity:[0.0, -0.01, 0.14] position:LocationGlobalRelative:lat=0.0,lon=0.0,alt=3.95
INFO:root:Angle_optical:41.6193770931 Distance_optical:3.16913621637 Angle_gps:0.0 Distance_gps:0.0                  elapsed_time:0.0660138130188
INFO:root:sl:-0.02694550759 sr:0.0263314497826 heading:5 velocity:[0.0, -0.01, 0.14] position:LocationGlobalRelative:lat=0.0,lon=0.0,alt=3.95
INFO:root:Angle_optical:41.6188717104 Distance_optical:3.20449850105 Angle_gps:0.0 Distance_gps:0.0                  elapsed_time:0.0762939453125
INFO:root:sl:-0.0467824375638 sr:0.0698415927868 heading:5 velocity:[0.0, -0.01, 0.14] position:LocationGlobalRelative:lat=0.0,lon=0.0,alt=3.95
INFO:root:Angle_optical:41.6175836508 Distance_optical:3.29829332949 Angle_gps:0.0 Distance_gps:0.0                  elapsed_time:0.0692908763885
INFO:root:sl:-0.0261792388663 sr:0.0370021851785 heading:5 velocity:[0.0, -0.01, 0.14] position:LocationGlobalRelative:lat=0.0,lon=0.0,alt=3.95
INFO:root:Angle_optical:41.6169304384 Distance_optical:3.34798587456 Angle_gps:0.0 Distance_gps:0.0                  elapsed_time:0.0673789978027
INFO:root:sl:-0.0414485446555 sr:0.0570284270698 heading:5 velocity:[0.0, -0.01, 0.14] position:LocationGlobalRelative:lat=0.0,lon=0.0,alt=3.95
INFO:root:Angle_optical:41.6159607604 Distance_optical:3.42457276909 Angle_gps:0.0 Distance_gps:0.0                  elapsed_time:0.0655069351196
INFO:root:sl:-0.0353667312371 sr:0.0411496575918 heading:5 velocity:[0.0, -0.01, 0.14] position:LocationGlobalRelative:lat=0.0,lon=0.0,alt=3.95
INFO:root:Angle_optical:41.6152875419 Distance_optical:3.47983500345 Angle_gps:0.0 Distance_gps:0.0                  elapsed_time:0.0681350231171
INFO:root:sl:-0.0198199866147 sr:0.0332100910199 heading:5 velocity:[0.0, -0.01, 0.14] position:LocationGlobalRelative:lat=0.0,lon=0.0,alt=3.95
INFO:root:Angle_optical:41.6147595842 Distance_optical:3.52443467123 Angle_gps:0.0 Distance_gps:0.0                  elapsed_time:0.068076133728
INFO:root:sl:-0.0299065039581 sr:0.0337622921615 heading:5 velocity:[0.0, -0.01, 0.14] position:LocationGlobalRelative:lat=0.0,lon=0.0,alt=3.95
INFO:root:Angle_optical:41.6142363459 Distance_optical:3.56977585783 Angle_gps:0.0 Distance_gps:0.0                  elapsed_time:0.0811660289764
INFO:root:sl:-0.0159043362354 sr:0.0267039289488 heading:5 velocity:[0.0, -0.01, 0.14] position:LocationGlobalRelative:lat=0.0,lon=0.0,alt=3.95
INFO:root:Angle_optical:41.6138317986 Distance_optical:3.60563794596 Angle_gps:0.0 Distance_gps:0.0                  elapsed_time:0.0761139392853
INFO:root:sl:-0.0257721638574 sr:0.0343387300173 heading:5 velocity:[0.0, -0.01, 0.14] position:LocationGlobalRelative:lat=0.0,lon=0.0,alt=3.95
INFO:root:Angle_optical:41.6133232439 Distance_optical:3.65175314407 Angle_gps:0.0 Distance_gps:0.0                  elapsed_time:0.0764689445496
INFO:root:sl:-0.0214751157728 sr:0.0229942110408 heading:5 velocity:[0.0, -0.01, 0.14] position:LocationGlobalRelative:lat=0.0,lon=0.0,alt=3.95
INFO:root:Angle_optical:41.6129898061 Distance_optical:3.68263318241 Angle_gps:0.0 Distance_gps:0.0                  elapsed_time:0.0671541690826
INFO:root:sl:-0.0315623864066 sr:0.0461058400966 heading:5 velocity:[0.0, -0.01, 0.14] position:LocationGlobalRelative:lat=0.0,lon=0.0,alt=3.95
INFO:root:Angle_optical:41.6123377615 Distance_optical:3.74455085288 Angle_gps:0.0 Distance_gps:0.0                  elapsed_time:0.0649251937866
INFO:root:sl:-0.030859307599 sr:0.0389834545841 heading:5 velocity:[0.0, -0.01, 0.14] position:LocationGlobalRelative:lat=0.0,lon=0.0,alt=3.95
INFO:root:Angle_optical:41.6118029995 Distance_optical:3.79690344397 Angle_gps:0.0 Distance_gps:0.0                  elapsed_time:0.0670111179352
INFO:root:sl:-0.0179432179275 sr:0.0272064374438 heading:5 velocity:[0.0, -0.01, 0.14] position:LocationGlobalRelative:lat=0.0,lon=0.0,alt=3.95
INFO:root:Angle_optical:41.6114384247 Distance_optical:3.83344010844 Angle_gps:0.0 Distance_gps:0.0                  elapsed_time:0.0687050819397
INFO:root:sl:-0.0265690007728 sr:0.0277291634363 heading:5 velocity:[0.0, -0.01, 0.14] position:LocationGlobalRelative:lat=0.0,lon=0.0,alt=3.95
INFO:root:Angle_optical:41.6110739104 Distance_optical:3.87067871758 Angle_gps:0.0 Distance_gps:0.0                  elapsed_time:0.0666298866272
INFO:root:sl:-0.0446318976632 sr:0.0681124653488 heading:5 velocity:[0.0, -0.01, 0.14] position:LocationGlobalRelative:lat=0.0,lon=0.0,alt=3.95
INFO:root:Angle_optical:41.6102075506 Distance_optical:3.96214948768 Angle_gps:0.0 Distance_gps:0.0                  elapsed_time:0.0668270587921
INFO:root:sl:-0.0287035250622 sr:0.0310192106438 heading:5 velocity:[0.0, -0.01, 0.14] position:LocationGlobalRelative:lat=0.0,lon=0.0,alt=3.95
INFO:root:Angle_optical:41.609826085 Distance_optical:4.00380624705 Angle_gps:0.0 Distance_gps:0.0                  elapsed_time:0.0675129890442
INFO:root:sl:-0.0383111625922 sr:0.0471495483579 heading:5 velocity:[0.0, -0.01, 0.14] position:LocationGlobalRelative:lat=0.0,lon=0.0,alt=3.95
INFO:root:Angle_optical:41.6092611778 Distance_optical:4.06712487247 Angle_gps:0.0 Distance_gps:0.0                  elapsed_time:0.0672190189362
INFO:root:sl:-0.0560118455315 sr:0.079834572629 heading:5 velocity:[0.0, -0.01, 0.14] position:LocationGlobalRelative:lat=0.0,lon=0.0,alt=3.95
INFO:root:Angle_optical:41.6083436292 Distance_optical:4.17433692877 Angle_gps:0.0 Distance_gps:0.0                  elapsed_time:0.0717871189117
INFO:root:sl:-0.0466687178799 sr:0.0586725863069 heading:5 velocity:[0.0, -0.01, 0.14] position:LocationGlobalRelative:lat=0.0,lon=0.0,alt=3.95
INFO:root:Angle_optical:41.607698699 Distance_optical:4.25312970154 Angle_gps:0.0 Distance_gps:0.0                  elapsed_time:0.0686860084534
INFO:root:sl:-0.0297704732885 sr:0.0448266304012 heading:5 velocity:[0.0, -0.01, 0.14] position:LocationGlobalRelative:lat=0.0,lon=0.0,alt=3.95
INFO:root:Angle_optical:41.6072217898 Distance_optical:4.31332826472 Angle_gps:0.0 Distance_gps:0.0                  elapsed_time:0.0680661201477
INFO:root:sl:-0.0374161992574 sr:0.0470916153182 heading:5 velocity:[0.01, -0.01, 0.14] position:LocationGlobalRelative:lat=0.0,lon=0.0,alt=3.95
INFO:root:Angle_optical:41.6067348659 Distance_optical:4.3765683735 Angle_gps:-47.7524267598 Distance_gps:0.001718522015                  elapsed_time:0.0696110725403
INFO:root:sl:-0.0404146824141 sr:0.0477176487671 heading:5 velocity:[0.01, -0.01, 0.14] position:LocationGlobalRelative:lat=0.0,lon=0.0,alt=3.95
INFO:root:Angle_optical:41.6062555647 Distance_optical:4.44064903688 Angle_gps:-48.417030841 Distance_gps:0.00306763834976                  elapsed_time:0.0677878856659
INFO:root:sl:-0.0220027609203 sr:0.0341010359281 heading:5 velocity:[0.01, -0.01, 0.14] position:LocationGlobalRelative:lat=0.0,lon=0.0,alt=3.95
INFO:root:Angle_optical:41.6059213935 Distance_optical:4.48644367276 Angle_gps:-47.8383110261 Distance_gps:0.00638678507319                  elapsed_time:0.0715749263763
INFO:root:sl:-0.0270149772949 sr:0.0318016002537 heading:5 velocity:[0.01, -0.01, 0.14] position:LocationGlobalRelative:lat=0.0,lon=0.0,alt=3.95
INFO:root:Angle_optical:41.6056158214 Distance_optical:4.52915029845 Angle_gps:-48.0944363126 Distance_gps:0.00937612446577                  elapsed_time:0.0732970237732
INFO:root:sl:-0.0286416779904 sr:0.0300996664665 heading:5 velocity:[0.01, -0.01, 0.14] position:LocationGlobalRelative:lat=0.0,lon=0.0,alt=3.95
INFO:root:Angle_optical:41.605331843 Distance_optical:4.569571317 Angle_gps:-47.7303136601 Distance_gps:0.0138974008188                  elapsed_time:0.0679948329926
INFO:root:sl:-0.0215354789125 sr:0.023175167089 heading:5 velocity:[0.01, -0.01, 0.14] position:LocationGlobalRelative:lat=0.0,lon=0.0,alt=3.95
INFO:root:Angle_optical:41.6051165808 Distance_optical:4.60069334029 Angle_gps:-47.8470666342 Distance_gps:0.0181164251756                  elapsed_time:0.0663919448853
INFO:root:sl:-0.0438823987827 sr:0.0639671311257 heading:5 velocity:[0.01, -0.01, 0.14] position:LocationGlobalRelative:lat=0.0,lon=0.0,alt=3.95
INFO:root:Angle_optical:41.6045371965 Distance_optical:4.68659484997 Angle_gps:-47.7897224567 Distance_gps:0.0229201305516                  elapsed_time:0.0675711631775
INFO:root:sl:-0.0304219579315 sr:0.0303166491146 heading:5 velocity:[0.01, -0.01, 0.14] position:LocationGlobalRelative:lat=0.0,lon=0.0,alt=3.95
INFO:root:Angle_optical:41.6042699249 Distance_optical:4.72730699613 Angle_gps:-47.8796710221 Distance_gps:0.0275092001376                  elapsed_time:0.0731768608093
INFO:root:sl:-0.0299436506433 sr:0.0448653014751 heading:5 velocity:[0.01, -0.01, 0.14] position:LocationGlobalRelative:lat=0.0,lon=0.0,alt=3.95
INFO:root:Angle_optical:41.6038826957 Distance_optical:4.7875563623 Angle_gps:-47.9112443053 Distance_gps:0.032290840247                  elapsed_time:0.0667889118195
INFO:root:sl:-0.0325956304492 sr:0.0346254066907 heading:5 velocity:[0.01, -0.01, 0.14] position:LocationGlobalRelative:lat=0.0,lon=0.0,alt=3.95
INFO:root:Angle_optical:41.6035904146 Distance_optical:4.83405452636 Angle_gps:-47.9751602891 Distance_gps:0.0369749224254                  elapsed_time:0.0686089992523
INFO:root:sl:-0.0216245475147 sr:0.0288696243373 heading:5 velocity:[0.01, -0.01, 0.14] position:LocationGlobalRelative:lat=0.0,lon=0.0,alt=3.95
INFO:root:Angle_optical:41.603350963 Distance_optical:4.87282322941 Angle_gps:-48.0136806655 Distance_gps:0.0417281495314                  elapsed_time:0.0693171024323
INFO:root:sl:-0.0517383592258 sr:0.073572136035 heading:5 velocity:[0.01, -0.01, 0.14] position:LocationGlobalRelative:lat=0.0,lon=0.0,alt=3.95
INFO:root:Angle_optical:41.6027575389 Distance_optical:4.97162215606 Angle_gps:-48.056381683 Distance_gps:0.0464417939975                  elapsed_time:0.0710430145264
INFO:root:sl:-0.0225682674509 sr:0.0331535767449 heading:5 velocity:[0.01, -0.01, 0.14] position:LocationGlobalRelative:lat=0.0,lon=0.0,alt=3.95
INFO:root:Angle_optical:41.6024977267 Distance_optical:5.01614346265 Angle_gps:-48.0872053393 Distance_gps:0.0511813385883                  elapsed_time:0.0691239833832
INFO:root:sl:-0.0274150703846 sr:0.0344800021187 heading:5 velocity:[0.01, -0.01, 0.14] position:LocationGlobalRelative:lat=0.0,lon=0.0,alt=3.95
INFO:root:Angle_optical:41.6022323412 Distance_optical:5.06244590831 Angle_gps:-48.1164425537 Distance_gps:0.0559053467233                  elapsed_time:0.0668609142303
INFO:root:sl:-0.0393629044807 sr:0.0589919748554 heading:5 velocity:[0.01, -0.01, 0.14] position:LocationGlobalRelative:lat=0.0,lon=0.0,alt=3.95
INFO:root:Angle_optical:41.6017893145 Distance_optical:5.14166472887 Angle_gps:-48.1396704582 Distance_gps:0.060639222976                  elapsed_time:0.0711650848389
INFO:root:sl:-0.0206467542902 sr:0.0307122529824 heading:4 velocity:[0.01, -0.01, 0.14] position:LocationGlobalRelative:lat=0.0,lon=0.0,alt=3.95
INFO:root:Angle_optical:41.6046028395 Distance_optical:5.18289868196 Angle_gps:-48.1329935998 Distance_gps:0.0653727080987                  elapsed_time:0.082072019577
INFO:root:sl:-0.0340394940012 sr:0.0390450667451 heading:4 velocity:[0.01, -0.01, 0.14] position:LocationGlobalRelative:lat=0.0,lon=0.0,alt=3.95
INFO:root:Angle_optical:41.6099087425 Distance_optical:5.23529293082 Angle_gps:-48.1146498113 Distance_gps:0.0701076183566                  elapsed_time:0.0669429302216
INFO:root:sl:-0.0194888025528 sr:0.0319653570678 heading:4 velocity:[0.01, -0.01, 0.14] position:LocationGlobalRelative:lat=0.0,lon=0.0,alt=3.95
INFO:root:Angle_optical:41.6149055541 Distance_optical:5.27819178017 Angle_gps:-48.0932640591 Distance_gps:0.0748407545443                  elapsed_time:0.0759170055389
INFO:root:sl:-0.0242936606179 sr:0.0259857282487 heading:4 velocity:[0.01, -0.01, 0.14] position:LocationGlobalRelative:lat=0.0,lon=0.0,alt=3.95
INFO:root:Angle_optical:41.6191799833 Distance_optical:5.3130601906 Angle_gps:-48.0717981203 Distance_gps:0.079574638797                  elapsed_time:0.0750379562378
INFO:root:sl:-0.0305210025199 sr:0.038099703131 heading:4 velocity:[0.01, -0.01, 0.14] position:LocationGlobalRelative:lat=0.0,lon=0.0,alt=3.95
INFO:root:Angle_optical:41.6255495037 Distance_optical:5.36418637804 Angle_gps:-48.0516539642 Distance_gps:0.0843079056141                  elapsed_time:0.0712239742279
INFO:root:sl:-0.0232833990539 sr:0.0229009777105 heading:4 velocity:[0.01, -0.01, 0.14] position:LocationGlobalRelative:lat=0.0,lon=0.0,alt=3.95
INFO:root:Angle_optical:41.6293741092 Distance_optical:5.39491559959 Angle_gps:-48.0330900201 Distance_gps:0.0890414915872                  elapsed_time:0.0751898288727
INFO:root:sl:-0.0195474856692 sr:0.0222583599565 heading:4 velocity:[0.01, -0.01, 0.14] position:LocationGlobalRelative:lat=0.0,lon=0.0,alt=3.95
INFO:root:Angle_optical:41.6330778332 Distance_optical:5.42478326055 Angle_gps:-48.0161796943 Distance_gps:0.0937748551694                  elapsed_time:0.0742559432983
INFO:root:sl:-0.064432041529 sr:0.0815176192157 heading:4 velocity:[0.01, -0.01, 0.14] position:LocationGlobalRelative:lat=0.0,lon=0.0,alt=3.95
INFO:root:Angle_optical:41.6463432461 Distance_optical:5.53416634925 Angle_gps:-48.0007711151 Distance_gps:0.0985083511087                  elapsed_time:0.0695350170135
INFO:root:sl:-0.0455787031479 sr:0.0563653056067 heading:4 velocity:[0.01, -0.01, 0.14] position:LocationGlobalRelative:lat=0.0,lon=0.0,alt=3.95
INFO:root:Angle_optical:41.6552295562 Distance_optical:5.60979981847 Angle_gps:-47.9867315242 Distance_gps:0.103241767011                  elapsed_time:0.0730950832367
INFO:root:sl:-0.0386024335329 sr:0.041307904065 heading:4 velocity:[0.01, -0.01, 0.14] position:LocationGlobalRelative:lat=0.0,lon=0.0,alt=3.95
INFO:root:Angle_optical:41.6615959346 Distance_optical:5.66522809313 Angle_gps:-47.9738948872 Distance_gps:0.107975238032                  elapsed_time:0.0671060085297
INFO:root:sl:-0.0507597154337 sr:0.0648095832431 heading:4 velocity:[0.01, -0.01, 0.14] position:LocationGlobalRelative:lat=0.0,lon=0.0,alt=3.95
INFO:root:Angle_optical:41.6713416276 Distance_optical:5.75219186219 Angle_gps:-47.9621280677 Distance_gps:0.11270868121                  elapsed_time:0.0703659057617
INFO:root:sl:-0.0506356400194 sr:0.0699776605608 heading:4 velocity:[0.01, -0.01, 0.14] position:LocationGlobalRelative:lat=0.0,lon=0.0,alt=3.95
INFO:root:Angle_optical:41.6815404271 Distance_optical:5.84608982939 Angle_gps:-47.9513031497 Distance_gps:0.117442148123                  elapsed_time:0.0713460445404
INFO:root:sl:-0.0378386982879 sr:0.0456610492963 heading:4 velocity:[0.01, -0.01, 0.14] position:LocationGlobalRelative:lat=0.0,lon=0.0,alt=3.95
INFO:root:Angle_optical:41.6880211648 Distance_optical:5.90735904544 Angle_gps:-47.9413155645 Distance_gps:0.122175606363                  elapsed_time:0.0719931125641
INFO:root:sl:-0.0416034239403 sr:0.0452790491458 heading:4 velocity:[0.0, -0.01, 0.14] position:LocationGlobalRelative:lat=0.0,lon=0.0,alt=3.97
INFO:root:Angle_optical:41.6943164355 Distance_optical:5.96811550016 Angle_gps:-47.9413155645 Distance_gps:0.122175606363                  elapsed_time:0.0720870494843
INFO:root:sl:-0.0578398497788 sr:0.0758332028917 heading:4 velocity:[0.0, -0.01, 0.14] position:LocationGlobalRelative:lat=0.0,lon=0.0,alt=3.97
INFO:root:Angle_optical:41.7045776782 Distance_optical:6.06986999843 Angle_gps:-47.9413155645 Distance_gps:0.122175606363                  elapsed_time:0.0708661079407
INFO:root:sl:-0.0318068615513 sr:0.0419718360974 heading:4 velocity:[0.0, -0.01, 0.14] position:LocationGlobalRelative:lat=0.0,lon=0.0,alt=3.97
INFO:root:Angle_optical:41.7101104496 Distance_optical:6.12618846428 Angle_gps:-47.9413155645 Distance_gps:0.122175606363                  elapsed_time:0.0711979866028
INFO:root:sl:-0.0391904858332 sr:0.0582341438789 heading:4 velocity:[0.0, -0.01, 0.14] position:LocationGlobalRelative:lat=0.0,lon=0.0,alt=3.96
INFO:root:Angle_optical:41.7176205706 Distance_optical:6.20432777797 Angle_gps:-47.9413155645 Distance_gps:0.122175606363                  elapsed_time:0.0682511329651
INFO:root:sl:-0.0393972177537 sr:0.0443687510476 heading:4 velocity:[0.0, -0.01, 0.14] position:LocationGlobalRelative:lat=0.0,lon=0.0,alt=3.96
INFO:root:Angle_optical:41.7232167322 Distance_optical:6.26386216937 Angle_gps:-47.9413155645 Distance_gps:0.122175606363                  elapsed_time:0.0802328586578
INFO:root:sl:-0.0233344049863 sr:0.036113539615 heading:4 velocity:[0.0, -0.01, 0.14] position:LocationGlobalRelative:lat=0.0,lon=0.0,alt=3.96
INFO:root:Angle_optical:41.7276937262 Distance_optical:6.31231954766 Angle_gps:-47.9413155645 Distance_gps:0.122175606363                  elapsed_time:0.0674779415131
INFO:root:sl:-0.0293074240148 sr:0.0344808980373 heading:4 velocity:[0.0, -0.01, 0.14] position:LocationGlobalRelative:lat=0.0,lon=0.0,alt=3.96
INFO:root:Angle_optical:41.7319046109 Distance_optical:6.35858614837 Angle_gps:-47.9413155645 Distance_gps:0.122175606363                  elapsed_time:0.0676600933075
INFO:root:sl:-0.0424423599381 sr:0.0516739407355 heading:3 velocity:[0.0, 0.0, 0.15] position:LocationGlobalRelative:lat=0.0,lon=0.0,alt=3.97
INFO:root:Angle_optical:41.7420270689 Distance_optical:6.42790689293 Angle_gps:-47.9413155645 Distance_gps:0.122175606363                  elapsed_time:0.0670280456543
INFO:root:sl:-0.0252230234467 sr:0.0300937484451 heading:3 velocity:[0.0, 0.0, 0.15] position:LocationGlobalRelative:lat=0.0,lon=0.0,alt=3.97
INFO:root:Angle_optical:41.748899149 Distance_optical:6.4682602223 Angle_gps:-47.9413155645 Distance_gps:0.122175606363                  elapsed_time:0.0672459602356
INFO:root:sl:-0.0177395161384 sr:0.0281431484071 heading:3 velocity:[0.0, 0.0, 0.15] position:LocationGlobalRelative:lat=0.0,lon=0.0,alt=3.97
INFO:root:Angle_optical:41.7557460072 Distance_optical:6.50600078483 Angle_gps:-47.9413155645 Distance_gps:0.122175606363                  elapsed_time:0.0662291049957
INFO:root:sl:-0.038928479028 sr:0.0590955199408 heading:3 velocity:[0.0, 0.0, 0.15] position:LocationGlobalRelative:lat=0.0,lon=0.0,alt=3.97
INFO:root:Angle_optical:41.7703507806 Distance_optical:6.58523887746 Angle_gps:-47.9413155645 Distance_gps:0.122175606363                  elapsed_time:0.0657730102539
INFO:root:sl:-0.0232467301318 sr:0.0290569581685 heading:4 velocity:[0.0, 0.0, 0.15] position:LocationGlobalRelative:lat=0.0,lon=0.0,alt=3.97
INFO:root:Angle_optical:41.7753819692 Distance_optical:6.62421015473 Angle_gps:-47.9413155645 Distance_gps:0.122175606363                  elapsed_time:0.0795900821686
INFO:root:sl:-0.0425319362274 sr:0.05958740885 heading:4 velocity:[0.0, 0.0, 0.15] position:LocationGlobalRelative:lat=0.0,lon=0.0,alt=3.97
INFO:root:Angle_optical:41.7835682842 Distance_optical:6.70415960478 Angle_gps:-47.9413155645 Distance_gps:0.122175606363                  elapsed_time:0.0690319538116
INFO:root:sl:-0.0218143603489 sr:0.0370508794001 heading:4 velocity:[0.0, 0.0, 0.15] position:LocationGlobalRelative:lat=0.0,lon=0.0,alt=3.97
INFO:root:Angle_optical:41.787963901 Distance_optical:6.75386848647 Angle_gps:-47.9413155645 Distance_gps:0.122175606363                  elapsed_time:0.0687530040741
INFO:root:sl:-0.0266618553655 sr:0.0313596231241 heading:4 velocity:[0.0, 0.0, 0.15] position:LocationGlobalRelative:lat=0.0,lon=0.0,alt=3.97
INFO:root:Angle_optical:41.7913993106 Distance_optical:6.79594635632 Angle_gps:-47.9413155645 Distance_gps:0.122175606363                  elapsed_time:0.0717730522156
INFO:root:sl:-0.0166568066178 sr:0.0305424303695 heading:4 velocity:[0.0, 0.0, 0.15] position:LocationGlobalRelative:lat=0.0,lon=0.0,alt=3.97
INFO:root:Angle_optical:41.7945898268 Distance_optical:6.83692625345 Angle_gps:-47.9413155645 Distance_gps:0.122175606363                  elapsed_time:0.0684750080109
INFO:root:sl:-0.0198955454079 sr:0.0254948255075 heading:4 velocity:[0.0, 0.0, 0.15] position:LocationGlobalRelative:lat=0.0,lon=0.0,alt=3.97
INFO:root:Angle_optical:41.7971803632 Distance_optical:6.87113482611 Angle_gps:-47.9413155645 Distance_gps:0.122175606363                  elapsed_time:0.066370010376
INFO:root:sl:-0.0375566446557 sr:0.05147190585 heading:4 velocity:[0.0, 0.0, 0.15] position:LocationGlobalRelative:lat=0.0,lon=0.0,alt=3.97
INFO:root:Angle_optical:41.8022873795 Distance_optical:6.94019780911 Angle_gps:-47.9413155645 Distance_gps:0.122175606363                  elapsed_time:0.0682389736176
INFO:root:sl:-0.0225011944448 sr:0.0263589833542 heading:4 velocity:[0.0, 0.0, 0.15] position:LocationGlobalRelative:lat=0.0,lon=0.0,alt=3.98
INFO:root:Angle_optical:41.8048533874 Distance_optical:6.97556564364 Angle_gps:-47.9413155645 Distance_gps:0.122175606363                  elapsed_time:0.0775349140167
INFO:root:sl:-0.0161750254025 sr:0.0258308233156 heading:4 velocity:[0.0, 0.0, 0.15] position:LocationGlobalRelative:lat=0.0,lon=0.0,alt=3.98
INFO:root:Angle_optical:41.8073374669 Distance_optical:7.01022451923 Angle_gps:-47.9413155645 Distance_gps:0.122175606363                  elapsed_time:0.0665760040283
INFO:root:sl:-0.0242034362586 sr:0.0257386689614 heading:4 velocity:[0.0, 0.0, 0.15] position:LocationGlobalRelative:lat=0.0,lon=0.0,alt=3.98
INFO:root:Angle_optical:41.8097861483 Distance_optical:7.0447598556 Angle_gps:-47.9413155645 Distance_gps:0.122175606363                  elapsed_time:0.0707578659058
INFO:root:sl:-0.0417154040235 sr:0.059621655331 heading:4 velocity:[0.0, 0.0, 0.15] position:LocationGlobalRelative:lat=0.0,lon=0.0,alt=3.98
INFO:root:Angle_optical:41.8153641173 Distance_optical:7.12475787082 Angle_gps:-47.9413155645 Distance_gps:0.122175606363                  elapsed_time:0.0817241668701
INFO:root:sl:-0.0190065206025 sr:0.0291639811207 heading:4 velocity:[0.0, 0.0, 0.15] position:LocationGlobalRelative:lat=0.0,lon=0.0,alt=3.98
INFO:root:Angle_optical:41.8180466425 Distance_optical:7.16388891598 Angle_gps:-47.9413155645 Distance_gps:0.122175606363                  elapsed_time:0.0693440437317
INFO:root:sl:-0.0465165106117 sr:0.0733586876202 heading:4 velocity:[0.0, 0.0, 0.15] position:LocationGlobalRelative:lat=0.0,lon=0.0,alt=3.98
INFO:root:Angle_optical:41.8246654374 Distance_optical:7.2623181612 Angle_gps:-47.9413155645 Distance_gps:0.122175606363                  elapsed_time:0.0658280849457
INFO:root:sl:-0.0306087342048 sr:0.0393778109866 heading:4 velocity:[0.0, 0.0, 0.15] position:LocationGlobalRelative:lat=0.0,lon=0.0,alt=3.98
INFO:root:Angle_optical:41.8281446351 Distance_optical:7.3151532824 Angle_gps:-47.9413155645 Distance_gps:0.122175606363                  elapsed_time:0.0696408748627
INFO:root:sl:-0.0470869237352 sr:0.0649937496253 heading:4 velocity:[0.0, 0.0, 0.15] position:LocationGlobalRelative:lat=0.0,lon=0.0,alt=3.98
INFO:root:Angle_optical:41.8337781916 Distance_optical:7.40235818182 Angle_gps:-47.9413155645 Distance_gps:0.122175606363                  elapsed_time:0.0664098262787
INFO:root:sl:-0.0265074869933 sr:0.0420637206244 heading:4 velocity:[0.0, 0.0, 0.15] position:LocationGlobalRelative:lat=0.0,lon=0.0,alt=3.98
INFO:root:Angle_optical:41.8373539098 Distance_optical:7.45879666806 Angle_gps:-47.9413155645 Distance_gps:0.122175606363                  elapsed_time:0.0679860115051
INFO:root:sl:-0.042720148661 sr:0.0559548931198 heading:4 velocity:[0.0, -0.01, 0.14] position:LocationGlobalRelative:lat=0.0,lon=0.0,alt=3.98
INFO:root:Angle_optical:41.8420273333 Distance_optical:7.53387317505 Angle_gps:-47.9413155645 Distance_gps:0.122175606363                  elapsed_time:0.0701050758362
INFO:root:sl:-0.0273835456001 sr:0.0403328237914 heading:4 velocity:[0.0, -0.01, 0.14] position:LocationGlobalRelative:lat=0.0,lon=0.0,alt=3.98
INFO:root:Angle_optical:41.8453385773 Distance_optical:7.58798884673 Angle_gps:-47.9413155645 Distance_gps:0.122175606363                  elapsed_time:0.0844979286194
INFO:root:sl:-0.0207105931359 sr:0.034844078137 heading:4 velocity:[0.0, -0.01, 0.14] position:LocationGlobalRelative:lat=0.0,lon=0.0,alt=3.98
INFO:root:Angle_optical:41.8481613737 Distance_optical:7.63473997593 Angle_gps:-47.9413155645 Distance_gps:0.122175606363                  elapsed_time:0.0704751014709
INFO:root:sl:-0.0273752785284 sr:0.032094164284 heading:4 velocity:[0.0, -0.01, 0.14] position:LocationGlobalRelative:lat=0.0,lon=0.0,alt=3.98
INFO:root:Angle_optical:41.8507309535 Distance_optical:7.67780136859 Angle_gps:-47.9413155645 Distance_gps:0.122175606363                  elapsed_time:0.0683691501617
INFO:root:sl:-0.0463715708669 sr:0.0713499235975 heading:4 velocity:[0.0, -0.01, 0.14] position:LocationGlobalRelative:lat=0.0,lon=0.0,alt=3.98
INFO:root:Angle_optical:41.8563414101 Distance_optical:7.77353261488 Angle_gps:-47.9413155645 Distance_gps:0.122175606363                  elapsed_time:0.0692989826202
INFO:root:sl:-0.0230296848128 sr:0.0336465901517 heading:4 velocity:[0.0, -0.01, 0.14] position:LocationGlobalRelative:lat=0.0,lon=0.0,alt=3.98
INFO:root:Angle_optical:41.8589394296 Distance_optical:7.81867655142 Angle_gps:-47.9413155645 Distance_gps:0.122175606363                  elapsed_time:0.0664119720459
INFO:root:sl:-0.0275795906322 sr:0.0344775919875 heading:4 velocity:[0.0, -0.01, 0.14] position:LocationGlobalRelative:lat=0.0,lon=0.0,alt=3.98
INFO:root:Angle_optical:41.8615706475 Distance_optical:7.86493532167 Angle_gps:-47.9413155645 Distance_gps:0.122175606363                  elapsed_time:0.0680918693542
INFO:root:sl:-0.0212226030111 sr:0.0350782006996 heading:4 velocity:[0.0, -0.01, 0.14] position:LocationGlobalRelative:lat=0.0,lon=0.0,alt=3.98
INFO:root:Angle_optical:41.8642160967 Distance_optical:7.91199979734 Angle_gps:-47.9413155645 Distance_gps:0.122175606363                  elapsed_time:0.0675859451294
INFO:root:sl:-0.0347566926586 sr:0.0480671900256 heading:4 velocity:[0.0, -0.01, 0.14] position:LocationGlobalRelative:lat=0.0,lon=0.0,alt=3.98
INFO:root:Angle_optical:41.8677903747 Distance_optical:7.9764913967 Angle_gps:-47.9413155645 Distance_gps:0.122175606363                  elapsed_time:0.0793328285217
INFO:root:sl:-0.0207756106519 sr:0.0294705284141 heading:4 velocity:[0.0, -0.01, 0.14] position:LocationGlobalRelative:lat=0.0,lon=0.0,alt=3.98
INFO:root:Angle_optical:41.8699533368 Distance_optical:8.0160317844 Angle_gps:-47.9413155645 Distance_gps:0.122175606363                  elapsed_time:0.0699031352997
INFO:root:sl:-0.0219609745361 sr:0.028916026858 heading:4 velocity:[0.0, -0.01, 0.14] position:LocationGlobalRelative:lat=0.0,lon=0.0,alt=3.98
INFO:root:Angle_optical:41.8720549418 Distance_optical:8.05482810554 Angle_gps:-47.9413155645 Distance_gps:0.122175606363                  elapsed_time:0.070641040802
INFO:root:sl:-0.0282665625315 sr:0.0385239853264 heading:4 velocity:[0.0, -0.01, 0.14] position:LocationGlobalRelative:lat=0.0,lon=0.0,alt=3.98
INFO:root:Angle_optical:41.8748235666 Distance_optical:8.10651517214 Angle_gps:-47.9413155645 Distance_gps:0.122175606363                  elapsed_time:0.0813000202179
INFO:root:sl:-0.0100065323242 sr:0.0230800009291 heading:4 velocity:[0.0, -0.01, 0.14] position:LocationGlobalRelative:lat=0.0,lon=0.0,alt=3.98
INFO:root:Angle_optical:41.8764654055 Distance_optical:8.13748118916 Angle_gps:-47.9413155645 Distance_gps:0.122175606363                  elapsed_time:0.0672540664673
INFO:root:sl:-0.0201183855741 sr:0.0226759024182 heading:4 velocity:[0.0, -0.01, 0.14] position:LocationGlobalRelative:lat=0.0,lon=0.0,alt=3.98
INFO:root:Angle_optical:41.8780663618 Distance_optical:8.16790497434 Angle_gps:-47.9413155645 Distance_gps:0.122175606363                  elapsed_time:0.0675489902496
INFO:root:sl:-0.0123296680291 sr:0.0215686444936 heading:4 velocity:[0.0, -0.01, 0.14] position:LocationGlobalRelative:lat=0.0,lon=0.0,alt=3.98
INFO:root:Angle_optical:41.8795781046 Distance_optical:8.19684311895 Angle_gps:-47.9413155645 Distance_gps:0.122175606363                  elapsed_time:0.0688190460205
INFO:root:sl:-0.0219181632958 sr:0.0260217839608 heading:4 velocity:[0.0, -0.01, 0.14] position:LocationGlobalRelative:lat=0.0,lon=0.0,alt=3.98
INFO:root:Angle_optical:41.8813878055 Distance_optical:8.2317558637 Angle_gps:-47.9413155645 Distance_gps:0.122175606363                  elapsed_time:0.0665729045868
INFO:root:sl:-0.0115262735652 sr:0.0185600450084 heading:4 velocity:[0.0, -0.01, 0.14] position:LocationGlobalRelative:lat=0.0,lon=0.0,alt=3.98
INFO:root:Angle_optical:41.8826692146 Distance_optical:8.25665734028 Angle_gps:-47.9413155645 Distance_gps:0.122175606363                  elapsed_time:0.0653970241547
INFO:root:sl:-0.00580235577357 sr:0.0154183889585 heading:4 velocity:[0.0, -0.01, 0.14] position:LocationGlobalRelative:lat=0.0,lon=0.0,alt=3.98
INFO:root:Angle_optical:41.8837278508 Distance_optical:8.27734371659 Angle_gps:-47.9413155645 Distance_gps:0.122175606363                  elapsed_time:0.0698540210724
INFO:root:sl:-0.0276879251207 sr:0.0400746015481 heading:4 velocity:[0.0, -0.01, 0.14] position:LocationGlobalRelative:lat=0.0,lon=0.0,alt=3.98
INFO:root:Angle_optical:41.8864547818 Distance_optical:8.33111043937 Angle_gps:-47.9413155645 Distance_gps:0.122175606363                  elapsed_time:0.0820600986481
INFO:root:sl:-0.0151546157461 sr:0.0183635289901 heading:4 velocity:[0.0, -0.01, 0.14] position:LocationGlobalRelative:lat=0.0,lon=0.0,alt=3.98
INFO:root:Angle_optical:41.8876926155 Distance_optical:8.35574809409 Angle_gps:-47.9413155645 Distance_gps:0.122175606363                  elapsed_time:0.0715708732605
INFO:root:sl:-0.00753639499657 sr:0.0181615071445 heading:4 velocity:[0.0, -0.01, 0.14] position:LocationGlobalRelative:lat=0.0,lon=0.0,alt=3.98
INFO:root:Angle_optical:41.8889096648 Distance_optical:8.38011466372 Angle_gps:-47.9413155645 Distance_gps:0.122175606363                  elapsed_time:0.066388130188
INFO:root:sl:-0.0185597206704 sr:0.0189707048576 heading:4 velocity:[0.0, -0.01, 0.14] position:LocationGlobalRelative:lat=0.0,lon=0.0,alt=3.99
INFO:root:Angle_optical:41.8901733976 Distance_optical:8.40556685903 Angle_gps:-47.9413155645 Distance_gps:0.122175606363                  elapsed_time:0.0688920021057
INFO:root:sl:-0.00983257524131 sr:0.0138764555993 heading:4 velocity:[0.0, -0.01, 0.14] position:LocationGlobalRelative:lat=0.0,lon=0.0,alt=3.99
INFO:root:Angle_optical:41.8910929361 Distance_optical:8.42418428709 Angle_gps:-47.9413155645 Distance_gps:0.122175606363                  elapsed_time:0.0696651935577
INFO:root:sl:-0.0332442964993 sr:0.047328354735 heading:4 velocity:[0.0, -0.01, 0.14] position:LocationGlobalRelative:lat=0.0,lon=0.0,alt=3.99
INFO:root:Angle_optical:41.8941988249 Distance_optical:8.48768247489 Angle_gps:-47.9413155645 Distance_gps:0.122175606363                  elapsed_time:0.0653748512268
INFO:root:sl:-0.0472476701591 sr:0.0723812783197 heading:4 velocity:[0.0, -0.01, 0.14] position:LocationGlobalRelative:lat=0.0,lon=0.0,alt=3.99
INFO:root:Angle_optical:41.8988598281 Distance_optical:8.58479243646 Angle_gps:-47.9413155645 Distance_gps:0.122175606363                  elapsed_time:0.0731191635132
INFO:root:sl:-0.0284545796585 sr:0.0346526587479 heading:4 velocity:[0.0, -0.01, 0.14] position:LocationGlobalRelative:lat=0.0,lon=0.0,alt=3.99
INFO:root:Angle_optical:41.9010541225 Distance_optical:8.63128376263 Angle_gps:-47.9413155645 Distance_gps:0.122175606363                  elapsed_time:0.0786228179932
INFO:root:sl:-0.030703611967 sr:0.0377877914505 heading:4 velocity:[0.0, -0.01, 0.14] position:LocationGlobalRelative:lat=0.0,lon=0.0,alt=3.99
INFO:root:Angle_optical:41.9034201236 Distance_optical:8.68198112976 Angle_gps:-47.9413155645 Distance_gps:0.122175606363                  elapsed_time:0.0699779987335
