INFO:root:sl:0.116808330401 sr:0.110711671129 heading:19 velocity:[0.01, -0.02, -0.09] position:LocationGlobalRelative:lat=55.9406826,lon=-3.1929498,alt=0.145
INFO:root:Angle_optical:-18.5414382126 Distance_optical:0.07181114761 Angle_gps:-62.0064994952 Distance_gps:0.00792247742183                  elapsed_time:0.0608379840851
INFO:root:sl:0.0292020826002 sr:0.0276779177823 heading:19 velocity:[0.01, -0.02, -0.08] position:LocationGlobalRelative:lat=55.9406826,lon=-3.19295,alt=0.14
INFO:root:Angle_optical:-18.8296523509 Distance_optical:0.0861923965117 Angle_gps:-62.7747646269 Distance_gps:0.0142696531685                  elapsed_time:0.0956869125366
INFO:root:sl:0.0365026032502 sr:0.0345973972278 heading:19 velocity:[0.01, -0.02, -0.08] position:LocationGlobalRelative:lat=55.9406826,lon=-3.1929501,alt=0.135
INFO:root:Angle_optical:-18.5389604896 Distance_optical:0.128028459414 Angle_gps:-62.0781467235 Distance_gps:0.0290384193653                  elapsed_time:0.105068922043
INFO:root:sl:0.0456282540627 sr:0.0432467465348 heading:19 velocity:[0.01, -0.02, -0.07] position:LocationGlobalRelative:lat=55.9406826,lon=-3.1929502,alt=0.124
INFO:root:Angle_optical:-18.8439256551 Distance_optical:0.17509081344 Angle_gps:-62.4111343091 Distance_gps:0.0423305305484                  elapsed_time:0.0964839458466
INFO:root:sl:0.0278332349783 sr:0.0263805153862 heading:19 velocity:[0.01, -0.03, -0.07] position:LocationGlobalRelative:lat=55.9406826,lon=-3.1929504,alt=0.111
INFO:root:Angle_optical:-18.5200580104 Distance_optical:0.219636893808 Angle_gps:-61.7690426731 Distance_gps:0.0680483642415                  elapsed_time:0.106554985046
INFO:root:sl:0.0274910230728 sr:0.0260561647872 heading:19 velocity:[0.01, -0.03, -0.06] position:LocationGlobalRelative:lat=55.9406826,lon=-3.1929505,alt=0.101
INFO:root:Angle_optical:-18.6441023508 Distance_optical:0.262572029534 Angle_gps:-62.0316473548 Distance_gps:0.0931429913945                  elapsed_time:0.100333929062
INFO:root:sl:0.0252381280285 sr:0.0239208566771 heading:19 velocity:[0.0, -0.03, -0.05] position:LocationGlobalRelative:lat=55.9406826,lon=-3.1929506,alt=0.089
INFO:root:Angle_optical:-18.5448888982 Distance_optical:0.309414243114 Angle_gps:-62.0316473548 Distance_gps:0.0931429913945                  elapsed_time:0.10515499115
INFO:root:sl:0.0201405965199 sr:0.0190893842126 heading:19 velocity:[0.0, -0.03, -0.05] position:LocationGlobalRelative:lat=55.9406826,lon=-3.1929507,alt=0.08
INFO:root:Angle_optical:-18.6471583496 Distance_optical:0.3461308693 Angle_gps:-62.0316473548 Distance_gps:0.0931429913945                  elapsed_time:0.0946011543274
INFO:root:sl:0.0182174369053 sr:0.0172666014192 heading:19 velocity:[0.0, -0.03, -0.05] position:LocationGlobalRelative:lat=55.9406826,lon=-3.1929508,alt=0.076
INFO:root:Angle_optical:-18.6933044124 Distance_optical:0.380974105166 Angle_gps:-62.0316473548 Distance_gps:0.0931429913945                  elapsed_time:0.103273868561
INFO:root:sl:0.0158990403634 sr:0.0150692105772 heading:19 velocity:[0.0, -0.03, -0.04] position:LocationGlobalRelative:lat=55.9406827,lon=-3.192951,alt=0.072
INFO:root:Angle_optical:-18.7707262447 Distance_optical:0.411017766539 Angle_gps:-62.0316473548 Distance_gps:0.0931429913945                  elapsed_time:0.102536916733
INFO:root:sl:0.0135642684471 sr:0.0128562990523 heading:19 velocity:[0.0, -0.03, -0.04] position:LocationGlobalRelative:lat=55.9406827,lon=-3.1929511,alt=0.071
INFO:root:Angle_optical:-18.8213319379 Distance_optical:0.436972107145 Angle_gps:-62.0316473548 Distance_gps:0.0931429913945                  elapsed_time:0.108953952789
INFO:root:sl:0.011920186429 sr:0.0112980277622 heading:19 velocity:[0.01, -0.03, -0.04] position:LocationGlobalRelative:lat=55.9406828,lon=-3.1929512,alt=0.068
INFO:root:Angle_optical:-18.869923425 Distance_optical:0.459665255703 Angle_gps:-61.8915053288 Distance_gps:0.122966625076                  elapsed_time:0.103803873062
INFO:root:sl:0.0103458738099 sr:0.00980588434792 heading:19 velocity:[0.01, -0.03, -0.03] position:LocationGlobalRelative:lat=55.9406828,lon=-3.1929513,alt=0.063
INFO:root:Angle_optical:-18.9063300432 Distance_optical:0.479431765206 Angle_gps:-62.0997754102 Distance_gps:0.152259075262                  elapsed_time:0.108622074127
INFO:root:sl:0.00895758217149 sr:0.00849005279059 heading:19 velocity:[0.01, -0.03, -0.03] position:LocationGlobalRelative:lat=55.9406829,lon=-3.1929514,alt=0.056
INFO:root:Angle_optical:-18.9372836782 Distance_optical:0.496515523318 Angle_gps:-62.1866046786 Distance_gps:0.182992058046                  elapsed_time:0.101125955582
INFO:root:sl:0.00780591060258 sr:0.00739849122517 heading:19 velocity:[0.01, -0.04, -0.03] position:LocationGlobalRelative:lat=55.9406829,lon=-3.1929515,alt=0.048
INFO:root:Angle_optical:-18.9620202971 Distance_optical:0.51141914024 Angle_gps:-62.3575574095 Distance_gps:0.219368873278                  elapsed_time:0.102126121521
INFO:root:sl:0.00677734164599 sr:0.00642360709092 heading:19 velocity:[0.01, -0.04, -0.02] position:LocationGlobalRelative:lat=55.940683,lon=-3.1929516,alt=0.039
INFO:root:Angle_optical:-18.982730704 Distance_optical:0.524351398412 Angle_gps:-62.4625418559 Distance_gps:0.256203915458                  elapsed_time:0.0962378978729
INFO:root:sl:0.00588520860502 sr:0.00557803777667 heading:19 velocity:[0.01, -0.04, -0.02] position:LocationGlobalRelative:lat=55.940683,lon=-3.1929517,alt=0.032
INFO:root:Angle_optical:-18.999763097 Distance_optical:0.535585221442 Angle_gps:-62.563667571 Distance_gps:0.292853360459                  elapsed_time:0.106456041336
INFO:root:sl:0.0051171152134 sr:0.00485003402319 heading:19 velocity:[0.01, -0.04, -0.01] position:LocationGlobalRelative:lat=55.9406831,lon=-3.1929518,alt=0.021
INFO:root:Angle_optical:-19.0140843945 Distance_optical:0.545351065917 Angle_gps:-62.6366758342 Distance_gps:0.329634031297                  elapsed_time:0.0948219299316
INFO:root:sl:0.0044449163661 sr:0.0042129197227 heading:19 velocity:[0.01, -0.04, -0.01] position:LocationGlobalRelative:lat=55.9406831,lon=-3.1929519,alt=0.01
INFO:root:Angle_optical:-19.0260797943 Distance_optical:0.553834992365 Angle_gps:-62.7002451826 Distance_gps:0.366349821249                  elapsed_time:0.106534004211
INFO:root:sl:0.00386181004613 sr:0.00366024788064 heading:19 velocity:[0.01, -0.04, 0.0] position:LocationGlobalRelative:lat=55.9406831,lon=-3.192952,alt=-0.001
INFO:root:Angle_optical:-19.0362258154 Distance_optical:0.561205522379 Angle_gps:-62.7504772008 Distance_gps:0.403105853068                  elapsed_time:0.103101968765
INFO:root:sl:0.00335596040641 sr:0.00318080040663 heading:19 velocity:[0.01, -0.04, 0.0] position:LocationGlobalRelative:lat=55.9406831,lon=-3.1929521,alt=-0.002
INFO:root:Angle_optical:-19.0448204106 Distance_optical:0.567610840524 Angle_gps:-62.7935965619 Distance_gps:0.43984057585                  elapsed_time:0.113811969757
INFO:root:sl:0.00291567170466 sr:0.00276349200249 heading:19 velocity:[0.01, -0.04, 0.0] position:LocationGlobalRelative:lat=55.9406832,lon=-3.1929522,alt=-0.008
INFO:root:Angle_optical:-19.0521358262 Distance_optical:0.573175706994 Angle_gps:-62.8295426443 Distance_gps:0.476588055166                  elapsed_time:0.0975780487061
INFO:root:sl:0.0025333605393 sr:0.00240113507244 heading:19 velocity:[0.0, -0.04, 0.0] position:LocationGlobalRelative:lat=55.9406832,lon=-3.1929523,alt=-0.014
INFO:root:Angle_optical:-19.0583756219 Distance_optical:0.578010953646 Angle_gps:-62.8295426443 Distance_gps:0.476588055166                  elapsed_time:0.0918781757355
INFO:root:sl:0.00220124816259 sr:0.00208635687039 heading:19 velocity:[0.0, -0.04, 0.0] position:LocationGlobalRelative:lat=55.9406832,lon=-3.1929523,alt=-0.017
INFO:root:Angle_optical:-19.0637142784 Distance_optical:0.582212299778 Angle_gps:-62.8295426443 Distance_gps:0.476588055166                  elapsed_time:0.0849080085754
INFO:root:sl:0.00191257010164 sr:0.00181274598633 heading:19 velocity:[0.0, -0.04, 0.0] position:LocationGlobalRelative:lat=55.9406832,lon=-3.1929523,alt=-0.017
INFO:root:Angle_optical:-19.0682901526 Distance_optical:0.585862686256 Angle_gps:-62.8295426443 Distance_gps:0.476588055166                  elapsed_time:0.0842189788818
INFO:root:sl:0.00166179470088 sr:0.00157505948229 heading:19 velocity:[0.0, -0.04, 0.0] position:LocationGlobalRelative:lat=55.9406832,lon=-3.1929523,alt=-0.017
INFO:root:Angle_optical:-19.072220235 Distance_optical:0.589034432137 Angle_gps:-62.8295426443 Distance_gps:0.476588055166                  elapsed_time:0.0883419513702
INFO:root:sl:0.00144390324128 sr:0.00136854058475 heading:19 velocity:[0.01, -0.04, 0.0] position:LocationGlobalRelative:lat=55.9406832,lon=-3.1929525,alt=-0.038
INFO:root:Angle_optical:-19.0756006904 Distance_optical:0.591790309901 Angle_gps:-62.8295426443 Distance_gps:0.476588055166                  elapsed_time:0.100841999054
INFO:root:sl:0.00125456701095 sr:0.00118908651334 heading:19 velocity:[0.0, -0.03, 0.01] position:LocationGlobalRelative:lat=55.9406833,lon=-3.1929528,alt=-0.057
INFO:root:Angle_optical:-19.078512472 Distance_optical:0.594184814856 Angle_gps:-62.8295426443 Distance_gps:0.476588055166                  elapsed_time:0.140211820602
INFO:root:sl:0.00109006623828 sr:0.0010331716451 heading:19 velocity:[0.02, -0.05, 0.1] position:LocationGlobalRelative:lat=55.9406833,lon=-3.192953,alt=-0.073
INFO:root:Angle_optical:-19.0810234401 Distance_optical:0.596265350595 Angle_gps:-62.8747409194 Distance_gps:0.531851822247                  elapsed_time:0.137924194336
INFO:root:sl:-0.00339694128699 sr:0.0332919930223 heading:19 velocity:[0.0, -0.05, 0.04] position:LocationGlobalRelative:lat=55.9406833,lon=-3.1929532,alt=-0.09
INFO:root:Angle_optical:-16.0681201214 Distance_optical:0.629279631691 Angle_gps:-62.8747409194 Distance_gps:0.531851822247                  elapsed_time:0.0884799957275
INFO:root:sl:-0.000263077009442 sr:0.00887856279518 heading:19 velocity:[0.01, -0.05, 0.0] position:LocationGlobalRelative:lat=55.9406833,lon=-3.1929533,alt=-0.101
INFO:root:Angle_optical:-15.317923404 Distance_optical:0.638358655317 Angle_gps:-62.9036081814 Distance_gps:0.574669879201                  elapsed_time:0.113620996475
INFO:root:sl:0.0629457547883 sr:0.0426274663098 heading:18 velocity:[0.05, -0.07, -0.12] position:LocationGlobalRelative:lat=55.9406834,lon=-3.1929534,alt=-0.103
INFO:root:Angle_optical:-17.1630004139 Distance_optical:0.74119428171 Angle_gps:-62.8467128907 Distance_gps:0.680286062001                  elapsed_time:0.0946848392487
INFO:root:sl:0.0170769496508 sr:0.00696798411791 heading:17 velocity:[0.09, -0.1, -0.25] position:LocationGlobalRelative:lat=55.9406835,lon=-3.1929536,alt=-0.092
INFO:root:Angle_optical:-17.8829056118 Distance_optical:0.764835150924 Angle_gps:-62.5782837043 Distance_gps:0.854775699453                  elapsed_time:0.100425958633
INFO:root:sl:0.0532170080815 sr:0.146610875504 heading:15 velocity:[0.09, -0.13, -0.31] position:LocationGlobalRelative:lat=55.9406836,lon=-3.1929539,alt=-0.063
INFO:root:Angle_optical:-11.8146698474 Distance_optical:0.959198905996 Angle_gps:-62.0436591729 Distance_gps:1.05113286005                  elapsed_time:0.0967841148376
INFO:root:sl:0.0485501388766 sr:0.103075737276 heading:14 velocity:[0.08, -0.16, -0.34] position:LocationGlobalRelative:lat=55.9406836,lon=-3.1929541,alt=-0.039
INFO:root:Angle_optical:-9.28307074461 Distance_optical:1.10843401577 Angle_gps:-61.429591615 Distance_gps:1.25752737985                  elapsed_time:0.112439155579
INFO:root:sl:0.0301434840176 sr:0.130113235884 heading:12 velocity:[0.06, -0.21, -0.35] position:LocationGlobalRelative:lat=55.9406837,lon=-3.1929545,alt=-0.012
INFO:root:Angle_optical:-5.1903126477 Distance_optical:1.26970438136 Angle_gps:-60.6691324548 Distance_gps:1.48143272756                  elapsed_time:0.0906407833099
INFO:root:sl:0.454049795409 sr:0.730113235884 heading:11 velocity:[0.06, -0.26, -0.35] position:LocationGlobalRelative:lat=55.9406838,lon=-3.1929549,alt=0.01
INFO:root:Angle_optical:-1.21659872857 Distance_optical:2.43111342105 Angle_gps:-59.8123970943 Distance_gps:1.74537410832                  elapsed_time:0.095930814743
INFO:root:sl:0.398696401358 sr:0.369598869699 heading:10 velocity:[0.05, -0.3, -0.34] position:LocationGlobalRelative:lat=55.9406838,lon=-3.1929553,alt=0.034
INFO:root:Angle_optical:-3.48210904517 Distance_optical:3.15975838505 Angle_gps:-58.9609394234 Distance_gps:2.03274287711                  elapsed_time:0.101425886154
INFO:root:sl:0.35703431102 sr:0.59517673335 heading:9 velocity:[0.06, -0.33, -0.34] position:LocationGlobalRelative:lat=55.9406839,lon=-3.1929558,alt=0.056
INFO:root:Angle_optical:-1.24832798612 Distance_optical:4.08751953439 Angle_gps:-58.0989451261 Distance_gps:2.35893376782                  elapsed_time:0.102928161621
INFO:root:sl:0.670959079485 sr:0.678991584883 heading:9 velocity:[0.07, -0.32, -0.37] position:LocationGlobalRelative:lat=55.9406839,lon=-3.1929566,alt=0.097
INFO:root:Angle_optical:-2.6049351915 Distance_optical:5.37181596652 Angle_gps:-57.3867743057 Distance_gps:2.68493384032                  elapsed_time:0.0970158576965
INFO:root:sl:0.698153451966 sr:0.429709345873 heading:9 velocity:[0.07, -0.3, -0.39] position:LocationGlobalRelative:lat=55.9406839,lon=-3.1929572,alt=0.132
INFO:root:Angle_optical:-5.61811632779 Distance_optical:6.4344880805 Angle_gps:-56.8237096316 Distance_gps:2.99821129879                  elapsed_time:0.12232208252
INFO:root:sl:0.400828262951 sr:0.0936301098775 heading:11 velocity:[0.07, -0.29, -0.38] position:LocationGlobalRelative:lat=55.9406839,lon=-3.1929577,alt=0.165
INFO:root:Angle_optical:-8.21635771958 Distance_optical:6.90155075543 Angle_gps:-56.4776217516 Distance_gps:3.29520743031                  elapsed_time:0.11851811409
INFO:root:sl:0.55175125499 sr:-0.109800888319 heading:13 velocity:[0.07, -0.29, -0.29] position:LocationGlobalRelative:lat=55.940684,lon=-3.1929581,alt=0.192
INFO:root:Angle_optical:-12.3978479566 Distance_optical:7.43746874876 Angle_gps:-56.3289122713 Distance_gps:3.58415419155                  elapsed_time:0.113216161728
INFO:root:sl:0.241770045837 sr:0.419307730096 heading:17 velocity:[0.06, -0.31, -0.22] position:LocationGlobalRelative:lat=55.940684,lon=-3.1929586,alt=0.21
INFO:root:Angle_optical:-11.24370282 Distance_optical:8.08020850927 Angle_gps:-56.4595627921 Distance_gps:3.85531867743                  elapsed_time:0.0967919826508
INFO:root:sl:0.142181833071 sr:0.155982320086 heading:22 velocity:[0.03, -0.3, -0.16] position:LocationGlobalRelative:lat=55.940684,lon=-3.1929591,alt=0.222
INFO:root:Angle_optical:-11.4013108401 Distance_optical:8.37093440943 Angle_gps:-56.8024296065 Distance_gps:4.05403660272                  elapsed_time:0.10177397728
INFO:root:sl:0.369352411806 sr:0.216149835629 heading:27 velocity:[0.01, -0.29, -0.16] position:LocationGlobalRelative:lat=55.940684,lon=-3.1929595,alt=0.23
INFO:root:Angle_optical:-13.1579181154 Distance_optical:8.90137099209 Angle_gps:-57.2039417198 Distance_gps:4.18828372969                  elapsed_time:0.0981781482697
INFO:root:sl:0.0188239076528 sr:0.142245636154 heading:31 velocity:[-0.01, -0.23, -0.11] position:LocationGlobalRelative:lat=55.9406839,lon=-3.19296,alt=0.234
INFO:root:Angle_optical:-12.7016111424 Distance_optical:9.08534630076 Angle_gps:-57.4519599772 Distance_gps:4.24880186572                  elapsed_time:0.0942301750183
INFO:root:sl:0.618823907653 sr:-0.242414885636 heading:34 velocity:[-0.02, -0.16, -0.02] position:LocationGlobalRelative:lat=55.940684,lon=-3.1929605,alt=0.24
INFO:root:Angle_optical:-17.3462215221 Distance_optical:9.46927512144 Angle_gps:-57.5220562311 Distance_gps:4.26272493199                  elapsed_time:0.0985090732574
INFO:root:sl:0.799189789391 sr:-0.0287440973324 heading:36 velocity:[-0.01, -0.1, 0.03] position:LocationGlobalRelative:lat=55.940684,lon=-3.1929609,alt=0.243
INFO:root:Angle_optical:-22.905230958 Distance_optical:10.0009150838 Angle_gps:-57.5634593773 Distance_gps:4.26990877352                  elapsed_time:0.103400945663
INFO:root:sl:0.83647756487 sr:-0.229049965535 heading:39 velocity:[-0.02, -0.02, 0.1] position:LocationGlobalRelative:lat=55.940684,lon=-3.1929611,alt=0.239
INFO:root:Angle_optical:-28.2208354906 Distance_optical:10.6018378676 Angle_gps:-57.5634593773 Distance_gps:4.26990877352                  elapsed_time:0.110779047012
INFO:root:sl:0.738381786445 sr:-0.507386403292 heading:40 velocity:[-0.01, 0.02, 0.15] position:LocationGlobalRelative:lat=55.940684,lon=-3.1929612,alt=0.224
INFO:root:Angle_optical:-32.4845121236 Distance_optical:11.1758204881 Angle_gps:-57.2593027812 Distance_gps:4.2817938405                  elapsed_time:0.0943348407745
INFO:root:sl:0.590118328637 sr:-0.82092481453 heading:41 velocity:[0.0, 0.07, 0.22] position:LocationGlobalRelative:lat=55.9406841,lon=-3.1929612,alt=0.201
INFO:root:Angle_optical:-35.6261443991 Distance_optical:11.6620714251 Angle_gps:-57.2593027812 Distance_gps:4.2817938405                  elapsed_time:0.0993940830231
INFO:root:sl:0.487712858348 sr:-0.704831627638 heading:42 velocity:[0.0, 0.11, 0.27] position:LocationGlobalRelative:lat=55.9406842,lon=-3.1929612,alt=0.176
INFO:root:Angle_optical:-38.0560930989 Distance_optical:12.0799760557 Angle_gps:-57.2593027812 Distance_gps:4.2817938405                  elapsed_time:0.0995888710022
INFO:root:sl:0.456197406446 sr:-1.30483162764 heading:42 velocity:[0.01, 0.13, 0.21] position:LocationGlobalRelative:lat=55.9406842,lon=-3.1929611,alt=0.153
INFO:root:Angle_optical:-40.1925916582 Distance_optical:12.4856247151 Angle_gps:-55.2865839164 Distance_gps:4.3738801127                  elapsed_time:0.103465080261
INFO:root:sl:1.05619740645 sr:-1.55277831439 heading:42 velocity:[0.0, 0.14, 0.18] position:LocationGlobalRelative:lat=55.9406844,lon=-3.192961,alt=0.136
INFO:root:Angle_optical:-44.4227091686 Distance_optical:13.4258346819 Angle_gps:-55.2865839164 Distance_gps:4.3738801127                  elapsed_time:0.0963640213013
INFO:root:sl:1.04495840373 sr:-0.952778314391 heading:41 velocity:[0.0, 0.16, 0.16] position:LocationGlobalRelative:lat=55.9406845,lon=-3.1929608,alt=0.124
INFO:root:Angle_optical:-48.0634004552 Distance_optical:14.4332773301 Angle_gps:-55.2865839164 Distance_gps:4.3738801127                  elapsed_time:0.0989799499512
INFO:root:sl:0.929286346098 sr:-0.352778314391 heading:41 velocity:[0.01, 0.15, 0.12] position:LocationGlobalRelative:lat=55.9406846,lon=-3.1929606,alt=0.119
INFO:root:Angle_optical:-51.0019650532 Distance_optical:15.4167885705 Angle_gps:-53.0918470217 Distance_gps:4.48305708833                  elapsed_time:0.100728988647
INFO:root:sl:1.01774686281 sr:0.247221685609 heading:40 velocity:[0.0, 0.15, 0.09] position:LocationGlobalRelative:lat=55.9406847,lon=-3.1929605,alt=0.119
INFO:root:Angle_optical:-52.7834058326 Distance_optical:16.7045459998 Angle_gps:-53.0918470217 Distance_gps:4.48305708833                  elapsed_time:0.101135015488
INFO:root:sl:1.392512282 sr:0.847221685609 heading:39 velocity:[0.03, 0.15, 0.09] position:LocationGlobalRelative:lat=55.9406849,lon=-3.1929603,alt=0.123
INFO:root:Angle_optical:-52.1449505805 Distance_optical:18.4525532513 Angle_gps:-51.0967427245 Distance_gps:4.61395466646                  elapsed_time:0.101782083511
INFO:root:sl:1.60897527078 sr:1.17482904512 heading:38 velocity:[0.03, 0.14, 0.04] position:LocationGlobalRelative:lat=55.9406851,lon=-3.1929602,alt=0.128
INFO:root:Angle_optical:-51.0743219746 Distance_optical:20.3170020437 Angle_gps:-49.3044218487 Distance_gps:4.73905971173                  elapsed_time:0.102900028229
INFO:root:sl:1.80395598821 sr:1.77482904512 heading:38 velocity:[0.04, 0.12, 0.03] position:LocationGlobalRelative:lat=55.9406853,lon=-3.1929601,alt=0.132
INFO:root:Angle_optical:-50.1544278567 Distance_optical:22.1866656403 Angle_gps:-47.9488284666 Distance_gps:4.86574966661                  elapsed_time:0.108267068863
INFO:root:sl:1.58201204426 sr:2.37482904512 heading:37 velocity:[0.02, 0.1, 0.01] position:LocationGlobalRelative:lat=55.9406854,lon=-3.19296,alt=0.137
INFO:root:Angle_optical:-49.3282483158 Distance_optical:24.0580511721 Angle_gps:-46.7337179198 Distance_gps:4.95515467336                  elapsed_time:0.10630106926
INFO:root:sl:0.982012044255 sr:2.97482904512 heading:36 velocity:[0.0, 0.06, 0.01] position:LocationGlobalRelative:lat=55.9406856,lon=-3.1929599,alt=0.144
INFO:root:Angle_optical:-48.5331379948 Distance_optical:25.9123524643 Angle_gps:-46.7337179198 Distance_gps:4.95515467336                  elapsed_time:0.101293802261
INFO:root:sl:0.926220610618 sr:2.89193478004 heading:35 velocity:[-0.05, 0.05, 0.02] position:LocationGlobalRelative:lat=55.9406856,lon=-3.1929598,alt=0.149
INFO:root:Angle_optical:-47.693914854 Distance_optical:27.7067861424 Angle_gps:-46.2295906595 Distance_gps:4.98798976509                  elapsed_time:0.100345134735
INFO:root:sl:1.52622061062 sr:3.27940268834 heading:35 velocity:[-0.05, 0.05, 0.03] position:LocationGlobalRelative:lat=55.9406856,lon=-3.1929598,alt=0.15
INFO:root:Angle_optical:-47.0434395748 Distance_optical:29.5866369155 Angle_gps:-45.7271910752 Distance_gps:5.02082063603                  elapsed_time:0.100968122482
INFO:root:sl:2.12622061062 sr:3.87940268834 heading:35 velocity:[-0.05, 0.05, 0.03] position:LocationGlobalRelative:lat=55.9406856,lon=-3.1929598,alt=0.15
INFO:root:Angle_optical:-46.4584042534 Distance_optical:31.4684018611 Angle_gps:-45.2293707032 Distance_gps:5.05380610358                  elapsed_time:0.0894548892975
INFO:root:sl:2.72622061062 sr:4.20980295156 heading:35 velocity:[-0.05, 0.05, 0.03] position:LocationGlobalRelative:lat=55.9406856,lon=-3.1929598,alt=0.15
INFO:root:Angle_optical:-45.9341442146 Distance_optical:33.3527906454 Angle_gps:-44.7369318096 Distance_gps:5.08708745708                  elapsed_time:0.0867290496826
INFO:root:sl:3.19000862369 sr:4.13368818405 heading:34 velocity:[-0.11, 0.01, 0.13] position:LocationGlobalRelative:lat=55.9406858,lon=-3.1929598,alt=0.147
INFO:root:Angle_optical:-45.4329415466 Distance_optical:35.2375010598 Angle_gps:-44.7369318096 Distance_gps:5.08708745708                  elapsed_time:0.0950589179993
INFO:root:sl:2.72677686382 sr:3.73935108815 heading:33 velocity:[-0.09, -0.03, 0.22] position:LocationGlobalRelative:lat=55.9406859,lon=-3.1929599,alt=0.113
INFO:root:Angle_optical:-44.9380289759 Distance_optical:37.1238647544 Angle_gps:-44.7369318096 Distance_gps:5.08708745708                  elapsed_time:0.14013504982
INFO:root:sl:2.15025355826 sr:3.13935108815 heading:24 velocity:[-0.2, -0.06, 0.07] position:LocationGlobalRelative:lat=55.9406844,lon=-3.1929605,alt=-0.008
INFO:root:Angle_optical:-44.1532636014 Distance_optical:38.9846199695 Angle_gps:-44.7369318096 Distance_gps:5.08708745708                  elapsed_time:1.70062184334
INFO:root:sl:1.55025355826 sr:2.93446241773 heading:23 velocity:[-0.2, -0.05, 0.07] position:LocationGlobalRelative:lat=55.9406842,lon=-3.1929604,alt=-0.009
INFO:root:Angle_optical:-43.2680622339 Distance_optical:40.8417283918 Angle_gps:-44.7369318096 Distance_gps:5.08708745708                  elapsed_time:0.0858778953552
INFO:root:sl:0.950253558256 sr:2.78090484481 heading:23 velocity:[-0.22, -0.02, 0.08] position:LocationGlobalRelative:lat=55.9406841,lon=-3.1929604,alt=-0.01
INFO:root:Angle_optical:-42.3565931619 Distance_optical:42.631586601 Angle_gps:-44.7369318096 Distance_gps:5.08708745708                  elapsed_time:0.0915629863739
INFO:root:sl:0.350253558256 sr:2.32626345782 heading:22 velocity:[-0.22, -0.01, 0.07] position:LocationGlobalRelative:lat=55.9406839,lon=-3.1929603,alt=-0.014
INFO:root:Angle_optical:-40.9836492111 Distance_optical:43.6766326687 Angle_gps:-44.7369318096 Distance_gps:5.08708745708                  elapsed_time:0.0996310710907
INFO:root:sl:0.424932781056 sr:1.98191397399 heading:21 velocity:[-0.21, 0.01, 0.03] position:LocationGlobalRelative:lat=55.9406836,lon=-3.1929602,alt=-0.011
INFO:root:Angle_optical:-39.7071210832 Distance_optical:44.8150330781 Angle_gps:-44.7369318096 Distance_gps:5.08708745708                  elapsed_time:0.160813093185
INFO:root:sl:0.376900922768 sr:1.43731501096 heading:21 velocity:[-0.19, 0.01, 0.02] position:LocationGlobalRelative:lat=55.9406835,lon=-3.1929601,alt=-0.006
INFO:root:Angle_optical:-38.4437698966 Distance_optical:45.9073389689 Angle_gps:-44.7369318096 Distance_gps:5.08708745708                  elapsed_time:0.104907035828
INFO:root:sl:-0.223099077232 sr:0.837315010962 heading:21 velocity:[-0.2, 0.03, 0.0] position:LocationGlobalRelative:lat=55.9406833,lon=-3.1929601,alt=-0.002
INFO:root:Angle_optical:-37.1730273239 Distance_optical:46.4516793191 Angle_gps:-44.7369318096 Distance_gps:5.08708745708                  elapsed_time:0.0982778072357
INFO:root:sl:-0.823099077232 sr:0.237315010962 heading:21 velocity:[-0.21, 0.02, -0.06] position:LocationGlobalRelative:lat=55.9406832,lon=-3.19296,alt=0.001
INFO:root:Angle_optical:-36.8180956892 Distance_optical:46.6096326924 Angle_gps:-44.7369318096 Distance_gps:5.08708745708                  elapsed_time:0.100300073624
INFO:root:sl:-1.33171549405 sr:0.0620935522358 heading:21 velocity:[-0.21, 0.06, -0.1] position:LocationGlobalRelative:lat=55.940683,lon=-3.1929599,alt=0.013
INFO:root:Angle_optical:-36.725609987 Distance_optical:46.6512097615 Angle_gps:-44.7369318096 Distance_gps:5.08708745708                  elapsed_time:0.095370054245
INFO:root:sl:-0.731715494052 sr:0.358119860325 heading:20 velocity:[-0.21, 0.04, -0.18] position:LocationGlobalRelative:lat=55.9406829,lon=-3.1929597,alt=0.033
INFO:root:Angle_optical:-36.1919878105 Distance_optical:46.8875810946 Angle_gps:-44.7369318096 Distance_gps:5.08708745708                  elapsed_time:0.0998251438141
INFO:root:sl:-1.33171549405 sr:-0.241880139675 heading:20 velocity:[-0.22, 0.07, -0.21] position:LocationGlobalRelative:lat=55.9406827,lon=-3.1929596,alt=0.051
INFO:root:Angle_optical:-36.1919878105 Distance_optical:46.8875810946 Angle_gps:-44.7369318096 Distance_gps:5.08708745708                  elapsed_time:0.0980098247528
INFO:root:sl:-1.46351560447 sr:-0.642039880685 heading:19 velocity:[-0.22, 0.08, -0.25] position:LocationGlobalRelative:lat=55.9406825,lon=-3.1929594,alt=0.073
INFO:root:Angle_optical:-36.1919878105 Distance_optical:46.8875810946 Angle_gps:-44.7369318096 Distance_gps:5.08708745708                  elapsed_time:0.0895640850067
INFO:root:sl:-2.06351560447 sr:-0.598701118014 heading:19 velocity:[-0.22, 0.1, -0.26] position:LocationGlobalRelative:lat=55.9406824,lon=-3.1929593,alt=0.092
INFO:root:Angle_optical:-36.1919878105 Distance_optical:46.8875810946 Angle_gps:-44.7369318096 Distance_gps:5.08708745708                  elapsed_time:0.107798099518
INFO:root:sl:-2.54017460654 sr:-1.08203792982 heading:18 velocity:[-0.21, 0.11, -0.29] position:LocationGlobalRelative:lat=55.9406822,lon=-3.1929591,alt=0.123
INFO:root:Angle_optical:-36.1919878105 Distance_optical:46.8875810946 Angle_gps:-44.6972930445 Distance_gps:5.08822526306                  elapsed_time:0.0909860134125
INFO:root:sl:-2.62343614029 sr:-1.11676116141 heading:17 velocity:[-0.2, 0.08, -0.32] position:LocationGlobalRelative:lat=55.9406821,lon=-3.1929589,alt=0.146
INFO:root:Angle_optical:-36.1919878105 Distance_optical:46.8875810946 Angle_gps:-44.6972930445 Distance_gps:5.08822526306                  elapsed_time:0.106653213501
INFO:root:sl:-3.22343614029 sr:-1.11023404836 heading:17 velocity:[-0.17, 0.1, -0.29] position:LocationGlobalRelative:lat=55.9406819,lon=-3.1929587,alt=0.17
INFO:root:Angle_optical:-36.1919878105 Distance_optical:46.8875810946 Angle_gps:-44.5709999779 Distance_gps:5.09154894829                  elapsed_time:0.0890860557556
INFO:root:sl:-3.43753352315 sr:-1.48303049555 heading:17 velocity:[-0.15, 0.09, -0.31] position:LocationGlobalRelative:lat=55.9406818,lon=-3.1929585,alt=0.192
INFO:root:Angle_optical:-36.1919878105 Distance_optical:46.8875810946 Angle_gps:-44.4364621247 Distance_gps:5.09507853908                  elapsed_time:0.0969548225403
INFO:root:sl:-3.48768027315 sr:-1.29298965221 heading:18 velocity:[-0.14, 0.1, -0.29] position:LocationGlobalRelative:lat=55.9406818,lon=-3.1929584,alt=0.209
INFO:root:Angle_optical:-36.1919878105 Distance_optical:46.8875810946 Angle_gps:-44.0584430147 Distance_gps:5.10558959981                  elapsed_time:0.103876113892
INFO:root:sl:-4.08768027315 sr:-0.954632816437 heading:19 velocity:[-0.13, 0.1, -0.32] position:LocationGlobalRelative:lat=55.9406817,lon=-3.1929582,alt=0.226
INFO:root:Angle_optical:-36.1919878105 Distance_optical:46.8875810946 Angle_gps:-43.5756493839 Distance_gps:5.12022487106                  elapsed_time:0.0953650474548
INFO:root:sl:-4.25282700744 sr:-0.687295161669 heading:21 velocity:[-0.13, 0.12, -0.3] position:LocationGlobalRelative:lat=55.9406816,lon=-3.192958,alt=0.244
INFO:root:Angle_optical:-36.1919878105 Distance_optical:46.8875810946 Angle_gps:-42.7571597821 Distance_gps:5.14879862835                  elapsed_time:0.101165056229
INFO:root:sl:-3.82794081897 sr:-0.566350746859 heading:22 velocity:[-0.11, 0.11, -0.32] position:LocationGlobalRelative:lat=55.9406815,lon=-3.1929578,alt=0.268
INFO:root:Angle_optical:-36.1919878105 Distance_optical:46.8875810946 Angle_gps:-41.9336668384 Distance_gps:5.18120166985                  elapsed_time:0.0935750007629
INFO:root:sl:-3.57312932194 sr:-0.629191301562 heading:25 velocity:[-0.12, 0.14, -0.3] position:LocationGlobalRelative:lat=55.9406813,lon=-3.1929576,alt=0.295
INFO:root:Angle_optical:-36.1919878105 Distance_optical:46.8875810946 Angle_gps:-40.7055150716 Distance_gps:5.23900807304                  elapsed_time:0.0953471660614
INFO:root:sl:-2.97312932194 sr:-0.83509656329 heading:27 velocity:[-0.12, 0.15, -0.32] position:LocationGlobalRelative:lat=55.9406812,lon=-3.1929574,alt=0.322
INFO:root:Angle_optical:-36.1919878105 Distance_optical:46.8875810946 Angle_gps:-39.3464849406 Distance_gps:5.31480621482                  elapsed_time:0.104749917984
INFO:root:sl:-3.1568354791 sr:-0.512651104571 heading:30 velocity:[-0.11, 0.15, -0.3] position:LocationGlobalRelative:lat=55.9406811,lon=-3.1929572,alt=0.349
INFO:root:Angle_optical:-36.1919878105 Distance_optical:46.8875810946 Angle_gps:-37.9544346502 Distance_gps:5.40834533002                  elapsed_time:0.100771903992
INFO:root:sl:-3.37607521391 sr:-0.790636047808 heading:32 velocity:[-0.1, 0.16, -0.37] position:LocationGlobalRelative:lat=55.940681,lon=-3.1929569,alt=0.387
INFO:root:Angle_optical:-36.1919878105 Distance_optical:46.8875810946 Angle_gps:-36.4820806024 Distance_gps:5.5249679245                  elapsed_time:0.10350894928
INFO:root:sl:-2.93107032111 sr:-0.697268337453 heading:34 velocity:[-0.1, 0.15, -0.49] position:LocationGlobalRelative:lat=55.9406809,lon=-3.1929568,alt=0.431
INFO:root:Angle_optical:-36.1919878105 Distance_optical:46.8875810946 Angle_gps:-35.1820318267 Distance_gps:5.64487476839                  elapsed_time:0.0950689315796
INFO:root:sl:-2.52478572412 sr:-0.116104061725 heading:35 velocity:[-0.08, 0.15, -0.57] position:LocationGlobalRelative:lat=55.9406809,lon=-3.1929566,alt=0.487
INFO:root:Angle_optical:-36.1919878105 Distance_optical:46.8875810946 Angle_gps:-33.9238899033 Distance_gps:5.77599651974                  elapsed_time:0.0991280078888
INFO:root:sl:-2.6023751963 sr:0.265528439303 heading:37 velocity:[-0.06, 0.14, -0.66] position:LocationGlobalRelative:lat=55.9406809,lon=-3.1929564,alt=0.553
INFO:root:Angle_optical:-35.8924187989 Distance_optical:47.147135378 Angle_gps:-32.7959733798 Distance_gps:5.90936303861                  elapsed_time:0.0969269275665
INFO:root:sl:-2.69095671116 sr:0.634825878701 heading:38 velocity:[-0.03, 0.14, -0.75] position:LocationGlobalRelative:lat=55.9406809,lon=-3.1929562,alt=0.633
INFO:root:Angle_optical:-35.2082691213 Distance_optical:47.7832277261 Angle_gps:-31.7104899703 Distance_gps:6.0522131163                  elapsed_time:0.101405143738
INFO:root:sl:-2.68737142256 sr:0.571709702378 heading:39 velocity:[-0.02, 0.15, -0.79] position:LocationGlobalRelative:lat=55.9406809,lon=-3.1929561,alt=0.716
INFO:root:Angle_optical:-34.6209274288 Distance_optical:48.369974075 Angle_gps:-30.6153024698 Distance_gps:6.21179522441                  elapsed_time:0.0971360206604
INFO:root:sl:-2.48588356446 sr:0.568913601968 heading:39 velocity:[0.01, 0.16, -0.74] position:LocationGlobalRelative:lat=55.940681,lon=-3.192956,alt=0.796
INFO:root:Angle_optical:-34.0571168187 Distance_optical:48.9619713656 Angle_gps:-29.5000862612 Distance_gps:6.38882291706                  elapsed_time:0.103363990784
INFO:root:sl:-2.42125065614 sr:0.624983799554 heading:40 velocity:[0.03, 0.19, -0.73] position:LocationGlobalRelative:lat=55.9406811,lon=-3.1929559,alt=0.869
INFO:root:Angle_optical:-33.4621698344 Distance_optical:49.6231577785 Angle_gps:-28.3959154063 Distance_gps:6.6150153942                  elapsed_time:0.0952091217041
INFO:root:sl:-2.26444693243 sr:0.93591846145 heading:40 velocity:[0.08, 0.18, -0.67] position:LocationGlobalRelative:lat=55.9406812,lon=-3.1929558,alt=0.936
INFO:root:Angle_optical:-32.607431867 Distance_optical:50.6255896183 Angle_gps:-27.894343366 Distance_gps:6.87287862213                  elapsed_time:0.101412057877
INFO:root:sl:-1.96368050792 sr:0.917893108078 heading:40 velocity:[0.1, 0.22, -0.55] position:LocationGlobalRelative:lat=55.9406814,lon=-3.1929556,alt=0.992
INFO:root:Angle_optical:-31.8046367479 Distance_optical:51.6209935513 Angle_gps:-27.3560350705 Distance_gps:7.19070457823                  elapsed_time:0.0977029800415
INFO:root:sl:-1.83715124202 sr:0.42017362438 heading:41 velocity:[0.11, 0.21, -0.44] position:LocationGlobalRelative:lat=55.9406815,lon=-3.1929554,alt=1.04
INFO:root:Angle_optical:-31.4516997591 Distance_optical:52.0821103222 Angle_gps:-27.0675077173 Distance_gps:7.50683113345                  elapsed_time:0.102432012558
INFO:root:sl:-1.72469448682 sr:-0.0262122558216 heading:41 velocity:[0.13, 0.22, -0.48] position:LocationGlobalRelative:lat=55.9406816,lon=-3.1929551,alt=1.083
INFO:root:Angle_optical:-31.4516997591 Distance_optical:52.0821103222 Angle_gps:-26.9197256043 Distance_gps:7.84921304761                  elapsed_time:0.0993490219116
INFO:root:sl:-1.44030845353 sr:-0.148978200164 heading:41 velocity:[0.14, 0.19, -0.47] position:LocationGlobalRelative:lat=55.9406818,lon=-3.1929548,alt=1.125
INFO:root:Angle_optical:-31.4516997591 Distance_optical:52.0821103222 Angle_gps:-27.0234340412 Distance_gps:8.16562956198                  elapsed_time:0.101415872574
INFO:root:sl:-0.867604414901 sr:0.451021799836 heading:41 velocity:[0.15, 0.18, -0.45] position:LocationGlobalRelative:lat=55.940682,lon=-3.1929545,alt=1.167
INFO:root:Angle_optical:-31.0835195528 Distance_optical:52.5811112128 Angle_gps:-27.2471034341 Distance_gps:8.47837836663                  elapsed_time:0.097146987915
INFO:root:sl:-0.466202768282 sr:1.05102179984 heading:42 velocity:[0.14, 0.16, -0.49] position:LocationGlobalRelative:lat=55.9406822,lon=-3.1929542,alt=1.212
INFO:root:Angle_optical:-30.3002012226 Distance_optical:53.6994561671 Angle_gps:-27.5257063683 Distance_gps:8.76055193708                  elapsed_time:0.10507106781
INFO:root:sl:0.133797231718 sr:1.41307780035 heading:42 velocity:[0.13, 0.14, -0.48] position:LocationGlobalRelative:lat=55.9406824,lon=-3.192954,alt=1.256
INFO:root:Angle_optical:-29.7118292421 Distance_optical:54.9226689377 Angle_gps:-27.8138072625 Distance_gps:9.0128671295                  elapsed_time:0.0964200496674
INFO:root:sl:0.484509111828 sr:1.22718479079 heading:42 velocity:[0.12, 0.12, -0.51] position:LocationGlobalRelative:lat=55.9406825,lon=-3.1929539,alt=1.305
INFO:root:Angle_optical:-29.5578345908 Distance_optical:56.3955416394 Angle_gps:-28.1101181415 Distance_gps:9.23556202889                  elapsed_time:0.102416038513
INFO:root:sl:0.455703303877 sr:1.82718479079 heading:42 velocity:[0.1, 0.12, -0.54] position:LocationGlobalRelative:lat=55.9406827,lon=-3.1929538,alt=1.363
INFO:root:Angle_optical:-29.3805864 Distance_optical:57.8481119345 Angle_gps:-28.2576162505 Distance_gps:9.44367839518                  elapsed_time:0.0998249053955
INFO:root:sl:0.719673536378 sr:2.17669291516 heading:42 velocity:[0.08, 0.12, -0.56] position:LocationGlobalRelative:lat=55.9406828,lon=-3.1929537,alt=1.422
INFO:root:Angle_optical:-29.5026316074 Distance_optical:59.4836640305 Angle_gps:-28.2660916503 Distance_gps:9.63711090033                  elapsed_time:0.101922988892
INFO:root:sl:1.31967353638 sr:1.80011103281 heading:42 velocity:[0.06, 0.13, -0.56] position:LocationGlobalRelative:lat=55.9406829,lon=-3.1929534,alt=1.493
INFO:root:Angle_optical:-29.9157112479 Distance_optical:61.3150126671 Angle_gps:-28.1007701286 Distance_gps:9.82707365002                  elapsed_time:0.103192090988
INFO:root:sl:1.68223652406 sr:1.67170012603 heading:42 velocity:[0.05, 0.11, -0.5] position:LocationGlobalRelative:lat=55.940683,lon=-3.1929533,alt=1.539
INFO:root:Angle_optical:-30.3048578504 Distance_optical:63.1484294305 Angle_gps:-27.9609116079 Distance_gps:9.98731615024                  elapsed_time:0.11332988739
INFO:root:sl:1.61120281038 sr:1.46049529343 heading:41 velocity:[0.03, 0.11, -0.42] position:LocationGlobalRelative:lat=55.9406831,lon=-3.1929531,alt=1.586
INFO:root:Angle_optical:-30.6616433857 Distance_optical:64.9863153834 Angle_gps:-27.6784487528 Distance_gps:10.1319840934                  elapsed_time:0.0932431221008
INFO:root:sl:1.50049022548 sr:1.14583775979 heading:41 velocity:[0.02, 0.11, -0.29] position:LocationGlobalRelative:lat=55.9406832,lon=-3.1929529,alt=1.615
INFO:root:Angle_optical:-30.9940525455 Distance_optical:66.8274572013 Angle_gps:-27.3392969632 Distance_gps:10.2693175666                  elapsed_time:0.0990672111511
INFO:root:sl:1.60434787996 sr:1.00067477715 heading:41 velocity:[0.04, 0.09, -0.29] position:LocationGlobalRelative:lat=55.9406834,lon=-3.1929529,alt=1.637
INFO:root:Angle_optical:-31.3061847368 Distance_optical:68.6700651251 Angle_gps:-27.2129936348 Distance_gps:10.3994795559                  elapsed_time:0.0973191261292
INFO:root:sl:1.39250968446 sr:1.31797959575 heading:42 velocity:[0.06, 0.07, -0.25] position:LocationGlobalRelative:lat=55.9406836,lon=-3.1929528,alt=1.657
INFO:root:Angle_optical:-31.6104451032 Distance_optical:70.5114884127 Angle_gps:-27.2070229842 Distance_gps:10.5260474505                  elapsed_time:0.101371049881
INFO:root:sl:1.17358943794 sr:1.20821874353 heading:41 velocity:[0.06, 0.06, -0.26] position:LocationGlobalRelative:lat=55.9406837,lon=-3.1929528,alt=1.668
INFO:root:Angle_optical:-31.8935795069 Distance_optical:72.3544496439 Angle_gps:-27.3270671067 Distance_gps:10.6376770152                  elapsed_time:0.111390113831
INFO:root:sl:1.32627596765 sr:1.00231493557 heading:41 velocity:[0.05, 0.07, -0.31] position:LocationGlobalRelative:lat=55.9406838,lon=-3.1929527,alt=1.69
INFO:root:Angle_optical:-32.1602756907 Distance_optical:74.1995265693 Angle_gps:-27.3443967086 Distance_gps:10.7530708303                  elapsed_time:0.108244895935
INFO:root:sl:1.21133448185 sr:1.03691556893 heading:40 velocity:[0.03, 0.05, -0.37] position:LocationGlobalRelative:lat=55.940684,lon=-3.1929527,alt=1.718
INFO:root:Angle_optical:-32.4032871075 Distance_optical:76.0472790154 Angle_gps:-27.3125729384 Distance_gps:10.8310823874                  elapsed_time:0.111163854599
INFO:root:sl:0.703357042596 sr:1.15587749846 heading:40 velocity:[0.02, 0.04, -0.42] position:LocationGlobalRelative:lat=55.9406841,lon=-3.1929527,alt=1.751
INFO:root:Angle_optical:-32.3945830213 Distance_optical:77.6677279344 Angle_gps:-27.2632710522 Distance_gps:10.8903999927                  elapsed_time:0.103115081787
INFO:root:sl:0.64052174337 sr:1.06792476077 heading:39 velocity:[0.0, 0.01, -0.41] position:LocationGlobalRelative:lat=55.9406842,lon=-3.1929527,alt=1.788
INFO:root:Angle_optical:-32.3272011481 Distance_optical:79.2379753575 Angle_gps:-27.2632710522 Distance_gps:10.8903999927                  elapsed_time:0.102754831314
INFO:root:sl:1.24052174337 sr:0.876479021918 heading:38 velocity:[-0.01, -0.03, -0.39] position:LocationGlobalRelative:lat=55.9406842,lon=-3.1929528,alt=1.826
INFO:root:Angle_optical:-32.589525496 Distance_optical:80.9628907793 Angle_gps:-27.2632710522 Distance_gps:10.8903999927                  elapsed_time:0.102515935898
INFO:root:sl:1.70365284421 sr:0.604865523429 heading:37 velocity:[-0.02, -0.08, -0.35] position:LocationGlobalRelative:lat=55.9406842,lon=-3.1929529,alt=1.862
INFO:root:Angle_optical:-32.9784077502 Distance_optical:82.411398829 Angle_gps:-27.2632710522 Distance_gps:10.8903999927                  elapsed_time:0.106371164322
INFO:root:sl:1.68496162324 sr:0.424371186551 heading:37 velocity:[-0.04, -0.1, -0.31] position:LocationGlobalRelative:lat=55.9406842,lon=-3.1929531,alt=1.888
INFO:root:Angle_optical:-33.4503451544 Distance_optical:83.6815620885 Angle_gps:-27.2632710522 Distance_gps:10.8903999927                  elapsed_time:0.0920162200928
INFO:root:sl:1.26408063828 sr:0.64965409059 heading:37 velocity:[-0.06, -0.13, -0.32] position:LocationGlobalRelative:lat=55.9406842,lon=-3.1929533,alt=1.919
INFO:root:Angle_optical:-33.7769886573 Distance_optical:85.1887478231 Angle_gps:-27.2632710522 Distance_gps:10.8903999927                  elapsed_time:0.097238779068
INFO:root:sl:0.849404887598 sr:1.24965409059 heading:37 velocity:[-0.04, -0.14, -0.32] position:LocationGlobalRelative:lat=55.9406842,lon=-3.1929535,alt=1.95
INFO:root:Angle_optical:-33.7935075086 Distance_optical:86.9278491695 Angle_gps:-27.2632710522 Distance_gps:10.8903999927                  elapsed_time:0.096978187561
INFO:root:sl:0.922710302895 sr:1.84965409059 heading:38 velocity:[-0.04, -0.14, -0.31] position:LocationGlobalRelative:lat=55.9406841,lon=-3.1929538,alt=1.973
INFO:root:Angle_optical:-33.8663434579 Distance_optical:88.726150548 Angle_gps:-27.2632710522 Distance_gps:10.8903999927                  elapsed_time:0.0984570980072
INFO:root:sl:0.872178659763 sr:1.40198090371 heading:39 velocity:[-0.03, -0.12, -0.32] position:LocationGlobalRelative:lat=55.9406841,lon=-3.192954,alt=2.0
INFO:root:Angle_optical:-33.9155959444 Distance_optical:90.4782362386 Angle_gps:-27.2632710522 Distance_gps:10.8903999927                  elapsed_time:0.0929429531097
INFO:root:sl:0.347018082297 sr:0.801980903715 heading:39 velocity:[-0.03, -0.08, -0.33] position:LocationGlobalRelative:lat=55.9406841,lon=-3.1929543,alt=2.026
INFO:root:Angle_optical:-33.7299727751 Distance_optical:91.5927126781 Angle_gps:-27.2632710522 Distance_gps:10.8903999927                  elapsed_time:0.0951960086823
INFO:root:sl:0.0517017648015 sr:0.201980903715 heading:40 velocity:[-0.01, -0.02, -0.34] position:LocationGlobalRelative:lat=55.9406841,lon=-3.1929544,alt=2.056
INFO:root:Angle_optical:-33.6623670142 Distance_optical:91.8453064333 Angle_gps:-27.2632710522 Distance_gps:10.8903999927                  elapsed_time:0.101736068726
INFO:root:sl:0.00187784393617 sr:0.00668649843097 heading:41 velocity:[0.0, 0.05, -0.37] position:LocationGlobalRelative:lat=55.9406841,lon=-3.1929544,alt=2.086
INFO:root:Angle_optical:-33.6603061431 Distance_optical:91.8538336841 Angle_gps:-27.2632710522 Distance_gps:10.8903999927                  elapsed_time:0.108582019806
INFO:root:sl:0.156692868879 sr:-0.0459987399256 heading:42 velocity:[0.01, 0.14, -0.4] position:LocationGlobalRelative:lat=55.9406842,lon=-3.1929543,alt=2.121
INFO:root:Angle_optical:-33.7641783764 Distance_optical:91.9761691542 Angle_gps:-26.7884136472 Distance_gps:11.0553862271                  elapsed_time:0.10192489624
INFO:root:sl:0.363853952503 sr:-0.645998739926 heading:43 velocity:[0.04, 0.21, -0.41] position:LocationGlobalRelative:lat=55.9406842,lon=-3.1929541,alt=2.163
INFO:root:Angle_optical:-34.0062238875 Distance_optical:92.2565805292 Angle_gps:-26.290037138 Distance_gps:11.3250470266                  elapsed_time:0.119522094727
INFO:root:sl:0.0887238738915 sr:-1.24599873993 heading:44 velocity:[0.06, 0.26, -0.33] position:LocationGlobalRelative:lat=55.9406843,lon=-3.1929538,alt=2.2
INFO:root:Angle_optical:-34.065493966 Distance_optical:92.3240537373 Angle_gps:-25.8164258217 Distance_gps:11.66991946                  elapsed_time:0.0894639492035
INFO:root:sl:-0.065271670292 sr:-1.84599873993 heading:44 velocity:[0.07, 0.32, -0.18] position:LocationGlobalRelative:lat=55.9406844,lon=-3.1929534,alt=2.221
INFO:root:Angle_optical:-34.065493966 Distance_optical:92.3240537373 Angle_gps:-25.261737459 Distance_gps:12.0936213241                  elapsed_time:0.10321187973
INFO:root:sl:0.32498900145 sr:-1.4096343527 heading:45 velocity:[0.11, 0.35, -0.18] position:LocationGlobalRelative:lat=55.9406845,lon=-3.1929528,alt=2.238
INFO:root:Angle_optical:-34.2839791051 Distance_optical:92.5669029584 Angle_gps:-24.9388131616 Distance_gps:12.5803866867                  elapsed_time:0.0974128246307
INFO:root:sl:0.15473610795 sr:-0.809634352695 heading:45 velocity:[0.12, 0.37, -0.12] position:LocationGlobalRelative:lat=55.9406847,lon=-3.1929523,alt=2.251
INFO:root:Angle_optical:-34.3878780596 Distance_optical:92.6822617657 Angle_gps:-24.6531097397 Distance_gps:13.0976847756                  elapsed_time:0.100827932358
INFO:root:sl:-0.226154343624 sr:-0.5967179424 heading:45 velocity:[0.12, 0.39, -0.08] position:LocationGlobalRelative:lat=55.9406848,lon=-3.1929517,alt=2.256
INFO:root:Angle_optical:-34.3878780596 Distance_optical:92.6822617657 Angle_gps:-24.3470106705 Distance_gps:13.6398043754                  elapsed_time:0.107208013535
INFO:root:sl:0.373845656376 sr:0.00328205759962 heading:45 velocity:[0.13, 0.39, -0.1] position:LocationGlobalRelative:lat=55.940685,lon=-3.1929511,alt=2.258
INFO:root:Angle_optical:-34.6368046356 Distance_optical:92.9644908349 Angle_gps:-24.1159904001 Distance_gps:14.1877934399                  elapsed_time:0.100711107254
INFO:root:sl:0.973845656376 sr:0.6032820576 heading:44 velocity:[0.11, 0.41, -0.14] position:LocationGlobalRelative:lat=55.9406852,lon=-3.1929504,alt=2.262
INFO:root:Angle_optical:-34.9994302896 Distance_optical:94.3500620896 Angle_gps:-23.7149574232 Distance_gps:14.7475024725                  elapsed_time:0.102864027023
INFO:root:sl:0.81645588075 sr:1.2032820576 heading:44 velocity:[0.08, 0.43, -0.09] position:LocationGlobalRelative:lat=55.9406853,lon=-3.1929498,alt=2.265
INFO:root:Angle_optical:-35.0672750356 Distance_optical:96.0427770979 Angle_gps:-23.1591802773 Distance_gps:15.3151201437                  elapsed_time:0.109740972519
INFO:root:sl:0.820167606052 sr:1.3705540291 heading:43 velocity:[0.04, 0.46, -0.12] position:LocationGlobalRelative:lat=55.9406854,lon=-3.1929492,alt=2.265
INFO:root:Angle_optical:-35.1278570587 Distance_optical:97.7380017122 Angle_gps:-22.355787105 Distance_gps:15.8937967926                  elapsed_time:0.104824066162
INFO:root:sl:1.17356291084 sr:1.9705540291 heading:42 velocity:[0.0, 0.48, -0.08] position:LocationGlobalRelative:lat=55.9406855,lon=-3.1929484,alt=2.271
INFO:root:Angle_optical:-35.2860119256 Distance_optical:99.5742491039 Angle_gps:-22.355787105 Distance_gps:15.8937967926                  elapsed_time:0.108779191971
INFO:root:sl:1.40567759189 sr:2.11405943951 heading:41 velocity:[-0.04, 0.47, -0.08] position:LocationGlobalRelative:lat=55.9406855,lon=-3.1929477,alt=2.27
INFO:root:Angle_optical:-35.4267859321 Distance_optical:101.413119876 Angle_gps:-21.4649682426 Distance_gps:16.465500729                  elapsed_time:0.0941841602325
INFO:root:sl:1.56086161979 sr:1.56202469598 heading:41 velocity:[-0.09, 0.47, -0.04] position:LocationGlobalRelative:lat=55.9406855,lon=-3.1929469,alt=2.263
INFO:root:Angle_optical:-35.5570340685 Distance_optical:103.25300713 Angle_gps:-20.624916888 Distance_gps:17.0350936119                  elapsed_time:0.103504896164
INFO:root:sl:2.13957828356 sr:0.962024695977 heading:40 velocity:[-0.13, 0.48, -0.07] position:LocationGlobalRelative:lat=55.9406854,lon=-3.192946,alt=2.254
INFO:root:Angle_optical:-35.6900820875 Distance_optical:105.055251779 Angle_gps:-19.8127496424 Distance_gps:17.6109151929                  elapsed_time:0.102354049683
INFO:root:sl:1.98530424093 sr:1.41241751354 heading:39 velocity:[-0.15, 0.5, -0.05] position:LocationGlobalRelative:lat=55.9406853,lon=-3.1929451,alt=2.251
INFO:root:Angle_optical:-35.7904847666 Distance_optical:106.899006285 Angle_gps:-19.0057798843 Distance_gps:18.2059451789                  elapsed_time:0.103453159332
INFO:root:sl:1.45178545962 sr:0.911655260731 heading:38 velocity:[-0.18, 0.53, -0.01] position:LocationGlobalRelative:lat=55.9406852,lon=-3.1929443,alt=2.238
INFO:root:Angle_optical:-35.9139399197 Distance_optical:108.656814236 Angle_gps:-18.1900639695 Distance_gps:18.8294561321                  elapsed_time:0.0988190174103
INFO:root:sl:1.69076121699 sr:1.51165526073 heading:36 velocity:[-0.21, 0.58, 0.03] position:LocationGlobalRelative:lat=55.940685,lon=-3.1929435,alt=2.221
INFO:root:Angle_optical:-35.9724058808 Distance_optical:110.507628644 Angle_gps:-17.3280025304 Distance_gps:19.4960141393                  elapsed_time:0.105072975159
INFO:root:sl:1.20807981668 sr:1.50224828686 heading:35 velocity:[-0.2, 0.64, 0.09] position:LocationGlobalRelative:lat=55.9406849,lon=-3.1929425,alt=2.191
INFO:root:Angle_optical:-36.0100332406 Distance_optical:112.363260958 Angle_gps:-16.3999753705 Distance_gps:20.2315128228                  elapsed_time:0.10028386116
INFO:root:sl:0.608079816677 sr:1.30353690835 heading:34 velocity:[-0.21, 0.71, 0.17] position:LocationGlobalRelative:lat=55.9406847,lon=-3.1929414,alt=2.152
INFO:root:Angle_optical:-35.8415207739 Distance_optical:113.864503274 Angle_gps:-15.4076806617 Distance_gps:21.043263192                  elapsed_time:0.115988016129
INFO:root:sl:0.024235482395 sr:1.22505244534 heading:33 velocity:[-0.21, 0.72, 0.29] position:LocationGlobalRelative:lat=55.9406845,lon=-3.1929402,alt=2.104
INFO:root:Angle_optical:-35.389698369 Distance_optical:114.82242929 Angle_gps:-14.4410532683 Distance_gps:21.8607765336                  elapsed_time:0.0910360813141
INFO:root:sl:0.141187917732 sr:0.887475867125 heading:33 velocity:[-0.22, 0.72, 0.38] position:LocationGlobalRelative:lat=55.9406843,lon=-3.192939,alt=2.049
INFO:root:Angle_optical:-35.0467593163 Distance_optical:115.782800532 Angle_gps:-13.5278954034 Distance_gps:22.6795492223                  elapsed_time:0.100648880005
INFO:root:sl:-0.100017514473 sr:0.531015627911 heading:32 velocity:[-0.21, 0.72, 0.46] position:LocationGlobalRelative:lat=55.9406842,lon=-3.1929379,alt=1.984
INFO:root:Angle_optical:-34.8010022216 Distance_optical:116.274028211 Angle_gps:-12.6524667137 Distance_gps:23.4941658995                  elapsed_time:0.106636047363
INFO:root:sl:-0.700017514473 sr:0.91327108676 heading:31 velocity:[-0.19, 0.68, 0.56] position:LocationGlobalRelative:lat=55.940684,lon=-3.1929368,alt=1.919
INFO:root:Angle_optical:-34.3745963992 Distance_optical:117.109965414 Angle_gps:-11.8501347064 Distance_gps:24.2593640352                  elapsed_time:0.09206199646
INFO:root:sl:-0.798616382205 sr:1.43199598714 heading:30 velocity:[-0.17, 0.63, 0.59] position:LocationGlobalRelative:lat=55.940684,lon=-3.1929356,alt=1.84
INFO:root:Angle_optical:-33.9046356917 Distance_optical:118.01477742 Angle_gps:-11.1215702746 Distance_gps:24.9627978284                  elapsed_time:0.0999639034271
INFO:root:sl:-0.393373712887 sr:0.988133550942 heading:27 velocity:[-0.13, 0.56, 0.7] position:LocationGlobalRelative:lat=55.9406839,lon=-3.1929347,alt=1.762
INFO:root:Angle_optical:-33.4244915335 Distance_optical:118.874971434 Angle_gps:-10.451366767 Distance_gps:25.5700179354                  elapsed_time:0.103078842163
INFO:root:sl:-0.607727538285 sr:1.0454146832 heading:23 velocity:[-0.11, 0.46, 0.75] position:LocationGlobalRelative:lat=55.9406839,lon=-3.1929337,alt=1.672
INFO:root:Angle_optical:-32.9123807201 Distance_optical:119.685614331 Angle_gps:-9.8709749867 Distance_gps:26.0338942447                  elapsed_time:0.0978960990906
INFO:root:sl:-0.671034112186 sr:1.16383835825 heading:16 velocity:[-0.08, 0.29, 0.72] position:LocationGlobalRelative:lat=55.9406839,lon=-3.192933,alt=1.581
INFO:root:Angle_optical:-32.3655399956 Distance_optical:120.375564032 Angle_gps:-9.4936599789 Distance_gps:26.2749866815                  elapsed_time:0.103338956833
INFO:root:sl:-1.03087354678 sr:1.37710140518 heading:8 velocity:[-0.06, 0.09, 0.64] position:LocationGlobalRelative:lat=55.940684,lon=-3.1929326,alt=1.499
INFO:root:Angle_optical:-31.7941303936 Distance_optical:120.918012713 Angle_gps:-9.42188074303 Distance_gps:26.3107932379                  elapsed_time:0.101052999496
INFO:root:sl:-1.63087354678 sr:1.97710140518 heading:-1 velocity:[-0.06, -0.05, 0.64] position:LocationGlobalRelative:lat=55.940684,lon=-3.1929325,alt=1.428
INFO:root:Angle_optical:-31.209585232 Distance_optical:121.32792478 Angle_gps:-9.42188074303 Distance_gps:26.3107932379                  elapsed_time:0.100967884064
INFO:root:sl:-1.60897162243 sr:2.14727707702 heading:-11 velocity:[-0.07, -0.21, 0.65] position:LocationGlobalRelative:lat=55.940684,lon=-3.1929325,alt=1.356
INFO:root:Angle_optical:-30.6101033583 Distance_optical:121.587253708 Angle_gps:-9.6383540483 Distance_gps:26.4612898643                  elapsed_time:0.0990700721741
INFO:root:sl:-1.300926328 sr:1.76955557663 heading:-22 velocity:[-0.08, -0.32, 0.67] position:LocationGlobalRelative:lat=55.9406839,lon=-3.1929329,alt=1.283
INFO:root:Angle_optical:-29.9884963148 Distance_optical:121.595551394 Angle_gps:-9.92030653832 Distance_gps:26.7939417396                  elapsed_time:0.101627111435
INFO:root:sl:-1.30856401696 sr:1.88887015315 heading:-32 velocity:[-0.12, -0.41, 0.66] position:LocationGlobalRelative:lat=55.9406838,lon=-3.1929332,alt=1.2
INFO:root:Angle_optical:-29.3702407979 Distance_optical:121.34086356 Angle_gps:-10.0932773516 Distance_gps:27.2980060826                  elapsed_time:0.0970330238342
INFO:root:sl:-1.24330182689 sr:1.56978746894 heading:-42 velocity:[-0.18, -0.46, 0.68] position:LocationGlobalRelative:lat=55.9406837,lon=-3.1929337,alt=1.112
INFO:root:Angle_optical:-28.7820878801 Distance_optical:120.901627921 Angle_gps:-10.0918298935 Distance_gps:27.9061827842                  elapsed_time:0.104516983032
INFO:root:sl:-1.01900823722 sr:1.16649231579 heading:-53 velocity:[-0.22, -0.5, 0.77] position:LocationGlobalRelative:lat=55.9406835,lon=-3.1929344,alt=1.015
INFO:root:Angle_optical:-28.2289694415 Distance_optical:120.311414885 Angle_gps:-9.89162453552 Distance_gps:28.6020689161                  elapsed_time:0.0933320522308
INFO:root:sl:-0.716078474613 sr:1.08751984786 heading:-63 velocity:[-0.3, -0.53, 0.83] position:LocationGlobalRelative:lat=55.9406833,lon=-3.1929351,alt=0.908
INFO:root:Angle_optical:-27.7258426246 Distance_optical:119.523480384 Angle_gps:-9.39171653939 Distance_gps:29.364578357                  elapsed_time:0.100869894028
INFO:root:sl:-0.553285325522 sr:0.824945048838 heading:-73 velocity:[-0.35, -0.54, 0.88] position:LocationGlobalRelative:lat=55.940683,lon=-3.1929358,alt=0.787
INFO:root:Angle_optical:-27.3736863344 Distance_optical:118.69558877 Angle_gps:-8.54389450984 Distance_gps:30.1253511355                  elapsed_time:0.0996189117432
INFO:root:sl:-0.389553807717 sr:0.714864825876 heading:-82 velocity:[-0.42, -0.56, 0.84] position:LocationGlobalRelative:lat=55.9406827,lon=-3.1929365,alt=0.671
INFO:root:Angle_optical:-27.1302263334 Distance_optical:117.887038656 Angle_gps:-7.40761450837 Distance_gps:30.8632701974                  elapsed_time:0.107238054276
INFO:root:sl:-0.239441759791 sr:0.737267615206 heading:-91 velocity:[-0.48, -0.56, 0.82] position:LocationGlobalRelative:lat=55.9406822,lon=-3.1929371,alt=0.566
INFO:root:Angle_optical:-26.932298492 Distance_optical:117.008992363 Angle_gps:-5.99722821574 Distance_gps:31.489995062                  elapsed_time:0.0944139957428
INFO:root:sl:-0.138561334104 sr:0.583758699517 heading:-100 velocity:[-0.5, -0.53, 0.78] position:LocationGlobalRelative:lat=55.9406817,lon=-3.1929377,alt=0.459
INFO:root:Angle_optical:-26.8178026198 Distance_optical:116.283667278 Angle_gps:-4.43079769017 Distance_gps:31.9355603829                  elapsed_time:0.100358963013
INFO:root:sl:0.0167233193893 sr:0.627199572545 heading:-108 velocity:[-0.51, -0.5, 0.75] position:LocationGlobalRelative:lat=55.9406811,lon=-3.1929383,alt=0.359
INFO:root:Angle_optical:-26.7437005727 Distance_optical:115.471452383 Angle_gps:-2.75547318438 Distance_gps:32.1685830928                  elapsed_time:0.101578950882
INFO:root:sl:0.0172141850083 sr:0.55818656564 heading:-116 velocity:[-0.52, -0.41, 0.71] position:LocationGlobalRelative:lat=55.9406805,lon=-3.1929389,alt=0.237
INFO:root:Angle_optical:-26.7395549469 Distance_optical:114.725749313 Angle_gps:-1.13730161662 Distance_gps:32.226985387                  elapsed_time:0.101121902466
INFO:root:sl:0.147978596101 sr:0.48990819744 heading:-123 velocity:[-0.52, -0.32, 0.69] position:LocationGlobalRelative:lat=55.94068,lon=-3.1929394,alt=0.135
INFO:root:Angle_optical:-26.6975719491 Distance_optical:114.050190066 Angle_gps:0.349799348788 Distance_gps:32.1723000819                  elapsed_time:0.11200094223
INFO:root:sl:-0.160923476747 sr:0.466488468938 heading:-131 velocity:[-0.51, -0.21, 0.66] position:LocationGlobalRelative:lat=55.9406794,lon=-3.1929398,alt=0.026
INFO:root:Angle_optical:-26.7881746593 Distance_optical:113.467943455 Angle_gps:1.6663978611 Distance_gps:32.064889912                  elapsed_time:0.108109951019
INFO:root:sl:0.0234438632116 sr:0.312459774228 heading:-138 velocity:[-0.51, -0.16, 0.84] position:LocationGlobalRelative:lat=55.9406791,lon=-3.1929399,alt=-0.05
INFO:root:Angle_optical:-26.8539690958 Distance_optical:113.083766973 Angle_gps:2.90815499492 Distance_gps:31.8830749928                  elapsed_time:0.107403039932
INFO:root:sl:0.146896647731 sr:0.178732213028 heading:-146 velocity:[-0.42, -0.06, -0.23] position:LocationGlobalRelative:lat=55.9406785,lon=-3.1929401,alt=-0.159
INFO:root:Angle_optical:-26.827401252 Distance_optical:112.787592278 Angle_gps:3.87820996488 Distance_gps:31.7012492462                  elapsed_time:0.0999929904938
INFO:root:sl:0.015788629931 sr:0.142755882466 heading:-145 velocity:[-0.29, 0.01, 0.17] position:LocationGlobalRelative:lat=55.9406782,lon=-3.19294,alt=-0.159
INFO:root:Angle_optical:-26.8686512714 Distance_optical:112.619092261 Angle_gps:4.57731366305 Distance_gps:31.6385228667                  elapsed_time:0.0973179340363
INFO:root:sl:0.0164765166994 sr:0.000763001541337 heading:-141 velocity:[0.01, 0.02, 0.18] position:LocationGlobalRelative:lat=55.9406779,lon=-3.1929399,alt=-0.219
INFO:root:Angle_optical:-26.8595666429 Distance_optical:112.606901214 Angle_gps:4.57731366305 Distance_gps:31.6385228667                  elapsed_time:0.105473041534
INFO:root:sl:0.231229809412 sr:0.408133650611 heading:-142 velocity:[0.3, 0.06, 0.25] position:LocationGlobalRelative:lat=55.940678,lon=-3.1929399,alt=-0.264
INFO:root:Angle_optical:-26.8696889731 Distance_optical:111.996028094 Angle_gps:4.57731366305 Distance_gps:31.6385228667                  elapsed_time:0.101272821426
INFO:root:sl:-0.067588841525 sr:0.208202259765 heading:-142 velocity:[0.31, 0.12, 0.28] position:LocationGlobalRelative:lat=55.940678,lon=-3.1929399,alt=-0.276
INFO:root:Angle_optical:-26.9423468628 Distance_optical:111.765830422 Angle_gps:4.57731366305 Distance_gps:31.6385228667                  elapsed_time:0.0996251106262
INFO:root:sl:-0.0647146530334 sr:-0.00704274899752 heading:-145 velocity:[0.49, 0.25, 0.34] position:LocationGlobalRelative:lat=55.9406781,lon=-3.1929396,alt=-0.321
INFO:root:Angle_optical:-26.9423468628 Distance_optical:111.765830422 Angle_gps:4.57731366305 Distance_gps:31.6385228667                  elapsed_time:0.0872647762299
INFO:root:sl:-0.0921080749994 sr:0.151412499124 heading:-148 velocity:[-0.18, 0.0, 0.37] position:LocationGlobalRelative:lat=55.9406783,lon=-3.192939,alt=-0.421
INFO:root:Angle_optical:-27.0016928668 Distance_optical:111.605240953 Angle_gps:4.99966912761 Distance_gps:31.5667812214                  elapsed_time:0.132143974304
INFO:root:sl:0.0654868463647 sr:0.130514326434 heading:-148 velocity:[-0.04, 0.19, 0.22] position:LocationGlobalRelative:lat=55.940678,lon=-3.192939,alt=-0.461
INFO:root:Angle_optical:-27.0190638598 Distance_optical:111.415938001 Angle_gps:5.20056700184 Distance_gps:31.5572256281                  elapsed_time:0.117988824844
INFO:root:sl:-0.0512095798489 sr:-0.251914775761 heading:-148 velocity:[0.24, 0.15, 0.25] position:LocationGlobalRelative:lat=55.9406781,lon=-3.1929389,alt=-0.495
INFO:root:Angle_optical:-27.0190638598 Distance_optical:111.415938001 Angle_gps:5.20056700184 Distance_gps:31.5572256281                  elapsed_time:0.103412151337
INFO:root:sl:0.215618656247 sr:-0.116172763947 heading:-148 velocity:[0.06, 0.17, 0.26] position:LocationGlobalRelative:lat=55.9406782,lon=-3.1929388,alt=-0.523
INFO:root:Angle_optical:-26.902919621 Distance_optical:111.240139605 Angle_gps:5.20056700184 Distance_gps:31.5572256281                  elapsed_time:0.103557109833
INFO:root:sl:0.0077633798663 sr:-0.0918247572586 heading:-148 velocity:[0.01, 0.14, 0.26] position:LocationGlobalRelative:lat=55.9406781,lon=-3.1929387,alt=-0.548
INFO:root:Angle_optical:-26.8987369285 Distance_optical:111.233801189 Angle_gps:5.2540643291 Distance_gps:31.5542924114                  elapsed_time:0.10191988945
INFO:root:sl:-0.077550856402 sr:-0.197568420259 heading:-148 velocity:[0.12, 0.17, 0.26] position:LocationGlobalRelative:lat=55.9406781,lon=-3.1929385,alt=-0.572
INFO:root:Angle_optical:-26.8987369285 Distance_optical:111.233801189 Angle_gps:5.2540643291 Distance_gps:31.5542924114                  elapsed_time:0.107316017151
INFO:root:sl:0.487759468763 sr:0.402431579741 heading:-148 velocity:[0.04, 0.16, 0.27] position:LocationGlobalRelative:lat=55.9406782,lon=-3.1929384,alt=-0.599
INFO:root:Angle_optical:-26.8023582097 Distance_optical:110.416882057 Angle_gps:5.2540643291 Distance_gps:31.5542924114                  elapsed_time:0.0968670845032
INFO:root:sl:0.452067287749 sr:-0.132601403593 heading:-148 velocity:[0.09, 0.16, 0.27] position:LocationGlobalRelative:lat=55.9406782,lon=-3.1929382,alt=-0.623
INFO:root:Angle_optical:-26.5558744268 Distance_optical:110.048657615 Angle_gps:5.2540643291 Distance_gps:31.5542924114                  elapsed_time:0.104214191437
INFO:root:sl:-0.147932712251 sr:0.127296329881 heading:-148 velocity:[0.06, 0.17, 0.28] position:LocationGlobalRelative:lat=55.9406783,lon=-3.1929382,alt=-0.646
INFO:root:Angle_optical:-26.6089515825 Distance_optical:109.91583495 Angle_gps:5.2540643291 Distance_gps:31.5542924114                  elapsed_time:0.102869987488
INFO:root:sl:0.385434601034 sr:-0.0653342198312 heading:-148 velocity:[0.08, 0.17, 0.28] position:LocationGlobalRelative:lat=55.9406783,lon=-3.1929381,alt=-0.664
INFO:root:Angle_optical:-26.3973262988 Distance_optical:109.602980476 Angle_gps:5.2540643291 Distance_gps:31.5542924114                  elapsed_time:0.104642152786
INFO:root:sl:0.890462281626 sr:0.250466953259 heading:-148 velocity:[0.07, 0.16, 0.29] position:LocationGlobalRelative:lat=55.9406784,lon=-3.192938,alt=-0.687
INFO:root:Angle_optical:-26.0076302931 Distance_optical:108.62206546 Angle_gps:5.2540643291 Distance_gps:31.5542924114                  elapsed_time:0.0875580310822
INFO:root:sl:0.290462281626 sr:-0.0991714281346 heading:-148 velocity:[0.08, 0.17, 0.29] position:LocationGlobalRelative:lat=55.9406785,lon=-3.1929379,alt=-0.702
INFO:root:Angle_optical:-25.8448814459 Distance_optical:108.389174676 Angle_gps:5.2540643291 Distance_gps:31.5542924114                  elapsed_time:0.107156991959
INFO:root:sl:0.7204799431 sr:0.0575748861333 heading:-148 velocity:[0.08, 0.17, 0.29] position:LocationGlobalRelative:lat=55.9406786,lon=-3.1929379,alt=-0.717
INFO:root:Angle_optical:-25.4618516652 Distance_optical:107.754103857 Angle_gps:5.2540643291 Distance_gps:31.5542924114                  elapsed_time:0.0941100120544
INFO:root:sl:0.326001257087 sr:0.0561538655194 heading:-148 velocity:[0.08, 0.17, 0.3] position:LocationGlobalRelative:lat=55.9406786,lon=-3.1929378,alt=-0.727
INFO:root:Angle_optical:-25.2994411686 Distance_optical:107.436292645 Angle_gps:5.2540643291 Distance_gps:31.5542924114                  elapsed_time:0.10559296608
INFO:root:sl:0.428661037366 sr:-0.0130564998467 heading:-148 velocity:[0.09, 0.17, 0.3] position:LocationGlobalRelative:lat=55.9406787,lon=-3.1929378,alt=-0.74
INFO:root:Angle_optical:-25.0537960437 Distance_optical:107.098242417 Angle_gps:5.2540643291 Distance_gps:31.5542924114                  elapsed_time:0.0993800163269
INFO:root:sl:0.301143019372 sr:0.0467361990363 heading:-148 velocity:[0.09, 0.16, 0.3] position:LocationGlobalRelative:lat=55.9406788,lon=-3.1929378,alt=-0.75
INFO:root:Angle_optical:-24.89953204 Distance_optical:106.812009759 Angle_gps:5.2540643291 Distance_gps:31.5542924114                  elapsed_time:0.0972380638123
INFO:root:sl:0.263951328456 sr:0.0224583911773 heading:-148 velocity:[0.09, 0.16, 0.3] position:LocationGlobalRelative:lat=55.9406789,lon=-3.1929378,alt=-0.758
INFO:root:Angle_optical:-24.7559686422 Distance_optical:106.581506161 Angle_gps:5.2540643291 Distance_gps:31.5542924114                  elapsed_time:0.102486848831
INFO:root:sl:0.248438846299 sr:0.0140345225917 heading:-149 velocity:[0.09, 0.16, 0.3] position:LocationGlobalRelative:lat=55.940679,lon=-3.1929377,alt=-0.768
INFO:root:Angle_optical:-24.6184671819 Distance_optical:106.369480246 Angle_gps:5.2540643291 Distance_gps:31.5542924114                  elapsed_time:0.104505062103
INFO:root:sl:0.203383298532 sr:0.0208072782013 heading:-149 velocity:[0.1, 0.16, 0.3] position:LocationGlobalRelative:lat=55.9406791,lon=-3.1929377,alt=-0.776
INFO:root:Angle_optical:-24.5096845638 Distance_optical:106.185208098 Angle_gps:5.2540643291 Distance_gps:31.5542924114                  elapsed_time:0.107506990433
INFO:root:sl:0.178943368322 sr:0.0143250479926 heading:-149 velocity:[0.1, 0.16, 0.3] position:LocationGlobalRelative:lat=55.9406792,lon=-3.1929377,alt=-0.79
INFO:root:Angle_optical:-24.4121813459 Distance_optical:106.027176312 Angle_gps:5.2540643291 Distance_gps:31.5542924114                  elapsed_time:0.0923719406128
INFO:root:sl:0.157691378288 sr:0.0122917121964 heading:-149 velocity:[0.1, 0.15, 0.3] position:LocationGlobalRelative:lat=55.9406793,lon=-3.1929377,alt=-0.799
INFO:root:Angle_optical:-24.3259000419 Distance_optical:105.888313721 Angle_gps:5.2540643291 Distance_gps:31.5542924114                  elapsed_time:0.0990478992462
INFO:root:sl:0.135004511285 sr:0.0118560095976 heading:-149 velocity:[0.1, 0.15, 0.3] position:LocationGlobalRelative:lat=55.9406794,lon=-3.1929377,alt=-0.806
INFO:root:Angle_optical:-24.2524458655 Distance_optical:105.768129634 Angle_gps:5.2540643291 Distance_gps:31.5542924114                  elapsed_time:0.0963640213013
INFO:root:sl:0.117909814474 sr:0.00961819244664 heading:-149 velocity:[0.1, 0.15, 0.3] position:LocationGlobalRelative:lat=55.9406795,lon=-3.1929377,alt=-0.813
INFO:root:Angle_optical:-24.1878392818 Distance_optical:105.664051598 Angle_gps:5.2540643291 Distance_gps:31.5542924114                  elapsed_time:0.0952339172363
INFO:root:sl:0.102651426012 sr:0.00844147856015 heading:-149 velocity:[0.1, 0.15, 0.3] position:LocationGlobalRelative:lat=55.9406796,lon=-3.1929377,alt=-0.819
INFO:root:Angle_optical:-24.1315204232 Distance_optical:105.573464354 Angle_gps:5.2540643291 Distance_gps:31.5542924114                  elapsed_time:0.100409984589
INFO:root:sl:0.0888914379428 sr:0.00747892015109 heading:-149 velocity:[0.11, 0.15, 0.3] position:LocationGlobalRelative:lat=55.9406797,lon=-3.1929377,alt=-0.826
INFO:root:Angle_optical:-24.0827395175 Distance_optical:105.494913117 Angle_gps:5.2540643291 Distance_gps:31.5542924114                  elapsed_time:0.0979170799255
