INFO:root:Resolution: 320*240
INFO:root:sl:0.0 sr:0.0 heading:133 velocity:[-0.04, 0.0, -0.01] position:LocationGlobalRelative:lat=55.940857,lon=-3.1931288,alt=-0.08
INFO:root:Angle_optical:0.0 Distance_optical:0.0 Angle_gps:-88.9436583213 Distance_gps:0.0049113616775                  elapsed_time:0.154290914536
INFO:root:sl:0.0 sr:0.0 heading:133 velocity:[-0.04, 0.0, -0.01] position:LocationGlobalRelative:lat=55.940857,lon=-3.1931288,alt=-0.08
INFO:root:Angle_optical:0.0 Distance_optical:0.0 Angle_gps:-88.6734813279 Distance_gps:0.00876291447805                  elapsed_time:0.15926194191
INFO:root:sl:0.0 sr:0.0 heading:133 velocity:[-0.04, 0.0, -0.01] position:LocationGlobalRelative:lat=55.940857,lon=-3.1931288,alt=-0.08
INFO:root:Angle_optical:0.0 Distance_optical:0.0 Angle_gps:-88.9084551734 Distance_gps:0.0182699620268                  elapsed_time:0.0813710689545
INFO:root:sl:0.0 sr:0.0 heading:133 velocity:[-0.04, 0.0, -0.01] position:LocationGlobalRelative:lat=55.940857,lon=-3.1931288,alt=-0.08
INFO:root:Angle_optical:0.0 Distance_optical:0.0 Angle_gps:-88.8059916011 Distance_gps:0.0268340338109                  elapsed_time:0.0776100158691
INFO:root:sl:0.0 sr:0.0 heading:133 velocity:[-0.04, 0.0, -0.01] position:LocationGlobalRelative:lat=55.940857,lon=-3.1931288,alt=-0.08
INFO:root:Angle_optical:0.0 Distance_optical:0.0 Angle_gps:-88.9505669861 Distance_gps:0.0397335172843                  elapsed_time:0.0749130249023
INFO:root:sl:-0.000374910659313 sr:0.00291888354265 heading:133 velocity:[-0.04, 0.0, -0.01] position:LocationGlobalRelative:lat=55.940857,lon=-3.1931288,alt=-0.08
INFO:root:Angle_optical:-88.7566755123 Distance_optical:0.00350785749208 Angle_gps:-88.9055621808 Distance_gps:0.0517439490186                  elapsed_time:0.0710380077362
INFO:root:sl:-9.37276648282e-05 sr:0.000729720885661 heading:133 velocity:[-0.04, 0.0, -0.01] position:LocationGlobalRelative:lat=55.940857,lon=-3.1931288,alt=-0.08
INFO:root:Angle_optical:-88.8132669149 Distance_optical:0.0045030743495 Angle_gps:-88.9279069696 Distance_gps:0.0653740501013                  elapsed_time:0.0750157833099
INFO:root:sl:-0.000117159581035 sr:0.000912151107077 heading:133 velocity:[-0.04, 0.0, -0.01] position:LocationGlobalRelative:lat=55.940857,lon=-3.1931288,alt=-0.08
INFO:root:Angle_optical:-88.7938627025 Distance_optical:0.00569099293676 Angle_gps:-88.8934382008 Distance_gps:0.0783893240008                  elapsed_time:0.0804238319397
INFO:root:sl:0.000221531988973 sr:0.00207858395571 heading:133 velocity:[-0.04, 0.0, -0.01] position:LocationGlobalRelative:lat=55.940857,lon=-3.1931288,alt=-0.08
INFO:root:Angle_optical:-90.8218822668 Distance_optical:0.0085145106531 Angle_gps:-88.8815948932 Distance_gps:0.0919397326786                  elapsed_time:0.0702199935913
INFO:root:sl:2.66118577749e-06 sr:0.000930113987111 heading:133 velocity:[-0.04, 0.0, -0.01] position:LocationGlobalRelative:lat=55.940857,lon=-3.1931288,alt=-0.08
INFO:root:Angle_optical:-90.5723782217 Distance_optical:0.00974923972743 Angle_gps:-88.8572389635 Distance_gps:0.105213402175                  elapsed_time:0.0740740299225
INFO:root:sl:2.67583984289e-05 sr:0.000980212262474 heading:133 velocity:[-0.04, 0.0, -0.01] position:LocationGlobalRelative:lat=55.940857,lon=-3.1931288,alt=-0.08
INFO:root:Angle_optical:-90.538983224 Distance_optical:0.0110705981696 Angle_gps:-88.8426741053 Distance_gps:0.118680613687                  elapsed_time:0.0774371623993
INFO:root:sl:4.52856375534e-06 sr:0.00265678144972 heading:133 velocity:[-0.03, 0.0, 0.0] position:LocationGlobalRelative:lat=55.9408566,lon=-3.193129,alt=-0.05
INFO:root:Angle_optical:-90.1118146096 Distance_optical:0.0146196563672 Angle_gps:-88.8301729938 Distance_gps:0.128696899659                  elapsed_time:0.0771980285645
INFO:root:sl:8.48703699043e-06 sr:0.00114177692483 heading:133 velocity:[-0.03, 0.0, 0.0] position:LocationGlobalRelative:lat=55.9408566,lon=-3.193129,alt=-0.05
INFO:root:Angle_optical:-90.0181642016 Distance_optical:0.0161536055125 Angle_gps:-88.8207119193 Distance_gps:0.13876787346                  elapsed_time:0.071084022522
INFO:root:sl:9.94349979367e-06 sr:0.00119469265925 heading:133 velocity:[-0.03, 0.0, 0.0] position:LocationGlobalRelative:lat=55.9408566,lon=-3.193129,alt=-0.05
INFO:root:Angle_optical:-89.9407890892 Distance_optical:0.0177534362427 Angle_gps:-88.8114033099 Distance_gps:0.148805766744                  elapsed_time:0.0740320682526
INFO:root:sl:5.73977513486e-06 sr:0.00124831275845 heading:133 velocity:[-0.03, 0.0, 0.0] position:LocationGlobalRelative:lat=55.9408566,lon=-3.193129,alt=-0.05
INFO:root:Angle_optical:-89.8556817625 Distance_optical:0.0194284588761 Angle_gps:-88.80373385 Distance_gps:0.158864591482                  elapsed_time:0.076947927475
INFO:root:sl:6.04257797974e-06 sr:0.000896195585632 heading:133 velocity:[-0.03, 0.0, 0.0] position:LocationGlobalRelative:lat=55.9408566,lon=-3.193129,alt=-0.05
INFO:root:Angle_optical:-89.8099546287 Distance_optical:0.0206295327363 Angle_gps:-88.7966133896 Distance_gps:0.168910544614                  elapsed_time:0.0716619491577
INFO:root:sl:5.43146322707e-06 sr:0.000834800250834 heading:133 velocity:[-0.03, 0.0, 0.0] position:LocationGlobalRelative:lat=55.9408566,lon=-3.193129,alt=-0.05
INFO:root:Angle_optical:-89.7713384606 Distance_optical:0.0217492288059 Angle_gps:-88.7904625452 Distance_gps:0.178964559068                  elapsed_time:0.0727579593658
INFO:root:sl:4.30345408542e-06 sr:0.000744827148729 heading:133 velocity:[-0.03, 0.0, 0.0] position:LocationGlobalRelative:lat=55.9408566,lon=-3.193129,alt=-0.05
INFO:root:Angle_optical:-89.7381739755 Distance_optical:0.0227477442119 Angle_gps:-88.7848449886 Distance_gps:0.189013585324                  elapsed_time:0.071811914444
INFO:root:sl:3.94437382306e-06 sr:0.000618955746299 heading:133 velocity:[-0.03, 0.0, 0.0] position:LocationGlobalRelative:lat=55.9408566,lon=-3.193129,alt=-0.05
INFO:root:Angle_optical:-89.7139874443 Distance_optical:0.0235777876702 Angle_gps:-88.7798564411 Distance_gps:0.199065724033                  elapsed_time:0.078882932663
INFO:root:sl:0.000630041781745 sr:0.00103894579769 heading:133 velocity:[-0.03, 0.0, 0.0] position:LocationGlobalRelative:lat=55.9408566,lon=-3.193129,alt=-0.05
INFO:root:Angle_optical:-91.5928591952 Distance_optical:0.02499923858 Angle_gps:-88.7753062921 Distance_gps:0.209115932826                  elapsed_time:0.0709040164948
INFO:root:sl:0.000490774291559 sr:0.00196484650937 heading:133 velocity:[-0.03, 0.0, 0.0] position:LocationGlobalRelative:lat=55.9408566,lon=-3.193129,alt=-0.05
INFO:root:Angle_optical:-92.6772716338 Distance_optical:0.0276690551934 Angle_gps:-88.7711957869 Distance_gps:0.21916734467                  elapsed_time:0.072879076004
INFO:root:sl:0.000631537293603 sr:0.00235446967641 heading:133 velocity:[-0.03, 0.0, 0.0] position:LocationGlobalRelative:lat=55.9408566,lon=-3.193129,alt=-0.05
INFO:root:Angle_optical:-93.8368398064 Distance_optical:0.0308837989114 Angle_gps:-88.7674314931 Distance_gps:0.229218010446                  elapsed_time:0.0761361122131
INFO:root:sl:0.001105029468 sr:0.00264706020252 heading:133 velocity:[-0.03, 0.0, 0.0] position:LocationGlobalRelative:lat=55.9408566,lon=-3.193129,alt=-0.05
INFO:root:Angle_optical:-95.7549052729 Distance_optical:0.0345715046648 Angle_gps:-88.7639914947 Distance_gps:0.239269141548                  elapsed_time:0.0703129768372
INFO:root:sl:-0.00218123052698 sr:0.00404560507204 heading:133 velocity:[-0.03, 0.0, 0.0] position:LocationGlobalRelative:lat=55.9408566,lon=-3.193129,alt=-0.05
INFO:root:Angle_optical:-94.7975737226 Distance_optical:0.0399607170107 Angle_gps:-88.7608238316 Distance_gps:0.249319984414                  elapsed_time:0.0731480121613
INFO:root:sl:0.00022752015744 sr:0.0039762081267 heading:133 velocity:[-0.03, 0.0, 0.0] position:LocationGlobalRelative:lat=55.9408566,lon=-3.193129,alt=-0.05
INFO:root:Angle_optical:-94.4631884762 Distance_optical:0.0452955789145 Angle_gps:-88.7579045715 Distance_gps:0.259371007378                  elapsed_time:0.0726919174194
INFO:root:sl:-0.000212170225384 sr:0.00266721835031 heading:133 velocity:[-0.03, 0.0, 0.0] position:LocationGlobalRelative:lat=55.9408564,lon=-3.1931288,alt=-0.02
INFO:root:Angle_optical:-94.0409263579 Distance_optical:0.0488553156437 Angle_gps:-88.7552013351 Distance_gps:0.269421919063                  elapsed_time:0.0741400718689
INFO:root:sl:0.000130142615012 sr:0.00356145252471 heading:133 velocity:[-0.03, 0.0, 0.0] position:LocationGlobalRelative:lat=55.9408564,lon=-3.1931288,alt=-0.02
INFO:root:Angle_optical:-93.7503326023 Distance_optical:0.0536271733255 Angle_gps:-88.7526935853 Distance_gps:0.279472900508                  elapsed_time:0.0825159549713
INFO:root:sl:0.000469018081572 sr:0.00384245797906 heading:133 velocity:[-0.03, 0.0, 0.0] position:LocationGlobalRelative:lat=55.9408564,lon=-3.1931288,alt=-0.02
INFO:root:Angle_optical:-93.9174870622 Distance_optical:0.0588153474108 Angle_gps:-88.7503593102 Distance_gps:0.289523839026                  elapsed_time:0.0737850666046
INFO:root:sl:9.67476178e-05 sr:0.00251778221352 heading:133 velocity:[-0.03, 0.0, 0.0] position:LocationGlobalRelative:lat=55.9408564,lon=-3.1931288,alt=-0.02
INFO:root:Angle_optical:-93.7528664866 Distance_optical:0.0621895800277 Angle_gps:-88.7481820481 Distance_gps:0.299574804582                  elapsed_time:0.0727260112762
INFO:root:sl:0.000173977078596 sr:0.00248042317932 heading:133 velocity:[-0.03, 0.0, 0.0] position:LocationGlobalRelative:lat=55.9408564,lon=-3.1931288,alt=-0.02
INFO:root:Angle_optical:-93.6991711159 Distance_optical:0.0655233252108 Angle_gps:-88.7461459095 Distance_gps:0.309625753583                  elapsed_time:0.0776610374451
INFO:root:sl:0.000184935694492 sr:0.00221016584298 heading:133 velocity:[-0.03, 0.0, 0.0] position:LocationGlobalRelative:lat=55.9408564,lon=-3.1931288,alt=-0.02
INFO:root:Angle_optical:-93.6891576978 Distance_optical:0.0684973725337 Angle_gps:-88.7442379451 Distance_gps:0.319676713054                  elapsed_time:0.0730140209198
INFO:root:sl:0.000113915097722 sr:0.00180209280895 heading:133 velocity:[-0.03, 0.0, 0.0] position:LocationGlobalRelative:lat=55.9408564,lon=-3.1931288,alt=-0.02
INFO:root:Angle_optical:-93.6418169538 Distance_optical:0.0709180185421 Angle_gps:-88.7424462159 Distance_gps:0.329727666121                  elapsed_time:0.0714819431305
INFO:root:sl:0.000179996172687 sr:0.00366407683174 heading:133 velocity:[-0.03, 0.0, 0.0] position:LocationGlobalRelative:lat=55.9408564,lon=-3.1931288,alt=-0.02
INFO:root:Angle_optical:-93.5027717455 Distance_optical:0.0758340513828 Angle_gps:-88.7407605385 Distance_gps:0.33977862321                  elapsed_time:0.0723810195923
INFO:root:sl:0.000119711741225 sr:0.00191908387092 heading:133 velocity:[-0.03, 0.0, 0.0] position:LocationGlobalRelative:lat=55.9408564,lon=-3.1931288,alt=-0.02
INFO:root:Angle_optical:-93.4617424758 Distance_optical:0.0784118486768 Angle_gps:-88.7391716926 Distance_gps:0.349829577779                  elapsed_time:0.0749568939209
INFO:root:sl:0.000103405752909 sr:0.0018463133779 heading:133 velocity:[-0.03, 0.0, 0.0] position:LocationGlobalRelative:lat=55.9408564,lon=-3.1931288,alt=-0.02
INFO:root:Angle_optical:-93.4135993742 Distance_optical:0.0808906313161 Angle_gps:-88.7376716132 Distance_gps:0.359880533842                  elapsed_time:0.0748600959778
INFO:root:sl:0.000100778416705 sr:0.00185736852014 heading:133 velocity:[-0.03, 0.0, 0.0] position:LocationGlobalRelative:lat=55.9408564,lon=-3.1931288,alt=-0.02
INFO:root:Angle_optical:-93.3650747511 Distance_optical:0.0833839547905 Angle_gps:-88.7362530359 Distance_gps:0.369931488854                  elapsed_time:0.0781960487366
INFO:root:sl:0.000326141746486 sr:0.00291733822527 heading:133 velocity:[-0.03, 0.0, 0.0] position:LocationGlobalRelative:lat=55.9408564,lon=-3.1931288,alt=-0.02
INFO:root:Angle_optical:-93.4416660198 Distance_optical:0.0873186636234 Angle_gps:-88.7349095107 Distance_gps:0.379982444351                  elapsed_time:0.0776789188385
INFO:root:sl:0.000132581479025 sr:0.00165525503083 heading:133 velocity:[-0.03, 0.0, 0.0] position:LocationGlobalRelative:lat=55.9408564,lon=-3.1931288,alt=-0.02
INFO:root:Angle_optical:-93.4372709487 Distance_optical:0.0895453687498 Angle_gps:-88.7336352249 Distance_gps:0.390033399335                  elapsed_time:0.0782079696655
INFO:root:sl:0.000139875410554 sr:0.00160749044406 heading:133 velocity:[0.0, 0.01, 0.0] position:LocationGlobalRelative:lat=55.9408568,lon=-3.1931284,alt=0.0
INFO:root:Angle_optical:-93.442490741 Distance_optical:0.0917090552334 Angle_gps:-88.7336352249 Distance_gps:0.390033399335                  elapsed_time:0.0836720466614
INFO:root:sl:0.000753275192368 sr:0.00300401211946 heading:133 velocity:[0.0, 0.01, 0.0] position:LocationGlobalRelative:lat=55.9408568,lon=-3.1931284,alt=0.0
INFO:root:Angle_optical:-93.8446965083 Distance_optical:0.0958095247705 Angle_gps:-88.7336352249 Distance_gps:0.390033399335                  elapsed_time:0.0709249973297
INFO:root:sl:0.000256433020487 sr:0.00156668939859 heading:133 velocity:[0.0, 0.01, 0.0] position:LocationGlobalRelative:lat=55.9408568,lon=-3.1931284,alt=0.0
INFO:root:Angle_optical:-93.9345330402 Distance_optical:0.0979329005103 Angle_gps:-88.7336352249 Distance_gps:0.390033399335                  elapsed_time:0.0722718238831
INFO:root:sl:6.93239108796e-05 sr:0.00439817587987 heading:133 velocity:[0.0, 0.01, 0.0] position:LocationGlobalRelative:lat=55.9408568,lon=-3.1931284,alt=0.0
INFO:root:Angle_optical:-93.6878405554 Distance_optical:0.103815348859 Angle_gps:-88.7336352249 Distance_gps:0.390033399335                  elapsed_time:0.0708620548248
INFO:root:sl:0.000699585648857 sr:0.0035779739152 heading:133 velocity:[0.0, 0.01, 0.0] position:LocationGlobalRelative:lat=55.9408568,lon=-3.1931284,alt=0.0
INFO:root:Angle_optical:-93.9599714661 Distance_optical:0.108677968197 Angle_gps:-88.7336352249 Distance_gps:0.390033399335                  elapsed_time:0.0715548992157
INFO:root:sl:0.000256335645056 sr:0.00238570979841 heading:133 velocity:[0.0, 0.01, 0.0] position:LocationGlobalRelative:lat=55.9408568,lon=-3.1931284,alt=0.0
INFO:root:Angle_optical:-93.9846473196 Distance_optical:0.111895137882 Angle_gps:-88.7336352249 Distance_gps:0.390033399335                  elapsed_time:0.0718920230865
INFO:root:sl:0.000531901430649 sr:0.00480869854275 heading:133 velocity:[0.0, 0.01, 0.0] position:LocationGlobalRelative:lat=55.9408568,lon=-3.1931284,alt=0.0
INFO:root:Angle_optical:-94.0401463289 Distance_optical:0.118381709863 Angle_gps:-88.7336352249 Distance_gps:0.390033399335                  elapsed_time:0.0729520320892
INFO:root:sl:0.000371955681141 sr:0.00269309556409 heading:133 velocity:[0.0, 0.01, 0.0] position:LocationGlobalRelative:lat=55.9408568,lon=-3.1931284,alt=0.0
INFO:root:Angle_optical:-94.1150794542 Distance_optical:0.122023895076 Angle_gps:-88.7336352249 Distance_gps:0.390033399335                  elapsed_time:0.0714650154114
INFO:root:sl:0.00110642583499 sr:0.00311645664263 heading:133 velocity:[0.0, 0.01, 0.0] position:LocationGlobalRelative:lat=55.9408568,lon=-3.1931284,alt=0.0
INFO:root:Angle_optical:-94.6056249107 Distance_optical:0.126329161177 Angle_gps:-88.7336352249 Distance_gps:0.390033399335                  elapsed_time:0.0725178718567
INFO:root:sl:0.000502570736696 sr:0.00265456268737 heading:133 velocity:[0.0, 0.01, 0.0] position:LocationGlobalRelative:lat=55.9408568,lon=-3.1931284,alt=0.0
INFO:root:Angle_optical:-94.7393082577 Distance_optical:0.129939663602 Angle_gps:-88.7336352249 Distance_gps:0.390033399335                  elapsed_time:0.0733790397644
INFO:root:sl:0.000495238063207 sr:0.00211602872352 heading:133 velocity:[0.0, 0.01, 0.0] position:LocationGlobalRelative:lat=55.9408568,lon=-3.1931284,alt=0.0
INFO:root:Angle_optical:-94.8950804525 Distance_optical:0.132831846361 Angle_gps:-88.7336352249 Distance_gps:0.390033399335                  elapsed_time:0.068736076355
INFO:root:sl:0.000526058658724 sr:0.00197176201338 heading:133 velocity:[0.0, 0.01, 0.0] position:LocationGlobalRelative:lat=55.9408568,lon=-3.1931284,alt=0.0
INFO:root:Angle_optical:-95.07063355 Distance_optical:0.13553729716 Angle_gps:-88.7336352249 Distance_gps:0.390033399335                  elapsed_time:0.0708911418915
INFO:root:sl:0.000762738197151 sr:0.00336581424853 heading:133 velocity:[0.0, 0.01, 0.0] position:LocationGlobalRelative:lat=55.9408568,lon=-3.1931284,alt=0.0
INFO:root:Angle_optical:-95.2809918905 Distance_optical:0.140137363672 Angle_gps:-88.7336352249 Distance_gps:0.390033399335                  elapsed_time:0.0714168548584
INFO:root:sl:0.000446008729771 sr:0.00186340124636 heading:133 velocity:[0.0, 0.01, 0.0] position:LocationGlobalRelative:lat=55.9408568,lon=-3.1931284,alt=0.0
INFO:root:Angle_optical:-95.4043114998 Distance_optical:0.142688570936 Angle_gps:-88.7336352249 Distance_gps:0.390033399335                  elapsed_time:0.0745170116425
INFO:root:sl:0.000433701396412 sr:0.00180024437706 heading:133 velocity:[0.04, 0.0, 0.0] position:LocationGlobalRelative:lat=55.9408576,lon=-3.1931284,alt=0.05
INFO:root:Angle_optical:-95.5208103342 Distance_optical:0.145154363692 Angle_gps:-88.8023816873 Distance_gps:0.390034073574                  elapsed_time:0.0725591182709
INFO:root:sl:0.000717931675111 sr:0.00350277425039 heading:133 velocity:[0.04, 0.0, 0.0] position:LocationGlobalRelative:lat=55.9408576,lon=-3.1931284,alt=0.05
INFO:root:Angle_optical:-95.6724599631 Distance_optical:0.149933110968 Angle_gps:-88.8711278121 Distance_gps:0.390035309322                  elapsed_time:0.0734879970551
INFO:root:sl:0.000936193784833 sr:0.00325480837092 heading:133 velocity:[0.04, 0.0, 0.0] position:LocationGlobalRelative:lat=55.9408576,lon=-3.1931284,alt=0.05
INFO:root:Angle_optical:-95.9378075917 Distance_optical:0.154419585722 Angle_gps:-88.9398734029 Distance_gps:0.390037106572                  elapsed_time:0.0729730129242
INFO:root:sl:0.000521956714089 sr:0.00213945674959 heading:133 velocity:[0.04, 0.0, 0.0] position:LocationGlobalRelative:lat=55.9408576,lon=-3.1931284,alt=0.05
INFO:root:Angle_optical:-96.0587492866 Distance_optical:0.157354236315 Angle_gps:-89.0086182607 Distance_gps:0.390039465318                  elapsed_time:0.0742788314819
INFO:root:sl:0.000544020543508 sr:0.00222425984273 heading:133 velocity:[0.04, 0.0, 0.0] position:LocationGlobalRelative:lat=55.9408576,lon=-3.1931284,alt=0.05
INFO:root:Angle_optical:-96.1804451988 Distance_optical:0.160406165667 Angle_gps:-89.0773621885 Distance_gps:0.390042385548                  elapsed_time:0.076131105423
INFO:root:sl:0.000500542760608 sr:0.00190463124081 heading:133 velocity:[0.04, 0.0, 0.0] position:LocationGlobalRelative:lat=55.9408576,lon=-3.1931284,alt=0.05
INFO:root:Angle_optical:-96.2972406019 Distance_optical:0.163026241233 Angle_gps:-89.1461049877 Distance_gps:0.390045867251                  elapsed_time:0.0715398788452
INFO:root:sl:0.000391630004551 sr:0.00156708695828 heading:133 velocity:[0.04, 0.0, 0.0] position:LocationGlobalRelative:lat=55.9408576,lon=-3.1931284,alt=0.05
INFO:root:Angle_optical:-96.3812452359 Distance_optical:0.165178842261 Angle_gps:-89.2148464608 Distance_gps:0.390049910411                  elapsed_time:0.0752940177917
INFO:root:sl:0.000359048327167 sr:0.00142399451046 heading:133 velocity:[0.04, 0.0, 0.0] position:LocationGlobalRelative:lat=55.9408576,lon=-3.1931284,alt=0.05
INFO:root:Angle_optical:-96.4571503714 Distance_optical:0.16713576355 Angle_gps:-89.2835864099 Distance_gps:0.390054515011                  elapsed_time:0.0735890865326
INFO:root:sl:0.000312805273081 sr:0.00122392817739 heading:133 velocity:[0.04, 0.0, 0.0] position:LocationGlobalRelative:lat=55.9408576,lon=-3.1931284,alt=0.05
INFO:root:Angle_optical:-96.5228792305 Distance_optical:0.168818741745 Angle_gps:-89.3523246371 Distance_gps:0.390059681031                  elapsed_time:0.0724411010742
INFO:root:sl:0.000764861410548 sr:0.00215679523339 heading:133 velocity:[0.04, 0.0, 0.0] position:LocationGlobalRelative:lat=55.9408576,lon=-3.1931284,alt=0.05
INFO:root:Angle_optical:-96.7301806153 Distance_optical:0.171824854104 Angle_gps:-89.4210609446 Distance_gps:0.390065408448                  elapsed_time:0.0769898891449
INFO:root:sl:0.000359178752699 sr:0.00120117948031 heading:133 velocity:[0.04, 0.0, 0.0] position:LocationGlobalRelative:lat=55.9408576,lon=-3.1931284,alt=0.05
INFO:root:Angle_optical:-96.813236269 Distance_optical:0.173487305118 Angle_gps:-89.4897951347 Distance_gps:0.390071697239                  elapsed_time:0.0714528560638
INFO:root:sl:0.000359211359082 sr:0.00114547572277 heading:133 velocity:[0.04, 0.0, 0.0] position:LocationGlobalRelative:lat=55.9408576,lon=-3.1931284,alt=0.05
INFO:root:Angle_optical:-96.8982197372 Distance_optical:0.175076190027 Angle_gps:-89.5585270097 Distance_gps:0.390078547375                  elapsed_time:0.0720729827881
INFO:root:sl:0.000688960087301 sr:0.00222915072401 heading:133 velocity:[0.04, 0.0, 0.0] position:LocationGlobalRelative:lat=55.9408576,lon=-3.1931284,alt=0.05
INFO:root:Angle_optical:-97.054954352 Distance_optical:0.178167342973 Angle_gps:-89.6272563718 Distance_gps:0.390085958827                  elapsed_time:0.0712959766388
INFO:root:sl:0.00035183754977 sr:0.00114395148177 heading:133 velocity:[0.02, 0.0, 0.0] position:LocationGlobalRelative:lat=55.9408575,lon=-3.1931285,alt=0.08
INFO:root:Angle_optical:-97.1325659409 Distance_optical:0.179753820193 Angle_gps:-89.6959830234 Distance_gps:0.390093931564                  elapsed_time:0.0765371322632
INFO:root:sl:0.000828522052117 sr:0.00164346864989 heading:133 velocity:[0.02, 0.0, 0.0] position:LocationGlobalRelative:lat=55.9408575,lon=-3.1931285,alt=0.08
INFO:root:Angle_optical:-97.3764832351 Distance_optical:0.182098567188 Angle_gps:-89.730345271 Distance_gps:0.390098128403                  elapsed_time:0.0915420055389
INFO:root:sl:0.000467329922297 sr:0.00125414271392 heading:133 velocity:[0.02, 0.0, 0.0] position:LocationGlobalRelative:lat=55.9408575,lon=-3.1931285,alt=0.08
INFO:root:Angle_optical:-97.4903381157 Distance_optical:0.183856049305 Angle_gps:-89.7647067669 Distance_gps:0.39010246555                  elapsed_time:0.0739541053772
INFO:root:sl:0.000411922381046 sr:0.0010103907114 heading:133 velocity:[0.02, 0.0, 0.0] position:LocationGlobalRelative:lat=55.9408575,lon=-3.1931285,alt=0.08
INFO:root:Angle_optical:-97.5950047555 Distance_optical:0.185279821014 Angle_gps:-89.7990674864 Distance_gps:0.390106943                  elapsed_time:0.0720558166504
INFO:root:sl:0.000426943588865 sr:0.000977000518801 heading:133 velocity:[0.02, 0.0, 0.0] position:LocationGlobalRelative:lat=55.9408575,lon=-3.1931285,alt=0.08
INFO:root:Angle_optical:-97.7063340392 Distance_optical:0.186663137275 Angle_gps:-89.8334274048 Distance_gps:0.390111560749                  elapsed_time:0.0736730098724
INFO:root:sl:0.000788916794251 sr:0.00215399555571 heading:133 velocity:[0.02, 0.0, 0.0] position:LocationGlobalRelative:lat=55.9408575,lon=-3.1931285,alt=0.08
INFO:root:Angle_optical:-97.8851324676 Distance_optical:0.189682597369 Angle_gps:-89.8677864974 Distance_gps:0.390116318792                  elapsed_time:0.0756690502167
INFO:root:sl:0.000406945691041 sr:0.00103534669648 heading:133 velocity:[0.02, 0.0, 0.0] position:LocationGlobalRelative:lat=55.9408575,lon=-3.1931285,alt=0.08
INFO:root:Angle_optical:-97.9800688568 Distance_optical:0.19114058791 Angle_gps:-89.9021447395 Distance_gps:0.390121217122                  elapsed_time:0.0729088783264
INFO:root:sl:0.000405701518539 sr:0.00104158569275 heading:133 velocity:[0.02, 0.0, 0.0] position:LocationGlobalRelative:lat=55.9408575,lon=-3.1931285,alt=0.08
INFO:root:Angle_optical:-98.0726720246 Distance_optical:0.192607077252 Angle_gps:-89.9365021065 Distance_gps:0.390126255736                  elapsed_time:0.0728299617767
INFO:root:sl:0.000767421237545 sr:0.00232627779229 heading:133 velocity:[0.02, 0.0, 0.0] position:LocationGlobalRelative:lat=55.9408575,lon=-3.1931285,alt=0.08
INFO:root:Angle_optical:-98.2208446438 Distance_optical:0.195853217537 Angle_gps:-89.9708585737 Distance_gps:0.390131434627                  elapsed_time:0.077752828598
INFO:root:sl:0.000395017111781 sr:0.00110080254538 heading:133 velocity:[0.02, 0.0, 0.0] position:LocationGlobalRelative:lat=55.9408575,lon=-3.1931285,alt=0.08
INFO:root:Angle_optical:-98.3014923392 Distance_optical:0.197396882117 Angle_gps:-90.0052141164 Distance_gps:0.39013675379                  elapsed_time:0.0723321437836
INFO:root:sl:0.000392034966966 sr:0.0011171665076 heading:133 velocity:[0.02, 0.0, 0.0] position:LocationGlobalRelative:lat=55.9408575,lon=-3.1931285,alt=0.08
INFO:root:Angle_optical:-98.3786889956 Distance_optical:0.198961888169 Angle_gps:-90.03956871 Distance_gps:0.39014221322                  elapsed_time:0.0727508068085
INFO:root:sl:0.000388618329073 sr:0.00113606171132 heading:133 velocity:[0.02, 0.0, 0.0] position:LocationGlobalRelative:lat=55.9408575,lon=-3.1931285,alt=0.08
INFO:root:Angle_optical:-98.4521623771 Distance_optical:0.200551442579 Angle_gps:-90.0739223297 Distance_gps:0.39014781291                  elapsed_time:0.0723049640656
