INFO:root:Resolotion:320,240
INFO:root:sl:0.00962888144285 sr:-0.0462620963869 heading:324 velocity:[0.39, -0.53, -0.19] position:LocationGlobalRelative:lat=55.8684998,lon=-3.1481216,alt=4.25
INFO:root:Angle_optical:-5.50001870949 Distance_optical:0.00460971859788 Angle_gps:21.8474409437 Distance_gps:0.0787557908482                  elapsed_time:0.111148834229
INFO:root:sl:0.0688881407021 sr:-0.0325640932872 heading:324 velocity:[0.39, -0.53, -0.19] position:LocationGlobalRelative:lat=55.8684998,lon=-3.1481216,alt=4.25
INFO:root:Angle_optical:-7.64976246935 Distance_optical:0.0305970673363 Angle_gps:20.7319620088 Distance_gps:0.140789580562                  elapsed_time:0.0742030143738
INFO:root:sl:0.128147399961 sr:-0.0527807810747 heading:324 velocity:[0.39, -0.53, -0.19] position:LocationGlobalRelative:lat=55.8684998,lon=-3.1481216,alt=4.25
INFO:root:Angle_optical:-5.33173688863 Distance_optical:0.148331614878 Angle_gps:21.7084521309 Distance_gps:0.291930095514                  elapsed_time:0.0703749656677
INFO:root:sl:0.187406659221 sr:-0.0399479523807 heading:324 velocity:[0.39, -0.53, -0.19] position:LocationGlobalRelative:lat=55.8684998,lon=-3.1481216,alt=4.25
INFO:root:Angle_optical:-6.20556500702 Distance_optical:0.303351498201 Angle_gps:21.2624990441 Distance_gps:0.428009419402                  elapsed_time:0.0678851604462
INFO:root:sl:0.24666591848 sr:-0.0218489740019 heading:324 velocity:[0.74, -0.72, -0.08] position:LocationGlobalRelative:lat=55.8685013,lon=-3.1481247,alt=4.24
INFO:root:Angle_optical:-5.13607468547 Distance_optical:0.614934343306 Angle_gps:26.201932186 Distance_gps:0.750489472019                  elapsed_time:0.0679550170898
INFO:root:sl:0.305925177739 sr:-0.012670494994 heading:320 velocity:[0.74, -0.72, -0.08] position:LocationGlobalRelative:lat=55.8685013,lon=-3.1481247,alt=4.24
INFO:root:Angle_optical:-4.90670912304 Distance_optical:0.977227487336 Angle_gps:29.1106970727 Distance_gps:1.05283001864                  elapsed_time:0.0707058906555
INFO:root:sl:0.365184436998 sr:0.0383894860568 heading:320 velocity:[0.74, -0.72, -0.08] position:LocationGlobalRelative:lat=55.8685013,lon=-3.1481247,alt=4.24
INFO:root:Angle_optical:-2.215803211 Distance_optical:1.47460946373 Angle_gps:31.2908595481 Distance_gps:1.40165165598                  elapsed_time:0.0792789459229
INFO:root:sl:0.346789350342 sr:0.067466563485 heading:320 velocity:[1.0, -0.66, -0.11] position:LocationGlobalRelative:lat=55.8685034,lon=-3.1481277,alt=4.25
INFO:root:Angle_optical:0.0760390116169 Distance_optical:1.92891961594 Angle_gps:34.904891322 Distance_gps:1.77812606249                  elapsed_time:0.0789480209351
INFO:root:sl:0.329943836077 sr:0.126725822744 heading:321 velocity:[1.0, -0.66, -0.11] position:LocationGlobalRelative:lat=55.8685034,lon=-3.1481277,alt=4.25
INFO:root:Angle_optical:3.51419062567 Distance_optical:2.39143992846 Angle_gps:37.152390791 Distance_gps:2.17765509383                  elapsed_time:0.0726139545441
INFO:root:sl:0.306031269065 sr:0.185985082004 heading:321 velocity:[1.0, -0.66, -0.11] position:LocationGlobalRelative:lat=55.8685034,lon=-3.1481277,alt=4.25
INFO:root:Angle_optical:7.38941091357 Distance_optical:2.83413581595 Angle_gps:38.5956028158 Distance_gps:2.57167021984                  elapsed_time:0.0732069015503
INFO:root:sl:0.279066143355 sr:0.245244341263 heading:321 velocity:[1.15, -0.55, -0.11] position:LocationGlobalRelative:lat=55.8685059,lon=-3.14813,alt=4.25
INFO:root:Angle_optical:11.7676688409 Distance_optical:3.2786641265 Angle_gps:40.849455415 Distance_gps:2.98811420948                  elapsed_time:0.0869829654694
INFO:root:sl:0.219806884095 sr:0.287604347725 heading:324 velocity:[1.15, -0.55, -0.11] position:LocationGlobalRelative:lat=55.8685059,lon=-3.14813,alt=4.25
INFO:root:Angle_optical:16.1286730407 Distance_optical:3.68556232395 Angle_gps:41.9746203671 Distance_gps:3.41076617508                  elapsed_time:0.0803000926971
INFO:root:sl:0.160547624836 sr:0.325972835954 heading:324 velocity:[1.15, -0.55, -0.11] position:LocationGlobalRelative:lat=55.8685059,lon=-3.14813,alt=4.25
INFO:root:Angle_optical:20.7209608334 Distance_optical:4.06631976547 Angle_gps:42.7956430713 Distance_gps:3.8383684887                  elapsed_time:0.070298910141
INFO:root:sl:0.129155279786 sr:0.385232095214 heading:324 velocity:[1.15, -0.55, -0.11] position:LocationGlobalRelative:lat=55.8685059,lon=-3.14813,alt=4.25
INFO:root:Angle_optical:25.6125299686 Distance_optical:4.47484076061 Angle_gps:43.4093270122 Distance_gps:4.26537353804                  elapsed_time:0.0713708400726
INFO:root:sl:0.107814650394 sr:0.346370318667 heading:326 velocity:[1.23, -0.53, -0.17] position:LocationGlobalRelative:lat=55.8685087,lon=-3.1481323,alt=4.24
INFO:root:Angle_optical:29.3648938226 Distance_optical:4.85802050996 Angle_gps:44.140243904 Distance_gps:4.71394480906                  elapsed_time:0.0738890171051
INFO:root:sl:0.083960722068 sr:0.370899781551 heading:326 velocity:[1.23, -0.53, -0.17] position:LocationGlobalRelative:lat=55.8685087,lon=-3.1481323,alt=4.24
INFO:root:Angle_optical:32.9652973238 Distance_optical:5.26150733396 Angle_gps:44.4652611293 Distance_gps:5.16521157526                  elapsed_time:0.075611114502
INFO:root:sl:0.0633059815429 sr:0.379282731164 heading:326 velocity:[1.23, -0.53, -0.17] position:LocationGlobalRelative:lat=55.8685087,lon=-3.1481323,alt=4.24
INFO:root:Angle_optical:36.2950144304 Distance_optical:5.67454385169 Angle_gps:44.7001070865 Distance_gps:5.61830304052                  elapsed_time:0.0687201023102
INFO:root:sl:0.0823207507596 sr:0.438541990423 heading:326 velocity:[1.26, -0.57, -0.18] position:LocationGlobalRelative:lat=55.8685113,lon=-3.1481343,alt=4.23
INFO:root:Angle_optical:39.4658617002 Distance_optical:6.18192552769 Angle_gps:44.8049683315 Distance_gps:6.08619825035                  elapsed_time:0.0734059810638
INFO:root:sl:0.049385332853 sr:0.379282731164 heading:326 velocity:[1.26, -0.57, -0.18] position:LocationGlobalRelative:lat=55.8685113,lon=-3.1481343,alt=4.23
INFO:root:Angle_optical:42.0041089497 Distance_optical:6.61593648972 Angle_gps:44.8880040463 Distance_gps:6.554593729                  elapsed_time:0.0689101219177
INFO:root:sl:0.0199436567196 sr:0.433247447651 heading:326 velocity:[1.26, -0.57, -0.18] position:LocationGlobalRelative:lat=55.8685113,lon=-3.1481343,alt=4.23
INFO:root:Angle_optical:44.8334317208 Distance_optical:7.09619529561 Angle_gps:44.955471641 Distance_gps:7.02282719374                  elapsed_time:0.0747158527374
INFO:root:sl:0.0172774471477 sr:0.384531450819 heading:326 velocity:[1.29, -0.68, -0.22] position:LocationGlobalRelative:lat=55.8685141,lon=-3.1481368,alt=4.21
INFO:root:Angle_optical:47.0411024475 Distance_optical:7.53509056767 Angle_gps:44.7893861117 Distance_gps:7.51634714605                  elapsed_time:0.0876951217651
INFO:root:sl:0.017170349314 sr:0.348633635249 heading:325 velocity:[1.29, -0.68, -0.22] position:LocationGlobalRelative:lat=55.8685141,lon=-3.1481368,alt=4.21
INFO:root:Angle_optical:48.8434003701 Distance_optical:7.94011427239 Angle_gps:44.7389583504 Distance_gps:8.00978647695                  elapsed_time:0.0786788463593
INFO:root:sl:0.0764296085733 sr:0.39284933727 heading:325 velocity:[1.29, -0.68, -0.22] position:LocationGlobalRelative:lat=55.8685141,lon=-3.1481368,alt=4.21
INFO:root:Angle_optical:50.2278629114 Distance_optical:8.44379364028 Angle_gps:44.7080158382 Distance_gps:8.50272067486                  elapsed_time:0.0696380138397
INFO:root:sl:0.123294223771 sr:0.346978994972 heading:325 velocity:[1.29, -0.68, -0.22] position:LocationGlobalRelative:lat=55.8685141,lon=-3.1481368,alt=4.21
INFO:root:Angle_optical:50.9102572576 Distance_optical:8.93087683992 Angle_gps:44.6872475155 Distance_gps:8.99570620836                  elapsed_time:0.0691151618958
INFO:root:sl:0.141505938401 sr:0.374881290423 heading:325 velocity:[1.35, -0.76, -0.14] position:LocationGlobalRelative:lat=55.8685169,lon=-3.1481398,alt=4.2
INFO:root:Angle_optical:51.5125711 Distance_optical:9.46385933229 Angle_gps:44.5832573268 Distance_gps:9.51902729731                  elapsed_time:0.0688700675964
INFO:root:sl:0.173173474996 sr:0.404695168018 heading:323 velocity:[1.35, -0.76, -0.14] position:LocationGlobalRelative:lat=55.8685169,lon=-3.1481398,alt=4.2
INFO:root:Angle_optical:52.0155300164 Distance_optical:10.0519986146 Angle_gps:44.6487327063 Distance_gps:10.0418661171                  elapsed_time:0.0678579807281
INFO:root:sl:0.192824494209 sr:0.375485859075 heading:323 velocity:[1.35, -0.76, -0.14] position:LocationGlobalRelative:lat=55.8685169,lon=-3.1481398,alt=4.2
INFO:root:Angle_optical:52.254766928 Distance_optical:10.6190556438 Angle_gps:44.7299738516 Distance_gps:10.5634977203                  elapsed_time:0.076611995697
INFO:root:sl:0.207302881865 sr:0.384090585957 heading:323 velocity:[1.42, -0.77, -0.14] position:LocationGlobalRelative:lat=55.8685201,lon=-3.1481434,alt=4.19
INFO:root:Angle_optical:52.4278955753 Distance_optical:11.2064036963 Angle_gps:44.8629833036 Distance_gps:11.1072333461                  elapsed_time:0.0723669528961
INFO:root:sl:0.252712042316 sr:0.443349845216 heading:322 velocity:[1.42, -0.77, -0.14] position:LocationGlobalRelative:lat=55.8685201,lon=-3.1481434,alt=4.19
INFO:root:Angle_optical:52.564123434 Distance_optical:11.8929161655 Angle_gps:45.0561051567 Distance_gps:11.6496038823                  elapsed_time:0.0724699497223
INFO:root:sl:0.193452783056 sr:0.431008561604 heading:322 velocity:[1.42, -0.77, -0.14] position:LocationGlobalRelative:lat=55.8685201,lon=-3.1481434,alt=4.19
INFO:root:Angle_optical:52.9686769478 Distance_optical:12.5226685723 Angle_gps:45.2435897289 Distance_gps:12.191573487                  elapsed_time:0.0709199905396
INFO:root:sl:0.195239405379 sr:0.445297681202 heading:322 velocity:[1.42, -0.77, -0.14] position:LocationGlobalRelative:lat=55.8685201,lon=-3.1481434,alt=4.19
INFO:root:Angle_optical:53.3754311527 Distance_optical:13.1703960698 Angle_gps:45.4206050347 Distance_gps:12.733542609                  elapsed_time:0.0702271461487
INFO:root:sl:0.191403532634 sr:0.472245827135 heading:322 velocity:[1.49, -0.71, -0.15] position:LocationGlobalRelative:lat=55.8685234,lon=-3.1481463,alt=4.19
INFO:root:Angle_optical:53.842645218 Distance_optical:13.8468598776 Angle_gps:45.7134063636 Distance_gps:13.2846097174                  elapsed_time:0.0687248706818
INFO:root:sl:0.173096474202 sr:0.491591490142 heading:322 velocity:[1.49, -0.71, -0.15] position:LocationGlobalRelative:lat=55.8685234,lon=-3.1481463,alt=4.19
INFO:root:Angle_optical:54.4034967977 Distance_optical:14.5339183839 Angle_gps:45.9840484455 Distance_gps:13.8359519232                  elapsed_time:0.0766592025757
INFO:root:sl:0.140730355971 sr:0.519858580046 heading:322 velocity:[1.49, -0.71, -0.15] position:LocationGlobalRelative:lat=55.8685234,lon=-3.1481463,alt=4.19
INFO:root:Angle_optical:55.1275407959 Distance_optical:15.2333316724 Angle_gps:46.2344189721 Distance_gps:14.3875190865                  elapsed_time:0.0716619491577
INFO:root:sl:0.101848988653 sr:0.528682058591 heading:322 velocity:[1.55, -0.66, -0.15] position:LocationGlobalRelative:lat=55.868527,lon=-3.148149,alt=4.2
INFO:root:Angle_optical:55.9733206929 Distance_optical:15.9198273738 Angle_gps:46.5618880523 Distance_gps:14.9477480661                  elapsed_time:0.0685410499573
INFO:root:sl:0.0885983450981 sr:0.58794131785 heading:322 velocity:[1.55, -0.66, -0.15] position:LocationGlobalRelative:lat=55.868527,lon=-3.148149,alt=4.2
INFO:root:Angle_optical:56.9325347158 Distance_optical:16.6712723377 Angle_gps:46.8657531873 Distance_gps:15.5083941088                  elapsed_time:0.070729970932
INFO:root:sl:0.0647018589566 sr:0.528682058591 heading:322 velocity:[1.55, -0.66, -0.15] position:LocationGlobalRelative:lat=55.868527,lon=-3.148149,alt=4.2
INFO:root:Angle_optical:57.783027492 Distance_optical:17.3413629254 Angle_gps:47.1484259927 Distance_gps:16.0694225943                  elapsed_time:0.0683629512787
INFO:root:sl:0.0936921965001 sr:0.58794131785 heading:322 velocity:[1.55, -0.66, -0.15] position:LocationGlobalRelative:lat=55.868527,lon=-3.148149,alt=4.2
INFO:root:Angle_optical:58.5715934241 Distance_optical:18.1036115248 Angle_gps:47.4120012737 Distance_gps:16.6307869232                  elapsed_time:0.076092004776
INFO:root:sl:0.0715052762697 sr:0.58885821352 heading:321 velocity:[1.58, -0.67, -0.16] position:LocationGlobalRelative:lat=55.8685305,lon=-3.1481514,alt=4.21
INFO:root:Angle_optical:59.3965138738 Distance_optical:18.8549353244 Angle_gps:47.7130266855 Distance_gps:17.2006542337                  elapsed_time:0.0800211429596
INFO:root:sl:0.0727747564237 sr:0.648117472779 heading:321 velocity:[1.58, -0.67, -0.16] position:LocationGlobalRelative:lat=55.8685305,lon=-3.1481514,alt=4.21
INFO:root:Angle_optical:60.2599851139 Distance_optical:19.680960601 Angle_gps:48.0007843496 Distance_gps:17.7702273111                  elapsed_time:0.0778601169586
INFO:root:sl:0.0404557902181 sr:0.645130486836 heading:321 velocity:[1.58, -0.67, -0.16] position:LocationGlobalRelative:lat=55.8685305,lon=-3.1481514,alt=4.21
INFO:root:Angle_optical:61.163551822 Distance_optical:20.4889132898 Angle_gps:48.2738117588 Distance_gps:18.3401377707                  elapsed_time:0.0791800022125
INFO:root:sl:0.0563261181424 sr:0.639560401599 heading:320 velocity:[1.59, -0.72, -0.19] position:LocationGlobalRelative:lat=55.8685341,lon=-3.1481539,alt=4.22
INFO:root:Angle_optical:61.9544432796 Distance_optical:21.3006238728 Angle_gps:48.5364650273 Distance_gps:18.9197536574                  elapsed_time:0.0838780403137
INFO:root:sl:0.103327863763 sr:0.698819660858 heading:320 velocity:[1.59, -0.72, -0.19] position:LocationGlobalRelative:lat=55.8685341,lon=-3.1481539,alt=4.22
INFO:root:Angle_optical:62.6276340749 Distance_optical:22.2126614112 Angle_gps:48.7895983696 Distance_gps:19.4991022293                  elapsed_time:0.0764780044556
INFO:root:sl:0.0778373808279 sr:0.691494429871 heading:320 velocity:[1.59, -0.72, -0.19] position:LocationGlobalRelative:lat=55.8685341,lon=-3.1481539,alt=4.22
INFO:root:Angle_optical:63.3201078341 Distance_optical:23.1044964446 Angle_gps:49.0311326474 Distance_gps:20.0786685531                  elapsed_time:0.0703840255737
INFO:root:sl:0.086354894112 sr:0.679349256114 heading:320 velocity:[1.62, -0.79, -0.21] position:LocationGlobalRelative:lat=55.8685378,lon=-3.1481567,alt=4.22
INFO:root:Angle_optical:63.9224601021 Distance_optical:23.9883189149 Angle_gps:49.2202506824 Distance_gps:20.6794361617                  elapsed_time:0.0664918422699
INFO:root:sl:0.072651341001 sr:0.687194641555 heading:320 velocity:[1.62, -0.79, -0.21] position:LocationGlobalRelative:lat=55.8685378,lon=-3.1481567,alt=4.22
INFO:root:Angle_optical:64.5310785944 Distance_optical:24.8772308649 Angle_gps:49.3993522979 Distance_gps:21.2803782177                  elapsed_time:0.0662181377411
INFO:root:sl:0.0629116663958 sr:0.709589636528 heading:318 velocity:[1.62, -0.79, -0.21] position:LocationGlobalRelative:lat=55.8685378,lon=-3.1481567,alt=4.22
INFO:root:Angle_optical:65.1755410468 Distance_optical:25.7877343543 Angle_gps:49.6440451222 Distance_gps:21.8775122457                  elapsed_time:0.0685930252075
INFO:root:sl:0.0689153894682 sr:0.715893137065 heading:318 velocity:[1.62, -0.79, -0.21] position:LocationGlobalRelative:lat=55.8685378,lon=-3.1481567,alt=4.22
INFO:root:Angle_optical:65.7783197804 Distance_optical:26.7094425197 Angle_gps:49.8850115459 Distance_gps:22.4739137019                  elapsed_time:0.0688509941101
INFO:root:sl:0.0708471447355 sr:0.7102408662 heading:318 velocity:[1.68, -0.87, -0.24] position:LocationGlobalRelative:lat=55.8685418,lon=-3.1481601,alt=4.21
INFO:root:Angle_optical:66.3360189014 Distance_optical:27.6270278243 Angle_gps:50.0918555874 Distance_gps:23.1022993586                  elapsed_time:0.0773708820343
INFO:root:sl:0.0790141358154 sr:0.731481214947 heading:316 velocity:[1.68, -0.87, -0.24] position:LocationGlobalRelative:lat=55.8685418,lon=-3.1481601,alt=4.21
INFO:root:Angle_optical:66.8831547319 Distance_optical:28.5733832243 Angle_gps:50.360906857 Distance_gps:23.7260763605                  elapsed_time:0.075630903244
INFO:root:sl:0.132162302226 sr:0.790740474207 heading:316 velocity:[1.68, -0.87, -0.24] position:LocationGlobalRelative:lat=55.8685418,lon=-3.1481601,alt=4.21
INFO:root:Angle_optical:67.3351540396 Distance_optical:29.6198279522 Angle_gps:50.6256396916 Distance_gps:24.3494047211                  elapsed_time:0.0724339485168
INFO:root:sl:0.0906261339661 sr:0.812054293104 heading:316 velocity:[1.72, -0.96, -0.26] position:LocationGlobalRelative:lat=55.868546,lon=-3.1481639,alt=4.19
INFO:root:Angle_optical:67.8785870065 Distance_optical:30.6733289689 Angle_gps:50.845292882 Distance_gps:25.0017819742                  elapsed_time:0.0699191093445
INFO:root:sl:0.124802240977 sr:0.861436255944 heading:316 velocity:[1.72, -0.96, -0.26] position:LocationGlobalRelative:lat=55.868546,lon=-3.1481639,alt=4.19
INFO:root:Angle_optical:68.3538394268 Distance_optical:31.8065535406 Angle_gps:51.0559368645 Distance_gps:25.6542619622                  elapsed_time:0.0778639316559
INFO:root:sl:0.161180363098 sr:0.905342004139 heading:316 velocity:[1.72, -0.96, -0.26] position:LocationGlobalRelative:lat=55.868546,lon=-3.1481639,alt=4.19
INFO:root:Angle_optical:68.7540418802 Distance_optical:33.0133129323 Angle_gps:51.2571399695 Distance_gps:26.3069675388                  elapsed_time:0.083379983902
INFO:root:sl:0.220439622357 sr:0.964601263398 heading:316 velocity:[1.72, -0.96, -0.26] position:LocationGlobalRelative:lat=55.868546,lon=-3.1481639,alt=4.19
INFO:root:Angle_optical:69.0476760063 Distance_optical:34.3227338444 Angle_gps:51.4490364911 Distance_gps:26.9598743668                  elapsed_time:0.0665578842163
INFO:root:sl:0.279698881616 sr:0.976699438991 heading:316 velocity:[1.74, -1.07, -0.26] position:LocationGlobalRelative:lat=55.8685499,lon=-3.148168,alt=4.16
INFO:root:Angle_optical:69.2088879172 Distance_optical:35.6749341411 Angle_gps:51.5791206918 Distance_gps:27.6403913164                  elapsed_time:0.0687620639801
INFO:root:sl:0.315641898291 sr:1.01180066797 heading:316 velocity:[1.74, -1.07, -0.26] position:LocationGlobalRelative:lat=55.8685499,lon=-3.148168,alt=4.16
INFO:root:Angle_optical:69.3047094908 Distance_optical:37.072558171 Angle_gps:51.7030154487 Distance_gps:28.3209676104                  elapsed_time:0.0675020217896
INFO:root:sl:0.363015780282 sr:1.03239097678 heading:316 velocity:[1.74, -1.07, -0.26] position:LocationGlobalRelative:lat=55.8685499,lon=-3.148168,alt=4.16
INFO:root:Angle_optical:69.3045811053 Distance_optical:38.4914585348 Angle_gps:51.8210988023 Distance_gps:29.0016051055                  elapsed_time:0.0664699077606
INFO:root:sl:0.412467747597 sr:1.02259262492 heading:316 velocity:[1.76, -1.12, -0.2] position:LocationGlobalRelative:lat=55.8685538,lon=-3.1481724,alt=4.11
INFO:root:Angle_optical:69.2149409633 Distance_optical:39.9325567848 Angle_gps:51.9154085754 Distance_gps:29.697606621                  elapsed_time:0.0726580619812
INFO:root:sl:0.445306731675 sr:1.05098818791 heading:318 velocity:[1.76, -1.12, -0.2] position:LocationGlobalRelative:lat=55.8685538,lon=-3.1481724,alt=4.11
INFO:root:Angle_optical:69.0497146301 Distance_optical:41.3872383178 Angle_gps:51.9435975015 Distance_gps:30.395140855                  elapsed_time:0.0793309211731
INFO:root:sl:0.504565990934 sr:1.11024744717 heading:318 velocity:[1.76, -1.12, -0.2] position:LocationGlobalRelative:lat=55.8685538,lon=-3.1481724,alt=4.11
INFO:root:Angle_optical:68.7839480023 Distance_optical:42.8681386907 Angle_gps:51.96301189 Distance_gps:31.0929969866                  elapsed_time:0.0715591907501
INFO:root:sl:0.445306731675 sr:1.05098818791 heading:318 velocity:[1.76, -1.12, -0.2] position:LocationGlobalRelative:lat=55.8685538,lon=-3.1481724,alt=4.11
INFO:root:Angle_optical:68.6269696874 Distance_optical:44.3220024086 Angle_gps:51.9779514395 Distance_gps:31.7907457845                  elapsed_time:0.0686600208282
INFO:root:sl:0.504565990934 sr:1.11024744717 heading:318 velocity:[1.81, -1.1, -0.09] position:LocationGlobalRelative:lat=55.8685577,lon=-3.1481768,alt=4.08
INFO:root:Angle_optical:68.3836369989 Distance_optical:45.802305751 Angle_gps:52.0165164041 Distance_gps:32.4988814442                  elapsed_time:0.0691559314728
INFO:root:sl:0.538354614053 sr:1.16888893902 heading:319 velocity:[1.81, -1.1, -0.09] position:LocationGlobalRelative:lat=55.8685577,lon=-3.1481768,alt=4.08
INFO:root:Angle_optical:68.0909342007 Distance_optical:47.2966741998 Angle_gps:52.0234480142 Distance_gps:33.2073194551                  elapsed_time:0.0693089962006
INFO:root:sl:0.523138383765 sr:1.18604341515 heading:319 velocity:[1.81, -1.1, -0.09] position:LocationGlobalRelative:lat=55.8685577,lon=-3.1481768,alt=4.08
INFO:root:Angle_optical:67.8325069382 Distance_optical:48.7845563639 Angle_gps:52.0260504251 Distance_gps:33.9159979873                  elapsed_time:0.0729169845581
INFO:root:sl:0.537057532981 sr:1.20978953137 heading:319 velocity:[1.87, -1.04, -0.04] position:LocationGlobalRelative:lat=55.8685621,lon=-3.1481813,alt=4.1
INFO:root:Angle_optical:67.5663550329 Distance_optical:50.2784908748 Angle_gps:52.0722088657 Distance_gps:34.6311923784                  elapsed_time:0.0755269527435
INFO:root:sl:0.544286527652 sr:1.26904879063 heading:320 velocity:[1.87, -1.04, -0.04] position:LocationGlobalRelative:lat=55.8685621,lon=-3.1481813,alt=4.1
INFO:root:Angle_optical:67.2927891662 Distance_optical:51.7747729453 Angle_gps:52.0875510347 Distance_gps:35.3470043168                  elapsed_time:0.0704259872437
INFO:root:sl:0.485027268393 sr:1.20978953137 heading:320 velocity:[1.87, -1.04, -0.04] position:LocationGlobalRelative:lat=55.8685621,lon=-3.1481813,alt=4.1
INFO:root:Angle_optical:67.1090481727 Distance_optical:53.244503926 Angle_gps:52.098223889 Distance_gps:36.0630824646                  elapsed_time:0.0738871097565
INFO:root:sl:0.425768009133 sr:1.15053027211 heading:320 velocity:[1.87, -1.04, -0.04] position:LocationGlobalRelative:lat=55.8685621,lon=-3.1481813,alt=4.1
INFO:root:Angle_optical:67.0106050231 Distance_optical:54.6868493773 Angle_gps:52.1064740907 Distance_gps:36.7790349429                  elapsed_time:0.0702707767487
INFO:root:sl:0.366508749874 sr:1.09127101285 heading:320 velocity:[1.88, -1.01, -0.08] position:LocationGlobalRelative:lat=55.8685667,lon=-3.1481858,alt=4.12
INFO:root:Angle_optical:66.9921592232 Distance_optical:56.1019631316 Angle_gps:52.1293534879 Distance_gps:37.4929531607                  elapsed_time:0.0800628662109
INFO:root:sl:0.4231797089 sr:1.11840761392 heading:321 velocity:[1.88, -1.01, -0.08] position:LocationGlobalRelative:lat=55.8685667,lon=-3.1481858,alt=4.12
INFO:root:Angle_optical:66.8922820841 Distance_optical:57.5414869146 Angle_gps:52.1246072903 Distance_gps:38.2070813321                  elapsed_time:0.0853750705719
INFO:root:sl:0.363920449641 sr:1.05914835466 heading:321 velocity:[1.88, -1.01, -0.08] position:LocationGlobalRelative:lat=55.8685667,lon=-3.1481858,alt=4.12
INFO:root:Angle_optical:66.86508644 Distance_optical:58.9549106822 Angle_gps:52.1163457044 Distance_gps:38.9215778122                  elapsed_time:0.0739781856537
INFO:root:sl:0.304661190382 sr:0.999889095402 heading:321 velocity:[1.88, -1.01, -0.08] position:LocationGlobalRelative:lat=55.8685667,lon=-3.1481858,alt=4.12
INFO:root:Angle_optical:66.907826052 Distance_optical:60.3412278728 Angle_gps:52.1065080507 Distance_gps:39.6358593346                  elapsed_time:0.0703740119934
INFO:root:sl:0.26463094598 sr:0.940629836143 heading:321 velocity:[1.83, -0.98, -0.09] position:LocationGlobalRelative:lat=55.8685712,lon=-3.14819,alt=4.13
INFO:root:Angle_optical:66.9710114072 Distance_optical:61.6354094047 Angle_gps:52.0977644224 Distance_gps:40.3306967679                  elapsed_time:0.0754551887512
INFO:root:sl:0.250916651874 sr:0.881370576884 heading:320 velocity:[1.83, -0.98, -0.09] position:LocationGlobalRelative:lat=55.8685712,lon=-3.14819,alt=4.13
INFO:root:Angle_optical:67.0316181187 Distance_optical:62.8478715203 Angle_gps:52.1126756437 Distance_gps:41.0251179982                  elapsed_time:0.0723459720612
INFO:root:sl:0.210601990274 sr:0.822111317625 heading:320 velocity:[1.83, -0.98, -0.09] position:LocationGlobalRelative:lat=55.8685712,lon=-3.14819,alt=4.13
INFO:root:Angle_optical:67.1155789812 Distance_optical:63.9670630798 Angle_gps:52.1299850268 Distance_gps:41.7190298851                  elapsed_time:0.0736060142517
INFO:root:sl:0.269861249533 sr:0.881370576884 heading:320 velocity:[1.67, -0.9, -0.11] position:LocationGlobalRelative:lat=55.8685754,lon=-3.148194,alt=4.14
INFO:root:Angle_optical:67.1548382954 Distance_optical:65.1859292394 Angle_gps:52.1443429803 Distance_gps:42.3531748208                  elapsed_time:0.0721209049225
INFO:root:sl:0.307266404194 sr:0.940629836143 heading:318 velocity:[1.67, -0.9, -0.11] position:LocationGlobalRelative:lat=55.8685754,lon=-3.148194,alt=4.14
INFO:root:Angle_optical:67.1895888909 Distance_optical:66.4933287112 Angle_gps:52.1993546141 Distance_gps:42.9855853273                  elapsed_time:0.0717670917511
INFO:root:sl:0.299374756796 sr:0.881370576884 heading:318 velocity:[1.67, -0.9, -0.11] position:LocationGlobalRelative:lat=55.8685754,lon=-3.148194,alt=4.14
INFO:root:Angle_optical:67.215345476 Distance_optical:67.7217178874 Angle_gps:52.2581062253 Distance_gps:43.6171582492                  elapsed_time:0.0708501338959
INFO:root:sl:0.343253195236 sr:0.940629836143 heading:318 velocity:[1.4, -0.8, -0.15] position:LocationGlobalRelative:lat=55.8685792,lon=-3.1481974,alt=4.15
INFO:root:Angle_optical:67.22045435 Distance_optical:69.0432246144 Angle_gps:52.2916065018 Distance_gps:44.1547565867                  elapsed_time:0.0800201892853
INFO:root:sl:0.283993935977 sr:0.881370576884 heading:315 velocity:[1.4, -0.8, -0.15] position:LocationGlobalRelative:lat=55.8685792,lon=-3.1481974,alt=4.15
INFO:root:Angle_optical:67.2829079567 Distance_optical:70.2609767141 Angle_gps:52.3736998559 Distance_gps:44.6887381243                  elapsed_time:0.0914440155029
INFO:root:sl:0.343253195236 sr:0.940629836143 heading:315 velocity:[1.4, -0.8, -0.15] position:LocationGlobalRelative:lat=55.8685792,lon=-3.1481974,alt=4.15
INFO:root:Angle_optical:67.3170529276 Distance_optical:71.578806444 Angle_gps:52.4601771929 Distance_gps:45.221934739                  elapsed_time:0.072193145752
INFO:root:sl:0.336330173417 sr:0.994582760053 heading:315 velocity:[1.4, -0.8, -0.15] position:LocationGlobalRelative:lat=55.8685792,lon=-3.1481974,alt=4.15
INFO:root:Angle_optical:67.3824630442 Distance_optical:72.9576558348 Angle_gps:52.5476721946 Distance_gps:45.7549081548                  elapsed_time:0.0721609592438
INFO:root:sl:0.285809575257 sr:0.935323500794 heading:315 velocity:[1.02, -0.68, -0.26] position:LocationGlobalRelative:lat=55.8685819,lon=-3.1482001,alt=4.14
INFO:root:Angle_optical:67.4728205476 Distance_optical:74.2376854145 Angle_gps:52.5791250255 Distance_gps:46.1627611326                  elapsed_time:0.0771849155426
INFO:root:sl:0.29057259872 sr:0.960313303623 heading:311 velocity:[1.02, -0.68, -0.26] position:LocationGlobalRelative:lat=55.8685819,lon=-3.1482001,alt=4.14
INFO:root:Angle_optical:67.5904723447 Distance_optical:75.546150723 Angle_gps:52.6576524142 Distance_gps:46.5662984155                  elapsed_time:0.0685529708862
INFO:root:sl:0.296264321366 sr:0.901054044363 heading:311 velocity:[1.02, -0.68, -0.26] position:LocationGlobalRelative:lat=55.8685819,lon=-3.1482001,alt=4.14
INFO:root:Angle_optical:67.6869606906 Distance_optical:76.7855593397 Angle_gps:52.7409196326 Distance_gps:46.9694459986                  elapsed_time:0.0731151103973
INFO:root:sl:0.237005062107 sr:0.960313303623 heading:311 velocity:[0.54, -0.52, -0.27] position:LocationGlobalRelative:lat=55.8685837,lon=-3.1482023,alt=4.08
INFO:root:Angle_optical:67.8623500478 Distance_optical:78.0609911708 Angle_gps:52.7389414344 Distance_gps:47.2195619704                  elapsed_time:0.0706789493561
INFO:root:sl:0.180099691549 sr:0.901054044363 heading:306 velocity:[0.54, -0.52, -0.27] position:LocationGlobalRelative:lat=55.8685837,lon=-3.1482023,alt=4.08
INFO:root:Angle_optical:68.0941185683 Distance_optical:79.2235546361 Angle_gps:52.7756389891 Distance_gps:47.4680646624                  elapsed_time:0.0710310935974
INFO:root:sl:0.148469381232 sr:0.841794785104 heading:306 velocity:[0.54, -0.52, -0.27] position:LocationGlobalRelative:lat=55.8685837,lon=-3.1482023,alt=4.08
INFO:root:Angle_optical:68.3367909396 Distance_optical:80.2961892541 Angle_gps:52.8177042626 Distance_gps:47.7169122812                  elapsed_time:0.0699400901794
INFO:root:sl:0.0892101219729 sr:0.782535525845 heading:306 velocity:[0.27, -0.49, -0.18] position:LocationGlobalRelative:lat=55.8685845,lon=-3.1482041,alt=4.02
INFO:root:Angle_optical:68.6041382165 Distance_optical:81.2598476503 Angle_gps:52.8621745436 Distance_gps:47.9653168727                  elapsed_time:0.0751850605011
INFO:root:sl:0.0299508627136 sr:0.723276266586 heading:302 velocity:[0.27, -0.49, -0.18] position:LocationGlobalRelative:lat=55.8685845,lon=-3.1482041,alt=4.02
INFO:root:Angle_optical:68.8920108785 Distance_optical:82.1182114508 Angle_gps:52.8290593378 Distance_gps:48.151111048                  elapsed_time:0.089439868927
INFO:root:sl:0.00561110876644 sr:0.664017007326 heading:302 velocity:[0.27, -0.49, -0.18] position:LocationGlobalRelative:lat=55.8685845,lon=-3.1482041,alt=4.02
INFO:root:Angle_optical:69.1930351725 Distance_optical:82.8780626561 Angle_gps:52.8211817741 Distance_gps:48.3392830048                  elapsed_time:0.074912071228
INFO:root:sl:0.051380843566 sr:0.604757748067 heading:302 velocity:[0.27, -0.49, -0.18] position:LocationGlobalRelative:lat=55.8685845,lon=-3.1482041,alt=4.02
INFO:root:Angle_optical:69.4355170246 Distance_optical:83.6002623034 Angle_gps:52.8173522752 Distance_gps:48.5285766694                  elapsed_time:0.0713679790497
INFO:root:sl:0.0615404768474 sr:0.554491211032 heading:302 velocity:[0.29, -0.61, -0.05] position:LocationGlobalRelative:lat=55.8685851,lon=-3.148206,alt=3.99
INFO:root:Angle_optical:69.6469987573 Distance_optical:84.2699854675 Angle_gps:52.7993072309 Distance_gps:48.7565568955                  elapsed_time:0.0713558197021
INFO:root:sl:0.110959773852 sr:0.567972025133 heading:302 velocity:[0.29, -0.61, -0.05] position:LocationGlobalRelative:lat=55.8685851,lon=-3.148206,alt=3.99
INFO:root:Angle_optical:69.8244492959 Distance_optical:84.9902184425 Angle_gps:52.7823565266 Distance_gps:48.9849268072                  elapsed_time:0.0699861049652
INFO:root:sl:0.145908712169 sr:0.571242291294 heading:302 velocity:[0.29, -0.61, -0.05] position:LocationGlobalRelative:lat=55.8685851,lon=-3.148206,alt=3.99
INFO:root:Angle_optical:69.9741215164 Distance_optical:85.7381650213 Angle_gps:52.7661432394 Distance_gps:49.2132383436                  elapsed_time:0.0690150260925
INFO:root:sl:0.205167971428 sr:0.630501550554 heading:302 velocity:[0.29, -0.61, -0.05] position:LocationGlobalRelative:lat=55.8685851,lon=-3.148206,alt=3.99
INFO:root:Angle_optical:70.1026141936 Distance_optical:86.5948937681 Angle_gps:52.7502492156 Distance_gps:49.4416575094                  elapsed_time:0.0670440196991
INFO:root:sl:0.264427230688 sr:0.661848091005 heading:302 velocity:[0.41, -0.67, 0.02] position:LocationGlobalRelative:lat=55.8685861,lon=-3.1482081,alt=3.97
INFO:root:Angle_optical:70.1974857625 Distance_optical:87.5280278793 Angle_gps:52.7644034573 Distance_gps:49.7073276834                  elapsed_time:0.0684587955475
INFO:root:sl:0.323686489947 sr:0.692228350235 heading:306 velocity:[0.41, -0.67, 0.02] position:LocationGlobalRelative:lat=55.8685861,lon=-3.1482081,alt=3.97
INFO:root:Angle_optical:70.2319884849 Distance_optical:88.535671109 Angle_gps:52.7449524116 Distance_gps:49.9718122045                  elapsed_time:0.0693771839142
INFO:root:sl:0.382945749206 sr:0.728842837603 heading:306 velocity:[0.41, -0.67, 0.02] position:LocationGlobalRelative:lat=55.8685861,lon=-3.1482081,alt=3.97
INFO:root:Angle_optical:70.223483971 Distance_optical:89.6179089189 Angle_gps:52.7207624351 Distance_gps:50.2347012034                  elapsed_time:0.069041967392
INFO:root:sl:0.442205008465 sr:0.718413514384 heading:306 velocity:[0.56, -0.54, 0.02] position:LocationGlobalRelative:lat=55.8685873,lon=-3.14821,alt=3.92
INFO:root:Angle_optical:70.1598638032 Distance_optical:90.724415013 Angle_gps:52.769555685 Distance_gps:50.4923011234                  elapsed_time:0.0702838897705
INFO:root:sl:0.382945749206 sr:0.673722967318 heading:316 velocity:[0.56, -0.54, 0.02] position:LocationGlobalRelative:lat=55.8685873,lon=-3.14821,alt=3.92
INFO:root:Angle_optical:70.0794263869 Distance_optical:91.7306138535 Angle_gps:52.7455981885 Distance_gps:50.7513885965                  elapsed_time:0.0821261405945
INFO:root:sl:0.442205008465 sr:0.732982226578 heading:316 velocity:[0.56, -0.54, 0.02] position:LocationGlobalRelative:lat=55.8685873,lon=-3.14821,alt=3.92
INFO:root:Angle_optical:69.9510995257 Distance_optical:92.8282792322 Angle_gps:52.7120808985 Distance_gps:51.0087068686                  elapsed_time:0.0712070465088
INFO:root:sl:0.501464267725 sr:0.711532390152 heading:316 velocity:[0.56, -0.54, 0.02] position:LocationGlobalRelative:lat=55.8685873,lon=-3.14821,alt=3.92
INFO:root:Angle_optical:69.7629458308 Distance_optical:93.9253320404 Angle_gps:52.6740444045 Distance_gps:51.2658337033                  elapsed_time:0.0684587955475
INFO:root:sl:0.538155252618 sr:0.652273130893 heading:316 velocity:[0.75, -0.23, 0.07] position:LocationGlobalRelative:lat=55.8685891,lon=-3.1482111,alt=3.88
INFO:root:Angle_optical:69.5300883932 Distance_optical:94.9643933662 Angle_gps:52.7684745205 Distance_gps:51.5125652988                  elapsed_time:0.0694069862366
INFO:root:sl:0.59442853149 sr:0.593013871634 heading:333 velocity:[0.75, -0.23, 0.07] position:LocationGlobalRelative:lat=55.8685891,lon=-3.1482111,alt=3.88
INFO:root:Angle_optical:69.1455183273 Distance_optical:95.8730109159 Angle_gps:52.7295387869 Distance_gps:51.7727990154                  elapsed_time:0.0713310241699
INFO:root:sl:0.614642590967 sr:0.533754612374 heading:333 velocity:[0.75, -0.23, 0.07] position:LocationGlobalRelative:lat=55.8685891,lon=-3.1482111,alt=3.88
INFO:root:Angle_optical:68.6992648132 Distance_optical:96.681599648 Angle_gps:52.6692728569 Distance_gps:52.0351264338                  elapsed_time:0.0698869228363
INFO:root:sl:0.673901850227 sr:0.474495353115 heading:333 velocity:[0.91, 0.11, 0.12] position:LocationGlobalRelative:lat=55.8685913,lon=-3.1482108,alt=3.82
INFO:root:Angle_optical:68.1919931154 Distance_optical:97.4012670074 Angle_gps:52.7307318235 Distance_gps:52.3429611455                  elapsed_time:0.0692601203918
INFO:root:sl:0.614642590967 sr:0.415236093856 heading:352 velocity:[0.91, 0.11, 0.12] position:LocationGlobalRelative:lat=55.8685913,lon=-3.1482108,alt=3.82
INFO:root:Angle_optical:67.7277547672 Distance_optical:98.0340539559 Angle_gps:52.7875552508 Distance_gps:52.6528843892                  elapsed_time:0.0794069766998
INFO:root:sl:0.61709775202 sr:0.355976834597 heading:352 velocity:[0.91, 0.11, 0.12] position:LocationGlobalRelative:lat=55.8685913,lon=-3.1482108,alt=3.82
INFO:root:Angle_optical:67.2097989972 Distance_optical:98.4035052376 Angle_gps:52.6611660466 Distance_gps:52.94013263                  elapsed_time:0.0751430988312
INFO:root:sl:0.658725094323 sr:0.312348044703 heading:352 velocity:[0.91, 0.11, 0.12] position:LocationGlobalRelative:lat=55.8685913,lon=-3.1482108,alt=3.82
INFO:root:Angle_optical:66.6535284993 Distance_optical:98.6279485112 Angle_gps:52.5078516071 Distance_gps:53.2145180018                  elapsed_time:0.0736870765686
INFO:root:sl:0.599465835064 sr:0.298811628891 heading:352 velocity:[1.1, 0.39, 0.15] position:LocationGlobalRelative:lat=55.8685938,lon=-3.1482092,alt=3.78
INFO:root:Angle_optical:66.1437125223 Distance_optical:98.8210819104 Angle_gps:52.3847538612 Distance_gps:53.5891559845                  elapsed_time:0.070296049118
INFO:root:sl:0.540206575804 sr:0.280844403356 heading:13 velocity:[1.1, 0.39, 0.15] position:LocationGlobalRelative:lat=55.8685938,lon=-3.1482092,alt=3.78
INFO:root:Angle_optical:65.6753113909 Distance_optical:98.8770851348 Angle_gps:52.0777933174 Distance_gps:53.8506100556                  elapsed_time:0.070296049118
INFO:root:sl:0.599465835064 sr:0.221585144097 heading:13 velocity:[1.1, 0.39, 0.15] position:LocationGlobalRelative:lat=55.8685938,lon=-3.1482092,alt=3.78
INFO:root:Angle_optical:65.1810897996 Distance_optical:98.7660254771 Angle_gps:51.7481037048 Distance_gps:54.0907457881                  elapsed_time:0.0685229301453
INFO:root:sl:0.598720735727 sr:0.162325884837 heading:13 velocity:[1.1, 0.39, 0.15] position:LocationGlobalRelative:lat=55.8685938,lon=-3.1482092,alt=3.78
INFO:root:Angle_optical:64.709905657 Distance_optical:98.5595215911 Angle_gps:51.4101345089 Distance_gps:54.320531575                  elapsed_time:0.0705440044403
INFO:root:sl:0.587953212207 sr:0.116091159161 heading:13 velocity:[1.43, 0.65, 0.24] position:LocationGlobalRelative:lat=55.8685972,lon=-3.1482065,alt=3.73
INFO:root:Angle_optical:64.2626456147 Distance_optical:98.2983299793 Angle_gps:50.9817696794 Distance_gps:54.6618883434                  elapsed_time:0.0690469741821
INFO:root:sl:0.587294771943 sr:0.110979253054 heading:34 velocity:[1.43, 0.65, 0.24] position:LocationGlobalRelative:lat=55.8685972,lon=-3.1482065,alt=3.73
INFO:root:Angle_optical:63.8698469876 Distance_optical:97.8531707186 Angle_gps:50.4280902 Distance_gps:54.7059108946                  elapsed_time:0.0680890083313
INFO:root:sl:0.528035512684 sr:0.0866174290867 heading:34 velocity:[1.43, 0.65, 0.24] position:LocationGlobalRelative:lat=55.8685972,lon=-3.1482065,alt=3.73
INFO:root:Angle_optical:63.5474923668 Distance_optical:97.3748742153 Angle_gps:49.8678655548 Distance_gps:54.6944271007                  elapsed_time:0.0685868263245
INFO:root:sl:0.468776253424 sr:0.121711387624 heading:34 velocity:[1.69, 0.87, 0.31] position:LocationGlobalRelative:lat=55.868601,lon=-3.1482032,alt=3.71
INFO:root:Angle_optical:63.2438040545 Distance_optical:96.9711165308 Angle_gps:49.1943107602 Distance_gps:54.6908485884                  elapsed_time:0.0769112110138
INFO:root:sl:0.409516994165 sr:0.122134305273 heading:49 velocity:[1.69, 0.87, 0.31] position:LocationGlobalRelative:lat=55.868601,lon=-3.1482032,alt=3.71
INFO:root:Angle_optical:62.9955358549 Distance_optical:96.5809190322 Angle_gps:48.5718706717 Distance_gps:54.4537038522                  elapsed_time:0.0758090019226
INFO:root:sl:0.350257734906 sr:0.0628750460138 heading:49 velocity:[1.69, 0.87, 0.31] position:LocationGlobalRelative:lat=55.868601,lon=-3.1482032,alt=3.71
INFO:root:Angle_optical:62.823842937 Distance_optical:96.205368167 Angle_gps:47.9639698356 Distance_gps:54.190157033                  elapsed_time:0.071398973465
INFO:root:sl:0.290998475646 sr:0.122134305273 heading:49 velocity:[1.69, 0.87, 0.31] position:LocationGlobalRelative:lat=55.868601,lon=-3.1482032,alt=3.71
INFO:root:Angle_optical:62.6358367828 Distance_optical:95.9263902438 Angle_gps:47.3557740838 Distance_gps:53.9149237068                  elapsed_time:0.0711069107056
INFO:root:sl:0.231739216387 sr:0.165961638378 heading:49 velocity:[1.75, 0.96, 0.32] position:LocationGlobalRelative:lat=55.8686057,lon=-3.1481989,alt=3.71
INFO:root:Angle_optical:62.438923024 Distance_optical:95.740711815 Angle_gps:46.7082914696 Distance_gps:53.6403118481                  elapsed_time:0.06977891922
INFO:root:sl:0.172479957128 sr:0.1594500048 heading:49 velocity:[1.75, 0.96, 0.32] position:LocationGlobalRelative:lat=55.8686057,lon=-3.1481989,alt=3.71
INFO:root:Angle_optical:62.2666374377 Distance_optical:95.6216159744 Angle_gps:46.05507002 Distance_gps:53.368070817                  elapsed_time:0.0668330192566
INFO:root:sl:0.114573440295 sr:0.155321995313 heading:58 velocity:[1.75, 0.96, 0.32] position:LocationGlobalRelative:lat=55.8686057,lon=-3.1481989,alt=3.71
INFO:root:Angle_optical:62.1195808039 Distance_optical:95.5506781425 Angle_gps:45.4797946623 Distance_gps:52.9639862336                  elapsed_time:0.0699391365051
INFO:root:sl:0.124920200158 sr:0.151693404915 heading:58 velocity:[1.62, 0.98, 0.3] position:LocationGlobalRelative:lat=55.8686104,lon=-3.1481944,alt=3.71
INFO:root:Angle_optical:61.9724925417 Distance_optical:95.4560686046 Angle_gps:44.9178851839 Distance_gps:52.5851208265                  elapsed_time:0.0715310573578
INFO:root:sl:0.065660940899 sr:0.0924341456557 heading:60 velocity:[1.62, 0.98, 0.3] position:LocationGlobalRelative:lat=55.8686104,lon=-3.1481944,alt=3.71
INFO:root:Angle_optical:61.8865708155 Distance_optical:95.4059738828 Angle_gps:44.380286022 Distance_gps:52.1714150029                  elapsed_time:0.0715100765228
INFO:root:sl:0.0770958696629 sr:0.0331748863965 heading:60 velocity:[1.62, 0.98, 0.3] position:LocationGlobalRelative:lat=55.8686104,lon=-3.1481944,alt=3.71
INFO:root:Angle_optical:61.8439141279 Distance_optical:95.3167925226 Angle_gps:43.8386857211 Distance_gps:51.7516794354                  elapsed_time:0.0750379562378
INFO:root:sl:0.136355128922 sr:0.0924341456557 heading:60 velocity:[1.62, 0.98, 0.3] position:LocationGlobalRelative:lat=55.8686104,lon=-3.1481944,alt=3.71
INFO:root:Angle_optical:61.7429747626 Distance_optical:95.1701335273 Angle_gps:43.2928539504 Distance_gps:51.3323912475                  elapsed_time:0.0696439743042
INFO:root:sl:0.195614388181 sr:0.151693404915 heading:60 velocity:[1.39, 0.99, 0.32] position:LocationGlobalRelative:lat=55.8686145,lon=-3.1481898,alt=3.67
INFO:root:Angle_optical:61.5829204755 Distance_optical:94.9659750835 Angle_gps:42.7639174829 Distance_gps:50.9910615879                  elapsed_time:0.0697779655457
INFO:root:sl:0.254873647441 sr:0.210952664174 heading:60 velocity:[1.39, 0.99, 0.32] position:LocationGlobalRelative:lat=55.8686145,lon=-3.1481898,alt=3.67
INFO:root:Angle_optical:61.3633559429 Distance_optical:94.7052481794 Angle_gps:42.2288857632 Distance_gps:50.6533251655                  elapsed_time:0.0821239948273
INFO:root:sl:0.3141329067 sr:0.270211923434 heading:58 velocity:[1.39, 0.99, 0.32] position:LocationGlobalRelative:lat=55.8686145,lon=-3.1481898,alt=3.67
INFO:root:Angle_optical:61.0794176879 Distance_optical:94.4006629957 Angle_gps:41.6672554681 Distance_gps:50.3488670946                  elapsed_time:0.0681290626526
INFO:root:sl:0.304432386682 sr:0.235413008702 heading:58 velocity:[1.17, 0.95, 0.38] position:LocationGlobalRelative:lat=55.8686178,lon=-3.1481849,alt=3.66
INFO:root:Angle_optical:60.8221620655 Distance_optical:94.1017152796 Angle_gps:41.1469509863 Distance_gps:50.1170843285                  elapsed_time:0.0764529705048
INFO:root:sl:0.306228833441 sr:0.294672267961 heading:58 velocity:[1.17, 0.95, 0.38] position:LocationGlobalRelative:lat=55.8686178,lon=-3.1481849,alt=3.66
INFO:root:Angle_optical:60.5160622499 Distance_optical:93.8291230348 Angle_gps:40.6204626904 Distance_gps:49.8916209121                  elapsed_time:0.068247795105
INFO:root:sl:0.246969574182 sr:0.238121810327 heading:53 velocity:[1.17, 0.95, 0.38] position:LocationGlobalRelative:lat=55.8686178,lon=-3.1481849,alt=3.66
INFO:root:Angle_optical:60.2625438211 Distance_optical:93.6329496775 Angle_gps:40.0629233489 Distance_gps:49.7366741864                  elapsed_time:0.0725800991058
INFO:root:sl:0.306228833441 sr:0.297381069586 heading:53 velocity:[1.17, 0.95, 0.38] position:LocationGlobalRelative:lat=55.8686178,lon=-3.1481849,alt=3.66
INFO:root:Angle_optical:59.9437120653 Distance_optical:93.4055789417 Angle_gps:39.501438881 Distance_gps:49.597727782                  elapsed_time:0.0686991214752
INFO:root:sl:0.365488092701 sr:0.356640328845 heading:53 velocity:[1.1, 0.89, 0.39] position:LocationGlobalRelative:lat=55.8686206,lon=-3.1481799,alt=3.67
INFO:root:Angle_optical:59.5577487342 Distance_optical:93.145747609 Angle_gps:38.9697254953 Distance_gps:49.4759869814                  elapsed_time:0.0676939487457
INFO:root:sl:0.406090157883 sr:0.415899588104 heading:53 velocity:[1.1, 0.89, 0.39] position:LocationGlobalRelative:lat=55.8686206,lon=-3.1481799,alt=3.67
INFO:root:Angle_optical:59.1116874695 Distance_optical:92.8764474366 Angle_gps:38.4356084025 Distance_gps:49.3608843311                  elapsed_time:0.0670251846313
INFO:root:sl:0.426830158107 sr:0.475158847364 heading:48 velocity:[1.1, 0.89, 0.39] position:LocationGlobalRelative:lat=55.8686206,lon=-3.1481799,alt=3.67
INFO:root:Angle_optical:58.6070577014 Distance_optical:92.6516797799 Angle_gps:37.8883439546 Distance_gps:49.3087929268                  elapsed_time:0.066143989563
INFO:root:sl:0.425724173518 sr:0.534418106623 heading:48 velocity:[1.1, 0.89, 0.39] position:LocationGlobalRelative:lat=55.8686206,lon=-3.1481799,alt=3.67
INFO:root:Angle_optical:58.0577378173 Distance_optical:92.4875997983 Angle_gps:37.3410562216 Distance_gps:49.2695792153                  elapsed_time:0.0688428878784
INFO:root:sl:0.417188181958 sr:0.593677365882 heading:48 velocity:[1.1, 0.89, 0.39] position:LocationGlobalRelative:lat=55.8686206,lon=-3.1481799,alt=3.67
INFO:root:Angle_optical:57.4667440528 Distance_optical:92.3881763119 Angle_gps:36.7920354225 Distance_gps:49.2390118533                  elapsed_time:0.0732481479645
INFO:root:sl:0.456632403214 sr:0.652936625141 heading:48 velocity:[1.16, 0.77, 0.41] position:LocationGlobalRelative:lat=55.8686234,lon=-3.1481752,alt=3.68
INFO:root:Angle_optical:56.8167066226 Distance_optical:92.296724283 Angle_gps:36.2563242915 Distance_gps:49.1716458294                  elapsed_time:0.074385881424
INFO:root:sl:0.397373143954 sr:0.665506855999 heading:41 velocity:[1.16, 0.77, 0.41] position:LocationGlobalRelative:lat=55.8686234,lon=-3.1481752,alt=3.68
INFO:root:Angle_optical:56.183024048 Distance_optical:92.3373655375 Angle_gps:35.7151263145 Distance_gps:49.1856711638                  elapsed_time:0.076945066452
INFO:root:sl:0.370505036309 sr:0.60624759674 heading:41 velocity:[1.28, 0.65, 0.39] position:LocationGlobalRelative:lat=55.8686261,lon=-3.1481713,alt=3.7
INFO:root:Angle_optical:55.6028187157 Distance_optical:92.3943630423 Angle_gps:35.1574071445 Distance_gps:49.1593604888                  elapsed_time:0.0715711116791
INFO:root:sl:0.362063926338 sr:0.665506855999 heading:34 velocity:[1.28, 0.65, 0.39] position:LocationGlobalRelative:lat=55.8686261,lon=-3.1481713,alt=3.7
INFO:root:Angle_optical:54.9940790965 Distance_optical:92.5810652321 Angle_gps:34.6040527058 Distance_gps:49.2282817475                  elapsed_time:0.0767798423767
INFO:root:sl:0.381041297144 sr:0.693893984309 heading:34 velocity:[1.28, 0.65, 0.39] position:LocationGlobalRelative:lat=55.8686261,lon=-3.1481713,alt=3.7
INFO:root:Angle_optical:54.360141772 Distance_optical:92.815382618 Angle_gps:34.0516344377 Distance_gps:49.3168588382                  elapsed_time:0.0695650577545
INFO:root:sl:0.387894192872 sr:0.724917925583 heading:34 velocity:[1.28, 0.65, 0.39] position:LocationGlobalRelative:lat=55.8686261,lon=-3.1481713,alt=3.7
INFO:root:Angle_optical:53.7100379749 Distance_optical:93.0980592814 Angle_gps:33.5032973161 Distance_gps:49.4173884414                  elapsed_time:0.0678911209106
INFO:root:sl:0.447153452131 sr:0.784177184843 heading:34 velocity:[1.35, 0.53, 0.33] position:LocationGlobalRelative:lat=55.868629,lon=-3.1481678,alt=3.7
INFO:root:Angle_optical:52.9950745389 Distance_optical:93.3986121529 Angle_gps:32.9414954112 Distance_gps:49.480852873                  elapsed_time:0.0702469348907
INFO:root:sl:0.469410236431 sr:0.724917925583 heading:30 velocity:[1.35, 0.53, 0.33] position:LocationGlobalRelative:lat=55.868629,lon=-3.1481678,alt=3.7
INFO:root:Angle_optical:52.3107301348 Distance_optical:93.6911212754 Angle_gps:32.3928886402 Distance_gps:49.6062008638                  elapsed_time:0.0697929859161
INFO:root:sl:0.410150977172 sr:0.665658666324 heading:30 velocity:[1.35, 0.53, 0.33] position:LocationGlobalRelative:lat=55.868629,lon=-3.1481678,alt=3.7
INFO:root:Angle_optical:51.6992140018 Distance_optical:94.0109105549 Angle_gps:31.8468535163 Distance_gps:49.7462571846                  elapsed_time:0.0692939758301
