INFO:root:Resolotion:320,240
INFO:root:sl:-0.0592592592593 sr:0.0163186302783 heading:328 velocity:[0.02, -0.14, 0.3] position:LocationGlobalRelative:lat=55.8685203,lon=-3.1481526,alt=3.91
INFO:root:Angle_optical:80.8094785201 Distance_optical:0.00759596472943 Angle_gps:-9.19052149212 Distance_gps:0.0163977256815                  elapsed_time:0.104629993439
INFO:root:sl:-0.0354070178778 sr:-0.042940628981 heading:328 velocity:[0.02, -0.14, 0.3] position:LocationGlobalRelative:lat=55.8685203,lon=-3.1481526,alt=3.91
INFO:root:Angle_optical:80.8094785201 Distance_optical:0.00759596472943 Angle_gps:-10.5175699526 Distance_gps:0.0293924597475                  elapsed_time:0.078339099884
INFO:root:sl:-0.0916111264584 sr:-0.00593642206156 heading:328 velocity:[0.19, -0.11, 0.12] position:LocationGlobalRelative:lat=55.8685206,lon=-3.1481539,alt=4.01
INFO:root:Angle_optical:80.8094785201 Distance_optical:0.00759596472943 Angle_gps:20.5090605533 Distance_gps:0.0712949288069                  elapsed_time:0.0711500644684
INFO:root:sl:-0.0860807135897 sr:-0.0385671957494 heading:328 velocity:[0.19, -0.11, 0.12] position:LocationGlobalRelative:lat=55.8685206,lon=-3.1481539,alt=4.01
INFO:root:Angle_optical:80.8094785201 Distance_optical:0.00759596472943 Angle_gps:26.3247543905 Distance_gps:0.114013812332                  elapsed_time:0.0709810256958
INFO:root:sl:-0.0460194725822 sr:-0.0621815033643 heading:331 velocity:[0.19, -0.11, 0.12] position:LocationGlobalRelative:lat=55.8685206,lon=-3.1481539,alt=4.01
INFO:root:Angle_optical:80.8094785201 Distance_optical:0.00759596472943 Angle_gps:29.1164486445 Distance_gps:0.180343938165                  elapsed_time:0.0689539909363
INFO:root:sl:-0.034624399613 sr:-0.111778970258 heading:331 velocity:[0.41, -0.13, -0.09] position:LocationGlobalRelative:lat=55.8685214,lon=-3.1481553,alt=4.07
INFO:root:Angle_optical:80.8094785201 Distance_optical:0.00759596472943 Angle_gps:34.8159297173 Distance_gps:0.304228016007                  elapsed_time:0.0740871429443
INFO:root:sl:-0.0743256445656 sr:-0.0525197109992 heading:331 velocity:[0.41, -0.13, -0.09] position:LocationGlobalRelative:lat=55.8685214,lon=-3.1481553,alt=4.07
INFO:root:Angle_optical:80.8094785201 Distance_optical:0.00759596472943 Angle_gps:37.903005142 Distance_gps:0.449075130819                  elapsed_time:0.0880198478699
INFO:root:sl:-0.0508719459862 sr:-0.0286241983197 heading:336 velocity:[0.41, -0.13, -0.09] position:LocationGlobalRelative:lat=55.8685214,lon=-3.1481553,alt=4.07
INFO:root:Angle_optical:80.8094785201 Distance_optical:0.00759596472943 Angle_gps:37.0134306387 Distance_gps:0.591975255587                  elapsed_time:0.0716669559479
INFO:root:sl:-0.0269805487119 sr:-0.00367017537407 heading:336 velocity:[0.41, -0.13, -0.09] position:LocationGlobalRelative:lat=55.8685214,lon=-3.1481553,alt=4.07
INFO:root:Angle_optical:80.8094785201 Distance_optical:0.00759596472943 Angle_gps:36.064424526 Distance_gps:0.741116406311                  elapsed_time:0.0733008384705
INFO:root:sl:-0.0116656655625 sr:0.0285044174728 heading:336 velocity:[0.64, -0.28, -0.17] position:LocationGlobalRelative:lat=55.8685228,lon=-3.1481574,alt=4.07
INFO:root:Angle_optical:71.62946352 Distance_optical:0.0467420182892 Angle_gps:33.4159354792 Distance_gps:0.978427230263                  elapsed_time:0.0701169967651
INFO:root:sl:0.0475935936968 sr:-0.0307548417865 heading:336 velocity:[0.64, -0.28, -0.17] position:LocationGlobalRelative:lat=55.8685228,lon=-3.1481574,alt=4.07
INFO:root:Angle_optical:15.4512183807 Distance_optical:0.0797389844548 Angle_gps:31.7355042886 Distance_gps:1.21954466804                  elapsed_time:0.0723679065704
INFO:root:sl:0.0438844165204 sr:-0.0900141010457 heading:340 velocity:[0.64, -0.28, -0.17] position:LocationGlobalRelative:lat=55.8685228,lon=-3.1481574,alt=4.07
INFO:root:Angle_optical:-1.26548959538 Distance_optical:0.132715831902 Angle_gps:29.4654398433 Distance_gps:1.4558217048                  elapsed_time:0.0697119235992
INFO:root:sl:0.0482404007985 sr:-0.095066449122 heading:340 velocity:[0.94, -0.33, -0.19] position:LocationGlobalRelative:lat=55.8685245,lon=-3.1481599,alt=4.07
INFO:root:Angle_optical:-9.08764488436 Distance_optical:0.19606939735 Angle_gps:27.8311280058 Distance_gps:1.7989876385                  elapsed_time:0.0734760761261
INFO:root:sl:0.0683565298061 sr:-0.0358071898627 heading:340 velocity:[0.94, -0.33, -0.19] position:LocationGlobalRelative:lat=55.8685245,lon=-3.1481599,alt=4.07
INFO:root:Angle_optical:-14.3168251301 Distance_optical:0.288409091428 Angle_gps:26.6483092093 Distance_gps:2.14220715108                  elapsed_time:0.089164018631
INFO:root:sl:0.0934722243767 sr:0.0099420784204 heading:343 velocity:[0.94, -0.33, -0.19] position:LocationGlobalRelative:lat=55.8685245,lon=-3.1481599,alt=4.07
INFO:root:Angle_optical:-16.5458989955 Distance_optical:0.417789872659 Angle_gps:25.0533486529 Distance_gps:2.48084623126                  elapsed_time:0.0690178871155
INFO:root:sl:0.0834532338022 sr:0.0599841163319 heading:343 velocity:[0.94, -0.33, -0.19] position:LocationGlobalRelative:lat=55.8685245,lon=-3.1481599,alt=4.07
INFO:root:Angle_optical:-10.5858486451 Distance_optical:0.550495623974 Angle_gps:23.736159052 Distance_gps:2.81896937379                  elapsed_time:0.0680201053619
INFO:root:sl:0.142712493062 sr:0.0469598558669 heading:343 velocity:[1.25, -0.46, -0.21] position:LocationGlobalRelative:lat=55.868527,lon=-3.148163,alt=4.07
INFO:root:Angle_optical:-10.6145079562 Distance_optical:0.75775409238 Angle_gps:22.2222727992 Distance_gps:3.27126324845                  elapsed_time:0.0706779956818
INFO:root:sl:0.201971752321 sr:0.0597390293056 heading:343 velocity:[1.25, -0.46, -0.21] position:LocationGlobalRelative:lat=55.868527,lon=-3.148163,alt=4.07
INFO:root:Angle_optical:-11.1596253662 Distance_optical:1.04794432054 Angle_gps:21.0586742193 Distance_gps:3.72472700597                  elapsed_time:0.0696790218353
INFO:root:sl:0.26123101158 sr:0.118998288565 heading:342 velocity:[1.25, -0.46, -0.21] position:LocationGlobalRelative:lat=55.868527,lon=-3.148163,alt=4.07
INFO:root:Angle_optical:-9.17575570265 Distance_optical:1.44190086507 Angle_gps:20.3265084126 Distance_gps:4.18159021106                  elapsed_time:0.0753438472748
INFO:root:sl:0.320490270839 sr:0.178257547824 heading:342 velocity:[1.25, -0.46, -0.21] position:LocationGlobalRelative:lat=55.868527,lon=-3.148163,alt=4.07
INFO:root:Angle_optical:-6.55326994021 Distance_optical:1.94276689431 Angle_gps:19.7637042516 Distance_gps:4.6396098007                  elapsed_time:0.0741920471191
INFO:root:sl:0.373805324566 sr:0.208443377389 heading:342 velocity:[1.37, -0.48, -0.07] position:LocationGlobalRelative:lat=55.8685304,lon=-3.1481672,alt=4.12
INFO:root:Angle_optical:-4.76805522202 Distance_optical:2.53009977336 Angle_gps:19.3628950209 Distance_gps:5.13988349878                  elapsed_time:0.0700960159302
INFO:root:sl:0.364771760003 sr:0.206335274937 heading:342 velocity:[1.37, -0.48, -0.07] position:LocationGlobalRelative:lat=55.8685304,lon=-3.1481672,alt=4.12
INFO:root:Angle_optical:-3.60171439448 Distance_optical:3.1064545317 Angle_gps:19.0370462312 Distance_gps:5.64047325814                  elapsed_time:0.0670750141144
INFO:root:sl:0.359830283017 sr:0.210175450167 heading:341 velocity:[1.37, -0.48, -0.07] position:LocationGlobalRelative:lat=55.8685304,lon=-3.1481672,alt=4.12
INFO:root:Angle_optical:-2.56251655005 Distance_optical:3.67975113297 Angle_gps:18.9070674667 Distance_gps:6.14240277891                  elapsed_time:0.0686569213867
INFO:root:sl:0.363940142286 sr:0.221278653738 heading:341 velocity:[1.3, -0.37, -0.12] position:LocationGlobalRelative:lat=55.8685336,lon=-3.1481706,alt=4.19
INFO:root:Angle_optical:-1.60881493295 Distance_optical:4.26596913759 Angle_gps:19.0667111473 Distance_gps:6.61004987179                  elapsed_time:0.0740180015564
INFO:root:sl:0.320985982379 sr:0.216338929083 heading:341 velocity:[1.3, -0.37, -0.12] position:LocationGlobalRelative:lat=55.8685336,lon=-3.1481706,alt=4.19
INFO:root:Angle_optical:-0.632524811225 Distance_optical:4.79651304642 Angle_gps:19.213805741 Distance_gps:7.07770207459                  elapsed_time:0.086718082428
INFO:root:sl:0.262201379038 sr:0.227194698442 heading:343 velocity:[1.3, -0.37, -0.12] position:LocationGlobalRelative:lat=55.8685336,lon=-3.1481706,alt=4.19
INFO:root:Angle_optical:0.569940654421 Distance_optical:5.26417062173 Angle_gps:19.13206175 Distance_gps:7.54448014044                  elapsed_time:0.0707590579987
INFO:root:sl:0.202942119778 sr:0.167935439183 heading:343 velocity:[1.3, -0.37, -0.12] position:LocationGlobalRelative:lat=55.8685336,lon=-3.1481706,alt=4.19
INFO:root:Angle_optical:1.23035123627 Distance_optical:5.62195507932 Angle_gps:19.0283745427 Distance_gps:8.01019901112                  elapsed_time:0.0675950050354
INFO:root:sl:0.143682860519 sr:0.195765947959 heading:343 velocity:[1.26, -0.28, -0.31] position:LocationGlobalRelative:lat=55.8685363,lon=-3.1481732,alt=4.25
INFO:root:Angle_optical:2.51918799163 Distance_optical:5.93059392799 Angle_gps:19.1033064377 Distance_gps:8.45499471003                  elapsed_time:0.069815158844
INFO:root:sl:0.0875397322974 sr:0.175881486419 heading:343 velocity:[1.26, -0.28, -0.31] position:LocationGlobalRelative:lat=55.8685363,lon=-3.1481732,alt=4.25
INFO:root:Angle_optical:3.85013491202 Distance_optical:6.16211674051 Angle_gps:19.1660424108 Distance_gps:8.89959767917                  elapsed_time:0.067743062973
INFO:root:sl:0.0585344519502 sr:0.138495316631 heading:345 velocity:[1.26, -0.28, -0.31] position:LocationGlobalRelative:lat=55.8685363,lon=-3.1481732,alt=4.25
INFO:root:Angle_optical:4.85879267856 Distance_optical:6.33706453082 Angle_gps:19.0585408658 Distance_gps:9.342735378                  elapsed_time:0.0688700675964
INFO:root:sl:0.0368794053202 sr:0.183371857802 heading:345 velocity:[1.33, -0.43, -0.48] position:LocationGlobalRelative:lat=55.8685393,lon=-3.1481762,alt=4.25
INFO:root:Angle_optical:6.38309817312 Distance_optical:6.52802379705 Angle_gps:18.6638934598 Distance_gps:9.81713968709                  elapsed_time:0.0738689899445
INFO:root:sl:0.0469685762321 sr:0.173968879141 heading:345 velocity:[1.33, -0.43, -0.48] position:LocationGlobalRelative:lat=55.8685393,lon=-3.1481762,alt=4.25
INFO:root:Angle_optical:7.65183116621 Distance_optical:6.72675686279 Angle_gps:18.2923003436 Distance_gps:10.2916730645                  elapsed_time:0.0913579463959
INFO:root:sl:0.0914429850786 sr:0.114709619882 heading:345 velocity:[1.33, -0.43, -0.48] position:LocationGlobalRelative:lat=55.8685393,lon=-3.1481762,alt=4.25
INFO:root:Angle_optical:8.00485757404 Distance_optical:6.92328067522 Angle_gps:17.9490789886 Distance_gps:10.7661685027                  elapsed_time:0.0747702121735
INFO:root:sl:0.0875049050417 sr:0.173525067718 heading:345 velocity:[1.33, -0.43, -0.48] position:LocationGlobalRelative:lat=55.8685393,lon=-3.1481762,alt=4.25
INFO:root:Angle_optical:8.858424922 Distance_optical:7.16800085821 Angle_gps:17.6323234007 Distance_gps:11.2410030295                  elapsed_time:0.0694348812103
INFO:root:sl:0.111310763173 sr:0.152458013219 heading:345 velocity:[1.41, -0.59, -0.38] position:LocationGlobalRelative:lat=55.8685422,lon=-3.1481795,alt=4.23
INFO:root:Angle_optical:9.3211108117 Distance_optical:7.41979258016 Angle_gps:17.1040427853 Distance_gps:11.7535183398                  elapsed_time:0.0747139453888
INFO:root:sl:0.170570022433 sr:0.211717272478 heading:343 velocity:[1.41, -0.59, -0.38] position:LocationGlobalRelative:lat=55.8685422,lon=-3.1481795,alt=4.23
INFO:root:Angle_optical:9.8749574451 Distance_optical:7.78595813105 Angle_gps:16.7627614493 Distance_gps:12.2734124075                  elapsed_time:0.0764288902283
INFO:root:sl:0.229829281692 sr:0.2229775546 heading:343 velocity:[1.41, -0.59, -0.38] position:LocationGlobalRelative:lat=55.8685422,lon=-3.1481795,alt=4.23
INFO:root:Angle_optical:10.1224793901 Distance_optical:8.2256155193 Angle_gps:16.4712932038 Distance_gps:12.7956963654                  elapsed_time:0.0743029117584
INFO:root:sl:0.289088540951 sr:0.21443094327 heading:343 velocity:[1.43, -0.67, -0.23] position:LocationGlobalRelative:lat=55.8685454,lon=-3.1481837,alt=4.22
INFO:root:Angle_optical:9.95635237856 Distance_optical:8.72070932001 Angle_gps:16.1081082356 Distance_gps:13.332959927                  elapsed_time:0.071524143219
INFO:root:sl:0.343498633479 sr:0.222001034615 heading:343 velocity:[1.43, -0.67, -0.23] position:LocationGlobalRelative:lat=55.8685454,lon=-3.1481837,alt=4.22
INFO:root:Angle_optical:9.57139711638 Distance_optical:9.28104043624 Angle_gps:15.7766666427 Distance_gps:13.8711471815                  elapsed_time:0.0704929828644
INFO:root:sl:0.385001488338 sr:0.239067746872 heading:343 velocity:[1.43, -0.67, -0.23] position:LocationGlobalRelative:lat=55.8685454,lon=-3.1481837,alt=4.22
INFO:root:Angle_optical:9.13407026313 Distance_optical:9.90114142816 Angle_gps:15.4719654501 Distance_gps:14.4097606128                  elapsed_time:0.0708110332489
INFO:root:sl:0.325742229079 sr:0.190318762673 heading:344 velocity:[1.42, -0.7, -0.39] position:LocationGlobalRelative:lat=55.8685487,lon=-3.1481877,alt=4.21
INFO:root:Angle_optical:8.69936108246 Distance_optical:10.4145277948 Angle_gps:15.0868592903 Distance_gps:14.9452627876                  elapsed_time:0.0749228000641
INFO:root:sl:0.266482969819 sr:0.213412761842 heading:344 velocity:[1.42, -0.7, -0.39] position:LocationGlobalRelative:lat=55.8685487,lon=-3.1481877,alt=4.21
INFO:root:Angle_optical:8.6909072909 Distance_optical:10.8837073131 Angle_gps:14.7195412941 Distance_gps:15.4802382469                  elapsed_time:0.0924890041351
INFO:root:sl:0.20722371056 sr:0.154153502583 heading:344 velocity:[1.42, -0.7, -0.39] position:LocationGlobalRelative:lat=55.8685487,lon=-3.1481877,alt=4.21
INFO:root:Angle_optical:8.61619237397 Distance_optical:11.2383572396 Angle_gps:14.3722742902 Distance_gps:16.0155934742                  elapsed_time:0.0773408412933
INFO:root:sl:0.188709004671 sr:0.0957062531633 heading:346 velocity:[1.42, -0.7, -0.39] position:LocationGlobalRelative:lat=55.8685487,lon=-3.1481877,alt=4.21
INFO:root:Angle_optical:8.28041491493 Distance_optical:11.52045917 Angle_gps:13.9385034235 Distance_gps:16.5434868849                  elapsed_time:0.0706369876862
INFO:root:sl:0.194464987249 sr:0.11261417345 heading:346 velocity:[1.55, -0.81, -0.41] position:LocationGlobalRelative:lat=55.8685522,lon=-3.1481918,alt=4.16
INFO:root:Angle_optical:8.00861921967 Distance_optical:11.8224940851 Angle_gps:13.4263294476 Distance_gps:17.1214944444                  elapsed_time:0.0727360248566
INFO:root:sl:0.185623638747 sr:0.0867717148802 heading:346 velocity:[1.55, -0.81, -0.41] position:LocationGlobalRelative:lat=55.8685522,lon=-3.1481918,alt=4.16
INFO:root:Angle_optical:7.65267294564 Distance_optical:12.092441567 Angle_gps:12.9381492884 Distance_gps:17.7000179146                  elapsed_time:0.0722169876099
INFO:root:sl:0.212846787967 sr:0.0911294589024 heading:345 velocity:[1.55, -0.81, -0.41] position:LocationGlobalRelative:lat=55.8685522,lon=-3.1481918,alt=4.16
INFO:root:Angle_optical:7.23681568968 Distance_optical:12.3962883927 Angle_gps:12.5307642354 Distance_gps:18.2837787135                  elapsed_time:0.0722901821136
INFO:root:sl:0.261072250509 sr:0.130005534588 heading:345 velocity:[1.73, -0.89, -0.33] position:LocationGlobalRelative:lat=55.8685556,lon=-3.1481958,alt=4.11
INFO:root:Angle_optical:6.84679009278 Distance_optical:12.7863408741 Angle_gps:12.1265292738 Distance_gps:18.9364574089                  elapsed_time:0.0719292163849
INFO:root:sl:0.250625687067 sr:0.108601668772 heading:345 velocity:[1.73, -0.89, -0.33] position:LocationGlobalRelative:lat=55.8685556,lon=-3.1481958,alt=4.11
INFO:root:Angle_optical:6.42168901557 Distance_optical:13.1476755629 Angle_gps:11.7533854121 Distance_gps:19.5900983153                  elapsed_time:0.0699269771576
INFO:root:sl:0.284110521225 sr:0.123149001853 heading:345 velocity:[1.73, -0.89, -0.33] position:LocationGlobalRelative:lat=55.8685556,lon=-3.1481958,alt=4.11
INFO:root:Angle_optical:5.96839231784 Distance_optical:13.5583611154 Angle_gps:11.4054887225 Distance_gps:20.2448135075                  elapsed_time:0.0703320503235
INFO:root:sl:0.340109701336 sr:0.141025324279 heading:343 velocity:[1.73, -0.89, -0.33] position:LocationGlobalRelative:lat=55.8685556,lon=-3.1481958,alt=4.11
INFO:root:Angle_optical:5.48156383052 Distance_optical:14.050072413 Angle_gps:11.1877008807 Distance_gps:20.907698081                  elapsed_time:0.0733540058136
INFO:root:sl:0.375404515993 sr:0.17925575553 heading:343 velocity:[1.87, -0.95, -0.13] position:LocationGlobalRelative:lat=55.8685595,lon=-3.1482002,alt=4.07
INFO:root:Angle_optical:5.10716128904 Distance_optical:14.6151045943 Angle_gps:10.9959180038 Distance_gps:21.6257730212                  elapsed_time:0.0829391479492
INFO:root:sl:0.434663775252 sr:0.238515014789 heading:343 velocity:[1.87, -0.95, -0.13] position:LocationGlobalRelative:lat=55.8685595,lon=-3.1482002,alt=4.07
INFO:root:Angle_optical:4.85253240014 Distance_optical:15.2944039438 Angle_gps:10.8254328771 Distance_gps:22.3443064824                  elapsed_time:0.081983089447
INFO:root:sl:0.430071496524 sr:0.227239056979 heading:342 velocity:[1.87, -0.95, -0.13] position:LocationGlobalRelative:lat=55.8685595,lon=-3.1482002,alt=4.07
INFO:root:Angle_optical:4.62019044343 Distance_optical:15.9622899081 Angle_gps:10.7224418685 Distance_gps:23.0660225387                  elapsed_time:0.0710029602051
INFO:root:sl:0.44836962436 sr:0.255130463813 heading:342 velocity:[1.86, -0.87, -0.03] position:LocationGlobalRelative:lat=55.8685634,lon=-3.1482044,alt=4.08
INFO:root:Angle_optical:4.48458953243 Distance_optical:16.6734738803 Angle_gps:10.6931601792 Distance_gps:23.7743051202                  elapsed_time:0.0711238384247
INFO:root:sl:0.446947345908 sr:0.280297154785 heading:342 velocity:[1.86, -0.87, -0.03] position:LocationGlobalRelative:lat=55.8685634,lon=-3.1482044,alt=4.08
INFO:root:Angle_optical:4.46620044752 Distance_optical:17.4019274845 Angle_gps:10.6698510402 Distance_gps:24.4826952325                  elapsed_time:0.070396900177
INFO:root:sl:0.460107135413 sr:0.3383814576 heading:342 velocity:[1.86, -0.87, -0.03] position:LocationGlobalRelative:lat=55.8685634,lon=-3.1482044,alt=4.08
INFO:root:Angle_optical:4.6342267287 Distance_optical:18.1889717789 Angle_gps:10.6495061621 Distance_gps:25.1911859501                  elapsed_time:0.077260017395
INFO:root:sl:0.400847876153 sr:0.303907269172 heading:344 velocity:[1.83, -0.79, -0.08] position:LocationGlobalRelative:lat=55.8685674,lon=-3.1482082,alt=4.12
INFO:root:Angle_optical:4.74936438761 Distance_optical:18.8807307923 Angle_gps:10.5861386127 Distance_gps:25.8764390005                  elapsed_time:0.0770471096039
INFO:root:sl:0.34900406444 sr:0.31283568088 heading:344 velocity:[1.83, -0.79, -0.08] position:LocationGlobalRelative:lat=55.8685674,lon=-3.1482082,alt=4.12
INFO:root:Angle_optical:4.98552072689 Distance_optical:19.5198550873 Angle_gps:10.5119688172 Distance_gps:26.5598293505                  elapsed_time:0.068855047226
INFO:root:sl:0.300566143649 sr:0.312308093657 heading:344 velocity:[1.83, -0.79, -0.08] position:LocationGlobalRelative:lat=55.8685674,lon=-3.1482082,alt=4.12
INFO:root:Angle_optical:5.30644492066 Distance_optical:20.104976302 Angle_gps:10.4348532769 Distance_gps:27.2430214455                  elapsed_time:0.0709099769592
INFO:root:sl:0.24130688439 sr:0.294381266738 heading:344 velocity:[1.81, -0.74, -0.17] position:LocationGlobalRelative:lat=55.8685711,lon=-3.1482114,alt=4.16
INFO:root:Angle_optical:5.68354209 Distance_optical:20.6102351365 Angle_gps:10.3872897496 Distance_gps:27.9134005398                  elapsed_time:0.0703167915344
INFO:root:sl:0.182047625131 sr:0.258742399701 heading:347 velocity:[1.81, -0.74, -0.17] position:LocationGlobalRelative:lat=55.8685711,lon=-3.1482114,alt=4.16
INFO:root:Angle_optical:6.02426560923 Distance_optical:21.0248429885 Angle_gps:10.2237922065 Distance_gps:28.5764917375                  elapsed_time:0.0840752124786
INFO:root:sl:0.169692254054 sr:0.257218892632 heading:347 velocity:[1.81, -0.74, -0.17] position:LocationGlobalRelative:lat=55.8685711,lon=-3.1482114,alt=4.16
INFO:root:Angle_optical:6.35889377807 Distance_optical:21.4258450315 Angle_gps:10.0497476524 Distance_gps:29.2358550209                  elapsed_time:0.0694410800934
INFO:root:sl:0.189411817165 sr:0.27605266405 heading:347 velocity:[1.81, -0.74, -0.17] position:LocationGlobalRelative:lat=55.8685711,lon=-3.1482114,alt=4.16
INFO:root:Angle_optical:6.67891910936 Distance_optical:21.8656303168 Angle_gps:9.87372643929 Distance_gps:29.8949236802                  elapsed_time:0.0698058605194
INFO:root:sl:0.239297534439 sr:0.298910237931 heading:347 velocity:[1.82, -0.78, -0.26] position:LocationGlobalRelative:lat=55.8685747,lon=-3.1482145,alt=4.17
INFO:root:Angle_optical:6.92951988954 Distance_optical:22.3776134101 Angle_gps:9.67895372687 Distance_gps:30.559936554                  elapsed_time:0.071191072464
INFO:root:sl:0.279917813517 sr:0.286445799229 heading:347 velocity:[1.82, -0.78, -0.26] position:LocationGlobalRelative:lat=55.8685747,lon=-3.1482145,alt=4.17
INFO:root:Angle_optical:7.04405616151 Distance_optical:22.9208076477 Angle_gps:9.49045453697 Distance_gps:31.2252201765                  elapsed_time:0.0703408718109
INFO:root:sl:0.339177072776 sr:0.328953597971 heading:347 velocity:[1.82, -0.78, -0.26] position:LocationGlobalRelative:lat=55.8685747,lon=-3.1482145,alt=4.17
INFO:root:Angle_optical:7.1296936474 Distance_optical:23.5626655659 Angle_gps:9.30929575003 Distance_gps:31.89049857                  elapsed_time:0.0829720497131
INFO:root:sl:0.345103219258 sr:0.29985687946 heading:348 velocity:[1.79, -0.78, -0.32] position:LocationGlobalRelative:lat=55.8685784,lon=-3.1482178,alt=4.13
INFO:root:Angle_optical:7.11095703035 Distance_optical:24.1838976987 Angle_gps:9.09800903749 Distance_gps:32.5423884238                  elapsed_time:0.0732851028442
INFO:root:sl:0.350960581896 sr:0.289899022917 heading:348 velocity:[1.79, -0.78, -0.32] position:LocationGlobalRelative:lat=55.8685784,lon=-3.1482178,alt=4.13
INFO:root:Angle_optical:7.05116374582 Distance_optical:24.8010359673 Angle_gps:8.89022172481 Distance_gps:33.1931695778                  elapsed_time:0.0769350528717
INFO:root:sl:0.345445269424 sr:0.294640480325 heading:348 velocity:[1.79, -0.78, -0.32] position:LocationGlobalRelative:lat=55.8685784,lon=-3.1482178,alt=4.13
INFO:root:Angle_optical:7.01287542471 Distance_optical:25.4169496442 Angle_gps:8.68768384892 Distance_gps:33.8441260756                  elapsed_time:0.0788729190826
INFO:root:sl:0.379378355987 sr:0.27432279762 heading:348 velocity:[1.75, -0.79, -0.37] position:LocationGlobalRelative:lat=55.868582,lon=-3.1482209,alt=4.07
INFO:root:Angle_optical:6.86238284898 Distance_optical:26.0483381165 Angle_gps:8.4812044601 Distance_gps:34.4826695874                  elapsed_time:0.0727310180664
INFO:root:sl:0.438637615246 sr:0.262065909722 heading:348 velocity:[1.75, -0.79, -0.37] position:LocationGlobalRelative:lat=55.868582,lon=-3.1482209,alt=4.07
INFO:root:Angle_optical:6.5768640747 Distance_optical:26.7287657548 Angle_gps:8.28167797262 Distance_gps:35.1215831198                  elapsed_time:0.0939428806305
INFO:root:sl:0.497896874506 sr:0.295099640838 heading:348 velocity:[1.75, -0.79, -0.37] position:LocationGlobalRelative:lat=55.868582,lon=-3.1482209,alt=4.07
INFO:root:Angle_optical:6.26470551789 Distance_optical:27.4995630444 Angle_gps:8.08918122052 Distance_gps:35.7607425478                  elapsed_time:0.0749070644379
INFO:root:sl:0.557156133765 sr:0.333730304352 heading:348 velocity:[1.75, -0.79, -0.37] position:LocationGlobalRelative:lat=55.868582,lon=-3.1482209,alt=4.07
INFO:root:Angle_optical:5.9426254313 Distance_optical:28.3660692525 Angle_gps:7.90335847886 Distance_gps:36.4002415076                  elapsed_time:0.0752050876617
INFO:root:sl:0.565212939987 sr:0.381404879474 heading:349 velocity:[1.43, -0.61, 0.0] position:LocationGlobalRelative:lat=55.8685855,lon=-3.1482241,alt=4.04
INFO:root:Angle_optical:5.70320725633 Distance_optical:29.2817387633 Angle_gps:7.7521476212 Distance_gps:36.9170868276                  elapsed_time:0.0808389186859
INFO:root:sl:0.624472199246 sr:0.440664138734 heading:349 velocity:[1.43, -0.61, 0.0] position:LocationGlobalRelative:lat=55.8685855,lon=-3.1482241,alt=4.04
INFO:root:Angle_optical:5.48458703678 Distance_optical:30.3092723633 Angle_gps:7.601884955 Distance_gps:37.4330740177                  elapsed_time:0.0763418674469
INFO:root:sl:0.683731458506 sr:0.381404879474 heading:349 velocity:[1.43, -0.61, 0.0] position:LocationGlobalRelative:lat=55.8685855,lon=-3.1482241,alt=4.04
INFO:root:Angle_optical:5.06916541376 Distance_optical:31.3442739666 Angle_gps:7.45389657595 Distance_gps:37.9491087784                  elapsed_time:0.0712220668793
INFO:root:sl:0.624472199246 sr:0.322145620215 heading:359 velocity:[1.04, -0.35, 0.06] position:LocationGlobalRelative:lat=55.8685877,lon=-3.1482258,alt=4.1
INFO:root:Angle_optical:4.54540906769 Distance_optical:32.2431406963 Angle_gps:7.26128940485 Distance_gps:38.2945446054                  elapsed_time:0.0770311355591
INFO:root:sl:0.565212939987 sr:0.262886360956 heading:359 velocity:[1.04, -0.35, 0.06] position:LocationGlobalRelative:lat=55.8685877,lon=-3.1482258,alt=4.1
INFO:root:Angle_optical:4.00409623067 Distance_optical:33.0167075267 Angle_gps:7.05562035061 Distance_gps:38.6336580225                  elapsed_time:0.0694758892059
INFO:root:sl:0.505953680728 sr:0.27793213264 heading:359 velocity:[1.04, -0.35, 0.06] position:LocationGlobalRelative:lat=55.8685877,lon=-3.1482258,alt=4.1
INFO:root:Angle_optical:3.58524040722 Distance_optical:33.7498499382 Angle_gps:6.84437522527 Distance_gps:38.9714886688                  elapsed_time:0.0778818130493
INFO:root:sl:0.446694421469 sr:0.218672873381 heading:359 velocity:[0.86, -0.25, -0.01] position:LocationGlobalRelative:lat=55.8685894,lon=-3.1482265,alt=4.19
INFO:root:Angle_optical:3.18156198349 Distance_optical:34.3694654127 Angle_gps:6.68854535344 Distance_gps:39.2508406857                  elapsed_time:0.0864419937134
INFO:root:sl:0.387435162209 sr:0.232506832171 heading:16 velocity:[0.86, -0.25, -0.01] position:LocationGlobalRelative:lat=55.8685894,lon=-3.1482265,alt=4.19
INFO:root:Angle_optical:2.76628280548 Distance_optical:34.920314196 Angle_gps:6.37326283173 Distance_gps:39.4579851239                  elapsed_time:0.0747518539429
INFO:root:sl:0.32817590295 sr:0.173247572912 heading:16 velocity:[0.86, -0.25, -0.01] position:LocationGlobalRelative:lat=55.8685894,lon=-3.1482265,alt=4.19
INFO:root:Angle_optical:2.34067109136 Distance_optical:35.3532001674 Angle_gps:6.03610908807 Distance_gps:39.6546295766                  elapsed_time:0.0702998638153
INFO:root:sl:0.387435162209 sr:0.113988313653 heading:16 velocity:[0.86, -0.25, -0.01] position:LocationGlobalRelative:lat=55.8685894,lon=-3.1482265,alt=4.19
INFO:root:Angle_optical:1.72558935895 Distance_optical:35.7498712358 Angle_gps:5.69282280572 Distance_gps:39.8451302125                  elapsed_time:0.0721101760864
INFO:root:sl:0.446694421469 sr:0.0547290543936 heading:16 velocity:[1.01, -0.25, -0.11] position:LocationGlobalRelative:lat=55.8685912,lon=-3.1482268,alt=4.26
INFO:root:Angle_optical:0.937833241123 Distance_optical:36.1176011838 Angle_gps:5.30556494795 Distance_gps:40.0767233419                  elapsed_time:0.071182012558
INFO:root:sl:0.468859321482 sr:-0.0045302048657 heading:27 velocity:[1.01, -0.25, -0.11] position:LocationGlobalRelative:lat=55.8685912,lon=-3.1482268,alt=4.26
INFO:root:Angle_optical:-0.00432940540006 Distance_optical:36.3611964275 Angle_gps:4.83225272695 Distance_gps:40.2088805498                  elapsed_time:0.0749981403351
INFO:root:sl:0.409600062223 sr:-0.063789464125 heading:27 velocity:[1.01, -0.25, -0.11] position:LocationGlobalRelative:lat=55.8685912,lon=-3.1482268,alt=4.26
INFO:root:Angle_optical:-0.841979697294 Distance_optical:36.5513514243 Angle_gps:4.3481754033 Distance_gps:40.3241669461                  elapsed_time:0.0728080272675
INFO:root:sl:0.350340802963 sr:-0.123048723384 heading:27 velocity:[1.19, -0.07, -0.29] position:LocationGlobalRelative:lat=55.8685935,lon=-3.1482266,alt=4.27
INFO:root:Angle_optical:-1.55533155103 Distance_optical:36.7095393522 Angle_gps:3.83687523685 Distance_gps:40.5199731653                  elapsed_time:0.0775980949402
INFO:root:sl:0.409600062223 sr:-0.145685045486 heading:37 velocity:[1.19, -0.07, -0.29] position:LocationGlobalRelative:lat=55.8685935,lon=-3.1482266,alt=4.27
INFO:root:Angle_optical:-2.40091888328 Distance_optical:36.8364720074 Angle_gps:3.27738429342 Distance_gps:40.606098663                  elapsed_time:0.077299118042
INFO:root:sl:0.468859321482 sr:-0.174281976879 heading:37 velocity:[1.19, -0.07, -0.29] position:LocationGlobalRelative:lat=55.8685935,lon=-3.1482266,alt=4.27
INFO:root:Angle_optical:-3.36061469123 Distance_optical:36.9605883903 Angle_gps:2.72149028171 Distance_gps:40.6764387702                  elapsed_time:0.0720348358154
INFO:root:sl:0.505597373382 sr:-0.207579670713 heading:37 velocity:[1.39, 0.2, -0.34] position:LocationGlobalRelative:lat=55.8685964,lon=-3.1482255,alt=4.26
INFO:root:Angle_optical:-4.39563449062 Distance_optical:37.0891901426 Angle_gps:2.10028412156 Distance_gps:40.8444258534                  elapsed_time:0.0805950164795
INFO:root:sl:0.564856632642 sr:-0.148320411454 heading:47 velocity:[1.39, 0.2, -0.34] position:LocationGlobalRelative:lat=55.8685964,lon=-3.1482255,alt=4.26
INFO:root:Angle_optical:-5.55088945111 Distance_optical:37.1898763136 Angle_gps:1.44722966662 Distance_gps:40.9025509257                  elapsed_time:0.075749874115
INFO:root:sl:0.529278513184 sr:-0.144015749679 heading:47 velocity:[1.39, 0.2, -0.34] position:LocationGlobalRelative:lat=55.8685964,lon=-3.1482255,alt=4.26
INFO:root:Angle_optical:-6.6313252463 Distance_optical:37.2720200637 Angle_gps:0.79417504156 Distance_gps:40.9488221702                  elapsed_time:0.0694561004639
INFO:root:sl:0.558139390261 sr:-0.0847564904195 heading:47 velocity:[1.39, 0.2, -0.34] position:LocationGlobalRelative:lat=55.8685964,lon=-3.1482255,alt=4.26
INFO:root:Angle_optical:-7.76822162386 Distance_optical:37.3597607405 Angle_gps:0.141206948368 Distance_gps:40.9921029442                  elapsed_time:0.0690128803253
INFO:root:sl:0.61739864952 sr:-0.0254972311603 heading:52 velocity:[1.49, 0.5, -0.42] position:LocationGlobalRelative:lat=55.8686001,lon=-3.1482229,alt=4.26
INFO:root:Angle_optical:-9.02032711264 Distance_optical:37.4667103359 Angle_gps:-0.562998389468 Distance_gps:41.1355111011                  elapsed_time:0.0854749679565
INFO:root:sl:0.591468232894 sr:-0.0153579765454 heading:52 velocity:[1.49, 0.5, -0.42] position:LocationGlobalRelative:lat=55.8686001,lon=-3.1482229,alt=4.26
INFO:root:Angle_optical:-10.2196775896 Distance_optical:37.5562730638 Angle_gps:-1.28361372282 Distance_gps:41.2212095844                  elapsed_time:0.0770139694214
INFO:root:sl:0.585385050714 sr:0.0138634251765 heading:52 velocity:[1.49, 0.5, -0.42] position:LocationGlobalRelative:lat=55.8686001,lon=-3.1482229,alt=4.26
INFO:root:Angle_optical:-11.4028034797 Distance_optical:37.6658223682 Angle_gps:-2.00522375427 Distance_gps:41.3043538927                  elapsed_time:0.0691170692444
INFO:root:sl:0.545194808351 sr:0.0267348298286 heading:52 velocity:[1.46, 0.69, -0.38] position:LocationGlobalRelative:lat=55.8686036,lon=-3.1482195,alt=4.24
INFO:root:Angle_optical:-12.4953821452 Distance_optical:37.7940158294 Angle_gps:-2.72450370113 Distance_gps:41.4538510053                  elapsed_time:0.0701880455017
INFO:root:sl:0.525523921553 sr:0.0468431476065 heading:53 velocity:[1.46, 0.69, -0.38] position:LocationGlobalRelative:lat=55.8686036,lon=-3.1482195,alt=4.24
INFO:root:Angle_optical:-13.5386673495 Distance_optical:37.9502690513 Angle_gps:-3.44546190408 Distance_gps:41.5946172618                  elapsed_time:0.0698127746582
INFO:root:sl:0.518437223243 sr:0.0741052305204 heading:53 velocity:[1.46, 0.69, -0.38] position:LocationGlobalRelative:lat=55.8686036,lon=-3.1482195,alt=4.24
INFO:root:Angle_optical:-14.5524200145 Distance_optical:38.1498725826 Angle_gps:-4.16304053711 Distance_gps:41.7390093393                  elapsed_time:0.0709569454193
INFO:root:sl:0.577696482502 sr:0.13336448978 heading:53 velocity:[1.36, 0.78, -0.37] position:LocationGlobalRelative:lat=55.8686069,lon=-3.1482154,alt=4.21
INFO:root:Angle_optical:-15.6526920571 Distance_optical:38.4513665223 Angle_gps:-4.83726896741 Distance_gps:41.9235605747                  elapsed_time:0.0809450149536
INFO:root:sl:0.518437223243 sr:0.145113844257 heading:54 velocity:[1.36, 0.78, -0.37] position:LocationGlobalRelative:lat=55.8686069,lon=-3.1482154,alt=4.21
INFO:root:Angle_optical:-16.6208173497 Distance_optical:38.7611333047 Angle_gps:-5.51282173317 Distance_gps:42.1004826458                  elapsed_time:0.0830280780792
INFO:root:sl:0.459177963984 sr:0.184587143698 heading:54 velocity:[1.36, 0.78, -0.37] position:LocationGlobalRelative:lat=55.8686069,lon=-3.1482154,alt=4.21
INFO:root:Angle_optical:-17.4469410859 Distance_optical:39.1164615265 Angle_gps:-6.18434852585 Distance_gps:42.2811727962                  elapsed_time:0.0693581104279
INFO:root:sl:0.399918704724 sr:0.210139445389 heading:54 velocity:[1.36, 0.78, -0.37] position:LocationGlobalRelative:lat=55.8686069,lon=-3.1482154,alt=4.21
INFO:root:Angle_optical:-18.1359581011 Distance_optical:39.4964438663 Angle_gps:-6.8505246766 Distance_gps:42.4664285841                  elapsed_time:0.0704081058502
INFO:root:sl:0.340659445465 sr:0.227313943263 heading:54 velocity:[1.28, 0.79, -0.26] position:LocationGlobalRelative:lat=55.8686101,lon=-3.1482108,alt=4.17
INFO:root:Angle_optical:-18.6936542775 Distance_optical:39.8879113565 Angle_gps:-7.47615040733 Distance_gps:42.6641681536                  elapsed_time:0.0735728740692
INFO:root:sl:0.29287699914 sr:0.250323724348 heading:52 velocity:[1.28, 0.79, -0.26] position:LocationGlobalRelative:lat=55.8686101,lon=-3.1482108,alt=4.17
INFO:root:Angle_optical:-19.1318327374 Distance_optical:40.3041562625 Angle_gps:-8.08043104944 Distance_gps:42.8899495042                  elapsed_time:0.0803818702698
INFO:root:sl:0.254964775445 sr:0.249521973408 heading:52 velocity:[1.28, 0.79, -0.26] position:LocationGlobalRelative:lat=55.8686101,lon=-3.1482108,alt=4.17
INFO:root:Angle_optical:-19.4871032659 Distance_optical:40.7108129576 Angle_gps:-8.67501333272 Distance_gps:43.1232016675                  elapsed_time:0.0755109786987
INFO:root:sl:0.276703945325 sr:0.255229656469 heading:52 velocity:[1.24, 0.8, -0.21] position:LocationGlobalRelative:lat=55.868613,lon=-3.1482065,alt=4.15
INFO:root:Angle_optical:-19.8698458079 Distance_optical:41.1347480724 Angle_gps:-9.24463438018 Distance_gps:43.366828187                  elapsed_time:0.07257604599
INFO:root:sl:0.335963204585 sr:0.28274393681 heading:52 velocity:[1.24, 0.8, -0.21] position:LocationGlobalRelative:lat=55.868613,lon=-3.1482065,alt=4.15
INFO:root:Angle_optical:-20.3358061432 Distance_optical:41.6169035795 Angle_gps:-9.80697893572 Distance_gps:43.6152148215                  elapsed_time:0.0707211494446
INFO:root:sl:0.276703945325 sr:0.33286044417 heading:45 velocity:[1.24, 0.8, -0.21] position:LocationGlobalRelative:lat=55.868613,lon=-3.1482065,alt=4.15
INFO:root:Angle_optical:-20.6283432628 Distance_optical:42.1549342687 Angle_gps:-10.2984831767 Distance_gps:43.9347443421                  elapsed_time:0.0721828937531
INFO:root:sl:0.217444686066 sr:0.392119703429 heading:45 velocity:[1.24, 0.8, -0.21] position:LocationGlobalRelative:lat=55.868613,lon=-3.1482065,alt=4.15
INFO:root:Angle_optical:-20.7613247592 Distance_optical:42.7453609818 Angle_gps:-10.7721640415 Distance_gps:44.2646098449                  elapsed_time:0.0739729404449
INFO:root:sl:0.182684658395 sr:0.396132991308 heading:45 velocity:[1.16, 0.88, -0.25] position:LocationGlobalRelative:lat=55.8686159,lon=-3.1482013,alt=4.15
INFO:root:Angle_optical:-20.8223871422 Distance_optical:43.326718541 Angle_gps:-11.1945835802 Distance_gps:44.6231088648                  elapsed_time:0.0762510299683
INFO:root:sl:0.220341278867 sr:0.393362685237 heading:38 velocity:[1.16, 0.88, -0.25] position:LocationGlobalRelative:lat=55.8686159,lon=-3.1482013,alt=4.15
INFO:root:Angle_optical:-20.9054294586 Distance_optical:43.9253563474 Angle_gps:-11.5245537344 Distance_gps:45.0341532108                  elapsed_time:0.0747048854828
INFO:root:sl:0.199033397725 sr:0.426592081173 heading:38 velocity:[1.16, 0.88, -0.25] position:LocationGlobalRelative:lat=55.8686159,lon=-3.1482013,alt=4.15
INFO:root:Angle_optical:-20.9106579038 Distance_optical:44.5561890711 Angle_gps:-11.8369275119 Distance_gps:45.4540993356                  elapsed_time:0.0719921588898
INFO:root:sl:0.143239215536 sr:0.485851340432 heading:29 velocity:[1.07, 0.92, -0.22] position:LocationGlobalRelative:lat=55.8686183,lon=-3.1481963,alt=4.14
INFO:root:Angle_optical:-20.7777187402 Distance_optical:45.2269591008 Angle_gps:-12.0958856272 Distance_gps:45.8783823607                  elapsed_time:0.0721988677979
INFO:root:sl:0.129330530353 sr:0.514397725841 heading:29 velocity:[1.07, 0.92, -0.22] position:LocationGlobalRelative:lat=55.8686183,lon=-3.1481963,alt=4.14
INFO:root:Angle_optical:-20.5196690581 Distance_optical:45.9125747877 Angle_gps:-12.2087540116 Distance_gps:46.3448939829                  elapsed_time:0.0863239765167
INFO:root:sl:0.188589789612 sr:0.5736569851 heading:29 velocity:[1.07, 0.92, -0.22] position:LocationGlobalRelative:lat=55.8686183,lon=-3.1481963,alt=4.14
INFO:root:Angle_optical:-20.2598294737 Distance_optical:46.7097555874 Angle_gps:-12.2960930398 Distance_gps:46.8206333023                  elapsed_time:0.0716660022736
INFO:root:sl:0.129330530353 sr:0.631086378969 heading:29 velocity:[0.94, 0.95, -0.22] position:LocationGlobalRelative:lat=55.8686206,lon=-3.1481911,alt=4.15
INFO:root:Angle_optical:-19.8552190858 Distance_optical:47.5241730385 Angle_gps:-12.3214590246 Distance_gps:47.2758678243                  elapsed_time:0.0720369815826
INFO:root:sl:0.0700712710933 sr:0.690345638228 heading:19 velocity:[0.94, 0.95, -0.22] position:LocationGlobalRelative:lat=55.8686206,lon=-3.1481911,alt=4.15
INFO:root:Angle_optical:-19.1963247733 Distance_optical:48.3039190553 Angle_gps:-12.1771088264 Distance_gps:47.7193910827                  elapsed_time:0.0698399543762
INFO:root:sl:0.010812011834 sr:0.747992755304 heading:19 velocity:[0.94, 0.95, -0.22] position:LocationGlobalRelative:lat=55.8686206,lon=-3.1481911,alt=4.15
INFO:root:Angle_optical:-18.371763002 Distance_optical:49.0654339881 Angle_gps:-12.0055431337 Distance_gps:48.1583578375                  elapsed_time:0.07204413414
INFO:root:sl:-0.0484472474252 sr:0.807252014563 heading:19 velocity:[0.85, 0.86, -0.24] position:LocationGlobalRelative:lat=55.8686226,lon=-3.1481861,alt=4.16
INFO:root:Angle_optical:-17.4783659727 Distance_optical:49.8703974787 Angle_gps:-11.8431884652 Distance_gps:48.5524740271                  elapsed_time:0.0742020606995
INFO:root:sl:-0.107706506685 sr:0.813401479969 heading:19 velocity:[0.85, 0.86, -0.24] position:LocationGlobalRelative:lat=55.8686226,lon=-3.1481861,alt=4.16
INFO:root:Angle_optical:-16.5986374925 Distance_optical:50.6866033873 Angle_gps:-11.6792650436 Distance_gps:48.9458500847                  elapsed_time:0.0745589733124
INFO:root:sl:-0.166965765944 sr:0.761370341528 heading:10 velocity:[0.85, 0.86, -0.24] position:LocationGlobalRelative:lat=55.8686226,lon=-3.1481861,alt=4.16
INFO:root:Angle_optical:-15.7250286994 Distance_optical:51.372782897 Angle_gps:-11.4081898668 Distance_gps:49.2860458492                  elapsed_time:0.0707261562347
INFO:root:sl:-0.226225025203 sr:0.766739122627 heading:10 velocity:[0.85, 0.86, -0.24] position:LocationGlobalRelative:lat=55.8686226,lon=-3.1481861,alt=4.16
INFO:root:Angle_optical:-14.8445482453 Distance_optical:52.0351765783 Angle_gps:-11.1268102171 Distance_gps:49.613909286                  elapsed_time:0.0677719116211
INFO:root:sl:-0.258415734891 sr:0.707479863368 heading:10 velocity:[0.81, 0.73, -0.35] position:LocationGlobalRelative:lat=55.8686245,lon=-3.1481809,alt=4.18
INFO:root:Angle_optical:-14.0366323658 Distance_optical:52.640825846 Angle_gps:-10.8882813044 Distance_gps:49.9181201151                  elapsed_time:0.070907831192
INFO:root:sl:-0.249857802462 sr:0.648220604109 heading:4 velocity:[0.81, 0.73, -0.35] position:LocationGlobalRelative:lat=55.8686245,lon=-3.1481809,alt=4.18
INFO:root:Angle_optical:-13.309145272 Distance_optical:53.1970370289 Angle_gps:-10.6501046718 Distance_gps:50.2204937791                  elapsed_time:0.0869181156158
INFO:root:sl:-0.275368744816 sr:0.588961344849 heading:4 velocity:[0.81, 0.73, -0.35] position:LocationGlobalRelative:lat=55.8686245,lon=-3.1481809,alt=4.18
INFO:root:Angle_optical:-12.6354589569 Distance_optical:53.6762784349 Angle_gps:-10.3647266942 Distance_gps:50.4872185605                  elapsed_time:0.0756850242615
INFO:root:sl:-0.334628004076 sr:0.52970208559 heading:4 velocity:[0.91, 0.58, -0.38] position:LocationGlobalRelative:lat=55.8686263,lon=-3.1481768,alt=4.17
INFO:root:Angle_optical:-12.0325247237 Distance_optical:54.0980733108 Angle_gps:-10.1318979294 Distance_gps:50.7829794256                  elapsed_time:0.0708639621735
INFO:root:sl:-0.305384013753 sr:0.470442826331 heading:4 velocity:[0.91, 0.58, -0.38] position:LocationGlobalRelative:lat=55.8686263,lon=-3.1481768,alt=4.17
INFO:root:Angle_optical:-11.4993480568 Distance_optical:54.4721131174 Angle_gps:-9.89740685997 Distance_gps:51.0775445904                  elapsed_time:0.0696799755096
INFO:root:sl:-0.290424362808 sr:0.411183567072 heading:4 velocity:[0.91, 0.58, -0.38] position:LocationGlobalRelative:lat=55.8686263,lon=-3.1481768,alt=4.17
INFO:root:Angle_optical:-11.0382855227 Distance_optical:54.7999059572 Angle_gps:-9.66423887927 Distance_gps:51.3713489458                  elapsed_time:0.0684530735016
INFO:root:sl:-0.263684230616 sr:0.364013666077 heading:1 velocity:[0.91, 0.58, -0.38] position:LocationGlobalRelative:lat=55.8686263,lon=-3.1481768,alt=4.17
INFO:root:Angle_optical:-10.6281991697 Distance_optical:55.084759686 Angle_gps:-9.41023374653 Distance_gps:51.6501132317                  elapsed_time:0.0680780410767
INFO:root:sl:-0.204424971357 sr:0.33184663173 heading:1 velocity:[1.19, 0.49, -0.28] position:LocationGlobalRelative:lat=55.868629,lon=-3.1481729,alt=4.19
INFO:root:Angle_optical:-10.2558573164 Distance_optical:55.3428592542 Angle_gps:-9.17629604167 Distance_gps:52.0232918408                  elapsed_time:0.0744009017944
INFO:root:sl:-0.152337140049 sr:0.294383973684 heading:1 velocity:[1.19, 0.49, -0.28] position:LocationGlobalRelative:lat=55.868629,lon=-3.1481729,alt=4.19
INFO:root:Angle_optical:-9.9271139429 Distance_optical:55.5722814612 Angle_gps:-8.94354536089 Distance_gps:52.3964646587                  elapsed_time:0.072459936142
INFO:root:sl:-0.0930778807896 sr:0.283301003459 heading:359 velocity:[1.19, 0.49, -0.28] position:LocationGlobalRelative:lat=55.868629,lon=-3.1481729,alt=4.19
INFO:root:Angle_optical:-9.6102837621 Distance_optical:55.7902883527 Angle_gps:-8.69458831255 Distance_gps:52.7595691062                  elapsed_time:0.071681022644
INFO:root:sl:-0.0669503079572 sr:0.295738454665 heading:359 velocity:[1.19, 0.49, -0.28] position:LocationGlobalRelative:lat=55.868629,lon=-3.1481729,alt=4.19
INFO:root:Angle_optical:-9.28052154515 Distance_optical:56.0174962543 Angle_gps:-8.44630525551 Distance_gps:53.1221569224                  elapsed_time:0.0696220397949
INFO:root:sl:-0.0496323116048 sr:0.296690078033 heading:359 velocity:[1.36, 0.52, -0.37] position:LocationGlobalRelative:lat=55.8686321,lon=-3.1481693,alt=4.22
INFO:root:Angle_optical:-8.9516883152 Distance_optical:56.2461469831 Angle_gps:-8.17931134006 Distance_gps:53.5389986643                  elapsed_time:0.0780100822449
INFO:root:sl:0.00962694765443 sr:0.355949337292 heading:0 velocity:[1.36, 0.52, -0.37] position:LocationGlobalRelative:lat=55.8686321,lon=-3.1481693,alt=4.22
INFO:root:Angle_optical:-8.56959162451 Distance_optical:56.5348595983 Angle_gps:-7.9261799476 Distance_gps:53.962189685                  elapsed_time:0.0877201557159
INFO:root:sl:0.0688862069137 sr:0.365304382499 heading:0 velocity:[1.36, 0.52, -0.37] position:LocationGlobalRelative:lat=55.8686321,lon=-3.1481693,alt=4.22
INFO:root:Angle_optical:-8.22938641357 Distance_optical:56.8974590898 Angle_gps:-7.67798928798 Distance_gps:54.386807667                  elapsed_time:0.0710341930389
INFO:root:sl:0.0747901509633 sr:0.356034357082 heading:0 velocity:[1.37, 0.53, -0.28] position:LocationGlobalRelative:lat=55.8686352,lon=-3.148166,alt=4.25
INFO:root:Angle_optical:-7.90849575797 Distance_optical:57.261188793 Angle_gps:-7.43021527301 Distance_gps:54.8155060228                  elapsed_time:0.0696699619293
INFO:root:sl:0.0355769010576 sr:0.375128101055 heading:0 velocity:[1.37, 0.53, -0.28] position:LocationGlobalRelative:lat=55.8686352,lon=-3.148166,alt=4.25
INFO:root:Angle_optical:-7.54038830105 Distance_optical:57.600725325 Angle_gps:-7.18655907117 Distance_gps:55.2452589016                  elapsed_time:0.0696070194244
INFO:root:sl:0.0150315570377 sr:0.315868841796 heading:1 velocity:[1.37, 0.53, -0.28] position:LocationGlobalRelative:lat=55.8686352,lon=-3.148166,alt=4.25
INFO:root:Angle_optical:-7.22350011343 Distance_optical:57.8746607908 Angle_gps:-6.95722947869 Distance_gps:55.6812652145                  elapsed_time:0.0694251060486
INFO:root:sl:-0.0442277022216 sr:0.256609582536 heading:1 velocity:[1.37, 0.53, -0.28] position:LocationGlobalRelative:lat=55.8686352,lon=-3.148166,alt=4.25
INFO:root:Angle_optical:-6.95899322464 Distance_optical:58.0865220601 Angle_gps:-6.73282724576 Distance_gps:56.1187642259                  elapsed_time:0.0714139938354
INFO:root:sl:-0.0780220692265 sr:0.197350323277 heading:1 velocity:[1.46, 0.55, -0.31] position:LocationGlobalRelative:lat=55.8686384,lon=-3.1481626,alt=4.27
INFO:root:Angle_optical:-6.75713671605 Distance_optical:58.2505706551 Angle_gps:-6.50320337799 Distance_gps:56.5866271819                  elapsed_time:0.0739450454712
INFO:root:sl:-0.111301358091 sr:0.140413355972 heading:1 velocity:[1.46, 0.55, -0.31] position:LocationGlobalRelative:lat=55.8686384,lon=-3.1481626,alt=4.27
INFO:root:Angle_optical:-6.6142995856 Distance_optical:58.3678208191 Angle_gps:-6.27771878191 Distance_gps:57.0554833172                  elapsed_time:0.0724260807037
INFO:root:sl:-0.0805188899534 sr:0.199672615231 heading:2 velocity:[1.46, 0.55, -0.31] position:LocationGlobalRelative:lat=55.8686384,lon=-3.1481626,alt=4.27
INFO:root:Angle_optical:-6.4132243042 Distance_optical:58.5364674984 Angle_gps:-6.06713684586 Distance_gps:57.530254382                  elapsed_time:0.0695459842682
INFO:root:sl:-0.041840997236 sr:0.22865415921 heading:2 velocity:[1.64, 0.55, -0.3] position:LocationGlobalRelative:lat=55.8686418,lon=-3.1481596,alt=4.28
INFO:root:Angle_optical:-6.18495221262 Distance_optical:58.7311976404 Angle_gps:-5.86144946031 Distance_gps:58.0064385084                  elapsed_time:0.0718460083008
INFO:root:sl:0.0143567616825 sr:0.255712165356 heading:2 velocity:[1.64, 0.55, -0.3] position:LocationGlobalRelative:lat=55.8686418,lon=-3.1481596,alt=4.28
INFO:root:Angle_optical:-5.94380106083 Distance_optical:58.964998556 Angle_gps:-5.65727422177 Distance_gps:58.5433819557                  elapsed_time:0.0795528888702
INFO:root:sl:0.0673104134688 sr:0.314971424615 heading:4 velocity:[1.64, 0.55, -0.3] position:LocationGlobalRelative:lat=55.8686418,lon=-3.1481596,alt=4.28
INFO:root:Angle_optical:-5.69519989481 Distance_optical:59.3080511078 Angle_gps:-5.48215010563 Distance_gps:59.0902655236                  elapsed_time:0.0814850330353
INFO:root:sl:0.00918069074186 sr:0.304420027705 heading:4 velocity:[1.76, 0.54, -0.37] position:LocationGlobalRelative:lat=55.8686453,lon=-3.1481567,alt=4.29
INFO:root:Angle_optical:-5.41187925476 Distance_optical:59.5869828718 Angle_gps:-5.31733446934 Distance_gps:59.6789349388                  elapsed_time:0.074371099472
INFO:root:sl:0.039231064585 sr:0.291216790562 heading:4 velocity:[1.76, 0.54, -0.37] position:LocationGlobalRelative:lat=55.8686453,lon=-3.1481567,alt=4.29
INFO:root:Angle_optical:-5.17031246937 Distance_optical:59.8859366478 Angle_gps:-5.15755302168 Distance_gps:60.268440167                  elapsed_time:0.0742609500885
INFO:root:sl:0.0897261101459 sr:0.285540345742 heading:4 velocity:[1.76, 0.54, -0.37] position:LocationGlobalRelative:lat=55.8686453,lon=-3.1481567,alt=4.29
INFO:root:Angle_optical:-4.98014409187 Distance_optical:60.2307039801 Angle_gps:-5.00169668719 Distance_gps:60.8586692316                  elapsed_time:0.0699660778046
INFO:root:sl:0.0737545899113 sr:0.273451678873 heading:8 velocity:[1.76, 0.54, -0.37] position:LocationGlobalRelative:lat=55.8686453,lon=-3.1481567,alt=4.29
INFO:root:Angle_optical:-4.79876981055 Distance_optical:60.5556913809 Angle_gps:-4.90451243078 Distance_gps:61.4628540964                  elapsed_time:0.071142911911
INFO:root:sl:0.0817165942645 sr:0.250557984394 heading:8 velocity:[1.83, 0.52, -0.35] position:LocationGlobalRelative:lat=55.8686494,lon=-3.1481538,alt=4.32
INFO:root:Angle_optical:-4.65042945969 Distance_optical:60.870467802 Angle_gps:-4.82592288402 Distance_gps:62.0923595424                  elapsed_time:0.0723481178284
INFO:root:sl:0.0920303396154 sr:0.284930329483 heading:8 velocity:[1.83, 0.52, -0.35] position:LocationGlobalRelative:lat=55.8686494,lon=-3.1481538,alt=4.32
INFO:root:Angle_optical:-4.48530831344 Distance_optical:61.2291303284 Angle_gps:-4.75309116958 Distance_gps:62.7221436857                  elapsed_time:0.0810060501099
INFO:root:sl:0.0698963260714 sr:0.262546499463 heading:12 velocity:[1.83, 0.52, -0.35] position:LocationGlobalRelative:lat=55.8686494,lon=-3.1481538,alt=4.32
INFO:root:Angle_optical:-4.33346182732 Distance_optical:61.5542836455 Angle_gps:-4.74539573838 Distance_gps:63.3586611791                  elapsed_time:0.0708589553833
INFO:root:sl:0.0964638961217 sr:0.203287240204 heading:12 velocity:[1.91, 0.56, -0.36] position:LocationGlobalRelative:lat=55.8686533,lon=-3.1481516,alt=4.36
INFO:root:Angle_optical:-4.26100724056 Distance_optical:61.8465815978 Angle_gps:-4.74337311223 Distance_gps:64.0275835563                  elapsed_time:0.0693709850311
INFO:root:sl:0.0940363411809 sr:0.144027980944 heading:12 velocity:[1.91, 0.56, -0.36] position:LocationGlobalRelative:lat=55.8686533,lon=-3.1481516,alt=4.36
INFO:root:Angle_optical:-4.23642530397 Distance_optical:62.0763048877 Angle_gps:-4.74698228385 Distance_gps:64.6962650649                  elapsed_time:0.0705950260162
INFO:root:sl:0.1183647802 sr:0.1275469549 heading:12 velocity:[1.91, 0.56, -0.36] position:LocationGlobalRelative:lat=55.8686533,lon=-3.1481516,alt=4.36
INFO:root:Angle_optical:-4.24899203398 Distance_optical:62.3101763873 Angle_gps:-4.75274001745 Distance_gps:65.3656216976                  elapsed_time:0.0685250759125
INFO:root:sl:0.130042945169 sr:0.134755298132 heading:15 velocity:[2.01, 0.7, -0.37] position:LocationGlobalRelative:lat=55.8686578,lon=-3.1481488,alt=4.41
INFO:root:Angle_optical:-4.26739157654 Distance_optical:62.5614353485 Angle_gps:-4.75962099656 Distance_gps:66.0346825109                  elapsed_time:0.0703389644623
INFO:root:sl:0.189302204428 sr:0.19318581259 heading:15 velocity:[2.01, 0.7, -0.37] position:LocationGlobalRelative:lat=55.8686578,lon=-3.1481488,alt=4.41
INFO:root:Angle_optical:-4.30813520793 Distance_optical:62.9240960789 Angle_gps:-4.79034857613 Distance_gps:66.7518337355                  elapsed_time:0.0834970474243
INFO:root:sl:0.183077206779 sr:0.187076541997 heading:15 velocity:[2.01, 0.7, -0.37] position:LocationGlobalRelative:lat=55.8686578,lon=-3.1481488,alt=4.41
INFO:root:Angle_optical:-4.35172029185 Distance_optical:63.2759085146 Angle_gps:-4.82947130022 Distance_gps:67.4712900496                  elapsed_time:0.0730497837067
INFO:root:sl:0.219432741867 sr:0.213145035042 heading:15 velocity:[2.01, 0.7, -0.37] position:LocationGlobalRelative:lat=55.8686578,lon=-3.1481488,alt=4.41
INFO:root:Angle_optical:-4.41412656433 Distance_optical:63.6850328469 Angle_gps:-4.87226215387 Distance_gps:68.1902423316                  elapsed_time:0.0708351135254
INFO:root:sl:0.20791234207 sr:0.233880135856 heading:18 velocity:[2.01, 0.7, -0.37] position:LocationGlobalRelative:lat=55.8686578,lon=-3.1481488,alt=4.41
INFO:root:Angle_optical:-4.46527279459 Distance_optical:64.1077201696 Angle_gps:-4.97012930907 Distance_gps:68.9048576748                  elapsed_time:0.0702569484711
INFO:root:sl:0.26717160133 sr:0.293139395115 heading:18 velocity:[1.98, 0.88, -0.56] position:LocationGlobalRelative:lat=55.8686623,lon=-3.1481454,alt=4.42
INFO:root:Angle_optical:-4.54309438629 Distance_optical:64.6432470417 Angle_gps:-5.02786543547 Distance_gps:69.6415774409                  elapsed_time:0.0709359645844
INFO:root:sl:0.20791234207 sr:0.243277397024 heading:18 velocity:[1.98, 0.88, -0.56] position:LocationGlobalRelative:lat=55.8686623,lon=-3.1481454,alt=4.42
INFO:root:Angle_optical:-4.59565097675 Distance_optical:65.0770334458 Angle_gps:-5.08889887325 Distance_gps:70.3778566618                  elapsed_time:0.0686480998993
INFO:root:sl:0.25730825407 sr:0.302536656283 heading:20 velocity:[1.98, 0.88, -0.56] position:LocationGlobalRelative:lat=55.8686623,lon=-3.1481454,alt=4.42
INFO:root:Angle_optical:-4.66015311032 Distance_optical:65.6157739649 Angle_gps:-5.15038700736 Distance_gps:71.1144168393                  elapsed_time:0.0832009315491
INFO:root:sl:0.220987134752 sr:0.282622177596 heading:20 velocity:[1.82, 0.91, -0.6] position:LocationGlobalRelative:lat=55.8686666,lon=-3.1481416,alt=4.38
INFO:root:Angle_optical:-4.71169030013 Distance_optical:66.1043356043 Angle_gps:-5.21629217656 Distance_gps:71.8063029372                  elapsed_time:0.0762829780579
INFO:root:sl:0.192283312341 sr:0.341881436855 heading:20 velocity:[1.82, 0.91, -0.6] position:LocationGlobalRelative:lat=55.8686666,lon=-3.1481416,alt=4.38
INFO:root:Angle_optical:-4.70225768657 Distance_optical:66.6431902064 Angle_gps:-5.28690022683 Distance_gps:72.4986405652                  elapsed_time:0.0765001773834
INFO:root:sl:0.179854771821 sr:0.282622177596 heading:20 velocity:[1.82, 0.91, -0.6] position:LocationGlobalRelative:lat=55.8686666,lon=-3.1481416,alt=4.38
INFO:root:Angle_optical:-4.7174966547 Distance_optical:67.1031086691 Angle_gps:-5.35864064291 Distance_gps:73.1905173691                  elapsed_time:0.0705549716949
INFO:root:sl:0.137096062157 sr:0.223362918337 heading:21 velocity:[1.82, 0.91, -0.6] position:LocationGlobalRelative:lat=55.8686666,lon=-3.1481416,alt=4.38
INFO:root:Angle_optical:-4.728777471 Distance_optical:67.4633078516 Angle_gps:-5.44627885206 Distance_gps:73.8799010647                  elapsed_time:0.0691239833832
INFO:root:sl:0.0955927874653 sr:0.182416950856 heading:21 velocity:[1.62, 0.91, -0.47] position:LocationGlobalRelative:lat=55.8686703,lon=-3.1481377,alt=4.36
INFO:root:Angle_optical:-4.72271496388 Distance_optical:67.7465365204 Angle_gps:-5.50437945101 Distance_gps:74.5135232872                  elapsed_time:0.0686848163605
INFO:root:sl:0.050604269295 sr:0.181584007204 heading:21 velocity:[1.62, 0.91, -0.47] position:LocationGlobalRelative:lat=55.8686703,lon=-3.1481377,alt=4.36
INFO:root:Angle_optical:-4.67210333204 Distance_optical:67.9987488246 Angle_gps:-5.56264789831 Distance_gps:75.1469912962                  elapsed_time:0.0716300010681
INFO:root:sl:-0.0086549899643 sr:0.169234428688 heading:21 velocity:[1.62, 0.91, -0.47] position:LocationGlobalRelative:lat=55.8686703,lon=-3.1481377,alt=4.36
INFO:root:Angle_optical:-4.5776980759 Distance_optical:68.2025578077 Angle_gps:-5.62040514237 Distance_gps:75.7803868144                  elapsed_time:0.076602935791
INFO:root:sl:-0.0679142492236 sr:0.228493687947 heading:20 velocity:[1.59, 0.95, -0.39] position:LocationGlobalRelative:lat=55.8686737,lon=-3.1481335,alt=4.4
INFO:root:Angle_optical:-4.44838633815 Distance_optical:68.4759053916 Angle_gps:-5.65015440165 Distance_gps:76.4145451795                  elapsed_time:0.0716471672058
INFO:root:sl:-0.0348408209226 sr:0.176316944034 heading:20 velocity:[1.59, 0.95, -0.39] position:LocationGlobalRelative:lat=55.8686737,lon=-3.1481335,alt=4.4
INFO:root:Angle_optical:-4.34850961573 Distance_optical:68.6863590507 Angle_gps:-5.67711387548 Distance_gps:77.0484608126                  elapsed_time:0.0708379745483
INFO:root:sl:-0.0196294950827 sr:0.207800814648 heading:20 velocity:[1.59, 0.95, -0.39] position:LocationGlobalRelative:lat=55.8686737,lon=-3.1481335,alt=4.4
INFO:root:Angle_optical:-4.23118701877 Distance_optical:68.9343372205 Angle_gps:-5.70271289903 Distance_gps:77.6823049464                  elapsed_time:0.0685050487518
INFO:root:sl:0.0125735034814 sr:0.245697206418 heading:21 velocity:[1.59, 0.95, -0.39] position:LocationGlobalRelative:lat=55.8686737,lon=-3.1481335,alt=4.4
INFO:root:Angle_optical:-4.10897375006 Distance_optical:69.2383674533 Angle_gps:-5.74160289539 Distance_gps:78.3151465262                  elapsed_time:0.0713188648224
INFO:root:sl:0.042501056781 sr:0.273601550818 heading:21 velocity:[1.66, 0.91, -0.35] position:LocationGlobalRelative:lat=55.868677,lon=-3.1481296,alt=4.45
INFO:root:Angle_optical:-4.00383308736 Distance_optical:69.5968693688 Angle_gps:-5.80034648824 Distance_gps:78.9593887187                  elapsed_time:0.071093082428
INFO:root:sl:0.00758864257123 sr:0.253237541826 heading:21 velocity:[1.66, 0.91, -0.35] position:LocationGlobalRelative:lat=55.868677,lon=-3.1481296,alt=4.45
INFO:root:Angle_optical:-3.87646381717 Distance_optical:69.9084262035 Angle_gps:-5.85905230042 Distance_gps:79.6034169441                  elapsed_time:0.069669008255
INFO:root:sl:-0.00323454368426 sr:0.239107973277 heading:21 velocity:[1.66, 0.91, -0.35] position:LocationGlobalRelative:lat=55.868677,lon=-3.1481296,alt=4.45
INFO:root:Angle_optical:-3.75032105681 Distance_optical:70.1983842977 Angle_gps:-5.91718282372 Distance_gps:80.2474023081                  elapsed_time:0.0838911533356
INFO:root:sl:-0.0158202615806 sr:0.264717382738 heading:23 velocity:[1.76, 0.82, -0.41] position:LocationGlobalRelative:lat=55.8686809,lon=-3.1481257,alt=4.49
INFO:root:Angle_optical:-3.61864338027 Distance_optical:70.524194074 Angle_gps:-6.03431421718 Distance_gps:80.8925328096                  elapsed_time:0.0716078281403
INFO:root:sl:0.0111130585604 sr:0.205458123478 heading:23 velocity:[1.76, 0.82, -0.41] position:LocationGlobalRelative:lat=55.8686809,lon=-3.1481257,alt=4.49
INFO:root:Angle_optical:-3.53053358589 Distance_optical:70.7853089558 Angle_gps:-6.15429097193 Distance_gps:81.5364181939                  elapsed_time:0.0707828998566
INFO:root:sl:0.034743318368 sr:0.194017724583 heading:23 velocity:[1.76, 0.82, -0.41] position:LocationGlobalRelative:lat=55.8686809,lon=-3.1481257,alt=4.49
INFO:root:Angle_optical:-3.47309205166 Distance_optical:71.0467462792 Angle_gps:-6.27419584968 Distance_gps:82.1797838939                  elapsed_time:0.0688290596008
INFO:root:sl:0.0488885889553 sr:0.182020229352 heading:23 velocity:[1.76, 0.82, -0.41] position:LocationGlobalRelative:lat=55.8686809,lon=-3.1481257,alt=4.49
INFO:root:Angle_optical:-3.43622588126 Distance_optical:71.301770137 Angle_gps:-6.39295756621 Distance_gps:82.8231231116                  elapsed_time:0.0702061653137
INFO:root:sl:0.0685586389216 sr:0.180108223134 heading:23 velocity:[1.84, 0.77, -0.41] position:LocationGlobalRelative:lat=55.8686851,lon=-3.1481221,alt=4.53
INFO:root:Angle_optical:-3.42028741325 Distance_optical:71.5659968685 Angle_gps:-6.53121941524 Distance_gps:83.4766382381                  elapsed_time:0.0733778476715
INFO:root:sl:0.0646127620489 sr:0.220688060274 heading:23 velocity:[1.84, 0.77, -0.41] position:LocationGlobalRelative:lat=55.8686851,lon=-3.1481221,alt=4.53
INFO:root:Angle_optical:-3.38172701963 Distance_optical:71.8783656567 Angle_gps:-6.66743379899 Distance_gps:84.130438616                  elapsed_time:0.0849568843842
INFO:root:sl:0.0344058642528 sr:0.197243715401 heading:23 velocity:[1.84, 0.77, -0.41] position:LocationGlobalRelative:lat=55.8686851,lon=-3.1481221,alt=4.53
INFO:root:Angle_optical:-3.32446221607 Distance_optical:72.1438871404 Angle_gps:-6.80157534291 Distance_gps:84.7845259396                  elapsed_time:0.0690271854401
INFO:root:sl:-0.00128183718853 sr:0.166278751217 heading:23 velocity:[1.94, 0.71, -0.47] position:LocationGlobalRelative:lat=55.8686891,lon=-3.148119,alt=4.58
INFO:root:Angle_optical:-3.24786934942 Distance_optical:72.3508346063 Angle_gps:-6.95886206766 Distance_gps:85.4523355296                  elapsed_time:0.0704159736633
INFO:root:sl:0.0579774220707 sr:0.214159656038 heading:23 velocity:[1.94, 0.71, -0.47] position:LocationGlobalRelative:lat=55.8686891,lon=-3.148119,alt=4.58
INFO:root:Angle_optical:-3.20699820462 Distance_optical:72.6512673001 Angle_gps:-7.11368953776 Distance_gps:86.1206061488                  elapsed_time:0.0683119297028
INFO:root:sl:0.11723668133 sr:0.213988891967 heading:23 velocity:[1.94, 0.71, -0.47] position:LocationGlobalRelative:lat=55.8686891,lon=-3.148119,alt=4.58
INFO:root:Angle_optical:-3.22465716967 Distance_optical:72.9859877986 Angle_gps:-7.26610952764 Distance_gps:86.7893271057                  elapsed_time:0.0688800811768
INFO:root:sl:0.176495940589 sr:0.22140726385 heading:23 velocity:[1.95, 0.69, -0.66] position:LocationGlobalRelative:lat=55.8686934,lon=-3.1481161,alt=4.59
INFO:root:Angle_optical:-3.29656753766 Distance_optical:73.3644947349 Angle_gps:-7.42106807323 Distance_gps:87.4568407087                  elapsed_time:0.0691270828247
INFO:root:sl:0.171768239061 sr:0.178173301 heading:23 velocity:[1.95, 0.69, -0.66] position:LocationGlobalRelative:lat=55.8686934,lon=-3.1481161,alt=4.59
INFO:root:Angle_optical:-3.3827302233 Distance_optical:73.6865579438 Angle_gps:-7.57365108405 Distance_gps:88.1248131034                  elapsed_time:0.077388048172
INFO:root:sl:0.23102749832 sr:0.23743256026 heading:23 velocity:[1.95, 0.69, -0.66] position:LocationGlobalRelative:lat=55.8686934,lon=-3.1481161,alt=4.59
INFO:root:Angle_optical:-3.49843340917 Distance_optical:74.1171939901 Angle_gps:-7.72391011684 Distance_gps:88.7932281157                  elapsed_time:0.0764920711517
INFO:root:sl:0.253472586014 sr:0.219212303394 heading:23 velocity:[1.95, 0.69, -0.66] position:LocationGlobalRelative:lat=55.8686934,lon=-3.1481161,alt=4.59
INFO:root:Angle_optical:-3.64247930118 Distance_optical:74.5387403407 Angle_gps:-7.87189567833 Distance_gps:89.4620707581                  elapsed_time:0.071307182312
INFO:root:sl:0.259054854586 sr:0.278471562653 heading:23 velocity:[1.77, 0.72, -0.58] position:LocationGlobalRelative:lat=55.8686973,lon=-3.148113,alt=4.57
INFO:root:Angle_optical:-3.76345172516 Distance_optical:75.0374009641 Angle_gps:-7.98831525881 Distance_gps:90.0894291449                  elapsed_time:0.0701291561127
INFO:root:sl:0.257738845901 sr:0.306772431203 heading:25 velocity:[1.77, 0.72, -0.58] position:LocationGlobalRelative:lat=55.8686973,lon=-3.148113,alt=4.57
INFO:root:Angle_optical:-3.8790331277 Distance_optical:75.5663723816 Angle_gps:-8.12673251486 Distance_gps:90.7043763025                  elapsed_time:0.0693008899689
INFO:root:sl:0.298460923356 sr:0.289343337664 heading:25 velocity:[1.77, 0.72, -0.58] position:LocationGlobalRelative:lat=55.8686973,lon=-3.148113,alt=4.57
INFO:root:Angle_optical:-4.04273259228 Distance_optical:76.0943647645 Angle_gps:-8.26707408838 Distance_gps:91.3170817529                  elapsed_time:0.0696020126343
INFO:root:sl:0.32730183905 sr:0.312193429472 heading:25 velocity:[1.51, 0.73, -0.56] position:LocationGlobalRelative:lat=55.8687008,lon=-3.1481097,alt=4.56
INFO:root:Angle_optical:-4.22350464531 Distance_optical:76.6665351167 Angle_gps:-8.36840158217 Distance_gps:91.8658491405                  elapsed_time:0.0760161876678
INFO:root:sl:0.30117538825 sr:0.371452688731 heading:26 velocity:[1.51, 0.73, -0.56] position:LocationGlobalRelative:lat=55.8687008,lon=-3.1481097,alt=4.56
INFO:root:Angle_optical:-4.35954851552 Distance_optical:77.2957868133 Angle_gps:-8.47919060495 Distance_gps:92.4087983638                  elapsed_time:0.0905141830444
INFO:root:sl:0.248371183503 sr:0.430711947991 heading:26 velocity:[1.51, 0.73, -0.56] position:LocationGlobalRelative:lat=55.8687008,lon=-3.1481097,alt=4.56
INFO:root:Angle_optical:-4.42389438323 Distance_optical:77.9704268493 Angle_gps:-8.59051005814 Distance_gps:92.9505732337                  elapsed_time:0.0747380256653
INFO:root:sl:0.204621475159 sr:0.377517999372 heading:26 velocity:[1.51, 0.73, -0.56] position:LocationGlobalRelative:lat=55.8687008,lon=-3.1481097,alt=4.56
INFO:root:Angle_optical:-4.46838935474 Distance_optical:78.5545497806 Angle_gps:-8.70132192441 Distance_gps:93.4921039345                  elapsed_time:0.069739818573
INFO:root:sl:0.164352769379 sr:0.436777258631 heading:24 velocity:[1.15, 0.65, -0.56] position:LocationGlobalRelative:lat=55.8687033,lon=-3.1481063,alt=4.55
INFO:root:Angle_optical:-4.44145718793 Distance_optical:79.1921537843 Angle_gps:-8.75498150516 Distance_gps:93.9336389602                  elapsed_time:0.0717160701752
INFO:root:sl:0.163882549267 sr:0.441232889527 heading:24 velocity:[1.15, 0.65, -0.56] position:LocationGlobalRelative:lat=55.8687033,lon=-3.1481063,alt=4.55
INFO:root:Angle_optical:-4.40827036288 Distance_optical:79.8353368545 Angle_gps:-8.80558275961 Distance_gps:94.3765820076                  elapsed_time:0.0682799816132
INFO:root:sl:0.115601605028 sr:0.430970709058 heading:24 velocity:[1.15, 0.65, -0.56] position:LocationGlobalRelative:lat=55.8687033,lon=-3.1481063,alt=4.55
INFO:root:Angle_optical:-4.33512937995 Distance_optical:80.4376017458 Angle_gps:-8.85463990138 Distance_gps:94.8198191253                  elapsed_time:0.0741109848022
INFO:root:sl:0.0652942635455 sr:0.379835651704 heading:21 velocity:[0.83, 0.51, -0.56] position:LocationGlobalRelative:lat=55.868705,lon=-3.1481034,alt=4.54
INFO:root:Angle_optical:-4.22493723964 Distance_optical:80.9416933328 Angle_gps:-8.86494830009 Distance_gps:95.1517099603                  elapsed_time:0.0784139633179
INFO:root:sl:0.00603500428625 sr:0.422016388912 heading:21 velocity:[0.83, 0.51, -0.56] position:LocationGlobalRelative:lat=55.868705,lon=-3.1481034,alt=4.54
INFO:root:Angle_optical:-4.0410090931 Distance_optical:81.4567522124 Angle_gps:-8.87202825086 Distance_gps:95.4838021032                  elapsed_time:0.0777089595795
INFO:root:sl:-0.0449924952654 sr:0.386039947343 heading:21 velocity:[0.83, 0.51, -0.56] position:LocationGlobalRelative:lat=55.868705,lon=-3.1481034,alt=4.54
INFO:root:Angle_optical:-3.86811444364 Distance_optical:81.9233859118 Angle_gps:-8.877815496 Distance_gps:95.8158595067                  elapsed_time:0.0718448162079
INFO:root:sl:-0.10094690372 sr:0.360264656542 heading:21 velocity:[0.55, 0.4, -0.47] position:LocationGlobalRelative:lat=55.8687061,lon=-3.1481008,alt=4.54
INFO:root:Angle_optical:-3.70783239991 Distance_optical:82.3588229928 Angle_gps:-8.87074099305 Distance_gps:96.0474527951                  elapsed_time:0.0714929103851
INFO:root:sl:-0.160206162979 sr:0.355708903904 heading:21 velocity:[0.55, 0.4, -0.47] position:LocationGlobalRelative:lat=55.8687061,lon=-3.1481008,alt=4.54
INFO:root:Angle_optical:-3.55099430989 Distance_optical:82.7890303605 Angle_gps:-8.86356900662 Distance_gps:96.2790012329                  elapsed_time:0.0700891017914
INFO:root:sl:-0.216924294031 sr:0.364457140504 heading:13 velocity:[0.55, 0.4, -0.47] position:LocationGlobalRelative:lat=55.8687061,lon=-3.1481008,alt=4.54
INFO:root:Angle_optical:-3.36491545676 Distance_optical:83.2011169639 Angle_gps:-8.82464571527 Distance_gps:96.4988040223                  elapsed_time:0.0832509994507
INFO:root:sl:-0.205730200332 sr:0.341723667502 heading:13 velocity:[0.4, 0.38, -0.42] position:LocationGlobalRelative:lat=55.8687067,lon=-3.1480983,alt=4.56
INFO:root:Angle_optical:-3.18325457822 Distance_optical:83.5752146513 Angle_gps:-8.77613864028 Distance_gps:96.6643575903                  elapsed_time:0.0738301277161
INFO:root:sl:-0.264989459591 sr:0.312378081657 heading:1 velocity:[0.4, 0.38, -0.42] position:LocationGlobalRelative:lat=55.8687067,lon=-3.1480983,alt=4.56
INFO:root:Angle_optical:-2.99453805784 Distance_optical:83.8846558651 Angle_gps:-8.69978296605 Distance_gps:96.7939140844                  elapsed_time:0.0716738700867
INFO:root:sl:-0.324248718851 sr:0.289323953699 heading:1 velocity:[0.4, 0.38, -0.42] position:LocationGlobalRelative:lat=55.8687067,lon=-3.1480983,alt=4.56
INFO:root:Angle_optical:-2.81306775699 Distance_optical:84.1557265123 Angle_gps:-8.62061558505 Distance_gps:96.9155563867                  elapsed_time:0.0689680576324
INFO:root:sl:-0.38350797811 sr:0.31549985321 heading:1 velocity:[0.38, 0.36, -0.54] position:LocationGlobalRelative:lat=55.8687073,lon=-3.1480957,alt=4.57
INFO:root:Angle_optical:-2.6105711103 Distance_optical:84.4455065786 Angle_gps:-8.54373296761 Distance_gps:97.0283079896                  elapsed_time:0.070296049118
INFO:root:sl:-0.442767237369 sr:0.296450190243 heading:1 velocity:[0.38, 0.36, -0.54] position:LocationGlobalRelative:lat=55.8687073,lon=-3.1480957,alt=4.57
INFO:root:Angle_optical:-2.41990828599 Distance_optical:84.7144814043 Angle_gps:-8.46644978154 Distance_gps:97.1393051022                  elapsed_time:0.0809559822083
INFO:root:sl:-0.38350797811 sr:0.237190930983 heading:342 velocity:[0.38, 0.36, -0.54] position:LocationGlobalRelative:lat=55.8687073,lon=-3.1480957,alt=4.57
INFO:root:Angle_optical:-2.24335374056 Distance_optical:84.8868785706 Angle_gps:-8.3797826001 Distance_gps:97.2152769835                  elapsed_time:0.0775990486145
INFO:root:sl:-0.442767237369 sr:0.296450190243 heading:342 velocity:[0.38, 0.36, -0.54] position:LocationGlobalRelative:lat=55.8687073,lon=-3.1480957,alt=4.57
INFO:root:Angle_optical:-2.00781055871 Distance_optical:85.0807751816 Angle_gps:-8.28801439308 Distance_gps:97.2808343045                  elapsed_time:0.0734760761261
INFO:root:sl:-0.485842329182 sr:0.316382866273 heading:342 velocity:[0.37, 0.27, -0.48] position:LocationGlobalRelative:lat=55.8687079,lon=-3.1480934,alt=4.6
INFO:root:Angle_optical:-1.75218840524 Distance_optical:85.2756978154 Angle_gps:-8.20407142974 Distance_gps:97.334966178                  elapsed_time:0.0707409381866
INFO:root:sl:-0.426583069923 sr:0.257123607014 heading:342 velocity:[0.37, 0.27, -0.48] position:LocationGlobalRelative:lat=55.8687079,lon=-3.1480934,alt=4.6
INFO:root:Angle_optical:-1.5428910151 Distance_optical:85.4317514976 Angle_gps:-8.11939389175 Distance_gps:97.3875625426                  elapsed_time:0.0732071399689
INFO:root:sl:-0.367323810664 sr:0.230622461257 heading:320 velocity:[0.37, 0.27, -0.48] position:LocationGlobalRelative:lat=55.8687079,lon=-3.1480934,alt=4.6
INFO:root:Angle_optical:-1.34198274539 Distance_optical:85.5006595704 Angle_gps:-8.04300910073 Distance_gps:97.401900894                  elapsed_time:0.0696051120758
INFO:root:sl:-0.352043050061 sr:0.171363201997 heading:320 velocity:[0.37, 0.27, -0.48] position:LocationGlobalRelative:lat=55.8687079,lon=-3.1480934,alt=4.6
INFO:root:Angle_optical:-1.19057330447 Distance_optical:85.5288785574 Angle_gps:-7.96641609606 Distance_gps:97.4027369466                  elapsed_time:0.0759518146515
INFO:root:sl:-0.369319525951 sr:0.112103942738 heading:320 velocity:[0.36, 0.21, -0.66] position:LocationGlobalRelative:lat=55.8687086,lon=-3.148091,alt=4.61
INFO:root:Angle_optical:-1.09128015899 Distance_optical:85.5404483451 Angle_gps:-7.8929944572 Distance_gps:97.397640268                  elapsed_time:0.0722301006317
INFO:root:sl:-0.310060266692 sr:0.0528446834789 heading:306 velocity:[0.36, 0.21, -0.66] position:LocationGlobalRelative:lat=55.8687086,lon=-3.148091,alt=4.61
INFO:root:Angle_optical:-1.04455716974 Distance_optical:85.5380184973 Angle_gps:-7.83107157351 Distance_gps:97.3813346347                  elapsed_time:0.0756030082703
INFO:root:sl:-0.250801007432 sr:0.00541966521447 heading:306 velocity:[0.36, 0.21, -0.66] position:LocationGlobalRelative:lat=55.8687086,lon=-3.148091,alt=4.61
INFO:root:Angle_optical:-1.03975963425 Distance_optical:85.5373706103 Angle_gps:-7.76947014719 Distance_gps:97.3591845643                  elapsed_time:0.0698978900909
INFO:root:sl:-0.191541748173 sr:-0.0538395940448 heading:306 velocity:[0.36, 0.21, -0.66] position:LocationGlobalRelative:lat=55.8687086,lon=-3.148091,alt=4.61
INFO:root:Angle_optical:-1.03975963425 Distance_optical:85.5373706103 Angle_gps:-7.70814505695 Distance_gps:97.3342646695                  elapsed_time:0.0706701278687
INFO:root:sl:-0.162588110425 sr:-0.100479357223 heading:306 velocity:[0.45, 0.21, -0.67] position:LocationGlobalRelative:lat=55.8687093,lon=-3.1480892,alt=4.61
INFO:root:Angle_optical:-1.03975963425 Distance_optical:85.5373706103 Angle_gps:-7.62999354965 Distance_gps:97.3008867013                  elapsed_time:0.076052904129
INFO:root:sl:-0.203935668347 sr:-0.136430786762 heading:302 velocity:[0.45, 0.21, -0.67] position:LocationGlobalRelative:lat=55.8687093,lon=-3.1480892,alt=4.61
INFO:root:Angle_optical:-1.03975963425 Distance_optical:85.5373706103 Angle_gps:-7.5563759375 Distance_gps:97.2633493083                  elapsed_time:0.0713551044464
INFO:root:sl:-0.21316373896 sr:-0.10330494521 heading:302 velocity:[0.45, 0.21, -0.67] position:LocationGlobalRelative:lat=55.8687093,lon=-3.1480892,alt=4.61
INFO:root:Angle_optical:-1.03975963425 Distance_optical:85.5373706103 Angle_gps:-7.48272728694 Distance_gps:97.223266754                  elapsed_time:0.0704810619354
INFO:root:sl:-0.250994026103 sr:-0.12748865553 heading:302 velocity:[0.7, 0.1, -0.67] position:LocationGlobalRelative:lat=55.8687104,lon=-3.1480874,alt=4.61
INFO:root:Angle_optical:-1.03975963425 Distance_optical:85.5373706103 Angle_gps:-7.35889166939 Distance_gps:97.1538648035                  elapsed_time:0.0711019039154
INFO:root:sl:-0.294091430974 sr:-0.133311011604 heading:305 velocity:[0.7, 0.1, -0.67] position:LocationGlobalRelative:lat=55.8687104,lon=-3.1480874,alt=4.61
INFO:root:Angle_optical:-1.03975963425 Distance_optical:85.5373706103 Angle_gps:-7.23168035025 Distance_gps:97.0895069344                  elapsed_time:0.0710790157318
INFO:root:sl:-0.301059923126 sr:-0.125617620288 heading:305 velocity:[0.7, 0.1, -0.67] position:LocationGlobalRelative:lat=55.8687104,lon=-3.1480874,alt=4.61
INFO:root:Angle_optical:-1.03975963425 Distance_optical:85.5373706103 Angle_gps:-7.10446623408 Distance_gps:97.0281421175                  elapsed_time:0.0697140693665
INFO:root:sl:-0.312392927808 sr:-0.0789847574464 heading:305 velocity:[0.7, 0.1, -0.67] position:LocationGlobalRelative:lat=55.8687104,lon=-3.1480874,alt=4.61
INFO:root:Angle_optical:-1.03975963425 Distance_optical:85.5373706103 Angle_gps:-6.97676051058 Distance_gps:96.9685263111                  elapsed_time:0.0713691711426
INFO:root:sl:-0.324579613386 sr:-0.0301241384247 heading:310 velocity:[0.99, -0.13, -0.62] position:LocationGlobalRelative:lat=55.868712,lon=-3.1480868,alt=4.64
INFO:root:Angle_optical:-1.03975963425 Distance_optical:85.5373706103 Angle_gps:-6.78705164003 Distance_gps:96.8817076495                  elapsed_time:0.0775599479675
INFO:root:sl:-0.265320354127 sr:0.0291351208345 heading:310 velocity:[0.99, -0.13, -0.62] position:LocationGlobalRelative:lat=55.868712,lon=-3.1480868,alt=4.64
INFO:root:Angle_optical:-1.01396597328 Distance_optical:85.5327364596 Angle_gps:-6.59373795788 Distance_gps:96.8235421105                  elapsed_time:0.0781531333923
INFO:root:sl:-0.206061094867 sr:0.0883943800938 heading:310 velocity:[1.25, -0.38, -0.63] position:LocationGlobalRelative:lat=55.8687143,lon=-3.1480876,alt=4.7
INFO:root:Angle_optical:-0.935905044522 Distance_optical:85.5209758159 Angle_gps:-6.33801556931 Distance_gps:96.8282174155                  elapsed_time:0.0717539787292
INFO:root:sl:-0.208194720573 sr:0.147653639353 heading:310 velocity:[1.25, -0.38, -0.63] position:LocationGlobalRelative:lat=55.8687143,lon=-3.1480876,alt=4.7
INFO:root:Angle_optical:-0.805195919032 Distance_optical:85.5035386068 Angle_gps:-6.0821125099 Distance_gps:96.8389774153                  elapsed_time:0.0700628757477
INFO:root:sl:-0.267453979832 sr:0.206912898612 heading:315 velocity:[1.25, -0.38, -0.63] position:LocationGlobalRelative:lat=55.8687143,lon=-3.1480876,alt=4.7
INFO:root:Angle_optical:-0.6219865982 Distance_optical:85.4894383193 Angle_gps:-5.82984560189 Distance_gps:96.9041647428                  elapsed_time:0.0694811344147
INFO:root:sl:-0.312374172967 sr:0.202278472678 heading:315 velocity:[1.25, -0.38, -0.63] position:LocationGlobalRelative:lat=55.8687143,lon=-3.1480876,alt=4.7
INFO:root:Angle_optical:-0.442862453708 Distance_optical:85.4810177749 Angle_gps:-5.5788755211 Distance_gps:96.978351176                  elapsed_time:0.0712518692017
INFO:root:sl:-0.253114913707 sr:0.261537731937 heading:315 velocity:[1.43, -0.65, -0.77] position:LocationGlobalRelative:lat=55.8687168,lon=-3.1480898,alt=4.75
INFO:root:Angle_optical:-0.211202948381 Distance_optical:85.4741855137 Angle_gps:-5.2882632344 Distance_gps:97.1401965706                  elapsed_time:0.0769138336182
INFO:root:sl:-0.193855654448 sr:0.320796991197 heading:316 velocity:[1.43, -0.65, -0.77] position:LocationGlobalRelative:lat=55.8687168,lon=-3.1480898,alt=4.75
INFO:root:Angle_optical:0.0729191778434 Distance_optical:85.4718343711 Angle_gps:-5.00149230975 Distance_gps:97.3177915531                  elapsed_time:0.0912899971008
INFO:root:sl:-0.134596395189 sr:0.380056250456 heading:316 velocity:[1.43, -0.65, -0.77] position:LocationGlobalRelative:lat=55.8687168,lon=-3.1480898,alt=4.75
INFO:root:Angle_optical:0.409490497508 Distance_optical:85.4741015016 Angle_gps:-4.71631683055 Distance_gps:97.5000760421                  elapsed_time:0.0724821090698
INFO:root:sl:-0.0753371359297 sr:0.439315509715 heading:316 velocity:[1.42, -0.92, -0.88] position:LocationGlobalRelative:lat=55.8687196,lon=-3.1480936,alt=4.78
INFO:root:Angle_optical:0.798387764404 Distance_optical:85.4816551898 Angle_gps:-4.43144088513 Distance_gps:97.7750616926                  elapsed_time:0.0703780651093
INFO:root:sl:-0.0160778766704 sr:0.434815431327 heading:316 velocity:[1.42, -0.92, -0.88] position:LocationGlobalRelative:lat=55.8687196,lon=-3.1480936,alt=4.78
INFO:root:Angle_optical:1.18313176132 Distance_optical:85.493563943 Angle_gps:-4.14838768285 Distance_gps:98.0529160373                  elapsed_time:0.0687201023102
INFO:root:sl:0.0116192400343 sr:0.375556172068 heading:314 velocity:[1.42, -0.92, -0.88] position:LocationGlobalRelative:lat=55.8687196,lon=-3.1480936,alt=4.78
INFO:root:Angle_optical:1.51514143182 Distance_optical:85.5168230122 Angle_gps:-3.85974448791 Distance_gps:98.3105443095                  elapsed_time:0.0684180259705
INFO:root:sl:0.0239292064017 sr:0.316296912808 heading:314 velocity:[1.32, -1.08, -0.94] position:LocationGlobalRelative:lat=55.8687222,lon=-3.1480989,alt=4.78
INFO:root:Angle_optical:1.79439696273 Distance_optical:85.5551571892 Angle_gps:-3.58802081855 Distance_gps:98.6236413087                  elapsed_time:0.0717768669128
INFO:root:sl:0.0831884656609 sr:0.257037653549 heading:314 velocity:[1.32, -1.08, -0.94] position:LocationGlobalRelative:lat=55.8687222,lon=-3.1480989,alt=4.78
INFO:root:Angle_optical:2.01989257184 Distance_optical:85.6717202807 Angle_gps:-3.3175696383 Distance_gps:98.9376421911                  elapsed_time:0.0785520076752
INFO:root:sl:0.0980495930475 sr:0.206635988115 heading:314 velocity:[1.32, -1.08, -0.94] position:LocationGlobalRelative:lat=55.8687222,lon=-3.1480989,alt=4.78
INFO:root:Angle_optical:2.20011085359 Distance_optical:85.8075071685 Angle_gps:-3.04863280696 Distance_gps:99.2531592387                  elapsed_time:0.0691068172455
INFO:root:sl:0.131552283461 sr:0.178576149095 heading:313 velocity:[1.32, -1.08, -0.94] position:LocationGlobalRelative:lat=55.8687222,lon=-3.1480989,alt=4.78
INFO:root:Angle_optical:2.35505239896 Distance_optical:85.9863134097 Angle_gps:-2.77710472072 Distance_gps:99.5595535418                  elapsed_time:0.0700957775116
INFO:root:sl:0.150850757666 sr:0.139041522883 heading:313 velocity:[1.32, -1.08, -0.94] position:LocationGlobalRelative:lat=55.8687222,lon=-3.1480989,alt=4.78
INFO:root:Angle_optical:2.47472007665 Distance_optical:86.1898666186 Angle_gps:-2.50667262552 Distance_gps:99.8666536515                  elapsed_time:0.0695049762726
INFO:root:sl:0.193087150405 sr:0.121366586188 heading:313 velocity:[1.28, -1.1, -0.85] position:LocationGlobalRelative:lat=55.8687248,lon=-3.1481052,alt=4.77
INFO:root:Angle_optical:2.57782227391 Distance_optical:86.4493315684 Angle_gps:-2.24477821376 Distance_gps:100.183081391                  elapsed_time:0.0809531211853
INFO:root:sl:0.252346409665 sr:0.0978018345715 heading:316 velocity:[1.28, -1.1, -0.85] position:LocationGlobalRelative:lat=55.8687248,lon=-3.1481052,alt=4.77
INFO:root:Angle_optical:2.65487007923 Distance_optical:86.7893155739 Angle_gps:-1.99782423332 Distance_gps:100.532224675                  elapsed_time:0.0819659233093
INFO:root:sl:0.22314970669 sr:0.0442543675319 heading:316 velocity:[1.28, -1.1, -0.85] position:LocationGlobalRelative:lat=55.8687248,lon=-3.1481052,alt=4.77
INFO:root:Angle_optical:2.68425966818 Distance_optical:87.0884220594 Angle_gps:-1.75431307768 Distance_gps:100.88656177                  elapsed_time:0.0693008899689
INFO:root:sl:0.163890447431 sr:0.00110212988491 heading:316 velocity:[1.39, -1.1, -0.89] position:LocationGlobalRelative:lat=55.8687272,lon=-3.1481112,alt=4.77
INFO:root:Angle_optical:2.67800005726 Distance_optical:87.3062942537 Angle_gps:-1.49285608523 Distance_gps:101.243963666                  elapsed_time:0.0690279006958
INFO:root:sl:0.118894846843 sr:0.0150742109062 heading:316 velocity:[1.39, -1.1, -0.89] position:LocationGlobalRelative:lat=55.8687272,lon=-3.1481112,alt=4.77
INFO:root:Angle_optical:2.68560359937 Distance_optical:87.4652401281 Angle_gps:-1.23368812072 Distance_gps:101.60421576                  elapsed_time:0.0687968730927
INFO:root:sl:0.096151898503 sr:-0.0179807566793 heading:316 velocity:[1.39, -1.1, -0.89] position:LocationGlobalRelative:lat=55.8687272,lon=-3.1481112,alt=4.77
INFO:root:Angle_optical:2.68115123647 Distance_optical:87.5929899622 Angle_gps:-0.976575657181 Distance_gps:101.966863116                  elapsed_time:0.0680310726166
INFO:root:sl:0.0938421568412 sr:-0.0379080686245 heading:321 velocity:[1.39, -1.1, -0.89] position:LocationGlobalRelative:lat=55.8687272,lon=-3.1481112,alt=4.77
INFO:root:Angle_optical:2.67418591197 Distance_optical:87.7173942257 Angle_gps:-0.747544780416 Distance_gps:102.383244925                  elapsed_time:0.0693209171295
INFO:root:sl:0.115960781778 sr:0.0143722407201 heading:321 velocity:[1.57, -1.13, -0.87] position:LocationGlobalRelative:lat=55.86873,lon=-3.1481171,alt=4.77
INFO:root:Angle_optical:2.67636898826 Distance_optical:87.8730467001 Angle_gps:-0.491743138907 Distance_gps:102.826573119                  elapsed_time:0.0725581645966
INFO:root:sl:0.175220041037 sr:0.0422510633928 heading:321 velocity:[1.57, -1.13, -0.87] position:LocationGlobalRelative:lat=55.86873,lon=-3.1481171,alt=4.77
INFO:root:Angle_optical:2.69602239608 Distance_optical:88.1110281014 Angle_gps:-0.240197559451 Distance_gps:103.275118458                  elapsed_time:0.079216003418
INFO:root:sl:0.234479300296 sr:0.101510322652 heading:324 velocity:[1.57, -1.13, -0.87] position:LocationGlobalRelative:lat=55.86873,lon=-3.1481171,alt=4.77
INFO:root:Angle_optical:2.75469227967 Distance_optical:88.4388661749 Angle_gps:-0.0112302309463 Distance_gps:103.760754489                  elapsed_time:0.0751869678497
INFO:root:sl:0.271045143165 sr:0.160769581911 heading:324 velocity:[1.73, -1.11, -0.88] position:LocationGlobalRelative:lat=55.8687333,lon=-3.1481227,alt=4.76
INFO:root:Angle_optical:2.85576331077 Distance_optical:88.8286033036 Angle_gps:0.241652137865 Distance_gps:104.26132974                  elapsed_time:0.0698750019073
INFO:root:sl:0.280766840025 sr:0.216331837478 heading:324 velocity:[1.73, -1.11, -0.88] position:LocationGlobalRelative:lat=55.8687333,lon=-3.1481227,alt=4.76
INFO:root:Angle_optical:2.99967721215 Distance_optical:89.243813692 Angle_gps:0.490220523083 Distance_gps:104.766575991                  elapsed_time:0.0704650878906
INFO:root:sl:0.310452333355 sr:0.193745886057 heading:324 velocity:[1.73, -1.11, -0.88] position:LocationGlobalRelative:lat=55.8687333,lon=-3.1481227,alt=4.76
INFO:root:Angle_optical:3.11854224551 Distance_optical:89.6947533284 Angle_gps:0.735745081431 Distance_gps:105.275228384                  elapsed_time:0.0695250034332
INFO:root:sl:0.28971833643 sr:0.165872020458 heading:329 velocity:[1.82, -1.09, -0.78] position:LocationGlobalRelative:lat=55.8687371,lon=-3.1481287,alt=4.75
INFO:root:Angle_optical:3.20185925529 Distance_optical:90.1216269731 Angle_gps:0.954432548706 Distance_gps:105.851567251                  elapsed_time:0.0719130039215
INFO:root:sl:0.348977595689 sr:0.221074279571 heading:329 velocity:[1.82, -1.09, -0.78] position:LocationGlobalRelative:lat=55.8687371,lon=-3.1481287,alt=4.75
INFO:root:Angle_optical:3.31195200145 Distance_optical:90.6496715939 Angle_gps:1.16504067791 Distance_gps:106.442020881                  elapsed_time:0.0790281295776
INFO:root:sl:0.37329787982 sr:0.233247305117 heading:329 velocity:[1.82, -1.09, -0.78] position:LocationGlobalRelative:lat=55.8687371,lon=-3.1481287,alt=4.75
INFO:root:Angle_optical:3.42142200331 Distance_optical:91.2155313529 Angle_gps:1.36940782781 Distance_gps:107.037926637                  elapsed_time:0.0704159736633
INFO:root:sl:0.369772047766 sr:0.243678494397 heading:332 velocity:[1.82, -1.09, -0.78] position:LocationGlobalRelative:lat=55.8687371,lon=-3.1481287,alt=4.75
INFO:root:Angle_optical:3.52452674379 Distance_optical:91.7908893587 Angle_gps:1.54167365277 Distance_gps:107.671244983                  elapsed_time:0.0699939727783
INFO:root:sl:0.345984551641 sr:0.271310805375 heading:332 velocity:[1.82, -1.09, -0.78] position:LocationGlobalRelative:lat=55.8687371,lon=-3.1481287,alt=4.75
INFO:root:Angle_optical:3.64886743051 Distance_optical:92.3522383813 Angle_gps:1.70671193702 Distance_gps:108.313132593                  elapsed_time:0.0710220336914
INFO:root:sl:0.329422279313 sr:0.243541340773 heading:332 velocity:[1.85, -1.09, -0.73] position:LocationGlobalRelative:lat=55.8687412,lon=-3.148135,alt=4.74
INFO:root:Angle_optical:3.7516351584 Distance_optical:92.8822553647 Angle_gps:1.87155087704 Distance_gps:108.963951008                  elapsed_time:0.0688018798828
INFO:root:sl:0.35291585904 sr:0.244137255085 heading:332 velocity:[1.85, -1.09, -0.73] position:LocationGlobalRelative:lat=55.8687412,lon=-3.148135,alt=4.74
INFO:root:Angle_optical:3.84633728932 Distance_optical:93.4438792028 Angle_gps:2.03349560956 Distance_gps:109.616889262                  elapsed_time:0.0751440525055
INFO:root:sl:0.354218459737 sr:0.291466771732 heading:335 velocity:[1.85, -1.09, -0.73] position:LocationGlobalRelative:lat=55.8687412,lon=-3.148135,alt=4.74
INFO:root:Angle_optical:3.96236496373 Distance_optical:94.0381115298 Angle_gps:2.16190346853 Distance_gps:110.298135632                  elapsed_time:0.0783309936523
INFO:root:sl:0.350721804721 sr:0.31523462352 heading:335 velocity:[1.85, -1.11, -0.81] position:LocationGlobalRelative:lat=55.868745,lon=-3.1481408,alt=4.71
INFO:root:Angle_optical:4.09074478215 Distance_optical:94.645244237 Angle_gps:2.2812467244 Distance_gps:110.990722424                  elapsed_time:0.0713791847229
INFO:root:sl:0.348377954286 sr:0.287664043883 heading:335 velocity:[1.85, -1.11, -0.81] position:LocationGlobalRelative:lat=55.868745,lon=-3.1481408,alt=4.71
INFO:root:Angle_optical:4.19502714479 Distance_optical:95.236486309 Angle_gps:2.39668996003 Distance_gps:111.684986954                  elapsed_time:0.0705602169037
INFO:root:sl:0.401970518488 sr:0.2857294267 heading:335 velocity:[1.85, -1.11, -0.81] position:LocationGlobalRelative:lat=55.868745,lon=-3.1481408,alt=4.71
INFO:root:Angle_optical:4.27835847938 Distance_optical:95.8951338269 Angle_gps:2.50988025209 Distance_gps:112.380444117                  elapsed_time:0.0678009986877
INFO:root:sl:0.413401841008 sr:0.306757307397 heading:337 velocity:[1.85, -1.11, -0.81] position:LocationGlobalRelative:lat=55.868745,lon=-3.1481408,alt=4.71
INFO:root:Angle_optical:4.3616127273 Distance_optical:96.5839395023 Angle_gps:2.59981688608 Distance_gps:113.088830701                  elapsed_time:0.0726311206818
INFO:root:sl:0.440372480263 sr:0.247498048138 heading:337 velocity:[1.79, -1.2, -0.81] position:LocationGlobalRelative:lat=55.8687491,lon=-3.1481472,alt=4.63
INFO:root:Angle_optical:4.38721244566 Distance_optical:97.2736520896 Angle_gps:2.6668503378 Distance_gps:113.806516661                  elapsed_time:0.0739550590515
INFO:root:sl:0.499631739522 sr:0.188238788879 heading:340 velocity:[1.79, -1.2, -0.81] position:LocationGlobalRelative:lat=55.8687491,lon=-3.1481472,alt=4.63
INFO:root:Angle_optical:4.34766187586 Distance_optical:98.0016677279 Angle_gps:2.73153816431 Distance_gps:114.5245498                  elapsed_time:0.085088968277
INFO:root:sl:0.440372480263 sr:0.12897952962 heading:340 velocity:[1.81, -1.26, -0.8] position:LocationGlobalRelative:lat=55.8687528,lon=-3.1481535,alt=4.55
INFO:root:Angle_optical:4.27279481929 Distance_optical:98.6162796578 Angle_gps:2.75644960509 Distance_gps:115.268355568                  elapsed_time:0.0741128921509
INFO:root:sl:0.438310058042 sr:0.0898654773513 heading:340 velocity:[1.81, -1.26, -0.8] position:LocationGlobalRelative:lat=55.8687528,lon=-3.1481535,alt=4.55
INFO:root:Angle_optical:4.16728007976 Distance_optical:99.200460527 Angle_gps:2.77522096916 Distance_gps:116.011970016                  elapsed_time:0.0717430114746
INFO:root:sl:0.497569317301 sr:0.149124736611 heading:340 velocity:[1.81, -1.26, -0.8] position:LocationGlobalRelative:lat=55.8687528,lon=-3.1481535,alt=4.55
INFO:root:Angle_optical:4.07873185244 Distance_optical:99.8932316106 Angle_gps:2.79144864361 Distance_gps:116.755350669                  elapsed_time:0.0716209411621
INFO:root:sl:0.438310058042 sr:0.120148735884 heading:340 velocity:[1.81, -1.26, -0.8] position:LocationGlobalRelative:lat=55.8687528,lon=-3.1481535,alt=4.55
INFO:root:Angle_optical:3.99336295942 Distance_optical:100.495704521 Angle_gps:2.8065934029 Distance_gps:117.498374902                  elapsed_time:0.0680899620056
INFO:root:sl:0.497569317301 sr:0.179407995143 heading:344 velocity:[1.81, -1.26, -0.8] position:LocationGlobalRelative:lat=55.8687528,lon=-3.1481535,alt=4.55
INFO:root:Angle_optical:3.90637817036 Distance_optical:101.197083824 Angle_gps:2.77795835739 Distance_gps:118.235222411                  elapsed_time:0.0722770690918
INFO:root:sl:0.55682857656 sr:0.141018001967 heading:344 velocity:[1.83, -1.29, -0.67] position:LocationGlobalRelative:lat=55.868757,lon=-3.1481605,alt=4.48
INFO:root:Angle_optical:3.76418874733 Distance_optical:101.931829974 Angle_gps:2.73999067538 Distance_gps:118.978200862                  elapsed_time:0.0731608867645
INFO:root:sl:0.598253214761 sr:0.142467438228 heading:344 velocity:[1.83, -1.29, -0.67] position:LocationGlobalRelative:lat=55.868757,lon=-3.1481605,alt=4.48
INFO:root:Angle_optical:3.60400518021 Distance_optical:102.712201845 Angle_gps:2.69916435681 Distance_gps:119.719901478                  elapsed_time:0.0801019668579
INFO:root:sl:0.608948521199 sr:0.201726697487 heading:349 velocity:[1.83, -1.29, -0.67] position:LocationGlobalRelative:lat=55.868757,lon=-3.1481605,alt=4.48
INFO:root:Angle_optical:3.45215127632 Distance_optical:103.526910426 Angle_gps:2.60797690437 Distance_gps:120.434789019                  elapsed_time:0.0751419067383
INFO:root:sl:0.57738785792 sr:0.224186930428 heading:349 velocity:[1.74, -1.16, -0.65] position:LocationGlobalRelative:lat=55.8687611,lon=-3.1481669,alt=4.41
INFO:root:Angle_optical:3.31969106113 Distance_optical:104.31505166 Angle_gps:2.52462525989 Distance_gps:121.098385375                  elapsed_time:0.0704920291901
INFO:root:sl:0.580631453139 sr:0.164927671169 heading:349 velocity:[1.74, -1.16, -0.65] position:LocationGlobalRelative:lat=55.8687611,lon=-3.1481669,alt=4.41
INFO:root:Angle_optical:3.14881408313 Distance_optical:105.055110752 Angle_gps:2.43811670331 Distance_gps:121.759732959                  elapsed_time:0.0690472126007
INFO:root:sl:0.551148138644 sr:0.145783153098 heading:349 velocity:[1.74, -1.16, -0.65] position:LocationGlobalRelative:lat=55.8687611,lon=-3.1481669,alt=4.41
INFO:root:Angle_optical:2.98121198253 Distance_optical:105.746651454 Angle_gps:2.35114202794 Distance_gps:122.419033844                  elapsed_time:0.0706458091736
INFO:root:sl:0.521696212252 sr:0.131406031636 heading:353 velocity:[1.74, -1.16, -0.65] position:LocationGlobalRelative:lat=55.8687611,lon=-3.1481669,alt=4.41
INFO:root:Angle_optical:2.80792785796 Distance_optical:106.382723397 Angle_gps:2.23257078084 Distance_gps:123.052541355                  elapsed_time:0.0701270103455
INFO:root:sl:0.530635619068 sr:0.134159059453 heading:353 velocity:[1.63, -1.17, -0.45] position:LocationGlobalRelative:lat=55.8687651,lon=-3.148173,alt=4.32
INFO:root:Angle_optical:2.62918038503 Distance_optical:107.022463513 Angle_gps:2.10628080642 Distance_gps:123.644567027                  elapsed_time:0.0798790454865
INFO:root:sl:0.589894878327 sr:0.0836070652826 heading:353 velocity:[1.63, -1.17, -0.45] position:LocationGlobalRelative:lat=55.8687651,lon=-3.148173,alt=4.32
INFO:root:Angle_optical:2.3954454081 Distance_optical:107.674775381 Angle_gps:1.97867070034 Distance_gps:124.23504145                  elapsed_time:0.0792329311371
INFO:root:sl:0.613036817723 sr:0.0349608938234 heading:354 velocity:[1.63, -1.17, -0.45] position:LocationGlobalRelative:lat=55.8687651,lon=-3.148173,alt=4.32
INFO:root:Angle_optical:2.12540508944 Distance_optical:108.302338119 Angle_gps:1.8447881609 Distance_gps:124.816630557                  elapsed_time:0.0727190971375
INFO:root:sl:0.672296076982 sr:-0.0242983654358 heading:354 velocity:[1.6, -1.02, -0.28] position:LocationGlobalRelative:lat=55.8687689,lon=-3.148179,alt=4.27
INFO:root:Angle_optical:1.81153862255 Distance_optical:108.956067018 Angle_gps:1.73198199778 Distance_gps:125.379820685                  elapsed_time:0.070436000824
INFO:root:sl:0.731555336242 sr:-0.0835576246951 heading:354 velocity:[1.6, -1.02, -0.28] position:LocationGlobalRelative:lat=55.8687689,lon=-3.148179,alt=4.27
INFO:root:Angle_optical:1.47360375118 Distance_optical:109.668791005 Angle_gps:1.61961922461 Distance_gps:125.94244433                  elapsed_time:0.0681982040405
INFO:root:sl:0.790814595501 sr:-0.142816883954 heading:354 velocity:[1.6, -1.02, -0.28] position:LocationGlobalRelative:lat=55.8687689,lon=-3.148179,alt=4.27
INFO:root:Angle_optical:1.1129420286 Distance_optical:110.442124259 Angle_gps:1.50800203239 Distance_gps:126.505004539                  elapsed_time:0.069766998291
INFO:root:sl:0.85007385476 sr:-0.102724733944 heading:354 velocity:[1.6, -0.49, -0.15] position:LocationGlobalRelative:lat=55.8687729,lon=-3.148183,alt=4.27
INFO:root:Angle_optical:0.730927555711 Distance_optical:111.277151898 Angle_gps:1.47355808484 Distance_gps:127.041375513                  elapsed_time:0.0701260566711
INFO:root:sl:0.887824003484 sr:-0.0538663207499 heading:354 velocity:[1.6, -0.49, -0.15] position:LocationGlobalRelative:lat=55.8687729,lon=-3.148183,alt=4.27
INFO:root:Angle_optical:0.338222521955 Distance_optical:112.153625431 Angle_gps:1.43935955734 Distance_gps:127.577604125                  elapsed_time:0.0768930912018
INFO:root:sl:0.828564744225 sr:0.00539293850939 heading:354 velocity:[1.6, -0.49, -0.15] position:LocationGlobalRelative:lat=55.8687729,lon=-3.148183,alt=4.27
INFO:root:Angle_optical:-0.0197952801034 Distance_optical:112.980166323 Angle_gps:1.40544527184 Distance_gps:128.113679515                  elapsed_time:0.0719459056854
INFO:root:sl:0.769305484966 sr:0.0646521977686 heading:354 velocity:[1.6, -0.49, -0.15] position:LocationGlobalRelative:lat=55.8687729,lon=-3.148183,alt=4.27
INFO:root:Angle_optical:-0.317398268457 Distance_optical:113.801363615 Angle_gps:1.3718265598 Distance_gps:128.649624953                  elapsed_time:0.068736076355
INFO:root:sl:0.710046225706 sr:0.123911457028 heading:352 velocity:[1.6, -0.49, -0.15] position:LocationGlobalRelative:lat=55.8687729,lon=-3.148183,alt=4.27
INFO:root:Angle_optical:-0.549621380652 Distance_optical:114.623591998 Angle_gps:1.35063505801 Distance_gps:129.189023967                  elapsed_time:0.0703270435333
INFO:root:sl:0.650786966447 sr:0.183170716287 heading:352 velocity:[1.61, -0.02, -0.08] position:LocationGlobalRelative:lat=55.868777,lon=-3.1481842,alt=4.27
INFO:root:Angle_optical:-0.721678088425 Distance_optical:115.439532594 Angle_gps:1.39718331027 Distance_gps:129.700577795                  elapsed_time:0.0723090171814
