INFO:root:Resolotion:320,240
INFO:root:sl:-0.0592592592593 sr:0.0592592592593 heading:5 velocity:[0.0, -0.01, 0.14] position:LocationGlobalRelative:lat=0.0,lon=0.0,alt=3.98
INFO:root:Angle_optical:42.2475732216 Distance_optical:0.0289142598258 Angle_gps:0.0 Distance_gps:0.0                  elapsed_time:0.0811221599579
INFO:root:sl:-0.0326722519946 sr:0.0375481493918 heading:5 velocity:[0.0, -0.01, 0.14] position:LocationGlobalRelative:lat=0.0,lon=0.0,alt=3.98
INFO:root:Angle_optical:41.7455765641 Distance_optical:0.0432963649569 Angle_gps:0.0 Distance_gps:0.0                  elapsed_time:0.0694258213043
INFO:root:sl:-0.0274234357889 sr:0.0236451930934 heading:5 velocity:[0.0, -0.01, 0.14] position:LocationGlobalRelative:lat=0.0,lon=0.0,alt=3.98
INFO:root:Angle_optical:42.068704413 Distance_optical:0.0655791760406 Angle_gps:0.0 Distance_gps:0.0                  elapsed_time:0.0734679698944
INFO:root:sl:-0.0272477308859 sr:0.0305089040909 heading:5 velocity:[0.0, -0.01, 0.14] position:LocationGlobalRelative:lat=0.0,lon=0.0,alt=3.98
INFO:root:Angle_optical:41.8676174746 Distance_optical:0.0914736886136 Angle_gps:0.0 Distance_gps:0.0                  elapsed_time:0.0729098320007
INFO:root:sl:-0.0184788882855 sr:0.0229771130044 heading:5 velocity:[0.0, -0.01, 0.14] position:LocationGlobalRelative:lat=0.0,lon=0.0,alt=3.98
INFO:root:Angle_optical:42.1497695097 Distance_optical:0.120968538132 Angle_gps:0.0 Distance_gps:0.0                  elapsed_time:0.0685319900513
INFO:root:sl:-0.0157266106565 sr:0.018991676799 heading:5 velocity:[0.0, -0.01, 0.14] position:LocationGlobalRelative:lat=0.0,lon=0.0,alt=3.98
INFO:root:Angle_optical:42.0893934147 Distance_optical:0.143718503128 Angle_gps:0.0 Distance_gps:0.0                  elapsed_time:0.0705637931824
INFO:root:sl:-0.0179881286118 sr:0.0188944588054 heading:5 velocity:[0.0, -0.01, 0.14] position:LocationGlobalRelative:lat=0.0,lon=0.0,alt=3.98
INFO:root:Angle_optical:42.1406551655 Distance_optical:0.169488186389 Angle_gps:0.0 Distance_gps:0.0                  elapsed_time:0.0700030326843
INFO:root:sl:-0.0230408513323 sr:0.0287028960007 heading:5 velocity:[0.0, -0.01, 0.14] position:LocationGlobalRelative:lat=0.0,lon=0.0,alt=3.98
INFO:root:Angle_optical:42.0557716882 Distance_optical:0.206886768483 Angle_gps:0.0 Distance_gps:0.0                  elapsed_time:0.072585105896
INFO:root:sl:-0.0146292498077 sr:0.0188204075817 heading:5 velocity:[0.0, -0.01, 0.14] position:LocationGlobalRelative:lat=0.0,lon=0.0,alt=3.98
INFO:root:Angle_optical:42.0394301355 Distance_optical:0.232437765405 Angle_gps:0.0 Distance_gps:0.0                  elapsed_time:0.068069934845
INFO:root:sl:-0.0369594531759 sr:0.0478730348007 heading:5 velocity:[0.0, -0.01, 0.14] position:LocationGlobalRelative:lat=0.0,lon=0.0,alt=3.98
INFO:root:Angle_optical:41.9415528087 Distance_optical:0.296105595499 Angle_gps:0.0 Distance_gps:0.0                  elapsed_time:0.0679271221161
INFO:root:sl:-0.0379745797094 sr:0.0490272055567 heading:5 velocity:[0.0, -0.01, 0.14] position:LocationGlobalRelative:lat=0.0,lon=0.0,alt=3.98
INFO:root:Angle_optical:41.8950018363 Distance_optical:0.362270769903 Angle_gps:0.0 Distance_gps:0.0                  elapsed_time:0.0727579593658
INFO:root:sl:-0.0243379753136 sr:0.0292338636641 heading:5 velocity:[0.0, -0.01, 0.14] position:LocationGlobalRelative:lat=0.0,lon=0.0,alt=3.98
INFO:root:Angle_optical:41.8628951841 Distance_optical:0.401395159757 Angle_gps:0.0 Distance_gps:0.0                  elapsed_time:0.0761768817902
INFO:root:sl:-0.0262322614512 sr:0.0317171628096 heading:5 velocity:[0.0, -0.01, 0.14] position:LocationGlobalRelative:lat=0.0,lon=0.0,alt=3.97
INFO:root:Angle_optical:41.838662155 Distance_optical:0.444076124671 Angle_gps:0.0 Distance_gps:0.0                  elapsed_time:0.0682921409607
INFO:root:sl:-0.0352755669245 sr:0.0453234380726 heading:5 velocity:[0.0, -0.01, 0.14] position:LocationGlobalRelative:lat=0.0,lon=0.0,alt=3.97
INFO:root:Angle_optical:41.8059266737 Distance_optical:0.504866773708 Angle_gps:0.0 Distance_gps:0.0                  elapsed_time:0.0779740810394
INFO:root:sl:-0.0185866191548 sr:0.0268100527528 heading:5 velocity:[0.0, -0.01, 0.14] position:LocationGlobalRelative:lat=0.0,lon=0.0,alt=3.97
INFO:root:Angle_optical:41.7912764604 Distance_optical:0.540901169152 Angle_gps:0.0 Distance_gps:0.0                  elapsed_time:0.0716230869293
INFO:root:sl:-0.0192027587492 sr:0.0250351990758 heading:5 velocity:[0.0, -0.01, 0.14] position:LocationGlobalRelative:lat=0.0,lon=0.0,alt=3.97
INFO:root:Angle_optical:41.7783319443 Distance_optical:0.574507185669 Angle_gps:0.0 Distance_gps:0.0                  elapsed_time:0.0668799877167
INFO:root:sl:-0.0211511694051 sr:0.02371332526 heading:5 velocity:[0.0, -0.01, 0.14] position:LocationGlobalRelative:lat=0.0,lon=0.0,alt=3.97
INFO:root:Angle_optical:41.7678015471 Distance_optical:0.606364242778 Angle_gps:0.0 Distance_gps:0.0                  elapsed_time:0.0682699680328
INFO:root:sl:-0.0302836905214 sr:0.0350821890955 heading:5 velocity:[0.0, -0.01, 0.14] position:LocationGlobalRelative:lat=0.0,lon=0.0,alt=3.97
INFO:root:Angle_optical:41.7536847705 Distance_optical:0.653471307317 Angle_gps:0.0 Distance_gps:0.0                  elapsed_time:0.0789029598236
INFO:root:sl:-0.0173718854671 sr:0.0206328081664 heading:5 velocity:[0.0, -0.01, 0.14] position:LocationGlobalRelative:lat=0.0,lon=0.0,alt=3.97
INFO:root:Angle_optical:41.7464212904 Distance_optical:0.681184799835 Angle_gps:0.0 Distance_gps:0.0                  elapsed_time:0.0689990520477
INFO:root:sl:-0.0230835333639 sr:0.0326731288177 heading:5 velocity:[0.0, -0.01, 0.14] position:LocationGlobalRelative:lat=0.0,lon=0.0,alt=3.97
INFO:root:Angle_optical:41.7359226233 Distance_optical:0.725062229358 Angle_gps:0.0 Distance_gps:0.0                  elapsed_time:0.0683720111847
INFO:root:sl:-0.0224539972066 sr:0.0226982822802 heading:5 velocity:[0.0, -0.01, 0.14] position:LocationGlobalRelative:lat=0.0,lon=0.0,alt=3.97
INFO:root:Angle_optical:41.7293968993 Distance_optical:0.755547838375 Angle_gps:0.0 Distance_gps:0.0                  elapsed_time:0.0675649642944
INFO:root:sl:-0.0308363973203 sr:0.0372676249587 heading:5 velocity:[0.0, -0.01, 0.14] position:LocationGlobalRelative:lat=0.0,lon=0.0,alt=3.97
INFO:root:Angle_optical:41.7197022124 Distance_optical:0.805597577475 Angle_gps:0.0 Distance_gps:0.0                  elapsed_time:0.0735728740692
INFO:root:sl:-0.0209617770328 sr:0.0237983746372 heading:5 velocity:[0.0, -0.01, 0.14] position:LocationGlobalRelative:lat=0.0,lon=0.0,alt=3.97
INFO:root:Angle_optical:41.7141360841 Distance_optical:0.837559816645 Angle_gps:0.0 Distance_gps:0.0                  elapsed_time:0.0760378837585
INFO:root:sl:-0.0400093438108 sr:0.0601618315553 heading:5 velocity:[0.0, -0.01, 0.14] position:LocationGlobalRelative:lat=0.0,lon=0.0,alt=3.97
INFO:root:Angle_optical:41.7017649406 Distance_optical:0.918357454937 Angle_gps:0.0 Distance_gps:0.0                  elapsed_time:0.0702991485596
INFO:root:sl:-0.0286636324662 sr:0.0311111269021 heading:5 velocity:[0.0, -0.01, 0.14] position:LocationGlobalRelative:lat=0.0,lon=0.0,alt=3.97
INFO:root:Angle_optical:41.6961924915 Distance_optical:0.96014057995 Angle_gps:0.0 Distance_gps:0.0                  elapsed_time:0.069785118103
INFO:root:sl:-0.0376352389967 sr:0.046047130895 heading:5 velocity:[0.0, -0.01, 0.14] position:LocationGlobalRelative:lat=0.0,lon=0.0,alt=3.97
INFO:root:Angle_optical:41.6887737347 Distance_optical:1.02198249644 Angle_gps:0.0 Distance_gps:0.0                  elapsed_time:0.0688419342041
INFO:root:sl:-0.0267997350378 sr:0.0344742678875 heading:5 velocity:[0.0, -0.01, 0.14] position:LocationGlobalRelative:lat=0.0,lon=0.0,alt=3.97
INFO:root:Angle_optical:41.6837849168 Distance_optical:1.06828220281 Angle_gps:0.0 Distance_gps:0.0                  elapsed_time:0.0729250907898
INFO:root:sl:-0.0345245808705 sr:0.0429306494635 heading:4 velocity:[0.01, -0.01, 0.14] position:LocationGlobalRelative:lat=0.0,lon=0.0,alt=3.98
INFO:root:Angle_optical:41.6976982844 Distance_optical:1.12592725308 Angle_gps:-47.163542167 Distance_gps:0.00172617971723                  elapsed_time:0.0833740234375
INFO:root:sl:-0.0385676063351 sr:0.0572669850538 heading:4 velocity:[0.01, -0.01, 0.14] position:LocationGlobalRelative:lat=0.0,lon=0.0,alt=3.98
INFO:root:Angle_optical:41.7256340919 Distance_optical:1.20278326092 Angle_gps:-47.699277448 Distance_gps:0.00308067201024                  elapsed_time:0.0841720104218
INFO:root:sl:-0.0280070866943 sr:0.0341036532423 heading:4 velocity:[0.01, -0.01, 0.14] position:LocationGlobalRelative:lat=0.0,lon=0.0,alt=3.98
INFO:root:Angle_optical:41.7439343647 Distance_optical:1.24855794488 Angle_gps:-47.2330468257 Distance_gps:0.00641785021347                  elapsed_time:0.0723631381989
INFO:root:sl:-0.0207180957453 sr:0.0325651328851 heading:4 velocity:[0.01, -0.01, 0.14] position:LocationGlobalRelative:lat=0.0,lon=0.0,alt=3.98
INFO:root:Angle_optical:41.7616006905 Distance_optical:1.29226092025 Angle_gps:-47.4381253732 Distance_gps:0.00942366564692                  elapsed_time:0.0734100341797
INFO:root:sl:-0.029384092503 sr:0.030999928347 heading:4 velocity:[0.01, -0.01, 0.14] position:LocationGlobalRelative:lat=0.0,lon=0.0,alt=3.98
INFO:root:Angle_optical:41.7780059752 Distance_optical:1.33386585877 Angle_gps:-47.147561002 Distance_gps:0.0139619761423                  elapsed_time:0.0677170753479
INFO:root:sl:-0.0252069554185 sr:0.0252626838265 heading:4 velocity:[0.01, -0.01, 0.14] position:LocationGlobalRelative:lat=0.0,lon=0.0,alt=3.98
INFO:root:Angle_optical:41.790872818 Distance_optical:1.36776907915 Angle_gps:-47.239584634 Distance_gps:0.0181927367447                  elapsed_time:0.0763261318207
INFO:root:sl:-0.0476974950586 sr:0.0671448158485 heading:4 velocity:[0.01, -0.01, 0.14] position:LocationGlobalRelative:lat=0.0,lon=0.0,alt=3.98
INFO:root:Angle_optical:41.8224756272 Distance_optical:1.45788176491 Angle_gps:-47.194210697 Distance_gps:0.0230030306015                  elapsed_time:0.0694110393524
INFO:root:sl:-0.0327027977267 sr:0.0323316831991 heading:4 velocity:[0.01, -0.01, 0.14] position:LocationGlobalRelative:lat=0.0,lon=0.0,alt=3.98
INFO:root:Angle_optical:41.8364021449 Distance_optical:1.50127222936 Angle_gps:-47.2649272607 Distance_gps:0.0275973933567                  elapsed_time:0.0705981254578
INFO:root:sl:0.0265564615325 sr:-0.0269275760601 heading:4 velocity:[0.01, -0.01, 0.14] position:LocationGlobalRelative:lat=0.0,lon=0.0,alt=3.98
INFO:root:Angle_optical:40.4767042001 Distance_optical:1.50198697732 Angle_gps:-47.2895295639 Distance_gps:0.0323829111189                  elapsed_time:0.0690579414368
INFO:root:sl:0.0858157207918 sr:-0.0840420690547 heading:4 velocity:[0.01, -0.01, 0.14] position:LocationGlobalRelative:lat=0.0,lon=0.0,alt=3.98
INFO:root:Angle_optical:36.1046806584 Distance_optical:1.51005769672 Angle_gps:-47.3396612597 Distance_gps:0.0370706917406                  elapsed_time:0.0786399841309
INFO:root:sl:0.0787243462976 sr:-0.122395448041 heading:4 velocity:[0.01, -0.01, 0.14] position:LocationGlobalRelative:lat=0.0,lon=0.0,alt=3.98
INFO:root:Angle_optical:32.1553961968 Distance_optical:1.52509304043 Angle_gps:-47.3697744488 Distance_gps:0.0418273401547                  elapsed_time:0.0706250667572
INFO:root:sl:0.0433992018439 sr:-0.0631361887813 heading:4 velocity:[0.01, -0.01, 0.14] position:LocationGlobalRelative:lat=0.0,lon=0.0,alt=3.98
INFO:root:Angle_optical:30.0168053037 Distance_optical:1.53642871899 Angle_gps:-47.4032462503 Distance_gps:0.0465443457741                  elapsed_time:0.0688819885254
INFO:root:sl:0.04347488947 sr:-0.0586885884588 heading:4 velocity:[0.01, -0.01, 0.14] position:LocationGlobalRelative:lat=0.0,lon=0.0,alt=3.98
INFO:root:Angle_optical:27.908781395 Distance_optical:1.54989725051 Angle_gps:-47.4273729656 Distance_gps:0.0512872185946                  elapsed_time:0.0686039924622
INFO:root:sl:-0.000769392547384 sr:0.000570670800445 heading:4 velocity:[0.01, -0.01, 0.14] position:LocationGlobalRelative:lat=0.0,lon=0.0,alt=3.97
INFO:root:Angle_optical:27.9158181377 Distance_optical:1.55063910171 Angle_gps:-47.4502914209 Distance_gps:0.0560145159111                  elapsed_time:0.0744659900665
INFO:root:sl:0.00147219085568 sr:-0.00399620542524 heading:4 velocity:[0.01, -0.01, 0.14] position:LocationGlobalRelative:lat=0.0,lon=0.0,alt=3.97
INFO:root:Angle_optical:27.8451244693 Distance_optical:1.55113134345 Angle_gps:-47.4684876868 Distance_gps:0.0607516903531                  elapsed_time:0.069657087326
INFO:root:sl:0.00564245687111 sr:-0.014228791947 heading:4 velocity:[0.01, -0.01, 0.14] position:LocationGlobalRelative:lat=0.0,lon=0.0,alt=3.97
INFO:root:Angle_optical:27.5745952901 Distance_optical:1.55303979026 Angle_gps:-47.4849518819 Distance_gps:0.0654828138353                  elapsed_time:0.0681359767914
INFO:root:sl:-0.00325283197092 sr:0.00704535496453 heading:4 velocity:[0.01, -0.01, 0.14] position:LocationGlobalRelative:lat=0.0,lon=0.0,alt=3.97
INFO:root:Angle_optical:27.6627849388 Distance_optical:1.56218633405 Angle_gps:-47.4987833196 Distance_gps:0.0702177342205                  elapsed_time:0.077378988266
INFO:root:sl:-0.00470182445183 sr:-0.00139528667926 heading:4 velocity:[0.01, -0.01, 0.14] position:LocationGlobalRelative:lat=0.0,lon=0.0,alt=3.97
INFO:root:Angle_optical:27.6627849388 Distance_optical:1.56218633405 Angle_gps:-47.5111590425 Distance_gps:0.0749503144042                  elapsed_time:0.0683839321136
INFO:root:sl:-0.00886913289431 sr:0.0173769752252 heading:4 velocity:[0.01, -0.01, 0.14] position:LocationGlobalRelative:lat=0.0,lon=0.0,alt=3.97
INFO:root:Angle_optical:27.875946262 Distance_optical:1.58476127284 Angle_gps:-47.5219173884 Distance_gps:0.079684358567                  elapsed_time:0.0711109638214
INFO:root:sl:-0.0094885470605 sr:0.00668034599713 heading:4 velocity:[0.01, -0.01, 0.14] position:LocationGlobalRelative:lat=0.0,lon=0.0,alt=3.97
INFO:root:Angle_optical:27.9562855129 Distance_optical:1.59344562679 Angle_gps:-47.5315664585 Distance_gps:0.0844174996569                  elapsed_time:0.0711109638214
INFO:root:sl:-0.00792995135998 sr:0.00558887056419 heading:4 velocity:[0.01, -0.01, 0.14] position:LocationGlobalRelative:lat=0.0,lon=0.0,alt=3.97
INFO:root:Angle_optical:28.0228286177 Distance_optical:1.6007134607 Angle_gps:-47.5401386693 Distance_gps:0.0891512062595                  elapsed_time:0.07479596138
INFO:root:sl:-0.0111975243081 sr:0.00793009736095 heading:4 velocity:[0.01, -0.01, 0.14] position:LocationGlobalRelative:lat=0.0,lon=0.0,alt=3.97
INFO:root:Angle_optical:28.1162166668 Distance_optical:1.61102951718 Angle_gps:-47.5478796604 Distance_gps:0.0938845649925                  elapsed_time:0.0690670013428
INFO:root:sl:-0.0227091975054 sr:0.0213023095509 heading:4 velocity:[0.01, -0.01, 0.14] position:LocationGlobalRelative:lat=0.0,lon=0.0,alt=3.97
INFO:root:Angle_optical:28.3612573818 Distance_optical:1.63876182687 Angle_gps:-47.5548589892 Distance_gps:0.0986181426164                  elapsed_time:0.0679879188538
INFO:root:sl:-0.00393878695632 sr:0.00817431818671 heading:4 velocity:[0.01, -0.01, 0.14] position:LocationGlobalRelative:lat=0.0,lon=0.0,alt=3.97
INFO:root:Angle_optical:28.4530983305 Distance_optical:1.64941129349 Angle_gps:-47.5612105228 Distance_gps:0.103351586582                  elapsed_time:0.0707430839539
INFO:root:sl:-0.0248165270985 sr:0.0291640123071 heading:4 velocity:[0.01, -0.01, 0.14] position:LocationGlobalRelative:lat=0.0,lon=0.0,alt=3.97
INFO:root:Angle_optical:28.771314023 Distance_optical:1.68743956669 Angle_gps:-47.5669991269 Distance_gps:0.108085115561                  elapsed_time:0.0764970779419
INFO:root:sl:-0.0111329090651 sr:0.0145600314579 heading:4 velocity:[0.01, -0.01, 0.14] position:LocationGlobalRelative:lat=0.0,lon=0.0,alt=3.97
INFO:root:Angle_optical:28.9248717513 Distance_optical:1.70644387027 Angle_gps:-47.5723060345 Distance_gps:0.112818593436                  elapsed_time:0.0717689990997
INFO:root:sl:-0.0114751536742 sr:0.0137590670533 heading:4 velocity:[0.01, -0.01, 0.14] position:LocationGlobalRelative:lat=0.0,lon=0.0,alt=3.97
INFO:root:Angle_optical:29.066870626 Distance_optical:1.7244137427 Angle_gps:-47.5771831904 Distance_gps:0.117552104546                  elapsed_time:0.0713360309601
INFO:root:sl:-0.0164152623715 sr:0.0230528538438 heading:4 velocity:[0.01, -0.01, 0.14] position:LocationGlobalRelative:lat=0.0,lon=0.0,alt=3.99
INFO:root:Angle_optical:29.2982628386 Distance_optical:1.75454473709 Angle_gps:-47.5816842066 Distance_gps:0.122285596313                  elapsed_time:0.0880839824677
INFO:root:sl:-0.0179140171025 sr:0.0131791508075 heading:4 velocity:[0.01, -0.01, 0.14] position:LocationGlobalRelative:lat=0.0,lon=0.0,alt=3.99
INFO:root:Angle_optical:29.4270111231 Distance_optical:1.77178291637 Angle_gps:-47.5858489048 Distance_gps:0.127019101246                  elapsed_time:0.069207906723
INFO:root:sl:-0.016979325894 sr:0.0287235723053 heading:4 velocity:[0.01, -0.01, 0.14] position:LocationGlobalRelative:lat=0.0,lon=0.0,alt=3.99
INFO:root:Angle_optical:29.6991104497 Distance_optical:1.80938306413 Angle_gps:-47.5897148646 Distance_gps:0.131752599017                  elapsed_time:0.0741810798645
INFO:root:sl:-0.0172658646215 sr:0.0170771216293 heading:4 velocity:[0.01, -0.01, 0.14] position:LocationGlobalRelative:lat=0.0,lon=0.0,alt=3.99
INFO:root:Angle_optical:29.8555855316 Distance_optical:1.8317563049 Angle_gps:-47.5933123669 Distance_gps:0.136486102142                  elapsed_time:0.0692999362946
INFO:root:sl:-0.0191956462124 sr:0.0141562066658 heading:4 velocity:[0.01, -0.01, 0.14] position:LocationGlobalRelative:lat=0.0,lon=0.0,alt=3.99
INFO:root:Angle_optical:29.9824273378 Distance_optical:1.85031289031 Angle_gps:-47.5966688865 Distance_gps:0.141219602747                  elapsed_time:0.069347858429
INFO:root:sl:-0.0262587654984 sr:0.0314146352228 heading:4 velocity:[0.01, -0.01, 0.14] position:LocationGlobalRelative:lat=0.0,lon=0.0,alt=3.99
INFO:root:Angle_optical:30.2550139065 Distance_optical:1.89152393904 Angle_gps:-47.5998075809 Distance_gps:0.145953105637                  elapsed_time:0.0746428966522
INFO:root:sl:-0.0124459684963 sr:0.0163016584681 heading:4 velocity:[0.01, -0.01, 0.14] position:LocationGlobalRelative:lat=0.0,lon=0.0,alt=3.99
INFO:root:Angle_optical:30.3918339994 Distance_optical:1.91292545418 Angle_gps:-47.6027491512 Distance_gps:0.150686607754                  elapsed_time:0.0725219249725
INFO:root:sl:-0.0241056321105 sr:0.0282446498625 heading:4 velocity:[0.01, -0.01, 0.14] position:LocationGlobalRelative:lat=0.0,lon=0.0,alt=3.99
INFO:root:Angle_optical:30.6217795838 Distance_optical:1.95003126989 Angle_gps:-47.6055115037 Distance_gps:0.155420110932                  elapsed_time:0.0700280666351
INFO:root:sl:-0.0214489474789 sr:0.0282874417579 heading:4 velocity:[0.01, -0.01, 0.14] position:LocationGlobalRelative:lat=0.0,lon=0.0,alt=3.99
INFO:root:Angle_optical:30.8434631422 Distance_optical:1.9872235821 Angle_gps:-47.6081105923 Distance_gps:0.160153613973                  elapsed_time:0.0712080001831
INFO:root:sl:-0.0197087243092 sr:0.0184930156493 heading:4 velocity:[0.01, -0.01, 0.14] position:LocationGlobalRelative:lat=0.0,lon=0.0,alt=3.99
INFO:root:Angle_optical:30.9839567542 Distance_optical:2.01155376508 Angle_gps:-47.6105604396 Distance_gps:0.164887117571                  elapsed_time:0.0733120441437
INFO:root:sl:-0.0138446033958 sr:0.0191203593459 heading:4 velocity:[0.01, -0.01, 0.14] position:LocationGlobalRelative:lat=0.0,lon=0.0,alt=3.99
INFO:root:Angle_optical:31.1256860837 Distance_optical:2.03672170484 Angle_gps:-47.612873563 Distance_gps:0.169620621248                  elapsed_time:0.0722160339355
INFO:root:sl:-0.0196466463498 sr:0.0162406333552 heading:4 velocity:[0.01, -0.01, 0.14] position:LocationGlobalRelative:lat=0.0,lon=0.0,alt=3.99
INFO:root:Angle_optical:31.2433463042 Distance_optical:2.05810864792 Angle_gps:-47.6150610843 Distance_gps:0.174354125261                  elapsed_time:0.0714237689972
INFO:root:sl:-0.0110403234828 sr:0.0148002447594 heading:4 velocity:[0.0, 0.0, 0.14] position:LocationGlobalRelative:lat=0.0,lon=0.0,alt=3.93
INFO:root:Angle_optical:31.3484610927 Distance_optical:2.07760617687 Angle_gps:-47.6150610843 Distance_gps:0.174354125261                  elapsed_time:0.0549988746643
INFO:root:sl:-0.0144570122265 sr:0.022388371114 heading:4 velocity:[0.0, 0.0, 0.14] position:LocationGlobalRelative:lat=0.0,lon=0.0,alt=3.93
INFO:root:Angle_optical:31.5037705652 Distance_optical:2.1071131101 Angle_gps:-47.6150610843 Distance_gps:0.174354125261                  elapsed_time:0.0745189189911
INFO:root:sl:-0.0149700837228 sr:0.0133208919556 heading:5 velocity:[0.0, 0.0, 0.14] position:LocationGlobalRelative:lat=0.0,lon=0.0,alt=3.93
INFO:root:Angle_optical:31.5909847102 Distance_optical:2.12470116166 Angle_gps:-47.6150610843 Distance_gps:0.174354125261                  elapsed_time:0.0809769630432
INFO:root:sl:-0.0235222165493 sr:0.0280654821619 heading:5 velocity:[0.0, 0.0, 0.14] position:LocationGlobalRelative:lat=0.0,lon=0.0,alt=3.93
INFO:root:Angle_optical:31.7670986613 Distance_optical:2.16181200826 Angle_gps:-47.6150610843 Distance_gps:0.174354125261                  elapsed_time:0.07155418396
INFO:root:sl:-0.0156857856947 sr:0.0157877109069 heading:5 velocity:[0.0, 0.0, 0.14] position:LocationGlobalRelative:lat=0.0,lon=0.0,alt=3.93
INFO:root:Angle_optical:31.8626614894 Distance_optical:2.18270005134 Angle_gps:-47.6150610843 Distance_gps:0.174354125261                  elapsed_time:0.0704071521759
INFO:root:sl:-0.0262830574413 sr:0.0372435846671 heading:5 velocity:[0.0, 0.0, 0.15] position:LocationGlobalRelative:lat=0.0,lon=0.0,alt=3.93
INFO:root:Angle_optical:32.0801290734 Distance_optical:2.23201229921 Angle_gps:-47.6150610843 Distance_gps:0.174354125261                  elapsed_time:0.0918300151825
INFO:root:sl:-0.0261256187586 sr:0.0297160328311 heading:5 velocity:[0.0, 0.0, 0.15] position:LocationGlobalRelative:lat=0.0,lon=0.0,alt=3.93
INFO:root:Angle_optical:32.2464886089 Distance_optical:2.2713800063 Angle_gps:-47.6150610843 Distance_gps:0.174354125261                  elapsed_time:0.0922880172729
INFO:root:sl:-0.0134597526888 sr:0.0204603624858 heading:5 velocity:[0.0, 0.0, 0.15] position:LocationGlobalRelative:lat=0.0,lon=0.0,alt=3.93
INFO:root:Angle_optical:32.3576136683 Distance_optical:2.29849880823 Angle_gps:-47.6150610843 Distance_gps:0.174354125261                  elapsed_time:0.0708069801331
INFO:root:sl:-0.0213292064302 sr:0.0224203175171 heading:5 velocity:[0.0, -0.01, 0.15] position:LocationGlobalRelative:lat=0.0,lon=0.0,alt=3.94
INFO:root:Angle_optical:32.4763425673 Distance_optical:2.32822475579 Angle_gps:-47.6150610843 Distance_gps:0.174354125261                  elapsed_time:0.0820510387421
INFO:root:sl:-0.018738928108 sr:0.0169974916666 heading:5 velocity:[0.0, -0.01, 0.15] position:LocationGlobalRelative:lat=0.0,lon=0.0,alt=3.94
INFO:root:Angle_optical:32.5643343738 Distance_optical:2.35076793254 Angle_gps:-47.6150610843 Distance_gps:0.174354125261                  elapsed_time:0.0702931880951
INFO:root:sl:-0.0161377361679 sr:0.0168723942333 heading:5 velocity:[0.0, -0.01, 0.15] position:LocationGlobalRelative:lat=0.0,lon=0.0,alt=3.94
INFO:root:Angle_optical:32.6500125267 Distance_optical:2.3731504162 Angle_gps:-47.6150610843 Distance_gps:0.174354125261                  elapsed_time:0.0698311328888
INFO:root:sl:-0.0176462789605 sr:0.0139020419506 heading:5 velocity:[0.0, -0.01, 0.15] position:LocationGlobalRelative:lat=0.0,lon=0.0,alt=3.95
INFO:root:Angle_optical:32.7193989357 Distance_optical:2.39159657565 Angle_gps:-47.6150610843 Distance_gps:0.174354125261                  elapsed_time:0.0707778930664
INFO:root:sl:-0.0128278462062 sr:0.0114899336522 heading:5 velocity:[0.0, -0.01, 0.15] position:LocationGlobalRelative:lat=0.0,lon=0.0,alt=3.95
INFO:root:Angle_optical:32.7759412619 Distance_optical:2.40684474467 Angle_gps:-47.6150610843 Distance_gps:0.174354125261                  elapsed_time:0.0687820911407
INFO:root:sl:-0.00636004610883 sr:0.0111624568601 heading:5 velocity:[0.0, -0.01, 0.15] position:LocationGlobalRelative:lat=0.0,lon=0.0,alt=3.95
INFO:root:Angle_optical:32.8301896597 Distance_optical:2.42166057912 Angle_gps:-47.6150610843 Distance_gps:0.174354125261                  elapsed_time:0.0702228546143
INFO:root:sl:-0.019912735275 sr:0.0195386722561 heading:5 velocity:[0.0, -0.01, 0.15] position:LocationGlobalRelative:lat=0.0,lon=0.0,alt=3.95
INFO:root:Angle_optical:32.9235635178 Distance_optical:2.4475991852 Angle_gps:-47.6150610843 Distance_gps:0.174354125261                  elapsed_time:0.0684530735016
INFO:root:sl:-0.0120318410915 sr:0.0109544019086 heading:5 velocity:[0.0, -0.01, 0.15] position:LocationGlobalRelative:lat=0.0,lon=0.0,alt=3.96
INFO:root:Angle_optical:32.9750529212 Distance_optical:2.46214453147 Angle_gps:-47.6150610843 Distance_gps:0.174354125261                  elapsed_time:0.0803511142731
INFO:root:sl:-0.00852455780745 sr:0.0115066863944 heading:5 velocity:[0.0, -0.01, 0.15] position:LocationGlobalRelative:lat=0.0,lon=0.0,alt=3.96
INFO:root:Angle_optical:33.028486925 Distance_optical:2.47742530775 Angle_gps:-47.6150610843 Distance_gps:0.174354125261                  elapsed_time:0.0697200298309
INFO:root:sl:-0.0460126353434 sr:0.0687708051666 heading:5 velocity:[0.0, -0.01, 0.15] position:LocationGlobalRelative:lat=0.0,lon=0.0,alt=3.96
INFO:root:Angle_optical:33.3345824984 Distance_optical:2.5687953076 Angle_gps:-47.6150610843 Distance_gps:0.174354125261                  elapsed_time:0.0732419490814
INFO:root:sl:-0.0140720859434 sr:0.0222699867039 heading:5 velocity:[0.0, -0.01, 0.15] position:LocationGlobalRelative:lat=0.0,lon=0.0,alt=3.96
INFO:root:Angle_optical:33.4290896632 Distance_optical:2.5983985078 Angle_gps:-47.6150610843 Distance_gps:0.174354125261                  elapsed_time:0.0822958946228
INFO:root:sl:-0.019038800078 sr:0.0244793754925 heading:5 velocity:[0.0, -0.01, 0.15] position:LocationGlobalRelative:lat=0.0,lon=0.0,alt=3.96
INFO:root:Angle_optical:33.5305187045 Distance_optical:2.63094656515 Angle_gps:-47.6150610843 Distance_gps:0.174354125261                  elapsed_time:0.0680899620056
INFO:root:sl:-0.0228397908466 sr:0.0297866943594 heading:5 velocity:[0.0, -0.01, 0.15] position:LocationGlobalRelative:lat=0.0,lon=0.0,alt=3.96
INFO:root:Angle_optical:33.6506031906 Distance_optical:2.67056207772 Angle_gps:-47.6150610843 Distance_gps:0.174354125261                  elapsed_time:0.0673670768738
INFO:root:sl:-0.02515997957 sr:0.035846124643 heading:5 velocity:[0.0, -0.01, 0.15] position:LocationGlobalRelative:lat=0.0,lon=0.0,alt=3.96
INFO:root:Angle_optical:33.7904745601 Distance_optical:2.71825147963 Angle_gps:-47.6150610843 Distance_gps:0.174354125261                  elapsed_time:0.0730938911438
INFO:root:sl:-0.0148087313239 sr:0.0214375015614 heading:5 velocity:[0.0, -0.01, 0.15] position:LocationGlobalRelative:lat=0.0,lon=0.0,alt=3.96
INFO:root:Angle_optical:33.8718023374 Distance_optical:2.74677926233 Angle_gps:-47.6150610843 Distance_gps:0.174354125261                  elapsed_time:0.0727851390839
INFO:root:sl:-0.0416219126721 sr:0.060356501828 heading:5 velocity:[0.0, -0.01, 0.15] position:LocationGlobalRelative:lat=0.0,lon=0.0,alt=3.96
INFO:root:Angle_optical:34.0919598052 Distance_optical:2.82712666836 Angle_gps:-47.6150610843 Distance_gps:0.174354125261                  elapsed_time:0.0724449157715
INFO:root:sl:-0.0157473074601 sr:0.0284622640376 heading:5 velocity:[0.0, -0.01, 0.15] position:LocationGlobalRelative:lat=0.0,lon=0.0,alt=3.96
INFO:root:Angle_optical:34.1914938808 Distance_optical:2.86502985597 Angle_gps:-47.6150610843 Distance_gps:0.174354125261                  elapsed_time:0.0727660655975
INFO:root:sl:-0.0194517244912 sr:0.0272162765135 heading:5 velocity:[0.0, -0.01, 0.15] position:LocationGlobalRelative:lat=0.0,lon=0.0,alt=3.96
INFO:root:Angle_optical:34.2842379037 Distance_optical:2.90128160924 Angle_gps:-47.6150610843 Distance_gps:0.174354125261                  elapsed_time:0.0716750621796
INFO:root:sl:-0.04736005695 sr:0.071792992534 heading:5 velocity:[0.0, -0.01, 0.15] position:LocationGlobalRelative:lat=0.0,lon=0.0,alt=3.96
INFO:root:Angle_optical:34.5181162272 Distance_optical:2.99694372046 Angle_gps:-47.6150610843 Distance_gps:0.174354125261                  elapsed_time:0.0686388015747
INFO:root:sl:-0.0221663386002 sr:0.031749269805 heading:5 velocity:[0.0, -0.01, 0.15] position:LocationGlobalRelative:lat=0.0,lon=0.0,alt=3.96
INFO:root:Angle_optical:34.6168489711 Distance_optical:3.03926384132 Angle_gps:-47.6150610843 Distance_gps:0.174354125261                  elapsed_time:0.0707561969757
INFO:root:sl:-0.0354482573243 sr:0.045442206945 heading:5 velocity:[0.0, -0.01, 0.15] position:LocationGlobalRelative:lat=0.0,lon=0.0,alt=3.97
INFO:root:Angle_optical:34.753472065 Distance_optical:3.0998510319 Angle_gps:-47.6150610843 Distance_gps:0.174354125261                  elapsed_time:0.0876491069794
INFO:root:sl:-0.0228712360858 sr:0.0374006185759 heading:5 velocity:[0.0, -0.01, 0.15] position:LocationGlobalRelative:lat=0.0,lon=0.0,alt=3.97
INFO:root:Angle_optical:34.8619740612 Distance_optical:3.14972921759 Angle_gps:-47.6150610843 Distance_gps:0.174354125261                  elapsed_time:0.071132183075
INFO:root:sl:-0.0239072093681 sr:0.0287402301022 heading:5 velocity:[0.0, -0.01, 0.15] position:LocationGlobalRelative:lat=0.0,lon=0.0,alt=3.97
INFO:root:Angle_optical:34.9430444134 Distance_optical:3.18806515849 Angle_gps:-47.6150610843 Distance_gps:0.174354125261                  elapsed_time:0.0681908130646
INFO:root:sl:-0.0148685589615 sr:0.0275606546763 heading:5 velocity:[0.0, -0.01, 0.15] position:LocationGlobalRelative:lat=0.0,lon=0.0,alt=3.97
INFO:root:Angle_optical:35.0189767381 Distance_optical:3.22483350767 Angle_gps:-47.6150610843 Distance_gps:0.174354125261                  elapsed_time:0.0718069076538
INFO:root:sl:-0.0217708468189 sr:0.0235989945446 heading:5 velocity:[0.0, -0.01, 0.15] position:LocationGlobalRelative:lat=0.0,lon=0.0,alt=3.97
INFO:root:Angle_optical:35.0826313817 Distance_optical:3.25632102872 Angle_gps:-47.6150610843 Distance_gps:0.174354125261                  elapsed_time:0.068097114563
INFO:root:sl:-0.0154103730525 sr:0.01986113061 heading:5 velocity:[0.0, -0.01, 0.15] position:LocationGlobalRelative:lat=0.0,lon=0.0,alt=3.97
INFO:root:Angle_optical:35.1352573081 Distance_optical:3.28282425362 Angle_gps:-47.6150610843 Distance_gps:0.174354125261                  elapsed_time:0.0684089660645
INFO:root:sl:-0.0191195227703 sr:0.0179152045326 heading:5 velocity:[0.0, -0.01, 0.15] position:LocationGlobalRelative:lat=0.0,lon=0.0,alt=3.97
INFO:root:Angle_optical:35.1820033913 Distance_optical:3.30673310491 Angle_gps:-47.6150610843 Distance_gps:0.174354125261                  elapsed_time:0.0704309940338
INFO:root:sl:-0.0394443251384 sr:0.0523474011964 heading:5 velocity:[0.0, -0.01, 0.15] position:LocationGlobalRelative:lat=0.0,lon=0.0,alt=3.97
INFO:root:Angle_optical:35.3147995344 Distance_optical:3.37660583242 Angle_gps:-47.6150610843 Distance_gps:0.174354125261                  elapsed_time:0.0812239646912
INFO:root:sl:-0.0218832500049 sr:0.0214012864797 heading:5 velocity:[0.0, -0.01, 0.15] position:LocationGlobalRelative:lat=0.0,lon=0.0,alt=3.97
INFO:root:Angle_optical:35.3675211311 Distance_optical:3.40517706247 Angle_gps:-47.6150610843 Distance_gps:0.174354125261                  elapsed_time:0.0713028907776
INFO:root:sl:-0.0376433870559 sr:0.0486647456449 heading:5 velocity:[0.0, -0.01, 0.15] position:LocationGlobalRelative:lat=0.0,lon=0.0,alt=3.98
INFO:root:Angle_optical:35.4841736131 Distance_optical:3.47015601567 Angle_gps:-47.6150610843 Distance_gps:0.174354125261                  elapsed_time:0.0686440467834
INFO:root:sl:-0.0267038819338 sr:0.0316655493658 heading:5 velocity:[0.0, -0.01, 0.15] position:LocationGlobalRelative:lat=0.0,lon=0.0,alt=3.98
INFO:root:Angle_optical:35.5577597035 Distance_optical:3.51244443913 Angle_gps:-47.6150610843 Distance_gps:0.174354125261                  elapsed_time:0.075366973877
INFO:root:sl:-0.0556846307596 sr:0.0780368671937 heading:5 velocity:[0.0, -0.01, 0.15] position:LocationGlobalRelative:lat=0.0,lon=0.0,alt=3.98
INFO:root:Angle_optical:35.7317585215 Distance_optical:3.61668390871 Angle_gps:-47.6150610843 Distance_gps:0.174354125261                  elapsed_time:0.070426940918
INFO:root:sl:-0.032868150731 sr:0.0399256847791 heading:5 velocity:[0.0, -0.01, 0.15] position:LocationGlobalRelative:lat=0.0,lon=0.0,alt=3.98
INFO:root:Angle_optical:35.8169580325 Distance_optical:3.67002773655 Angle_gps:-47.6150610843 Distance_gps:0.174354125261                  elapsed_time:0.0713400840759
