INFO:root:sl:0 sr:0 heading:347 velocity:[0.42, -0.31, 0.03] position:LocationGlobalRelative:lat=55.9407635,lon=-3.1923489,alt=2.47
INFO:root:Angle_optical:0.0 Distance_optical:0 Angle_gps:-14.240335391 Distance_gps:0.0607466697577                  elapsed_time:0.00302195549011
INFO:root:sl:0 sr:0 heading:347 velocity:[0.42, -0.31, 0.03] position:LocationGlobalRelative:lat=55.9407635,lon=-3.1923489,alt=2.47
INFO:root:Angle_optical:0.0 Distance_optical:0 Angle_gps:-12.9132879439 Distance_gps:0.108886692444                  elapsed_time:0.0593290328979
INFO:root:sl:0 sr:0 heading:330 velocity:[0.42, -0.31, 0.03] position:LocationGlobalRelative:lat=55.9407635,lon=-3.1923489,alt=2.47
INFO:root:Angle_optical:0.0 Distance_optical:0 Angle_gps:6.5825563298 Distance_gps:0.208745998601                  elapsed_time:0.0559279918671
INFO:root:sl:0 sr:0 heading:330 velocity:[0.42, -0.31, 0.03] position:LocationGlobalRelative:lat=55.9407635,lon=-3.1923489,alt=2.47
INFO:root:Angle_optical:0.0 Distance_optical:0 Angle_gps:12.2254732679 Distance_gps:0.306962623835                  elapsed_time:0.0594170093536
INFO:root:sl:0 sr:0 heading:330 velocity:[0.43, -0.48, 0.08] position:LocationGlobalRelative:lat=55.9407645,lon=-3.1923514,alt=2.51
INFO:root:Angle_optical:0.0 Distance_optical:0 Angle_gps:17.7760985564 Distance_gps:0.459752928694                  elapsed_time:0.0651319026947
INFO:root:sl:0 sr:0 heading:330 velocity:[0.43, -0.48, 0.08] position:LocationGlobalRelative:lat=55.9407645,lon=-3.1923514,alt=2.51
INFO:root:Angle_optical:0.0 Distance_optical:0 Angle_gps:16.6953612475 Distance_gps:0.645703605515                  elapsed_time:0.0648369789124
INFO:root:sl:0 sr:0 heading:330 velocity:[0.43, -0.48, 0.08] position:LocationGlobalRelative:lat=55.9407645,lon=-3.1923514,alt=2.51
INFO:root:Angle_optical:0.0 Distance_optical:0 Angle_gps:16.5143673234 Distance_gps:0.864260335079                  elapsed_time:0.058501958847
INFO:root:sl:0 sr:0 heading:314 velocity:[0.43, -0.48, 0.08] position:LocationGlobalRelative:lat=55.9407645,lon=-3.1923514,alt=2.51
INFO:root:Angle_optical:0.0 Distance_optical:0 Angle_gps:20.4944375578 Distance_gps:1.06202896484                  elapsed_time:0.0560460090637
INFO:root:sl:0 sr:0 heading:314 velocity:[0.52, -0.47, 0.05] position:LocationGlobalRelative:lat=55.9407656,lon=-3.1923544,alt=2.55
INFO:root:Angle_optical:0.0 Distance_optical:0 Angle_gps:25.2185341874 Distance_gps:1.27949330519                  elapsed_time:0.0563519001007
INFO:root:sl:0 sr:0 heading:314 velocity:[0.52, -0.47, 0.05] position:LocationGlobalRelative:lat=55.9407656,lon=-3.1923544,alt=2.55
INFO:root:Angle_optical:0.0 Distance_optical:0 Angle_gps:28.6887928242 Distance_gps:1.49617697442                  elapsed_time:0.0609841346741
INFO:root:sl:0 sr:0 heading:314 velocity:[0.52, -0.47, 0.05] position:LocationGlobalRelative:lat=55.9407656,lon=-3.1923544,alt=2.55
INFO:root:Angle_optical:0.0 Distance_optical:0 Angle_gps:31.4062032805 Distance_gps:1.71980430252                  elapsed_time:0.058021068573
INFO:root:sl:0 sr:0 heading:314 velocity:[0.52, -0.47, 0.05] position:LocationGlobalRelative:lat=55.9407656,lon=-3.1923544,alt=2.55
INFO:root:Angle_optical:0.0 Distance_optical:0 Angle_gps:33.5175933586 Distance_gps:1.94388402742                  elapsed_time:0.0629639625549
INFO:root:sl:0 sr:0 heading:309 velocity:[0.52, -0.47, 0.05] position:LocationGlobalRelative:lat=55.9407656,lon=-3.1923544,alt=2.55
INFO:root:Angle_optical:0.0 Distance_optical:0 Angle_gps:35.9242958595 Distance_gps:2.16304955122                  elapsed_time:0.0557079315186
INFO:root:sl:0 sr:0 heading:309 velocity:[0.6, -0.39, -0.02] position:LocationGlobalRelative:lat=55.9407669,lon=-3.1923569,alt=2.58
INFO:root:Angle_optical:0.0 Distance_optical:0 Angle_gps:38.8543534566 Distance_gps:2.37327699072                  elapsed_time:0.0565030574799
INFO:root:sl:0 sr:0 heading:309 velocity:[0.6, -0.39, -0.02] position:LocationGlobalRelative:lat=55.9407669,lon=-3.1923569,alt=2.58
INFO:root:Angle_optical:0.0 Distance_optical:0 Angle_gps:41.3446319459 Distance_gps:2.58832961864                  elapsed_time:0.0558710098267
INFO:root:sl:0 sr:0 heading:309 velocity:[0.6, -0.39, -0.02] position:LocationGlobalRelative:lat=55.9407669,lon=-3.1923569,alt=2.58
INFO:root:Angle_optical:0.0 Distance_optical:0 Angle_gps:43.4667508016 Distance_gps:2.80695660891                  elapsed_time:0.0629072189331
INFO:root:sl:0 sr:0 heading:303 velocity:[0.6, -0.39, -0.02] position:LocationGlobalRelative:lat=55.9407669,lon=-3.1923569,alt=2.58
INFO:root:Angle_optical:0.0 Distance_optical:0 Angle_gps:45.2887144124 Distance_gps:3.0288757618                  elapsed_time:0.0624358654022
INFO:root:sl:0 sr:0 heading:303 velocity:[0.6, -0.39, -0.02] position:LocationGlobalRelative:lat=55.9407669,lon=-3.1923569,alt=2.58
INFO:root:Angle_optical:0.0 Distance_optical:0 Angle_gps:47.4808612491 Distance_gps:3.2380436902                  elapsed_time:0.0579619407654
INFO:root:sl:0 sr:0 heading:303 velocity:[0.64, -0.38, -0.05] position:LocationGlobalRelative:lat=55.9407684,lon=-3.1923593,alt=2.6
INFO:root:Angle_optical:0.0 Distance_optical:0 Angle_gps:49.7260198048 Distance_gps:3.4537832913                  elapsed_time:0.0561530590057
INFO:root:sl:0 sr:0 heading:303 velocity:[0.64, -0.38, -0.05] position:LocationGlobalRelative:lat=55.9407684,lon=-3.1923593,alt=2.6
INFO:root:Angle_optical:0.0 Distance_optical:0 Angle_gps:51.7470357376 Distance_gps:3.6725210758                  elapsed_time:0.057678937912
INFO:root:sl:0 sr:0 heading:303 velocity:[0.64, -0.38, -0.05] position:LocationGlobalRelative:lat=55.9407684,lon=-3.1923593,alt=2.6
INFO:root:Angle_optical:0.0 Distance_optical:0 Angle_gps:53.5582150858 Distance_gps:3.89517939665                  elapsed_time:0.056147813797
INFO:root:sl:0 sr:0 heading:301 velocity:[0.64, -0.38, -0.05] position:LocationGlobalRelative:lat=55.9407684,lon=-3.1923593,alt=2.6
INFO:root:Angle_optical:0.0 Distance_optical:0 Angle_gps:55.3633683738 Distance_gps:4.11466700575                  elapsed_time:0.0591101646423
INFO:root:sl:0 sr:0 heading:301 velocity:[0.64, -0.38, -0.05] position:LocationGlobalRelative:lat=55.9407684,lon=-3.1923593,alt=2.6
INFO:root:Angle_optical:0.0 Distance_optical:0 Angle_gps:57.0196102652 Distance_gps:4.33739108569                  elapsed_time:0.061653137207
INFO:root:sl:0 sr:0 heading:301 velocity:[0.64, -0.44, -0.15] position:LocationGlobalRelative:lat=55.9407697,lon=-3.1923619,alt=2.62
INFO:root:Angle_optical:0.0 Distance_optical:0 Angle_gps:58.3902678259 Distance_gps:4.57994214282                  elapsed_time:0.0556049346924
INFO:root:sl:0 sr:0 heading:301 velocity:[0.64, -0.44, -0.15] position:LocationGlobalRelative:lat=55.9407697,lon=-3.1923619,alt=2.62
INFO:root:Angle_optical:0.0 Distance_optical:0 Angle_gps:59.6290576747 Distance_gps:4.82488091351                  elapsed_time:0.0564351081848
INFO:root:sl:0 sr:0 heading:301 velocity:[0.64, -0.44, -0.15] position:LocationGlobalRelative:lat=55.9407697,lon=-3.1923619,alt=2.62
INFO:root:Angle_optical:0.0 Distance_optical:0 Angle_gps:60.7507764521 Distance_gps:5.07168436111                  elapsed_time:0.0559039115906
INFO:root:sl:0 sr:0 heading:301 velocity:[0.64, -0.44, -0.15] position:LocationGlobalRelative:lat=55.9407697,lon=-3.1923619,alt=2.62
INFO:root:Angle_optical:0.0 Distance_optical:0 Angle_gps:61.7691926873 Distance_gps:5.32028663325                  elapsed_time:0.0558228492737
INFO:root:sl:0 sr:0 heading:301 velocity:[0.64, -0.44, -0.15] position:LocationGlobalRelative:lat=55.9407697,lon=-3.1923619,alt=2.62
INFO:root:Angle_optical:0.0 Distance_optical:0 Angle_gps:62.6970160828 Distance_gps:5.57036834788                  elapsed_time:0.0611040592194
INFO:root:sl:0 sr:0 heading:301 velocity:[0.75, -0.54, -0.07] position:LocationGlobalRelative:lat=55.9407712,lon=-3.1923653,alt=2.62
INFO:root:Angle_optical:0.0 Distance_optical:0 Angle_gps:63.6340636142 Distance_gps:5.87174140415                  elapsed_time:0.0586400032043
INFO:root:sl:0 sr:0 heading:301 velocity:[0.75, -0.54, -0.07] position:LocationGlobalRelative:lat=55.9407712,lon=-3.1923653,alt=2.62
INFO:root:Angle_optical:0.0 Distance_optical:0 Angle_gps:64.4795521266 Distance_gps:6.17451021441                  elapsed_time:0.0717082023621
INFO:root:sl:0 sr:0 heading:301 velocity:[0.75, -0.54, -0.07] position:LocationGlobalRelative:lat=55.9407712,lon=-3.1923653,alt=2.62
INFO:root:Angle_optical:0.0 Distance_optical:0 Angle_gps:65.2458662674 Distance_gps:6.47850267716                  elapsed_time:0.0606570243835
INFO:root:sl:0 sr:0 heading:303 velocity:[0.86, -0.62, -0.14] position:LocationGlobalRelative:lat=55.9407727,lon=-3.1923686,alt=2.62
INFO:root:Angle_optical:0.0 Distance_optical:0 Angle_gps:65.8680824183 Distance_gps:6.83230898047                  elapsed_time:0.0561099052429
INFO:root:sl:0 sr:0 heading:303 velocity:[0.86, -0.62, -0.14] position:LocationGlobalRelative:lat=55.9407727,lon=-3.1923686,alt=2.62
INFO:root:Angle_optical:0.0 Distance_optical:0 Angle_gps:66.4018867542 Distance_gps:7.18648649283                  elapsed_time:0.0563499927521
INFO:root:sl:0 sr:0 heading:303 velocity:[0.86, -0.62, -0.14] position:LocationGlobalRelative:lat=55.9407727,lon=-3.1923686,alt=2.62
INFO:root:Angle_optical:0.0 Distance_optical:0 Angle_gps:66.8724231531 Distance_gps:7.54159601523                  elapsed_time:0.0559189319611
INFO:root:sl:0 sr:0 heading:303 velocity:[0.86, -0.62, -0.14] position:LocationGlobalRelative:lat=55.9407727,lon=-3.1923686,alt=2.62
INFO:root:Angle_optical:0.0 Distance_optical:0 Angle_gps:67.295563049 Distance_gps:7.89701405398                  elapsed_time:0.0609729290009
INFO:root:sl:0 sr:0 heading:303 velocity:[0.86, -0.62, -0.14] position:LocationGlobalRelative:lat=55.9407727,lon=-3.1923686,alt=2.62
INFO:root:Angle_optical:0.0 Distance_optical:0 Angle_gps:67.6795818267 Distance_gps:8.25293959607                  elapsed_time:0.0606942176819
INFO:root:sl:0 sr:0 heading:306 velocity:[1.01, -0.74, -0.06] position:LocationGlobalRelative:lat=55.9407745,lon=-3.192373,alt=2.62
INFO:root:Angle_optical:0.0 Distance_optical:0 Angle_gps:67.8415855793 Distance_gps:8.67623627146                  elapsed_time:0.0562798976898
INFO:root:sl:0 sr:0 heading:306 velocity:[1.01, -0.74, -0.06] position:LocationGlobalRelative:lat=55.9407745,lon=-3.192373,alt=2.62
INFO:root:Angle_optical:0.0 Distance_optical:0 Angle_gps:67.9544149174 Distance_gps:9.09840854018                  elapsed_time:0.0557441711426
INFO:root:sl:0 sr:0 heading:306 velocity:[1.01, -0.74, -0.06] position:LocationGlobalRelative:lat=55.9407745,lon=-3.192373,alt=2.62
INFO:root:Angle_optical:0.0 Distance_optical:0 Angle_gps:68.0400531218 Distance_gps:9.52090848591                  elapsed_time:0.0588219165802
INFO:root:sl:0 sr:0 heading:306 velocity:[1.01, -0.74, -0.06] position:LocationGlobalRelative:lat=55.9407745,lon=-3.192373,alt=2.62
INFO:root:Angle_optical:0.0 Distance_optical:0 Angle_gps:68.1116275775 Distance_gps:9.94305523107                  elapsed_time:0.0563781261444
INFO:root:sl:0 sr:0 heading:306 velocity:[1.12, -0.85, -0.08] position:LocationGlobalRelative:lat=55.9407765,lon=-3.1923778,alt=2.63
INFO:root:Angle_optical:0.0 Distance_optical:0 Angle_gps:68.1369492899 Distance_gps:10.4174071456                  elapsed_time:0.0613260269165
INFO:root:sl:0 sr:0 heading:308 velocity:[1.12, -0.85, -0.08] position:LocationGlobalRelative:lat=55.9407765,lon=-3.1923778,alt=2.63
INFO:root:Angle_optical:0.0 Distance_optical:0 Angle_gps:68.0302428055 Distance_gps:10.8907230264                  elapsed_time:0.0587100982666
INFO:root:sl:0 sr:0 heading:308 velocity:[1.12, -0.85, -0.08] position:LocationGlobalRelative:lat=55.9407765,lon=-3.1923778,alt=2.63
INFO:root:Angle_optical:0.0 Distance_optical:0 Angle_gps:67.9141418508 Distance_gps:11.3631152903                  elapsed_time:0.0557019710541
INFO:root:sl:0 sr:0 heading:308 velocity:[1.12, -0.85, -0.08] position:LocationGlobalRelative:lat=55.9407765,lon=-3.1923778,alt=2.63
INFO:root:Angle_optical:0.0 Distance_optical:0 Angle_gps:67.7981015842 Distance_gps:11.8355735735                  elapsed_time:0.0560281276703
INFO:root:sl:0 sr:0 heading:309 velocity:[1.2, -0.93, -0.06] position:LocationGlobalRelative:lat=55.9407785,lon=-3.1923826,alt=2.65
INFO:root:Angle_optical:0.0 Distance_optical:0 Angle_gps:67.5957918774 Distance_gps:12.3441372265                  elapsed_time:0.0560359954834
INFO:root:sl:0 sr:0 heading:309 velocity:[1.2, -0.93, -0.06] position:LocationGlobalRelative:lat=55.9407785,lon=-3.1923826,alt=2.65
INFO:root:Angle_optical:0.0 Distance_optical:0 Angle_gps:67.3997060114 Distance_gps:12.8523558325                  elapsed_time:0.0598249435425
INFO:root:sl:0 sr:0 heading:309 velocity:[1.2, -0.93, -0.06] position:LocationGlobalRelative:lat=55.9407785,lon=-3.1923826,alt=2.65
INFO:root:Angle_optical:0.0 Distance_optical:0 Angle_gps:67.2138132168 Distance_gps:13.3606098739                  elapsed_time:0.0606601238251
INFO:root:sl:0 sr:0 heading:309 velocity:[1.2, -0.93, -0.06] position:LocationGlobalRelative:lat=55.9407785,lon=-3.1923826,alt=2.65
INFO:root:Angle_optical:0.0 Distance_optical:0 Angle_gps:67.0394488046 Distance_gps:13.868859959                  elapsed_time:0.0564398765564
INFO:root:sl:0 sr:0 heading:309 velocity:[1.2, -0.93, -0.06] position:LocationGlobalRelative:lat=55.9407785,lon=-3.1923826,alt=2.65
INFO:root:Angle_optical:0.0 Distance_optical:0 Angle_gps:66.8763673418 Distance_gps:14.3772027783                  elapsed_time:0.0555889606476
INFO:root:sl:0 sr:0 heading:309 velocity:[1.26, -1.01, -0.11] position:LocationGlobalRelative:lat=55.9407806,lon=-3.1923878,alt=2.66
INFO:root:Angle_optical:0.0 Distance_optical:0 Angle_gps:66.6805649653 Distance_gps:14.9172364036                  elapsed_time:0.0558099746704
INFO:root:sl:0 sr:0 heading:309 velocity:[1.26, -1.01, -0.11] position:LocationGlobalRelative:lat=55.9407806,lon=-3.1923878,alt=2.66
INFO:root:Angle_optical:0.0 Distance_optical:0 Angle_gps:66.4981848707 Distance_gps:15.4574102043                  elapsed_time:0.0605440139771
INFO:root:sl:0 sr:0 heading:309 velocity:[1.26, -1.01, -0.11] position:LocationGlobalRelative:lat=55.9407806,lon=-3.1923878,alt=2.66
INFO:root:Angle_optical:0.0 Distance_optical:0 Angle_gps:66.3280043361 Distance_gps:15.9976942382                  elapsed_time:0.0608839988708
INFO:root:sl:0 sr:0 heading:309 velocity:[1.26, -1.01, -0.11] position:LocationGlobalRelative:lat=55.9407806,lon=-3.1923878,alt=2.66
INFO:root:Angle_optical:0.0 Distance_optical:0 Angle_gps:66.1688695404 Distance_gps:16.5380868018                  elapsed_time:0.0563881397247
INFO:root:sl:0 sr:0 heading:309 velocity:[1.3, -1.08, -0.17] position:LocationGlobalRelative:lat=55.9407827,lon=-3.1923934,alt=2.67
INFO:root:Angle_optical:0.0 Distance_optical:0 Angle_gps:65.9798655917 Distance_gps:17.1028913984                  elapsed_time:0.0561211109161
INFO:root:sl:0 sr:0 heading:310 velocity:[1.3, -1.08, -0.17] position:LocationGlobalRelative:lat=55.9407827,lon=-3.1923934,alt=2.67
INFO:root:Angle_optical:0.0 Distance_optical:0 Angle_gps:65.758099419 Distance_gps:17.6662467734                  elapsed_time:0.056009054184
INFO:root:sl:0 sr:0 heading:310 velocity:[1.3, -1.08, -0.17] position:LocationGlobalRelative:lat=55.9407827,lon=-3.1923934,alt=2.67
INFO:root:Angle_optical:0.0 Distance_optical:0 Angle_gps:65.5443604474 Distance_gps:18.2292626542                  elapsed_time:0.0610790252686
INFO:root:sl:0 sr:0 heading:310 velocity:[1.3, -1.08, -0.17] position:LocationGlobalRelative:lat=55.9407827,lon=-3.1923934,alt=2.67
INFO:root:Angle_optical:0.0 Distance_optical:0 Angle_gps:65.3405250845 Distance_gps:18.7924643159                  elapsed_time:0.063658952713
INFO:root:sl:0 sr:0 heading:310 velocity:[1.37, -1.14, -0.17] position:LocationGlobalRelative:lat=55.940785,lon=-3.1923991,alt=2.67
INFO:root:Angle_optical:0.0 Distance_optical:0 Angle_gps:65.1357020284 Distance_gps:19.3863808094                  elapsed_time:0.0587379932404
INFO:root:sl:0 sr:0 heading:310 velocity:[1.37, -1.14, -0.17] position:LocationGlobalRelative:lat=55.940785,lon=-3.1923991,alt=2.67
INFO:root:Angle_optical:0.0 Distance_optical:0 Angle_gps:64.9423514039 Distance_gps:19.9805120452                  elapsed_time:0.0723268985748
INFO:root:sl:0 sr:0 heading:310 velocity:[1.37, -1.14, -0.17] position:LocationGlobalRelative:lat=55.940785,lon=-3.1923991,alt=2.67
INFO:root:Angle_optical:0.0 Distance_optical:0 Angle_gps:64.7598772792 Distance_gps:20.5747707515                  elapsed_time:0.0584671497345
INFO:root:sl:0 sr:0 heading:310 velocity:[1.37, -1.14, -0.17] position:LocationGlobalRelative:lat=55.940785,lon=-3.1923991,alt=2.67
INFO:root:Angle_optical:0.0 Distance_optical:0 Angle_gps:64.5874708555 Distance_gps:21.1692006225                  elapsed_time:0.0561130046844
INFO:root:sl:0 sr:0 heading:310 velocity:[1.45, -1.19, -0.1] position:LocationGlobalRelative:lat=55.9407876,lon=-3.1924054,alt=2.7
INFO:root:Angle_optical:0.0 Distance_optical:0 Angle_gps:64.4272745227 Distance_gps:21.7953688838                  elapsed_time:0.0559120178223
INFO:root:sl:0 sr:0 heading:311 velocity:[1.45, -1.19, -0.1] position:LocationGlobalRelative:lat=55.9407876,lon=-3.1924054,alt=2.7
INFO:root:Angle_optical:0.0 Distance_optical:0 Angle_gps:64.2374118582 Distance_gps:22.4199861423                  elapsed_time:0.0562701225281
INFO:root:sl:0 sr:0 heading:311 velocity:[1.45, -1.19, -0.1] position:LocationGlobalRelative:lat=55.9407876,lon=-3.1924054,alt=2.7
INFO:root:Angle_optical:0.0 Distance_optical:0 Angle_gps:64.0530313571 Distance_gps:23.0442528367                  elapsed_time:0.0621569156647
INFO:root:sl:0 sr:0 heading:311 velocity:[1.45, -1.19, -0.1] position:LocationGlobalRelative:lat=55.9407876,lon=-3.1924054,alt=2.7
INFO:root:Angle_optical:0.0 Distance_optical:0 Angle_gps:63.8759493442 Distance_gps:23.6686710812                  elapsed_time:0.0585541725159
INFO:root:sl:0 sr:0 heading:311 velocity:[1.45, -1.19, -0.1] position:LocationGlobalRelative:lat=55.9407876,lon=-3.1924054,alt=2.7
INFO:root:Angle_optical:0.0 Distance_optical:0 Angle_gps:63.706903529 Distance_gps:24.2931094688                  elapsed_time:0.0565769672394
INFO:root:sl:0 sr:0 heading:311 velocity:[1.46, -1.27, -0.14] position:LocationGlobalRelative:lat=55.9407904,lon=-3.1924121,alt=2.72
INFO:root:Angle_optical:0.0 Distance_optical:0 Angle_gps:63.4983788434 Distance_gps:24.9351977389                  elapsed_time:0.0561909675598
INFO:root:sl:0 sr:0 heading:311 velocity:[1.46, -1.27, -0.14] position:LocationGlobalRelative:lat=55.9407904,lon=-3.1924121,alt=2.72
INFO:root:Angle_optical:0.0 Distance_optical:0 Angle_gps:63.3000767946 Distance_gps:25.57749769                  elapsed_time:0.0560460090637
INFO:root:sl:0 sr:0 heading:312 velocity:[1.46, -1.27, -0.14] position:LocationGlobalRelative:lat=55.9407904,lon=-3.1924121,alt=2.72
INFO:root:Angle_optical:0.0 Distance_optical:0 Angle_gps:63.0779659908 Distance_gps:26.2177876124                  elapsed_time:0.0598080158234
INFO:root:sl:0 sr:0 heading:312 velocity:[1.46, -1.27, -0.14] position:LocationGlobalRelative:lat=55.9407904,lon=-3.1924121,alt=2.72
INFO:root:Angle_optical:0.0 Distance_optical:0 Angle_gps:62.8623325221 Distance_gps:26.8578436343                  elapsed_time:0.0610208511353
INFO:root:sl:0 sr:0 heading:312 velocity:[1.46, -1.32, -0.21] position:LocationGlobalRelative:lat=55.940793,lon=-3.1924193,alt=2.7
INFO:root:Angle_optical:0.0 Distance_optical:0 Angle_gps:62.625215087 Distance_gps:27.507118166                  elapsed_time:0.0562682151794
INFO:root:sl:0 sr:0 heading:312 velocity:[1.46, -1.32, -0.21] position:LocationGlobalRelative:lat=55.940793,lon=-3.1924193,alt=2.7
INFO:root:Angle_optical:0.0 Distance_optical:0 Angle_gps:62.3981079831 Distance_gps:28.1566268618                  elapsed_time:0.05584192276
INFO:root:sl:0 sr:0 heading:312 velocity:[1.46, -1.32, -0.21] position:LocationGlobalRelative:lat=55.940793,lon=-3.1924193,alt=2.7
INFO:root:Angle_optical:0.0 Distance_optical:0 Angle_gps:62.1807572258 Distance_gps:28.806495497                  elapsed_time:0.0563430786133
INFO:root:sl:0 sr:0 heading:314 velocity:[1.46, -1.32, -0.21] position:LocationGlobalRelative:lat=55.940793,lon=-3.1924193,alt=2.7
INFO:root:Angle_optical:0.0 Distance_optical:0 Angle_gps:61.9135891998 Distance_gps:29.4509570894                  elapsed_time:0.0598900318146
INFO:root:sl:0 sr:0 heading:314 velocity:[1.47, -1.35, -0.17] position:LocationGlobalRelative:lat=55.9407955,lon=-3.1924267,alt=2.67
INFO:root:Angle_optical:0.0 Distance_optical:0 Angle_gps:61.6507131583 Distance_gps:30.0949309336                  elapsed_time:0.0653431415558
INFO:root:sl:0 sr:0 heading:314 velocity:[1.47, -1.35, -0.17] position:LocationGlobalRelative:lat=55.9407955,lon=-3.1924267,alt=2.67
INFO:root:Angle_optical:0.0 Distance_optical:0 Angle_gps:61.3823735885 Distance_gps:30.7471147015                  elapsed_time:0.0652470588684
INFO:root:sl:0 sr:0 heading:314 velocity:[1.47, -1.35, -0.17] position:LocationGlobalRelative:lat=55.9407955,lon=-3.1924267,alt=2.67
INFO:root:Angle_optical:0.0 Distance_optical:0 Angle_gps:61.1235595363 Distance_gps:31.3996141258                  elapsed_time:0.0585160255432
INFO:root:sl:0 sr:0 heading:316 velocity:[1.47, -1.35, -0.17] position:LocationGlobalRelative:lat=55.9407955,lon=-3.1924267,alt=2.67
INFO:root:Angle_optical:0.0 Distance_optical:0 Angle_gps:60.820233697 Distance_gps:32.0455461565                  elapsed_time:0.0561399459839
INFO:root:sl:0 sr:0 heading:316 velocity:[1.47, -1.35, -0.17] position:LocationGlobalRelative:lat=55.9407955,lon=-3.1924267,alt=2.67
INFO:root:Angle_optical:0.0 Distance_optical:0 Angle_gps:60.5220727617 Distance_gps:32.6912681069                  elapsed_time:0.0561280250549
INFO:root:sl:0 sr:0 heading:316 velocity:[1.53, -1.31, -0.13] position:LocationGlobalRelative:lat=55.940798,lon=-3.1924333,alt=2.64
INFO:root:Angle_optical:0.0 Distance_optical:0 Angle_gps:60.2687679392 Distance_gps:33.3486448401                  elapsed_time:0.0563781261444
INFO:root:sl:0 sr:0 heading:316 velocity:[1.53, -1.31, -0.13] position:LocationGlobalRelative:lat=55.940798,lon=-3.1924333,alt=2.64
INFO:root:Angle_optical:0.0 Distance_optical:0 Angle_gps:60.0236855813 Distance_gps:34.0063729963                  elapsed_time:0.057443857193
INFO:root:sl:0 sr:0 heading:316 velocity:[1.53, -1.31, -0.13] position:LocationGlobalRelative:lat=55.940798,lon=-3.1924333,alt=2.64
INFO:root:Angle_optical:0.0 Distance_optical:0 Angle_gps:59.7871516682 Distance_gps:34.6645432132                  elapsed_time:0.0650010108948
INFO:root:sl:0 sr:0 heading:317 velocity:[1.53, -1.31, -0.13] position:LocationGlobalRelative:lat=55.940798,lon=-3.1924333,alt=2.64
INFO:root:Angle_optical:0.0 Distance_optical:0 Angle_gps:59.5340827388 Distance_gps:35.3197981509                  elapsed_time:0.0589311122894
INFO:root:sl:0 sr:0 heading:317 velocity:[1.63, -1.28, -0.08] position:LocationGlobalRelative:lat=55.940801,lon=-3.1924403,alt=2.64
INFO:root:Angle_optical:0.0 Distance_optical:0 Angle_gps:59.325755587 Distance_gps:36.000266165                  elapsed_time:0.0566070079803
INFO:root:sl:0 sr:0 heading:317 velocity:[1.63, -1.28, -0.08] position:LocationGlobalRelative:lat=55.940801,lon=-3.1924403,alt=2.64
INFO:root:Angle_optical:0.0 Distance_optical:0 Angle_gps:59.1235800567 Distance_gps:36.6808971337                  elapsed_time:0.0558428764343
INFO:root:sl:0 sr:0 heading:317 velocity:[1.63, -1.28, -0.08] position:LocationGlobalRelative:lat=55.940801,lon=-3.1924403,alt=2.64
INFO:root:Angle_optical:0.0 Distance_optical:0 Angle_gps:58.9280064754 Distance_gps:37.3618333313                  elapsed_time:0.060338973999
INFO:root:sl:0 sr:0 heading:319 velocity:[1.63, -1.28, -0.08] position:LocationGlobalRelative:lat=55.940801,lon=-3.1924403,alt=2.64
INFO:root:Angle_optical:0.0 Distance_optical:0 Angle_gps:58.6905786403 Distance_gps:38.0366131607                  elapsed_time:0.0584199428558
INFO:root:sl:0 sr:0 heading:319 velocity:[1.68, -1.27, -0.09] position:LocationGlobalRelative:lat=55.940804,lon=-3.1924464,alt=2.63
INFO:root:Angle_optical:0.0 Distance_optical:0 Angle_gps:58.4701225564 Distance_gps:38.7251587422                  elapsed_time:0.063952922821
INFO:root:sl:0 sr:0 heading:319 velocity:[1.68, -1.27, -0.09] position:LocationGlobalRelative:lat=55.940804,lon=-3.1924464,alt=2.63
INFO:root:Angle_optical:0.0 Distance_optical:0 Angle_gps:58.254358679 Distance_gps:39.4136261781                  elapsed_time:0.0555481910706
INFO:root:sl:0 sr:0 heading:319 velocity:[1.68, -1.27, -0.09] position:LocationGlobalRelative:lat=55.940804,lon=-3.1924464,alt=2.63
INFO:root:Angle_optical:0.0 Distance_optical:0 Angle_gps:58.0445505798 Distance_gps:40.1024890405                  elapsed_time:0.0563650131226
INFO:root:sl:0 sr:0 heading:320 velocity:[1.68, -1.27, -0.09] position:LocationGlobalRelative:lat=55.940804,lon=-3.1924464,alt=2.63
INFO:root:Angle_optical:0.0 Distance_optical:0 Angle_gps:57.8177820571 Distance_gps:40.7881310626                  elapsed_time:0.0560579299927
INFO:root:sl:0 sr:0 heading:320 velocity:[1.68, -1.27, -0.09] position:LocationGlobalRelative:lat=55.940804,lon=-3.1924464,alt=2.63
INFO:root:Angle_optical:0.0 Distance_optical:0 Angle_gps:57.5950958759 Distance_gps:41.4741545386                  elapsed_time:0.05863904953
INFO:root:sl:0 sr:0 heading:320 velocity:[1.69, -1.31, -0.16] position:LocationGlobalRelative:lat=55.9408077,lon=-3.1924534,alt=2.61
INFO:root:Angle_optical:0.0 Distance_optical:0 Angle_gps:57.3633320379 Distance_gps:42.1688712179                  elapsed_time:0.0611510276794
INFO:root:sl:0 sr:0 heading:320 velocity:[1.69, -1.31, -0.16] position:LocationGlobalRelative:lat=55.9408077,lon=-3.1924534,alt=2.61
INFO:root:Angle_optical:0.0 Distance_optical:0 Angle_gps:57.1383012714 Distance_gps:42.8641532947                  elapsed_time:0.055850982666
INFO:root:sl:0 sr:0 heading:320 velocity:[1.69, -1.31, -0.16] position:LocationGlobalRelative:lat=55.9408077,lon=-3.1924534,alt=2.61
INFO:root:Angle_optical:0.0 Distance_optical:0 Angle_gps:56.9200907388 Distance_gps:43.55985912                  elapsed_time:0.0562479496002
INFO:root:sl:0 sr:0 heading:320 velocity:[1.69, -1.31, -0.16] position:LocationGlobalRelative:lat=55.9408077,lon=-3.1924534,alt=2.61
INFO:root:Angle_optical:0.0 Distance_optical:0 Angle_gps:56.7085647548 Distance_gps:44.2560912727                  elapsed_time:0.0555989742279
INFO:root:sl:0 sr:0 heading:320 velocity:[1.64, -1.36, -0.14] position:LocationGlobalRelative:lat=55.9408109,lon=-3.1924595,alt=2.6
INFO:root:Angle_optical:0.0 Distance_optical:0 Angle_gps:56.4751829714 Distance_gps:44.9447470512                  elapsed_time:0.0606141090393
INFO:root:sl:0 sr:0 heading:320 velocity:[1.64, -1.36, -0.14] position:LocationGlobalRelative:lat=55.9408109,lon=-3.1924595,alt=2.6
INFO:root:Angle_optical:0.0 Distance_optical:0 Angle_gps:56.248813695 Distance_gps:45.6340335863                  elapsed_time:0.0600988864899
INFO:root:sl:0 sr:0 heading:320 velocity:[1.64, -1.36, -0.14] position:LocationGlobalRelative:lat=55.9408109,lon=-3.1924595,alt=2.6
INFO:root:Angle_optical:0.0 Distance_optical:0 Angle_gps:56.0291716132 Distance_gps:46.323895622                  elapsed_time:0.0707740783691
INFO:root:sl:0 sr:0 heading:320 velocity:[1.64, -1.36, -0.14] position:LocationGlobalRelative:lat=55.9408109,lon=-3.1924595,alt=2.6
INFO:root:Angle_optical:0.0 Distance_optical:0 Angle_gps:55.8159741969 Distance_gps:47.0143184068                  elapsed_time:0.0613880157471
INFO:root:sl:0 sr:0 heading:321 velocity:[1.64, -1.36, -0.14] position:LocationGlobalRelative:lat=55.9408109,lon=-3.1924595,alt=2.6
INFO:root:Angle_optical:0.0 Distance_optical:0 Angle_gps:55.5885862655 Distance_gps:47.7010848986                  elapsed_time:0.0645549297333
INFO:root:sl:0 sr:0 heading:321 velocity:[1.6, -1.4, -0.07] position:LocationGlobalRelative:lat=55.9408146,lon=-3.1924668,alt=2.59
INFO:root:Angle_optical:0.0 Distance_optical:0 Angle_gps:55.343866549 Distance_gps:48.381742498                  elapsed_time:0.0558819770813
INFO:root:sl:0 sr:0 heading:321 velocity:[1.6, -1.4, -0.07] position:LocationGlobalRelative:lat=55.9408146,lon=-3.1924668,alt=2.59
INFO:root:Angle_optical:0.0 Distance_optical:0 Angle_gps:55.1046550891 Distance_gps:49.0627243738                  elapsed_time:0.0559980869293
INFO:root:sl:0 sr:0 heading:321 velocity:[1.6, -1.4, -0.07] position:LocationGlobalRelative:lat=55.9408146,lon=-3.1924668,alt=2.59
INFO:root:Angle_optical:0.0 Distance_optical:0 Angle_gps:54.8713815625 Distance_gps:49.7444128046                  elapsed_time:0.0561270713806
INFO:root:sl:0 sr:0 heading:320 velocity:[1.6, -1.4, -0.07] position:LocationGlobalRelative:lat=55.9408146,lon=-3.1924668,alt=2.59
INFO:root:Angle_optical:0.0 Distance_optical:0 Angle_gps:54.6632949248 Distance_gps:50.431085343                  elapsed_time:0.0620050430298
INFO:root:sl:0 sr:0 heading:320 velocity:[1.58, -1.43, -0.03] position:LocationGlobalRelative:lat=55.9408177,lon=-3.1924729,alt=2.57
INFO:root:Angle_optical:0.0 Distance_optical:0 Angle_gps:54.4499163494 Distance_gps:51.1170662142                  elapsed_time:0.0633850097656
INFO:root:sl:0 sr:0 heading:320 velocity:[1.58, -1.43, -0.03] position:LocationGlobalRelative:lat=55.9408177,lon=-3.1924729,alt=2.57
INFO:root:Angle_optical:0.0 Distance_optical:0 Angle_gps:54.243378389 Distance_gps:51.8039958471                  elapsed_time:0.0565052032471
INFO:root:sl:0 sr:0 heading:320 velocity:[1.58, -1.43, -0.03] position:LocationGlobalRelative:lat=55.9408177,lon=-3.1924729,alt=2.57
INFO:root:Angle_optical:0.0 Distance_optical:0 Angle_gps:54.0428322118 Distance_gps:52.4914857946                  elapsed_time:0.0564429759979
INFO:root:sl:0 sr:0 heading:320 velocity:[1.58, -1.43, -0.03] position:LocationGlobalRelative:lat=55.9408177,lon=-3.1924729,alt=2.57
INFO:root:Angle_optical:0.0 Distance_optical:0 Angle_gps:53.8477524102 Distance_gps:53.1795947404                  elapsed_time:0.0558590888977
INFO:root:sl:0 sr:0 heading:320 velocity:[1.54, -1.45, -0.04] position:LocationGlobalRelative:lat=55.9408209,lon=-3.1924789,alt=2.55
INFO:root:Angle_optical:0.0 Distance_optical:0 Angle_gps:53.6578028309 Distance_gps:53.8681773934                  elapsed_time:0.0609459877014
INFO:root:sl:0 sr:0 heading:320 velocity:[1.54, -1.45, -0.04] position:LocationGlobalRelative:lat=55.9408209,lon=-3.1924789,alt=2.55
INFO:root:Angle_optical:0.0 Distance_optical:0 Angle_gps:53.4599544733 Distance_gps:54.5486458204                  elapsed_time:0.0592610836029
INFO:root:sl:0 sr:0 heading:320 velocity:[1.54, -1.45, -0.04] position:LocationGlobalRelative:lat=55.9408209,lon=-3.1924789,alt=2.55
INFO:root:Angle_optical:0.0 Distance_optical:0 Angle_gps:53.2670319379 Distance_gps:55.2296245323                  elapsed_time:0.0677900314331
INFO:root:sl:0 sr:0 heading:320 velocity:[1.54, -1.45, -0.04] position:LocationGlobalRelative:lat=55.9408209,lon=-3.1924789,alt=2.55
INFO:root:Angle_optical:0.0 Distance_optical:0 Angle_gps:53.0788426113 Distance_gps:55.9111068624                  elapsed_time:0.0612680912018
INFO:root:sl:0 sr:0 heading:320 velocity:[1.46, -1.5, 0.08] position:LocationGlobalRelative:lat=55.9408242,lon=-3.1924855,alt=2.54
INFO:root:Angle_optical:0.0 Distance_optical:0 Angle_gps:52.8674615802 Distance_gps:56.5777050436                  elapsed_time:0.0638298988342
INFO:root:sl:0 sr:0 heading:320 velocity:[1.46, -1.5, 0.08] position:LocationGlobalRelative:lat=55.9408242,lon=-3.1924855,alt=2.54
INFO:root:Angle_optical:0.0 Distance_optical:0 Angle_gps:52.6610371824 Distance_gps:57.2449431483                  elapsed_time:0.0556697845459
INFO:root:sl:0 sr:0 heading:320 velocity:[1.46, -1.5, 0.08] position:LocationGlobalRelative:lat=55.9408242,lon=-3.1924855,alt=2.54
INFO:root:Angle_optical:0.0 Distance_optical:0 Angle_gps:52.4594017919 Distance_gps:57.9127879691                  elapsed_time:0.0565629005432
INFO:root:sl:0 sr:0 heading:320 velocity:[1.46, -1.5, 0.08] position:LocationGlobalRelative:lat=55.9408242,lon=-3.1924855,alt=2.54
INFO:root:Angle_optical:0.0 Distance_optical:0 Angle_gps:52.262394926 Distance_gps:58.5812159226                  elapsed_time:0.0564620494843
INFO:root:sl:0 sr:0 heading:320 velocity:[1.46, -1.5, 0.08] position:LocationGlobalRelative:lat=55.9408242,lon=-3.1924855,alt=2.54
INFO:root:Angle_optical:0.0 Distance_optical:0 Angle_gps:52.0698638235 Distance_gps:59.2501995325                  elapsed_time:0.0599770545959
INFO:root:sl:0 sr:0 heading:320 velocity:[1.4, -1.5, 0.04] position:LocationGlobalRelative:lat=55.9408272,lon=-3.1924916,alt=2.54
INFO:root:Angle_optical:0.0 Distance_optical:0 Angle_gps:51.87222448 Distance_gps:59.9023776625                  elapsed_time:0.0638129711151
INFO:root:sl:0 sr:0 heading:320 velocity:[1.4, -1.5, 0.04] position:LocationGlobalRelative:lat=55.9408272,lon=-3.1924916,alt=2.54
INFO:root:Angle_optical:0.0 Distance_optical:0 Angle_gps:51.6788762532 Distance_gps:60.555135372                  elapsed_time:0.0716490745544
INFO:root:sl:0 sr:0 heading:320 velocity:[1.4, -1.5, 0.04] position:LocationGlobalRelative:lat=55.9408272,lon=-3.1924916,alt=2.54
INFO:root:Angle_optical:0.0 Distance_optical:0 Angle_gps:51.489685658 Distance_gps:61.2084491337                  elapsed_time:0.0640029907227
INFO:root:sl:0 sr:0 heading:320 velocity:[1.38, -1.41, 0.0] position:LocationGlobalRelative:lat=55.9408301,lon=-3.1924973,alt=2.53
INFO:root:Angle_optical:0.0 Distance_optical:0 Angle_gps:51.3254373016 Distance_gps:61.8414314996                  elapsed_time:0.0556240081787
INFO:root:sl:0 sr:0 heading:320 velocity:[1.38, -1.41, 0.0] position:LocationGlobalRelative:lat=55.9408301,lon=-3.1924973,alt=2.53
INFO:root:Angle_optical:0.0 Distance_optical:0 Angle_gps:51.1645427179 Distance_gps:62.4747979801                  elapsed_time:0.0559220314026
INFO:root:sl:0 sr:0 heading:320 velocity:[1.38, -1.41, 0.0] position:LocationGlobalRelative:lat=55.9408301,lon=-3.1924973,alt=2.53
INFO:root:Angle_optical:0.0 Distance_optical:0 Angle_gps:51.0069030506 Distance_gps:63.108532072                  elapsed_time:0.0561180114746
INFO:root:sl:0 sr:0 heading:320 velocity:[1.38, -1.41, 0.0] position:LocationGlobalRelative:lat=55.9408301,lon=-3.1924973,alt=2.53
INFO:root:Angle_optical:0.0 Distance_optical:0 Angle_gps:50.8524231886 Distance_gps:63.7426180381                  elapsed_time:0.0608558654785
INFO:root:sl:0 sr:0 heading:320 velocity:[1.38, -1.29, -0.04] position:LocationGlobalRelative:lat=55.940833,lon=-3.1925025,alt=2.52
INFO:root:Angle_optical:0.0 Distance_optical:0 Angle_gps:50.7315640174 Distance_gps:64.3565357832                  elapsed_time:0.0620422363281
INFO:root:sl:0 sr:0 heading:320 velocity:[1.38, -1.29, -0.04] position:LocationGlobalRelative:lat=55.940833,lon=-3.1925025,alt=2.52
INFO:root:Angle_optical:0.0 Distance_optical:0 Angle_gps:50.6130028359 Distance_gps:64.9706234894                  elapsed_time:0.0557038784027
INFO:root:sl:0 sr:0 heading:320 velocity:[1.38, -1.29, -0.04] position:LocationGlobalRelative:lat=55.940833,lon=-3.1925025,alt=2.52
INFO:root:Angle_optical:0.0 Distance_optical:0 Angle_gps:50.4966757724 Distance_gps:65.5848721076                  elapsed_time:0.0562329292297
INFO:root:sl:0 sr:0 heading:319 velocity:[1.38, -1.29, -0.04] position:LocationGlobalRelative:lat=55.940833,lon=-3.1925025,alt=2.52
INFO:root:Angle_optical:0.0 Distance_optical:0 Angle_gps:50.3954300689 Distance_gps:66.2020877176                  elapsed_time:0.0558111667633
INFO:root:sl:0 sr:0 heading:319 velocity:[1.38, -1.29, -0.04] position:LocationGlobalRelative:lat=55.940833,lon=-3.1925025,alt=2.52
INFO:root:Angle_optical:0.0 Distance_optical:0 Angle_gps:50.2977828358 Distance_gps:66.8194397969                  elapsed_time:0.0607769489288
INFO:root:sl:0 sr:0 heading:319 velocity:[1.35, -1.29, -0.03] position:LocationGlobalRelative:lat=55.9408361,lon=-3.1925073,alt=2.5
INFO:root:Angle_optical:0.0 Distance_optical:0 Angle_gps:50.1981506196 Distance_gps:67.4287760739                  elapsed_time:0.0630149841309
INFO:root:sl:0 sr:0 heading:319 velocity:[1.35, -1.29, -0.03] position:LocationGlobalRelative:lat=55.9408361,lon=-3.1925073,alt=2.5
INFO:root:Angle_optical:0.0 Distance_optical:0 Angle_gps:50.1007038912 Distance_gps:68.0381900118                  elapsed_time:0.0665521621704
INFO:root:sl:0 sr:0 heading:319 velocity:[1.35, -1.29, -0.03] position:LocationGlobalRelative:lat=55.9408361,lon=-3.1925073,alt=2.5
INFO:root:Angle_optical:0.0 Distance_optical:0 Angle_gps:50.0051832776 Distance_gps:68.6477619581                  elapsed_time:0.0624709129333
INFO:root:sl:0 sr:0 heading:318 velocity:[1.35, -1.29, -0.03] position:LocationGlobalRelative:lat=55.9408361,lon=-3.1925073,alt=2.5
INFO:root:Angle_optical:0.0 Distance_optical:0 Angle_gps:49.9235195822 Distance_gps:69.2597660583                  elapsed_time:0.055773973465
INFO:root:sl:0 sr:0 heading:318 velocity:[1.31, -1.3, -0.02] position:LocationGlobalRelative:lat=55.9408393,lon=-3.1925124,alt=2.48
INFO:root:Angle_optical:0.0 Distance_optical:0 Angle_gps:49.8364390743 Distance_gps:69.8629221311                  elapsed_time:0.0564618110657
INFO:root:sl:0 sr:0 heading:318 velocity:[1.31, -1.3, -0.02] position:LocationGlobalRelative:lat=55.9408393,lon=-3.1925124,alt=2.48
INFO:root:Angle_optical:0.0 Distance_optical:0 Angle_gps:49.7516115742 Distance_gps:70.4663318206                  elapsed_time:0.0560901165009
INFO:root:sl:0 sr:0 heading:318 velocity:[1.31, -1.3, -0.02] position:LocationGlobalRelative:lat=55.9408393,lon=-3.1925124,alt=2.48
INFO:root:Angle_optical:0.0 Distance_optical:0 Angle_gps:49.6685994149 Distance_gps:71.0697873021                  elapsed_time:0.0566780567169
INFO:root:sl:0 sr:0 heading:318 velocity:[1.31, -1.3, -0.02] position:LocationGlobalRelative:lat=55.9408393,lon=-3.1925124,alt=2.48
INFO:root:Angle_optical:0.0 Distance_optical:0 Angle_gps:49.5871683597 Distance_gps:71.673333878                  elapsed_time:0.0581920146942
INFO:root:sl:0 sr:0 heading:316 velocity:[1.32, -1.28, 0.0] position:LocationGlobalRelative:lat=55.9408426,lon=-3.1925174,alt=2.47
INFO:root:Angle_optical:0.0 Distance_optical:0 Angle_gps:49.5355762238 Distance_gps:72.2792372573                  elapsed_time:0.0587100982666
INFO:root:sl:0 sr:0 heading:316 velocity:[1.32, -1.28, 0.0] position:LocationGlobalRelative:lat=55.9408426,lon=-3.1925174,alt=2.47
INFO:root:Angle_optical:0.0 Distance_optical:0 Angle_gps:49.4876975483 Distance_gps:72.8851976287                  elapsed_time:0.0561709403992
INFO:root:sl:0 sr:0 heading:316 velocity:[1.32, -1.28, 0.0] position:LocationGlobalRelative:lat=55.9408426,lon=-3.1925174,alt=2.47
INFO:root:Angle_optical:0.0 Distance_optical:0 Angle_gps:49.441973958 Distance_gps:73.4913316156                  elapsed_time:0.0560619831085
INFO:root:sl:0 sr:0 heading:316 velocity:[1.32, -1.28, 0.0] position:LocationGlobalRelative:lat=55.9408426,lon=-3.1925174,alt=2.47
INFO:root:Angle_optical:0.0 Distance_optical:0 Angle_gps:49.3976591319 Distance_gps:74.0973963026                  elapsed_time:0.0615379810333
INFO:root:sl:0 sr:0 heading:314 velocity:[1.32, -1.28, 0.0] position:LocationGlobalRelative:lat=55.9408426,lon=-3.1925174,alt=2.47
INFO:root:Angle_optical:0.0 Distance_optical:0 Angle_gps:49.3761684193 Distance_gps:74.7052822554                  elapsed_time:0.0679039955139
INFO:root:sl:0 sr:0 heading:314 velocity:[1.35, -1.33, -0.01] position:LocationGlobalRelative:lat=55.940846,lon=-3.1925227,alt=2.45
INFO:root:Angle_optical:0.0 Distance_optical:0 Angle_gps:49.3534990638 Distance_gps:75.3316385569                  elapsed_time:0.0600900650024
INFO:root:sl:0 sr:0 heading:314 velocity:[1.35, -1.33, -0.01] position:LocationGlobalRelative:lat=55.940846,lon=-3.1925227,alt=2.45
INFO:root:Angle_optical:0.0 Distance_optical:0 Angle_gps:49.3325895405 Distance_gps:75.957983635                  elapsed_time:0.0556659698486
INFO:root:sl:0 sr:0 heading:314 velocity:[1.35, -1.33, -0.01] position:LocationGlobalRelative:lat=55.940846,lon=-3.1925227,alt=2.45
INFO:root:Angle_optical:0.0 Distance_optical:0 Angle_gps:49.3126864864 Distance_gps:76.584236506                  elapsed_time:0.0562870502472
INFO:root:sl:0 sr:0 heading:313 velocity:[1.35, -1.33, -0.01] position:LocationGlobalRelative:lat=55.940846,lon=-3.1925227,alt=2.45
INFO:root:Angle_optical:0.0 Distance_optical:0 Angle_gps:49.3043378645 Distance_gps:77.2107927598                  elapsed_time:0.0561130046844
INFO:root:sl:0 sr:0 heading:313 velocity:[1.29, -1.37, 0.06] position:LocationGlobalRelative:lat=55.9408491,lon=-3.1925277,alt=2.44
INFO:root:Angle_optical:0.0 Distance_optical:0 Angle_gps:49.2804732689 Distance_gps:77.8322544483                  elapsed_time:0.0566911697388
INFO:root:sl:0 sr:0 heading:313 velocity:[1.29, -1.37, 0.06] position:LocationGlobalRelative:lat=55.9408491,lon=-3.1925277,alt=2.44
INFO:root:Angle_optical:0.0 Distance_optical:0 Angle_gps:49.2577020692 Distance_gps:78.4536226747                  elapsed_time:0.059849023819
INFO:root:sl:0 sr:0 heading:313 velocity:[1.29, -1.37, 0.06] position:LocationGlobalRelative:lat=55.9408491,lon=-3.1925277,alt=2.44
INFO:root:Angle_optical:0.0 Distance_optical:0 Angle_gps:49.235628133 Distance_gps:79.0749206444                  elapsed_time:0.0647881031036
INFO:root:sl:0 sr:0 heading:312 velocity:[1.29, -1.37, 0.06] position:LocationGlobalRelative:lat=55.9408491,lon=-3.1925277,alt=2.44
INFO:root:Angle_optical:0.0 Distance_optical:0 Angle_gps:49.2246276037 Distance_gps:79.6966151515                  elapsed_time:0.0613160133362
INFO:root:sl:0 sr:0 heading:312 velocity:[1.05, -1.23, -0.04] position:LocationGlobalRelative:lat=55.9408521,lon=-3.1925329,alt=2.43
INFO:root:Angle_optical:0.0 Distance_optical:0 Angle_gps:49.1979248525 Distance_gps:80.2299248404                  elapsed_time:0.0566220283508
INFO:root:sl:0 sr:0 heading:312 velocity:[1.05, -1.23, -0.04] position:LocationGlobalRelative:lat=55.9408521,lon=-3.1925329,alt=2.43
INFO:root:Angle_optical:0.0 Distance_optical:0 Angle_gps:49.172163994 Distance_gps:80.7631659853                  elapsed_time:0.0561909675598
INFO:root:sl:0 sr:0 heading:312 velocity:[1.05, -1.23, -0.04] position:LocationGlobalRelative:lat=55.9408521,lon=-3.1925329,alt=2.43
INFO:root:Angle_optical:0.0 Distance_optical:0 Angle_gps:49.147017503 Distance_gps:81.2963955647                  elapsed_time:0.060084104538
INFO:root:sl:0 sr:0 heading:312 velocity:[1.05, -1.23, -0.04] position:LocationGlobalRelative:lat=55.9408521,lon=-3.1925329,alt=2.43
INFO:root:Angle_optical:0.0 Distance_optical:0 Angle_gps:49.1223387182 Distance_gps:81.8295305856                  elapsed_time:0.0648670196533
INFO:root:sl:0 sr:0 heading:313 velocity:[1.05, -1.23, -0.04] position:LocationGlobalRelative:lat=55.9408521,lon=-3.1925329,alt=2.43
INFO:root:Angle_optical:0.0 Distance_optical:0 Angle_gps:49.0892855 Distance_gps:82.3616224695                  elapsed_time:0.0628621578217
INFO:root:sl:0 sr:0 heading:313 velocity:[0.72, -0.94, -0.2] position:LocationGlobalRelative:lat=55.9408542,lon=-3.1925365,alt=2.37
INFO:root:Angle_optical:0.0 Distance_optical:0 Angle_gps:49.050349582 Distance_gps:82.7486011351                  elapsed_time:0.0557458400726
INFO:root:sl:0 sr:0 heading:313 velocity:[0.72, -0.94, -0.2] position:LocationGlobalRelative:lat=55.9408542,lon=-3.1925365,alt=2.37
INFO:root:Angle_optical:0.0 Distance_optical:0 Angle_gps:49.0114028715 Distance_gps:83.1355183575                  elapsed_time:0.0564699172974
