INFO:root:sl:0 sr:0 heading:325 velocity:[-0.25, 0.23, -0.11] position:LocationGlobalRelative:lat=55.8686454,lon=-3.1495218,alt=3.88
INFO:root:Angle_optical:0.0 Distance_optical:0 Angle_gps:0.0 Distance_gps:0.0                  elapsed_time:0.00339102745056
INFO:root:sl:0 sr:0 heading:325 velocity:[-0.25, 0.23, -0.11] position:LocationGlobalRelative:lat=55.8686454,lon=-3.1495218,alt=3.88
INFO:root:Angle_optical:0.0 Distance_optical:0 Angle_gps:0.0 Distance_gps:0.0                  elapsed_time:0.0570240020752
INFO:root:sl:0 sr:0 heading:314 velocity:[-0.25, 0.23, -0.11] position:LocationGlobalRelative:lat=55.8686454,lon=-3.1495218,alt=3.88
INFO:root:Angle_optical:0.0 Distance_optical:0 Angle_gps:0.0 Distance_gps:0.0                  elapsed_time:0.0560820102692
INFO:root:sl:0 sr:0 heading:314 velocity:[-0.25, 0.23, -0.11] position:LocationGlobalRelative:lat=55.8686454,lon=-3.1495218,alt=3.88
INFO:root:Angle_optical:0.0 Distance_optical:0 Angle_gps:0.0 Distance_gps:0.0                  elapsed_time:0.0559530258179
INFO:root:sl:0 sr:0 heading:314 velocity:[-0.54, 0.31, 0.32] position:LocationGlobalRelative:lat=55.8686439,lon=-3.1495218,alt=3.94
INFO:root:Angle_optical:0.0 Distance_optical:0 Angle_gps:0.0 Distance_gps:0.0                  elapsed_time:0.0581839084625
INFO:root:sl:0 sr:0 heading:314 velocity:[-0.54, 0.31, 0.32] position:LocationGlobalRelative:lat=55.8686439,lon=-3.1495218,alt=3.94
INFO:root:Angle_optical:0.0 Distance_optical:0 Angle_gps:0.0 Distance_gps:0.0                  elapsed_time:0.056648015976
INFO:root:sl:0 sr:0 heading:302 velocity:[-0.54, 0.31, 0.32] position:LocationGlobalRelative:lat=55.8686439,lon=-3.1495218,alt=3.94
INFO:root:Angle_optical:0.0 Distance_optical:0 Angle_gps:0.0 Distance_gps:0.0                  elapsed_time:0.0563428401947
INFO:root:sl:0 sr:0 heading:302 velocity:[-0.54, 0.31, 0.32] position:LocationGlobalRelative:lat=55.8686439,lon=-3.1495218,alt=3.94
INFO:root:Angle_optical:0.0 Distance_optical:0 Angle_gps:0.0 Distance_gps:0.0                  elapsed_time:0.0595622062683
INFO:root:sl:0 sr:0 heading:302 velocity:[-0.54, 0.31, 0.32] position:LocationGlobalRelative:lat=55.8686439,lon=-3.1495218,alt=3.94
INFO:root:Angle_optical:0.0 Distance_optical:0 Angle_gps:0.0 Distance_gps:0.0                  elapsed_time:0.0660228729248
INFO:root:sl:0 sr:0 heading:302 velocity:[-0.53, 0.72, 0.28] position:LocationGlobalRelative:lat=55.868642,lon=-3.14952,alt=4.12
INFO:root:Angle_optical:0.0 Distance_optical:0 Angle_gps:0.0 Distance_gps:0.0                  elapsed_time:0.0612328052521
INFO:root:sl:0 sr:0 heading:302 velocity:[-0.53, 0.72, 0.28] position:LocationGlobalRelative:lat=55.868642,lon=-3.14952,alt=4.12
INFO:root:Angle_optical:0.0 Distance_optical:0 Angle_gps:0.0 Distance_gps:0.0                  elapsed_time:0.0564739704132
INFO:root:sl:0 sr:0 heading:291 velocity:[-0.53, 0.72, 0.28] position:LocationGlobalRelative:lat=55.868642,lon=-3.14952,alt=4.12
INFO:root:Angle_optical:0.0 Distance_optical:0 Angle_gps:0.0 Distance_gps:0.0                  elapsed_time:0.0560929775238
INFO:root:sl:0 sr:0 heading:291 velocity:[-0.36, 0.95, 0.02] position:LocationGlobalRelative:lat=55.8686408,lon=-3.1495164,alt=4.29
INFO:root:Angle_optical:0.0 Distance_optical:0 Angle_gps:0.0 Distance_gps:0.0                  elapsed_time:0.0565419197083
INFO:root:sl:0 sr:0 heading:291 velocity:[-0.36, 0.95, 0.02] position:LocationGlobalRelative:lat=55.8686408,lon=-3.1495164,alt=4.29
INFO:root:Angle_optical:0.0 Distance_optical:0 Angle_gps:0.0 Distance_gps:0.0                  elapsed_time:0.0574979782104
INFO:root:sl:0 sr:0 heading:291 velocity:[-0.36, 0.95, 0.02] position:LocationGlobalRelative:lat=55.8686408,lon=-3.1495164,alt=4.29
INFO:root:Angle_optical:0.0 Distance_optical:0 Angle_gps:0.0 Distance_gps:0.0                  elapsed_time:0.0566990375519
INFO:root:sl:0 sr:0 heading:291 velocity:[-0.36, 0.95, 0.02] position:LocationGlobalRelative:lat=55.8686408,lon=-3.1495164,alt=4.29
INFO:root:Angle_optical:0.0 Distance_optical:0 Angle_gps:0.0 Distance_gps:0.0                  elapsed_time:0.0594539642334
INFO:root:sl:0 sr:0 heading:282 velocity:[-0.36, 0.95, 0.02] position:LocationGlobalRelative:lat=55.8686408,lon=-3.1495164,alt=4.29
INFO:root:Angle_optical:0.0 Distance_optical:0 Angle_gps:0.0 Distance_gps:0.0                  elapsed_time:0.0596499443054
INFO:root:sl:0 sr:0 heading:282 velocity:[-0.05, 0.97, -0.17] position:LocationGlobalRelative:lat=55.8686403,lon=-3.1495122,alt=4.42
INFO:root:Angle_optical:0.0 Distance_optical:0 Angle_gps:0.0 Distance_gps:0.0                  elapsed_time:0.0563070774078
INFO:root:sl:0 sr:0 heading:282 velocity:[-0.05, 0.97, -0.17] position:LocationGlobalRelative:lat=55.8686403,lon=-3.1495122,alt=4.42
INFO:root:Angle_optical:0.0 Distance_optical:0 Angle_gps:0.0 Distance_gps:0.0                  elapsed_time:0.0567600727081
INFO:root:sl:0 sr:0 heading:282 velocity:[-0.05, 0.97, -0.17] position:LocationGlobalRelative:lat=55.8686403,lon=-3.1495122,alt=4.42
INFO:root:Angle_optical:0.0 Distance_optical:0 Angle_gps:0.0 Distance_gps:0.0                  elapsed_time:0.0561189651489
INFO:root:sl:0 sr:0 heading:282 velocity:[-0.05, 0.97, -0.17] position:LocationGlobalRelative:lat=55.8686403,lon=-3.1495122,alt=4.42
INFO:root:Angle_optical:0.0 Distance_optical:0 Angle_gps:0.0 Distance_gps:0.0                  elapsed_time:0.0590310096741
INFO:root:sl:0 sr:0 heading:279 velocity:[-0.05, 0.97, -0.17] position:LocationGlobalRelative:lat=55.8686403,lon=-3.1495122,alt=4.42
INFO:root:Angle_optical:0.0 Distance_optical:0 Angle_gps:0.0 Distance_gps:0.0                  elapsed_time:0.0617518424988
INFO:root:sl:0 sr:0 heading:279 velocity:[0.22, 1.02, -0.49] position:LocationGlobalRelative:lat=55.8686407,lon=-3.1495082,alt=4.48
INFO:root:Angle_optical:0.0 Distance_optical:0 Angle_gps:0.0 Distance_gps:0.0                  elapsed_time:0.0630459785461
INFO:root:sl:0 sr:0 heading:279 velocity:[0.22, 1.02, -0.49] position:LocationGlobalRelative:lat=55.8686407,lon=-3.1495082,alt=4.48
INFO:root:Angle_optical:0.0 Distance_optical:0 Angle_gps:0.0 Distance_gps:0.0                  elapsed_time:0.0565509796143
INFO:root:sl:0 sr:0 heading:279 velocity:[0.22, 1.02, -0.49] position:LocationGlobalRelative:lat=55.8686407,lon=-3.1495082,alt=4.48
INFO:root:Angle_optical:0.0 Distance_optical:0 Angle_gps:0.0 Distance_gps:0.0                  elapsed_time:0.0568799972534
INFO:root:sl:0 sr:0 heading:282 velocity:[0.22, 1.02, -0.49] position:LocationGlobalRelative:lat=55.8686407,lon=-3.1495082,alt=4.48
INFO:root:Angle_optical:0.0 Distance_optical:0 Angle_gps:0.0 Distance_gps:0.0                  elapsed_time:0.0560998916626
INFO:root:sl:0 sr:0 heading:282 velocity:[0.31, 0.98, -0.68] position:LocationGlobalRelative:lat=55.8686416,lon=-3.1495043,alt=4.4
INFO:root:Angle_optical:0.0 Distance_optical:0 Angle_gps:0.0 Distance_gps:0.0                  elapsed_time:0.0616760253906
INFO:root:sl:0 sr:0 heading:282 velocity:[0.31, 0.98, -0.68] position:LocationGlobalRelative:lat=55.8686416,lon=-3.1495043,alt=4.4
INFO:root:Angle_optical:0.0 Distance_optical:0 Angle_gps:0.0 Distance_gps:0.0                  elapsed_time:0.060760974884
INFO:root:sl:0 sr:0 heading:282 velocity:[0.31, 0.98, -0.68] position:LocationGlobalRelative:lat=55.8686416,lon=-3.1495043,alt=4.4
INFO:root:Angle_optical:0.0 Distance_optical:0 Angle_gps:0.0 Distance_gps:0.0                  elapsed_time:0.0585670471191
INFO:root:sl:0 sr:0 heading:282 velocity:[0.31, 0.98, -0.68] position:LocationGlobalRelative:lat=55.8686416,lon=-3.1495043,alt=4.4
INFO:root:Angle_optical:0.0 Distance_optical:0 Angle_gps:0.0 Distance_gps:0.0                  elapsed_time:0.0617189407349
INFO:root:sl:0 sr:0 heading:288 velocity:[0.16, 0.75, -0.64] position:LocationGlobalRelative:lat=55.8686424,lon=-3.1495013,alt=4.23
INFO:root:Angle_optical:0.0 Distance_optical:0 Angle_gps:0.0 Distance_gps:0.0                  elapsed_time:0.056342124939
INFO:root:sl:0 sr:0 heading:288 velocity:[0.16, 0.75, -0.64] position:LocationGlobalRelative:lat=55.8686424,lon=-3.1495013,alt=4.23
INFO:root:Angle_optical:0.0 Distance_optical:0 Angle_gps:0.0 Distance_gps:0.0                  elapsed_time:0.0561270713806
INFO:root:sl:0 sr:0 heading:288 velocity:[0.16, 0.75, -0.64] position:LocationGlobalRelative:lat=55.8686424,lon=-3.1495013,alt=4.23
INFO:root:Angle_optical:0.0 Distance_optical:0 Angle_gps:0.0 Distance_gps:0.0                  elapsed_time:0.0560870170593
INFO:root:sl:0 sr:0 heading:288 velocity:[0.16, 0.75, -0.64] position:LocationGlobalRelative:lat=55.8686424,lon=-3.1495013,alt=4.23
INFO:root:Angle_optical:0.0 Distance_optical:0 Angle_gps:0.0 Distance_gps:0.0                  elapsed_time:0.0630478858948
INFO:root:sl:0 sr:0 heading:292 velocity:[-0.02, 0.38, -0.49] position:LocationGlobalRelative:lat=55.8686425,lon=-3.1495001,alt=4.1
INFO:root:Angle_optical:0.0 Distance_optical:0 Angle_gps:0.0 Distance_gps:0.0                  elapsed_time:0.0700199604034
INFO:root:sl:0 sr:0 heading:292 velocity:[-0.02, 0.38, -0.49] position:LocationGlobalRelative:lat=55.8686425,lon=-3.1495001,alt=4.1
INFO:root:Angle_optical:0.0 Distance_optical:0 Angle_gps:0.0 Distance_gps:0.0                  elapsed_time:0.0690460205078
INFO:root:sl:0 sr:0 heading:292 velocity:[-0.02, 0.38, -0.49] position:LocationGlobalRelative:lat=55.8686425,lon=-3.1495001,alt=4.1
INFO:root:Angle_optical:0.0 Distance_optical:0 Angle_gps:0.0 Distance_gps:0.0                  elapsed_time:0.0585350990295
INFO:root:sl:0 sr:0 heading:292 velocity:[-0.02, 0.38, -0.49] position:LocationGlobalRelative:lat=55.8686425,lon=-3.1495001,alt=4.1
INFO:root:Angle_optical:0.0 Distance_optical:0 Angle_gps:0.0 Distance_gps:0.0                  elapsed_time:0.0567128658295
INFO:root:sl:0 sr:0 heading:294 velocity:[-0.12, -0.15, -0.21] position:LocationGlobalRelative:lat=55.868642,lon=-3.1495011,alt=4.02
INFO:root:Angle_optical:0.0 Distance_optical:0 Angle_gps:21.7022191387 Distance_gps:0.0636213275798                  elapsed_time:0.0561637878418
INFO:root:sl:0 sr:0 heading:294 velocity:[-0.12, -0.15, -0.21] position:LocationGlobalRelative:lat=55.868642,lon=-3.1495011,alt=4.02
INFO:root:Angle_optical:0.0 Distance_optical:0 Angle_gps:21.3978003161 Distance_gps:0.127239421121                  elapsed_time:0.0561809539795
INFO:root:sl:0 sr:0 heading:294 velocity:[-0.12, -0.15, -0.21] position:LocationGlobalRelative:lat=55.868642,lon=-3.1495011,alt=4.02
INFO:root:Angle_optical:0.0 Distance_optical:0 Angle_gps:21.2161224934 Distance_gps:0.190845709604                  elapsed_time:0.0573539733887
INFO:root:sl:0 sr:0 heading:294 velocity:[-0.12, -0.15, -0.21] position:LocationGlobalRelative:lat=55.868642,lon=-3.1495011,alt=4.02
INFO:root:Angle_optical:0.0 Distance_optical:0 Angle_gps:21.1011175467 Distance_gps:0.254451306318                  elapsed_time:0.0610301494598
INFO:root:sl:0 sr:0 heading:296 velocity:[-0.12, -0.15, -0.21] position:LocationGlobalRelative:lat=55.868642,lon=-3.1495011,alt=4.02
INFO:root:Angle_optical:0.0 Distance_optical:0 Angle_gps:20.7381745602 Distance_gps:0.317181670331                  elapsed_time:0.0567018985748
INFO:root:sl:0 sr:0 heading:296 velocity:[-0.05, -0.54, -0.1] position:LocationGlobalRelative:lat=55.8686413,lon=-3.1495041,alt=3.99
INFO:root:Angle_optical:0.0 Distance_optical:0 Angle_gps:25.0673859692 Distance_gps:0.502660286662                  elapsed_time:0.0559110641479
INFO:root:sl:0 sr:0 heading:296 velocity:[-0.05, -0.54, -0.1] position:LocationGlobalRelative:lat=55.8686413,lon=-3.1495041,alt=3.99
INFO:root:Angle_optical:0.0 Distance_optical:0 Angle_gps:26.9899329481 Distance_gps:0.689508112753                  elapsed_time:0.0562520027161
INFO:root:sl:0 sr:0 heading:296 velocity:[-0.05, -0.54, -0.1] position:LocationGlobalRelative:lat=55.8686413,lon=-3.1495041,alt=3.99
INFO:root:Angle_optical:0.0 Distance_optical:0 Angle_gps:28.0710999041 Distance_gps:0.876772914343                  elapsed_time:0.0611340999603
INFO:root:sl:0 sr:0 heading:296 velocity:[-0.05, -0.54, -0.1] position:LocationGlobalRelative:lat=55.8686413,lon=-3.1495041,alt=3.99
INFO:root:Angle_optical:0.0 Distance_optical:0 Angle_gps:28.7641327039 Distance_gps:1.06424830039                  elapsed_time:0.0601539611816
INFO:root:sl:0 sr:0 heading:297 velocity:[0.04, -0.85, -0.06] position:LocationGlobalRelative:lat=55.8686407,lon=-3.1495083,alt=3.99
INFO:root:Angle_optical:0.0 Distance_optical:0 Angle_gps:30.8137195583 Distance_gps:1.35546681212                  elapsed_time:0.0613548755646
INFO:root:sl:0 sr:0 heading:297 velocity:[0.04, -0.85, -0.06] position:LocationGlobalRelative:lat=55.8686407,lon=-3.1495083,alt=3.99
INFO:root:Angle_optical:0.0 Distance_optical:0 Angle_gps:32.08434094 Distance_gps:1.64769097538                  elapsed_time:0.0692000389099
INFO:root:sl:0 sr:0 heading:297 velocity:[0.04, -0.85, -0.06] position:LocationGlobalRelative:lat=55.8686407,lon=-3.1495083,alt=3.99
INFO:root:Angle_optical:0.0 Distance_optical:0 Angle_gps:32.9521554851 Distance_gps:1.94052091494                  elapsed_time:0.0602312088013
INFO:root:sl:0 sr:0 heading:299 velocity:[0.04, -0.85, -0.06] position:LocationGlobalRelative:lat=55.8686407,lon=-3.1495083,alt=3.99
INFO:root:Angle_optical:0.0 Distance_optical:0 Angle_gps:33.1343224935 Distance_gps:2.2336548923                  elapsed_time:0.0565469264984
INFO:root:sl:0 sr:0 heading:299 velocity:[0.39, -1.07, 0.11] position:LocationGlobalRelative:lat=55.8686406,lon=-3.1495142,alt=3.98
INFO:root:Angle_optical:0.0 Distance_optical:0 Angle_gps:35.7854040232 Distance_gps:2.60891323499                  elapsed_time:0.0560791492462
INFO:root:sl:0 sr:0 heading:299 velocity:[0.39, -1.07, 0.11] position:LocationGlobalRelative:lat=55.8686406,lon=-3.1495142,alt=3.98
INFO:root:Angle_optical:0.0 Distance_optical:0 Angle_gps:37.730786339 Distance_gps:2.98874743691                  elapsed_time:0.0602548122406
INFO:root:sl:0 sr:0 heading:299 velocity:[0.39, -1.07, 0.11] position:LocationGlobalRelative:lat=55.8686406,lon=-3.1495142,alt=3.98
INFO:root:Angle_optical:0.0 Distance_optical:0 Angle_gps:39.2234949447 Distance_gps:3.37118646563                  elapsed_time:0.0597639083862
INFO:root:sl:0 sr:0 heading:299 velocity:[0.39, -1.07, 0.11] position:LocationGlobalRelative:lat=55.8686406,lon=-3.1495142,alt=3.98
INFO:root:Angle_optical:0.0 Distance_optical:0 Angle_gps:40.4058972385 Distance_gps:3.75553295402                  elapsed_time:0.0585641860962
INFO:root:sl:0 sr:0 heading:306 velocity:[0.9, -1.06, 0.18] position:LocationGlobalRelative:lat=55.8686414,lon=-3.1495199,alt=4.03
INFO:root:Angle_optical:0.0 Distance_optical:0 Angle_gps:42.5318977531 Distance_gps:4.20557525318                  elapsed_time:0.0561769008636
INFO:root:sl:0 sr:0 heading:306 velocity:[0.9, -1.06, 0.18] position:LocationGlobalRelative:lat=55.8686414,lon=-3.1495199,alt=4.03
INFO:root:Angle_optical:0.0 Distance_optical:0 Angle_gps:44.0592087538 Distance_gps:4.66017300401                  elapsed_time:0.0563178062439
INFO:root:sl:0 sr:0 heading:306 velocity:[0.9, -1.06, 0.18] position:LocationGlobalRelative:lat=55.8686414,lon=-3.1495199,alt=4.03
INFO:root:Angle_optical:0.0 Distance_optical:0 Angle_gps:45.229636494 Distance_gps:5.11965783046                  elapsed_time:0.0560820102692
INFO:root:sl:0 sr:0 heading:306 velocity:[0.9, -1.06, 0.18] position:LocationGlobalRelative:lat=55.8686414,lon=-3.1495199,alt=4.03
INFO:root:Angle_optical:0.0 Distance_optical:0 Angle_gps:46.1731404736 Distance_gps:5.58044735999                  elapsed_time:0.0613179206848
INFO:root:sl:0 sr:0 heading:306 velocity:[0.9, -1.06, 0.18] position:LocationGlobalRelative:lat=55.8686414,lon=-3.1495199,alt=4.03
INFO:root:Angle_optical:0.0 Distance_optical:0 Angle_gps:46.956108137 Distance_gps:6.04313605842                  elapsed_time:0.0652639865875
INFO:root:sl:0 sr:0 heading:316 velocity:[1.54, -1.0, 0.03] position:LocationGlobalRelative:lat=55.868644,lon=-3.1495258,alt=4.11
INFO:root:Angle_optical:0.0 Distance_optical:0 Angle_gps:48.0678682037 Distance_gps:6.64785827919                  elapsed_time:0.0638678073883
INFO:root:sl:0 sr:0 heading:316 velocity:[1.54, -1.0, 0.03] position:LocationGlobalRelative:lat=55.868644,lon=-3.1495258,alt=4.11
INFO:root:Angle_optical:0.0 Distance_optical:0 Angle_gps:48.8332967612 Distance_gps:7.25562036199                  elapsed_time:0.0616571903229
INFO:root:sl:0 sr:0 heading:316 velocity:[1.54, -1.0, 0.03] position:LocationGlobalRelative:lat=55.868644,lon=-3.1495258,alt=4.11
INFO:root:Angle_optical:0.0 Distance_optical:0 Angle_gps:49.4094553598 Distance_gps:7.86660349677                  elapsed_time:0.0564520359039
INFO:root:sl:0 sr:0 heading:325 velocity:[1.54, -1.0, 0.03] position:LocationGlobalRelative:lat=55.868644,lon=-3.1495258,alt=4.11
INFO:root:Angle_optical:0.0 Distance_optical:0 Angle_gps:48.946776881 Distance_gps:8.478420427                  elapsed_time:0.056342124939
INFO:root:sl:0 sr:0 heading:325 velocity:[2.08, -0.93, -0.21] position:LocationGlobalRelative:lat=55.8686479,lon=-3.1495317,alt=4.17
INFO:root:Angle_optical:0.0 Distance_optical:0 Angle_gps:49.0326965302 Distance_gps:9.24713864188                  elapsed_time:0.0558741092682
INFO:root:sl:0 sr:0 heading:325 velocity:[2.08, -0.93, -0.21] position:LocationGlobalRelative:lat=55.8686479,lon=-3.1495317,alt=4.17
INFO:root:Angle_optical:0.0 Distance_optical:0 Angle_gps:49.0285959613 Distance_gps:10.0153952606                  elapsed_time:0.0628530979156
INFO:root:sl:0 sr:0 heading:325 velocity:[2.08, -0.93, -0.21] position:LocationGlobalRelative:lat=55.8686479,lon=-3.1495317,alt=4.17
INFO:root:Angle_optical:0.0 Distance_optical:0 Angle_gps:48.9947804873 Distance_gps:10.7852704653                  elapsed_time:0.0587701797485
INFO:root:sl:0 sr:0 heading:325 velocity:[2.08, -0.93, -0.21] position:LocationGlobalRelative:lat=55.8686479,lon=-3.1495317,alt=4.17
INFO:root:Angle_optical:0.0 Distance_optical:0 Angle_gps:48.9498814572 Distance_gps:11.5547117837                  elapsed_time:0.0678749084473
INFO:root:sl:0 sr:0 heading:334 velocity:[2.08, -0.93, -0.21] position:LocationGlobalRelative:lat=55.8686479,lon=-3.1495317,alt=4.17
INFO:root:Angle_optical:0.0 Distance_optical:0 Angle_gps:47.9603610362 Distance_gps:12.3037976873                  elapsed_time:0.0583369731903
INFO:root:sl:0 sr:0 heading:334 velocity:[2.42, -0.99, -0.51] position:LocationGlobalRelative:lat=55.868653,lon=-3.1495376,alt=4.17
INFO:root:Angle_optical:0.0 Distance_optical:0 Angle_gps:46.9055447297 Distance_gps:13.1757683455                  elapsed_time:0.0566961765289
INFO:root:sl:0 sr:0 heading:334 velocity:[2.42, -0.99, -0.51] position:LocationGlobalRelative:lat=55.868653,lon=-3.1495376,alt=4.17
INFO:root:Angle_optical:0.0 Distance_optical:0 Angle_gps:45.9101992439 Distance_gps:14.0472179656                  elapsed_time:0.056184053421
INFO:root:sl:0 sr:0 heading:334 velocity:[2.42, -0.99, -0.51] position:LocationGlobalRelative:lat=55.868653,lon=-3.1495376,alt=4.17
INFO:root:Angle_optical:0.0 Distance_optical:0 Angle_gps:45.0047014114 Distance_gps:14.9230146719                  elapsed_time:0.0564029216766
INFO:root:sl:0 sr:0 heading:334 velocity:[2.42, -0.99, -0.51] position:LocationGlobalRelative:lat=55.868653,lon=-3.1495376,alt=4.17
INFO:root:Angle_optical:0.0 Distance_optical:0 Angle_gps:44.1887177269 Distance_gps:15.8008644609                  elapsed_time:0.0601868629456
INFO:root:sl:0 sr:0 heading:340 velocity:[2.42, -1.21, -0.55] position:LocationGlobalRelative:lat=55.8686586,lon=-3.1495438,alt=4.09
INFO:root:Angle_optical:0.0 Distance_optical:0 Angle_gps:42.6546653406 Distance_gps:16.6324246878                  elapsed_time:0.0604639053345
INFO:root:sl:0 sr:0 heading:340 velocity:[2.42, -1.21, -0.55] position:LocationGlobalRelative:lat=55.8686586,lon=-3.1495438,alt=4.09
INFO:root:Angle_optical:0.0 Distance_optical:0 Angle_gps:41.1803357152 Distance_gps:17.4629426241                  elapsed_time:0.0562601089478
INFO:root:sl:0 sr:0 heading:340 velocity:[2.42, -1.21, -0.55] position:LocationGlobalRelative:lat=55.8686586,lon=-3.1495438,alt=4.09
INFO:root:Angle_optical:0.0 Distance_optical:0 Angle_gps:39.8094714418 Distance_gps:18.2984289739                  elapsed_time:0.0559248924255
INFO:root:sl:0 sr:0 heading:340 velocity:[2.42, -1.21, -0.55] position:LocationGlobalRelative:lat=55.8686586,lon=-3.1495438,alt=4.09
INFO:root:Angle_optical:0.0 Distance_optical:0 Angle_gps:38.546399197 Distance_gps:19.141422671                  elapsed_time:0.0559039115906
INFO:root:sl:0 sr:0 heading:345 velocity:[2.42, -1.21, -0.55] position:LocationGlobalRelative:lat=55.8686586,lon=-3.1495438,alt=4.09
INFO:root:Angle_optical:0.0 Distance_optical:0 Angle_gps:37.0426459159 Distance_gps:19.9201230935                  elapsed_time:0.0602910518646
INFO:root:sl:0 sr:0 heading:345 velocity:[2.17, -1.47, -0.46] position:LocationGlobalRelative:lat=55.8686631,lon=-3.1495511,alt=3.97
INFO:root:Angle_optical:0.0 Distance_optical:0 Angle_gps:35.3828574871 Distance_gps:20.6006888005                  elapsed_time:0.0581879615784
INFO:root:sl:0 sr:0 heading:345 velocity:[2.17, -1.47, -0.46] position:LocationGlobalRelative:lat=55.8686631,lon=-3.1495511,alt=3.97
INFO:root:Angle_optical:0.0 Distance_optical:0 Angle_gps:33.8082139112 Distance_gps:21.2903521639                  elapsed_time:0.0565288066864
INFO:root:sl:0 sr:0 heading:345 velocity:[2.17, -1.47, -0.46] position:LocationGlobalRelative:lat=55.8686631,lon=-3.1495511,alt=3.97
INFO:root:Angle_optical:0.0 Distance_optical:0 Angle_gps:32.3266313648 Distance_gps:21.991587501                  elapsed_time:0.0562369823456
INFO:root:sl:0 sr:0 heading:351 velocity:[1.81, -1.55, -0.3] position:LocationGlobalRelative:lat=55.8686668,lon=-3.1495592,alt=3.86
INFO:root:Angle_optical:0.0 Distance_optical:0 Angle_gps:30.6546867033 Distance_gps:22.4764852539                  elapsed_time:0.0568039417267
INFO:root:sl:0 sr:0 heading:351 velocity:[1.81, -1.55, -0.3] position:LocationGlobalRelative:lat=55.8686668,lon=-3.1495592,alt=3.86
INFO:root:Angle_optical:0.0 Distance_optical:0 Angle_gps:29.0330607924 Distance_gps:22.9588994996                  elapsed_time:0.0560970306396
INFO:root:sl:0 sr:0 heading:351 velocity:[1.81, -1.55, -0.3] position:LocationGlobalRelative:lat=55.8686668,lon=-3.1495592,alt=3.86
INFO:root:Angle_optical:0.0 Distance_optical:0 Angle_gps:27.4596744047 Distance_gps:23.4503203189                  elapsed_time:0.0560779571533
INFO:root:sl:0 sr:0 heading:351 velocity:[1.81, -1.55, -0.3] position:LocationGlobalRelative:lat=55.8686668,lon=-3.1495592,alt=3.86
INFO:root:Angle_optical:0.0 Distance_optical:0 Angle_gps:25.9480771136 Distance_gps:23.9539639368                  elapsed_time:0.0565710067749
INFO:root:sl:0 sr:0 heading:351 velocity:[1.81, -1.55, -0.3] position:LocationGlobalRelative:lat=55.8686668,lon=-3.1495592,alt=3.86
INFO:root:Angle_optical:0.0 Distance_optical:0 Angle_gps:24.4947019976 Distance_gps:24.4718304187                  elapsed_time:0.0605309009552
INFO:root:sl:0 sr:0 heading:0 velocity:[1.32, -1.49, -0.06] position:LocationGlobalRelative:lat=55.8686695,lon=-3.1495668,alt=3.78
INFO:root:Angle_optical:0.0 Distance_optical:0 Angle_gps:23.0818409437 Distance_gps:24.7486715969                  elapsed_time:0.0621809959412
INFO:root:sl:0 sr:0 heading:0 velocity:[1.32, -1.49, -0.06] position:LocationGlobalRelative:lat=55.8686695,lon=-3.1495668,alt=3.78
INFO:root:Angle_optical:0.0 Distance_optical:0 Angle_gps:21.6867060323 Distance_gps:25.0211887698                  elapsed_time:0.0551841259003
INFO:root:sl:0 sr:0 heading:0 velocity:[1.32, -1.49, -0.06] position:LocationGlobalRelative:lat=55.8686695,lon=-3.1495668,alt=3.78
INFO:root:Angle_optical:0.0 Distance_optical:0 Angle_gps:20.3110345745 Distance_gps:25.2997615757                  elapsed_time:0.0530729293823
INFO:root:sl:0 sr:0 heading:0 velocity:[1.32, -1.49, -0.06] position:LocationGlobalRelative:lat=55.8686695,lon=-3.1495668,alt=3.78
INFO:root:Angle_optical:0.0 Distance_optical:0 Angle_gps:18.9628819401 Distance_gps:25.5880525292                  elapsed_time:0.0532031059265
INFO:root:sl:0 sr:0 heading:0 velocity:[0.98, -1.5, 0.05] position:LocationGlobalRelative:lat=55.8686714,lon=-3.1495738,alt=3.72
INFO:root:Angle_optical:0.0 Distance_optical:0 Angle_gps:17.7959353389 Distance_gps:25.8523378218                  elapsed_time:0.0536379814148
INFO:root:sl:0 sr:0 heading:13 velocity:[0.98, -1.5, 0.05] position:LocationGlobalRelative:lat=55.8686714,lon=-3.1495738,alt=3.72
INFO:root:Angle_optical:0.0 Distance_optical:0 Angle_gps:16.6806496869 Distance_gps:26.0555341637                  elapsed_time:0.0532219409943
INFO:root:sl:0 sr:0 heading:13 velocity:[0.98, -1.5, 0.05] position:LocationGlobalRelative:lat=55.8686714,lon=-3.1495738,alt=3.72
INFO:root:Angle_optical:0.0 Distance_optical:0 Angle_gps:15.5491314987 Distance_gps:26.2466652924                  elapsed_time:0.0533061027527
INFO:root:sl:0 sr:0 heading:13 velocity:[0.98, -1.5, 0.05] position:LocationGlobalRelative:lat=55.8686714,lon=-3.1495738,alt=3.72
INFO:root:Angle_optical:0.0 Distance_optical:0 Angle_gps:14.4242647243 Distance_gps:26.435330636                  elapsed_time:0.053591966629
INFO:root:sl:0 sr:0 heading:13 velocity:[0.98, -1.5, 0.05] position:LocationGlobalRelative:lat=55.8686714,lon=-3.1495738,alt=3.72
INFO:root:Angle_optical:0.0 Distance_optical:0 Angle_gps:13.3080595505 Distance_gps:26.6296988469                  elapsed_time:0.0531799793243
INFO:root:sl:0 sr:0 heading:13 velocity:[0.73, -1.56, 0.06] position:LocationGlobalRelative:lat=55.8686727,lon=-3.1495805,alt=3.63
INFO:root:Angle_optical:0.0 Distance_optical:0 Angle_gps:12.3279589042 Distance_gps:26.8083012434                  elapsed_time:0.0564270019531
INFO:root:sl:0 sr:0 heading:26 velocity:[0.73, -1.56, 0.06] position:LocationGlobalRelative:lat=55.8686727,lon=-3.1495805,alt=3.63
INFO:root:Angle_optical:0.0 Distance_optical:0 Angle_gps:11.4737574849 Distance_gps:26.8989332372                  elapsed_time:0.0546441078186
INFO:root:sl:0 sr:0 heading:26 velocity:[0.73, -1.56, 0.06] position:LocationGlobalRelative:lat=55.8686727,lon=-3.1495805,alt=3.63
INFO:root:Angle_optical:0.0 Distance_optical:0 Angle_gps:10.6034532745 Distance_gps:26.9684711081                  elapsed_time:0.0531940460205
INFO:root:sl:0 sr:0 heading:26 velocity:[0.73, -1.56, 0.06] position:LocationGlobalRelative:lat=55.8686727,lon=-3.1495805,alt=3.63
INFO:root:Angle_optical:0.0 Distance_optical:0 Angle_gps:9.73590811013 Distance_gps:27.0338140585                  elapsed_time:0.0531380176544
INFO:root:sl:0 sr:0 heading:26 velocity:[0.73, -1.56, 0.06] position:LocationGlobalRelative:lat=55.8686727,lon=-3.1495805,alt=3.63
INFO:root:Angle_optical:0.0 Distance_optical:0 Angle_gps:8.86992660694 Distance_gps:27.1008021099                  elapsed_time:0.0533490180969
INFO:root:sl:0 sr:0 heading:39 velocity:[0.51, -1.53, 0.23] position:LocationGlobalRelative:lat=55.8686736,lon=-3.1495865,alt=3.53
INFO:root:Angle_optical:0.0 Distance_optical:0 Angle_gps:8.39089246656 Distance_gps:27.1089995872                  elapsed_time:0.0552151203156
INFO:root:sl:0 sr:0 heading:39 velocity:[0.51, -1.53, 0.23] position:LocationGlobalRelative:lat=55.8686736,lon=-3.1495865,alt=3.53
INFO:root:Angle_optical:0.0 Distance_optical:0 Angle_gps:7.91732499883 Distance_gps:27.1059664917                  elapsed_time:0.0564279556274
INFO:root:sl:0 sr:0 heading:39 velocity:[0.51, -1.53, 0.23] position:LocationGlobalRelative:lat=55.8686736,lon=-3.1495865,alt=3.53
INFO:root:Angle_optical:0.0 Distance_optical:0 Angle_gps:7.44311829818 Distance_gps:27.0979885115                  elapsed_time:0.0564608573914
INFO:root:sl:0 sr:0 heading:39 velocity:[0.51, -1.53, 0.23] position:LocationGlobalRelative:lat=55.8686736,lon=-3.1495865,alt=3.53
INFO:root:Angle_optical:0.0 Distance_optical:0 Angle_gps:6.97035907603 Distance_gps:27.0889440249                  elapsed_time:0.0561518669128
INFO:root:sl:0 sr:0 heading:39 velocity:[0.48, -1.35, 0.47] position:LocationGlobalRelative:lat=55.8686745,lon=-3.1495924,alt=3.51
INFO:root:Angle_optical:0.0 Distance_optical:0 Angle_gps:6.53146141392 Distance_gps:27.0807434703                  elapsed_time:0.0604739189148
INFO:root:sl:0 sr:0 heading:57 velocity:[0.48, -1.35, 0.47] position:LocationGlobalRelative:lat=55.8686745,lon=-3.1495924,alt=3.51
INFO:root:Angle_optical:0.0 Distance_optical:0 Angle_gps:6.399727715 Distance_gps:27.0703289788                  elapsed_time:0.0578689575195
INFO:root:sl:0 sr:0 heading:57 velocity:[0.48, -1.35, 0.47] position:LocationGlobalRelative:lat=55.8686745,lon=-3.1495924,alt=3.51
INFO:root:Angle_optical:0.0 Distance_optical:0 Angle_gps:6.26830989361 Distance_gps:27.0560247163                  elapsed_time:0.0535008907318
INFO:root:sl:0 sr:0 heading:57 velocity:[0.48, -1.35, 0.47] position:LocationGlobalRelative:lat=55.8686745,lon=-3.1495924,alt=3.51
INFO:root:Angle_optical:0.0 Distance_optical:0 Angle_gps:6.13761428111 Distance_gps:27.0399230072                  elapsed_time:0.0532250404358
INFO:root:sl:0 sr:0 heading:57 velocity:[0.39, -0.99, 0.45] position:LocationGlobalRelative:lat=55.8686753,lon=-3.1495961,alt=3.56
INFO:root:Angle_optical:0.0 Distance_optical:0 Angle_gps:6.01597687944 Distance_gps:27.0242472378                  elapsed_time:0.0531148910522
INFO:root:sl:0 sr:0 heading:75 velocity:[0.39, -0.99, 0.45] position:LocationGlobalRelative:lat=55.8686753,lon=-3.1495961,alt=3.56
INFO:root:Angle_optical:0.0 Distance_optical:0 Angle_gps:6.01597687944 Distance_gps:27.0242472378                  elapsed_time:0.0536439418793
INFO:root:sl:0 sr:0 heading:75 velocity:[0.39, -0.99, 0.45] position:LocationGlobalRelative:lat=55.8686753,lon=-3.1495961,alt=3.56
INFO:root:Angle_optical:0.0 Distance_optical:0 Angle_gps:6.01597687944 Distance_gps:27.0242472378                  elapsed_time:0.0534579753876
INFO:root:sl:0 sr:0 heading:75 velocity:[0.39, -0.99, 0.45] position:LocationGlobalRelative:lat=55.8686753,lon=-3.1495961,alt=3.56
INFO:root:Angle_optical:0.0 Distance_optical:0 Angle_gps:6.01597687944 Distance_gps:27.0242472378                  elapsed_time:0.0532369613647
INFO:root:sl:0 sr:0 heading:75 velocity:[0.39, -0.99, 0.45] position:LocationGlobalRelative:lat=55.8686753,lon=-3.1495961,alt=3.56
INFO:root:Angle_optical:0.0 Distance_optical:0 Angle_gps:6.01597687944 Distance_gps:27.0242472378                  elapsed_time:0.0533018112183
INFO:root:sl:0 sr:0 heading:75 velocity:[0.31, -0.29, 0.26] position:LocationGlobalRelative:lat=55.8686762,lon=-3.1495975,alt=3.57
INFO:root:Angle_optical:0.0 Distance_optical:0 Angle_gps:5.94469821964 Distance_gps:26.9986780392                  elapsed_time:0.0535190105438
INFO:root:sl:0 sr:0 heading:90 velocity:[0.31, -0.29, 0.26] position:LocationGlobalRelative:lat=55.8686762,lon=-3.1495975,alt=3.57
INFO:root:Angle_optical:0.0 Distance_optical:0 Angle_gps:5.9374652092 Distance_gps:26.995329875                  elapsed_time:0.054740190506
INFO:root:sl:0 sr:0 heading:90 velocity:[0.31, -0.29, 0.26] position:LocationGlobalRelative:lat=55.8686762,lon=-3.1495975,alt=3.57
INFO:root:Angle_optical:0.0 Distance_optical:0 Angle_gps:5.93072317217 Distance_gps:26.9918364633                  elapsed_time:0.054493188858
INFO:root:sl:0 sr:0 heading:90 velocity:[0.31, -0.29, 0.26] position:LocationGlobalRelative:lat=55.8686762,lon=-3.1495975,alt=3.57
INFO:root:Angle_optical:0.0 Distance_optical:0 Angle_gps:5.92416880163 Distance_gps:26.9882375951                  elapsed_time:0.0594851970673
INFO:root:sl:0 sr:0 heading:90 velocity:[0.31, -0.29, 0.26] position:LocationGlobalRelative:lat=55.8686762,lon=-3.1495975,alt=3.57
INFO:root:Angle_optical:0.0 Distance_optical:0 Angle_gps:5.91773746208 Distance_gps:26.9846093417                  elapsed_time:0.0552170276642
INFO:root:sl:0 sr:0 heading:90 velocity:[0.24, 0.64, 0.2] position:LocationGlobalRelative:lat=55.8686772,lon=-3.1495949,alt=3.55
INFO:root:Angle_optical:0.0 Distance_optical:0 Angle_gps:5.47942515535 Distance_gps:26.8848080574                  elapsed_time:0.054624080658
INFO:root:sl:0 sr:0 heading:101 velocity:[0.24, 0.64, 0.2] position:LocationGlobalRelative:lat=55.8686772,lon=-3.1495949,alt=3.55
INFO:root:Angle_optical:0.0 Distance_optical:0 Angle_gps:5.11198292143 Distance_gps:26.7339002135                  elapsed_time:0.0561010837555
INFO:root:sl:0 sr:0 heading:101 velocity:[0.24, 0.64, 0.2] position:LocationGlobalRelative:lat=55.8686772,lon=-3.1495949,alt=3.55
INFO:root:Angle_optical:0.0 Distance_optical:0 Angle_gps:4.75009739161 Distance_gps:26.5761546702                  elapsed_time:0.0568380355835
INFO:root:sl:0 sr:0 heading:101 velocity:[0.24, 0.64, 0.2] position:LocationGlobalRelative:lat=55.8686772,lon=-3.1495949,alt=3.55
INFO:root:Angle_optical:0.0 Distance_optical:0 Angle_gps:4.39104315659 Distance_gps:26.4162240032                  elapsed_time:0.0559270381927
INFO:root:sl:0 sr:0 heading:101 velocity:[0.11, 1.51, 0.07] position:LocationGlobalRelative:lat=55.8686781,lon=-3.1495875,alt=3.49
INFO:root:Angle_optical:0.0 Distance_optical:0 Angle_gps:3.3998112706 Distance_gps:26.1810734317                  elapsed_time:0.0567979812622
INFO:root:sl:0 sr:0 heading:101 velocity:[0.11, 1.51, 0.07] position:LocationGlobalRelative:lat=55.8686781,lon=-3.1495875,alt=3.49
INFO:root:Angle_optical:0.0 Distance_optical:0 Angle_gps:2.39379648242 Distance_gps:25.9518654223                  elapsed_time:0.0593881607056
INFO:root:sl:0 sr:0 heading:107 velocity:[0.11, 1.51, 0.07] position:LocationGlobalRelative:lat=55.8686781,lon=-3.1495875,alt=3.49
INFO:root:Angle_optical:0.0 Distance_optical:0 Angle_gps:1.46516126779 Distance_gps:25.6504440093                  elapsed_time:0.0580389499664
INFO:root:sl:0 sr:0 heading:107 velocity:[0.11, 1.51, 0.07] position:LocationGlobalRelative:lat=55.8686781,lon=-3.1495875,alt=3.49
INFO:root:Angle_optical:0.0 Distance_optical:0 Angle_gps:0.526497826696 Distance_gps:25.3408812836                  elapsed_time:0.0565600395203
INFO:root:sl:0 sr:0 heading:107 velocity:[0.11, 1.51, 0.07] position:LocationGlobalRelative:lat=55.8686781,lon=-3.1495875,alt=3.49
INFO:root:Angle_optical:0.0 Distance_optical:0 Angle_gps:-0.425312541764 Distance_gps:25.0322020297                  elapsed_time:0.0567941665649
INFO:root:sl:0 sr:0 heading:107 velocity:[0.04, 2.0, 0.12] position:LocationGlobalRelative:lat=55.8686789,lon=-3.1495768,alt=3.4
INFO:root:Angle_optical:0.0 Distance_optical:0 Angle_gps:-1.76326049352 Distance_gps:24.6618370015                  elapsed_time:0.0566940307617
INFO:root:sl:0 sr:0 heading:110 velocity:[0.04, 2.0, 0.12] position:LocationGlobalRelative:lat=55.8686789,lon=-3.1495768,alt=3.4
INFO:root:Angle_optical:0.0 Distance_optical:0 Angle_gps:-3.06219867042 Distance_gps:24.250267705                  elapsed_time:0.0585861206055
INFO:root:sl:0 sr:0 heading:110 velocity:[0.04, 2.0, 0.12] position:LocationGlobalRelative:lat=55.8686789,lon=-3.1495768,alt=3.4
INFO:root:Angle_optical:0.0 Distance_optical:0 Angle_gps:-4.3946888863 Distance_gps:23.84104341                  elapsed_time:0.0613858699799
INFO:root:sl:0 sr:0 heading:110 velocity:[0.04, 2.0, 0.12] position:LocationGlobalRelative:lat=55.8686789,lon=-3.1495768,alt=3.4
INFO:root:Angle_optical:0.0 Distance_optical:0 Angle_gps:-5.76606391446 Distance_gps:23.4412062875                  elapsed_time:0.0658538341522
INFO:root:sl:0 sr:0 heading:110 velocity:[0.04, 2.0, 0.12] position:LocationGlobalRelative:lat=55.8686789,lon=-3.1495768,alt=3.4
INFO:root:Angle_optical:0.0 Distance_optical:0 Angle_gps:-7.18276308106 Distance_gps:23.0534556251                  elapsed_time:0.0614449977875
INFO:root:sl:0 sr:0 heading:112 velocity:[0.05, 1.91, 0.24] position:LocationGlobalRelative:lat=55.8686796,lon=-3.149565,alt=3.33
INFO:root:Angle_optical:0.0 Distance_optical:0 Angle_gps:-8.51837750859 Distance_gps:22.6591076519                  elapsed_time:0.0562579631805
INFO:root:sl:0 sr:0 heading:112 velocity:[0.05, 1.91, 0.24] position:LocationGlobalRelative:lat=55.8686796,lon=-3.149565,alt=3.33
INFO:root:Angle_optical:0.0 Distance_optical:0 Angle_gps:-9.89172854419 Distance_gps:22.2713326905                  elapsed_time:0.0569911003113
INFO:root:sl:0 sr:0 heading:112 velocity:[0.05, 1.91, 0.24] position:LocationGlobalRelative:lat=55.8686796,lon=-3.149565,alt=3.33
INFO:root:Angle_optical:0.0 Distance_optical:0 Angle_gps:-11.308648541 Distance_gps:21.8944809225                  elapsed_time:0.0563299655914
INFO:root:sl:0 sr:0 heading:112 velocity:[0.05, 1.91, 0.24] position:LocationGlobalRelative:lat=55.8686796,lon=-3.149565,alt=3.33
INFO:root:Angle_optical:0.0 Distance_optical:0 Angle_gps:-12.772961901 Distance_gps:21.5304425136                  elapsed_time:0.0559220314026
INFO:root:sl:0 sr:0 heading:112 velocity:[0.05, 1.47, 0.33] position:LocationGlobalRelative:lat=55.8686803,lon=-3.1495551,alt=3.29
INFO:root:Angle_optical:0.0 Distance_optical:0 Angle_gps:-13.927559158 Distance_gps:21.2563600756                  elapsed_time:0.0580351352692
INFO:root:sl:0 sr:0 heading:112 velocity:[0.05, 1.47, 0.33] position:LocationGlobalRelative:lat=55.8686803,lon=-3.1495551,alt=3.29
INFO:root:Angle_optical:0.0 Distance_optical:0 Angle_gps:-15.1116825519 Distance_gps:20.990978719                  elapsed_time:0.0623669624329
INFO:root:sl:0 sr:0 heading:116 velocity:[0.05, 1.47, 0.33] position:LocationGlobalRelative:lat=55.8686803,lon=-3.1495551,alt=3.29
INFO:root:Angle_optical:0.0 Distance_optical:0 Angle_gps:-16.2308358013 Distance_gps:20.6837792353                  elapsed_time:0.0599031448364
INFO:root:sl:0 sr:0 heading:116 velocity:[0.05, 1.47, 0.33] position:LocationGlobalRelative:lat=55.8686803,lon=-3.1495551,alt=3.29
INFO:root:Angle_optical:0.0 Distance_optical:0 Angle_gps:-17.3649778833 Distance_gps:20.3767292978                  elapsed_time:0.0559959411621
INFO:root:sl:0 sr:0 heading:116 velocity:[0.11, 1.14, 0.55] position:LocationGlobalRelative:lat=55.8686809,lon=-3.1495478,alt=3.3
INFO:root:Angle_optical:0.0 Distance_optical:0 Angle_gps:-18.2228207746 Distance_gps:20.1212744094                  elapsed_time:0.0575389862061
INFO:root:sl:0 sr:0 heading:118 velocity:[0.11, 1.14, 0.55] position:LocationGlobalRelative:lat=55.8686809,lon=-3.1495478,alt=3.3
INFO:root:Angle_optical:0.0 Distance_optical:0 Angle_gps:-19.0529067338 Distance_gps:19.8521390666                  elapsed_time:0.0596420764923
INFO:root:sl:0 sr:0 heading:118 velocity:[0.11, 1.14, 0.55] position:LocationGlobalRelative:lat=55.8686809,lon=-3.1495478,alt=3.3
INFO:root:Angle_optical:0.0 Distance_optical:0 Angle_gps:-19.895140226 Distance_gps:19.5844926928                  elapsed_time:0.0646240711212
INFO:root:sl:0 sr:0 heading:118 velocity:[0.11, 1.14, 0.55] position:LocationGlobalRelative:lat=55.8686809,lon=-3.1495478,alt=3.3
INFO:root:Angle_optical:0.0 Distance_optical:0 Angle_gps:-20.7563756869 Distance_gps:19.3197103879                  elapsed_time:0.0597488880157
INFO:root:sl:0 sr:0 heading:118 velocity:[0.11, 1.14, 0.55] position:LocationGlobalRelative:lat=55.8686809,lon=-3.1495478,alt=3.3
INFO:root:Angle_optical:0.0 Distance_optical:0 Angle_gps:-21.6393863428 Distance_gps:19.0589322931                  elapsed_time:0.0559649467468
INFO:root:sl:0 sr:0 heading:118 velocity:[0.16, 1.22, 0.58] position:LocationGlobalRelative:lat=55.8686815,lon=-3.1495403,alt=3.37
INFO:root:Angle_optical:0.0 Distance_optical:0 Angle_gps:-22.5852904155 Distance_gps:18.772685328                  elapsed_time:0.0559899806976
INFO:root:sl:0 sr:0 heading:113 velocity:[0.16, 1.22, 0.58] position:LocationGlobalRelative:lat=55.8686815,lon=-3.1495403,alt=3.37
INFO:root:Angle_optical:0.0 Distance_optical:0 Angle_gps:-23.6831515956 Distance_gps:18.5418568299                  elapsed_time:0.0631849765778
INFO:root:sl:0 sr:0 heading:113 velocity:[0.16, 1.22, 0.58] position:LocationGlobalRelative:lat=55.8686815,lon=-3.1495403,alt=3.37
INFO:root:Angle_optical:0.0 Distance_optical:0 Angle_gps:-24.83006702 Distance_gps:18.3263919566                  elapsed_time:0.0696079730988
INFO:root:sl:0 sr:0 heading:113 velocity:[0.13, 1.58, 0.57] position:LocationGlobalRelative:lat=55.8686821,lon=-3.1495313,alt=3.46
INFO:root:Angle_optical:0.0 Distance_optical:0 Angle_gps:-26.0098852603 Distance_gps:18.1222882361                  elapsed_time:0.0611550807953
INFO:root:sl:0 sr:0 heading:113 velocity:[0.13, 1.58, 0.57] position:LocationGlobalRelative:lat=55.8686821,lon=-3.1495313,alt=3.46
INFO:root:Angle_optical:0.0 Distance_optical:0 Angle_gps:-27.6086823137 Distance_gps:17.8968744464                  elapsed_time:0.0666520595551
INFO:root:sl:0 sr:0 heading:113 velocity:[0.13, 1.58, 0.57] position:LocationGlobalRelative:lat=55.8686821,lon=-3.1495313,alt=3.46
INFO:root:Angle_optical:0.0 Distance_optical:0 Angle_gps:-29.2475671459 Distance_gps:17.6865865085                  elapsed_time:0.0637922286987
INFO:root:sl:0 sr:0 heading:99 velocity:[0.13, 1.58, 0.57] position:LocationGlobalRelative:lat=55.8686821,lon=-3.1495313,alt=3.46
INFO:root:Angle_optical:0.0 Distance_optical:0 Angle_gps:-30.9996413417 Distance_gps:17.7094706569                  elapsed_time:0.0642099380493
INFO:root:sl:0 sr:0 heading:99 velocity:[0.13, 1.58, 0.57] position:LocationGlobalRelative:lat=55.8686821,lon=-3.1495313,alt=3.46
INFO:root:Angle_optical:0.0 Distance_optical:0 Angle_gps:-32.7139488838 Distance_gps:17.7830733476                  elapsed_time:0.0563101768494
INFO:root:sl:0 sr:0 heading:99 velocity:[0.03, 1.8, 0.38] position:LocationGlobalRelative:lat=55.8686824,lon=-3.1495209,alt=3.53
INFO:root:Angle_optical:0.0 Distance_optical:0 Angle_gps:-34.5970049991 Distance_gps:17.9439093012                  elapsed_time:0.0569200515747
INFO:root:sl:0 sr:0 heading:83 velocity:[0.03, 1.8, 0.38] position:LocationGlobalRelative:lat=55.8686824,lon=-3.1495209,alt=3.53
INFO:root:Angle_optical:0.0 Distance_optical:0 Angle_gps:-36.0592384078 Distance_gps:18.3302869136                  elapsed_time:0.0561051368713
INFO:root:sl:0 sr:0 heading:83 velocity:[0.03, 1.8, 0.38] position:LocationGlobalRelative:lat=55.8686824,lon=-3.1495209,alt=3.53
INFO:root:Angle_optical:0.0 Distance_optical:0 Angle_gps:-37.3855749488 Distance_gps:18.7539076287                  elapsed_time:0.0590720176697
INFO:root:sl:0 sr:0 heading:83 velocity:[0.03, 1.8, 0.38] position:LocationGlobalRelative:lat=55.8686824,lon=-3.1495209,alt=3.53
INFO:root:Angle_optical:0.0 Distance_optical:0 Angle_gps:-38.6166320092 Distance_gps:19.1994911386                  elapsed_time:0.0643599033356
INFO:root:sl:0 sr:0 heading:83 velocity:[-0.17, 1.79, 0.25] position:LocationGlobalRelative:lat=55.8686821,lon=-3.1495107,alt=3.56
INFO:root:Angle_optical:0.0 Distance_optical:0 Angle_gps:-39.615483712 Distance_gps:19.6989969046                  elapsed_time:0.0572290420532
INFO:root:sl:0 sr:0 heading:83 velocity:[-0.17, 1.79, 0.25] position:LocationGlobalRelative:lat=55.8686821,lon=-3.1495107,alt=3.56
INFO:root:Angle_optical:0.0 Distance_optical:0 Angle_gps:-40.5555625911 Distance_gps:20.2065955154                  elapsed_time:0.0561368465424
INFO:root:sl:0 sr:0 heading:64 velocity:[-0.17, 1.79, 0.25] position:LocationGlobalRelative:lat=55.8686821,lon=-3.1495107,alt=3.56
INFO:root:Angle_optical:0.0 Distance_optical:0 Angle_gps:-40.5644661156 Distance_gps:20.8167712182                  elapsed_time:0.0558440685272
INFO:root:sl:0 sr:0 heading:64 velocity:[-0.17, 1.79, 0.25] position:LocationGlobalRelative:lat=55.8686821,lon=-3.1495107,alt=3.56
INFO:root:Angle_optical:0.0 Distance_optical:0 Angle_gps:-40.4092690894 Distance_gps:21.4375003373                  elapsed_time:0.0569660663605
INFO:root:sl:0 sr:0 heading:64 velocity:[-0.39, 1.66, 0.26] position:LocationGlobalRelative:lat=55.8686814,lon=-3.1495011,alt=3.57
INFO:root:Angle_optical:0.0 Distance_optical:0 Angle_gps:-40.0143608879 Distance_gps:22.0076431795                  elapsed_time:0.0567750930786
INFO:root:sl:0 sr:0 heading:64 velocity:[-0.39, 1.66, 0.26] position:LocationGlobalRelative:lat=55.8686814,lon=-3.1495011,alt=3.57
INFO:root:Angle_optical:0.0 Distance_optical:0 Angle_gps:-39.6153755204 Distance_gps:22.5781155227                  elapsed_time:0.0656960010529
INFO:root:sl:0 sr:0 heading:64 velocity:[-0.39, 1.66, 0.26] position:LocationGlobalRelative:lat=55.8686814,lon=-3.1495011,alt=3.57
INFO:root:Angle_optical:0.0 Distance_optical:0 Angle_gps:-39.2296061054 Distance_gps:23.1476984317                  elapsed_time:0.0620939731598
INFO:root:sl:0 sr:0 heading:43 velocity:[-0.39, 1.66, 0.26] position:LocationGlobalRelative:lat=55.8686814,lon=-3.1495011,alt=3.57
INFO:root:Angle_optical:0.0 Distance_optical:0 Angle_gps:-38.5284198467 Distance_gps:23.6258014626                  elapsed_time:0.0562169551849
INFO:root:sl:0 sr:0 heading:43 velocity:[-0.39, 1.66, 0.26] position:LocationGlobalRelative:lat=55.8686814,lon=-3.1495011,alt=3.57
INFO:root:Angle_optical:0.0 Distance_optical:0 Angle_gps:-37.7745529468 Distance_gps:24.0763719747                  elapsed_time:0.0564641952515
INFO:root:sl:0 sr:0 heading:43 velocity:[-0.48, 1.51, 0.23] position:LocationGlobalRelative:lat=55.8686801,lon=-3.1494915,alt=3.57
INFO:root:Angle_optical:0.0 Distance_optical:0 Angle_gps:-37.0712172299 Distance_gps:24.4789022726                  elapsed_time:0.0569920539856
INFO:root:sl:0 sr:0 heading:25 velocity:[-0.48, 1.51, 0.23] position:LocationGlobalRelative:lat=55.8686801,lon=-3.1494915,alt=3.57
INFO:root:Angle_optical:0.0 Distance_optical:0 Angle_gps:-36.3479919555 Distance_gps:24.7637409052                  elapsed_time:0.0571939945221
INFO:root:sl:0 sr:0 heading:25 velocity:[-0.48, 1.51, 0.23] position:LocationGlobalRelative:lat=55.8686801,lon=-3.1494915,alt=3.57
INFO:root:Angle_optical:0.0 Distance_optical:0 Angle_gps:-35.5656303619 Distance_gps:25.0313188353                  elapsed_time:0.0595631599426
INFO:root:sl:0 sr:0 heading:25 velocity:[-0.48, 1.51, 0.23] position:LocationGlobalRelative:lat=55.8686801,lon=-3.1494915,alt=3.57
INFO:root:Angle_optical:0.0 Distance_optical:0 Angle_gps:-34.7764406586 Distance_gps:25.2903983547                  elapsed_time:0.0610511302948
INFO:root:sl:0 sr:0 heading:25 velocity:[-0.39, 1.34, 0.26] position:LocationGlobalRelative:lat=55.8686791,lon=-3.1494836,alt=3.58
INFO:root:Angle_optical:0.0 Distance_optical:0 Angle_gps:-34.0708653376 Distance_gps:25.5237003256                  elapsed_time:0.0560820102692
INFO:root:sl:0 sr:0 heading:25 velocity:[-0.39, 1.34, 0.26] position:LocationGlobalRelative:lat=55.8686791,lon=-3.1494836,alt=3.58
INFO:root:Angle_optical:0.0 Distance_optical:0 Angle_gps:-33.3754598678 Distance_gps:25.7584405413                  elapsed_time:0.0566511154175
INFO:root:sl:0 sr:0 heading:8 velocity:[-0.39, 1.34, 0.26] position:LocationGlobalRelative:lat=55.8686791,lon=-3.1494836,alt=3.58
INFO:root:Angle_optical:0.0 Distance_optical:0 Angle_gps:-32.8099611143 Distance_gps:25.885562564                  elapsed_time:0.0570070743561
INFO:root:sl:0 sr:0 heading:8 velocity:[-0.39, 1.34, 0.26] position:LocationGlobalRelative:lat=55.8686791,lon=-3.1494836,alt=3.58
INFO:root:Angle_optical:0.0 Distance_optical:0 Angle_gps:-32.2341248304 Distance_gps:25.9935801111                  elapsed_time:0.0558738708496
INFO:root:sl:0 sr:0 heading:8 velocity:[-0.19, 1.21, 0.27] position:LocationGlobalRelative:lat=55.8686785,lon=-3.1494766,alt=3.61
INFO:root:Angle_optical:0.0 Distance_optical:0 Angle_gps:-31.6427680564 Distance_gps:26.0959625675                  elapsed_time:0.0636789798737
INFO:root:sl:0 sr:0 heading:8 velocity:[-0.19, 1.21, 0.27] position:LocationGlobalRelative:lat=55.8686785,lon=-3.1494766,alt=3.61
INFO:root:Angle_optical:0.0 Distance_optical:0 Angle_gps:-31.0538273171 Distance_gps:26.1961836876                  elapsed_time:0.0650718212128
INFO:root:sl:0 sr:0 heading:352 velocity:[-0.19, 1.21, 0.27] position:LocationGlobalRelative:lat=55.8686785,lon=-3.1494766,alt=3.61
INFO:root:Angle_optical:0.0 Distance_optical:0 Angle_gps:-30.6451938378 Distance_gps:26.2442945687                  elapsed_time:0.0617289543152
INFO:root:sl:0 sr:0 heading:352 velocity:[-0.19, 1.21, 0.27] position:LocationGlobalRelative:lat=55.8686785,lon=-3.1494766,alt=3.61
INFO:root:Angle_optical:0.0 Distance_optical:0 Angle_gps:-30.2323467669 Distance_gps:26.2832445797                  elapsed_time:0.0566000938416
INFO:root:sl:0 sr:0 heading:352 velocity:[0.03, 1.16, 0.24] position:LocationGlobalRelative:lat=55.8686784,lon=-3.1494694,alt=3.64
INFO:root:Angle_optical:0.0 Distance_optical:0 Angle_gps:-29.7129940942 Distance_gps:26.327655515                  elapsed_time:0.0565590858459
INFO:root:sl:0 sr:0 heading:352 velocity:[0.03, 1.16, 0.24] position:LocationGlobalRelative:lat=55.8686784,lon=-3.1494694,alt=3.64
INFO:root:Angle_optical:0.0 Distance_optical:0 Angle_gps:-29.1938530882 Distance_gps:26.3711153926                  elapsed_time:0.057116985321
INFO:root:sl:0 sr:0 heading:352 velocity:[0.03, 1.16, 0.24] position:LocationGlobalRelative:lat=55.8686784,lon=-3.1494694,alt=3.64
INFO:root:Angle_optical:0.0 Distance_optical:0 Angle_gps:-28.6755039333 Distance_gps:26.4152875224                  elapsed_time:0.0570859909058
INFO:root:sl:0 sr:0 heading:341 velocity:[0.03, 1.16, 0.24] position:LocationGlobalRelative:lat=55.8686784,lon=-3.1494694,alt=3.64
INFO:root:Angle_optical:0.0 Distance_optical:0 Angle_gps:-28.28217196 Distance_gps:26.4264975386                  elapsed_time:0.0658061504364
INFO:root:sl:0 sr:0 heading:341 velocity:[0.03, 1.16, 0.24] position:LocationGlobalRelative:lat=55.8686784,lon=-3.1494694,alt=3.64
INFO:root:Angle_optical:0.0 Distance_optical:0 Angle_gps:-27.8819240614 Distance_gps:26.4293643712                  elapsed_time:0.0641238689423
INFO:root:sl:0 sr:0 heading:341 velocity:[0.29, 1.04, 0.22] position:LocationGlobalRelative:lat=55.8686791,lon=-3.1494624,alt=3.67
INFO:root:Angle_optical:0.0 Distance_optical:0 Angle_gps:-27.3463054148 Distance_gps:26.4292377839                  elapsed_time:0.0562767982483
INFO:root:sl:0 sr:0 heading:341 velocity:[0.29, 1.04, 0.22] position:LocationGlobalRelative:lat=55.8686791,lon=-3.1494624,alt=3.67
INFO:root:Angle_optical:0.0 Distance_optical:0 Angle_gps:-26.8089522702 Distance_gps:26.429265784                  elapsed_time:0.0563728809357
INFO:root:sl:0 sr:0 heading:336 velocity:[0.29, 1.04, 0.22] position:LocationGlobalRelative:lat=55.8686791,lon=-3.1494624,alt=3.67
INFO:root:Angle_optical:0.0 Distance_optical:0 Angle_gps:-26.3264807961 Distance_gps:26.4162278209                  elapsed_time:0.0566990375519
INFO:root:sl:0 sr:0 heading:336 velocity:[0.29, 1.04, 0.22] position:LocationGlobalRelative:lat=55.8686791,lon=-3.1494624,alt=3.67
INFO:root:Angle_optical:0.0 Distance_optical:0 Angle_gps:-25.8430853943 Distance_gps:26.3989477229                  elapsed_time:0.0568571090698
INFO:root:sl:0 sr:0 heading:336 velocity:[0.29, 1.04, 0.22] position:LocationGlobalRelative:lat=55.8686791,lon=-3.1494624,alt=3.67
INFO:root:Angle_optical:0.0 Distance_optical:0 Angle_gps:-25.3598292869 Distance_gps:26.3812218279                  elapsed_time:0.0615839958191
INFO:root:sl:0 sr:0 heading:336 velocity:[0.4, 0.74, 0.23] position:LocationGlobalRelative:lat=55.8686802,lon=-3.1494579,alt=3.69
INFO:root:Angle_optical:0.0 Distance_optical:0 Angle_gps:-24.8795393391 Distance_gps:26.3645194872                  elapsed_time:0.0607309341431
INFO:root:sl:0 sr:0 heading:336 velocity:[0.4, 0.74, 0.23] position:LocationGlobalRelative:lat=55.8686802,lon=-3.1494579,alt=3.69
INFO:root:Angle_optical:0.0 Distance_optical:0 Angle_gps:-24.3988898947 Distance_gps:26.3493123231                  elapsed_time:0.0566501617432
INFO:root:sl:0 sr:0 heading:332 velocity:[0.4, 0.74, 0.23] position:LocationGlobalRelative:lat=55.8686802,lon=-3.1494579,alt=3.69
INFO:root:Angle_optical:0.0 Distance_optical:0 Angle_gps:-23.9513657951 Distance_gps:26.3262585207                  elapsed_time:0.0563850402832
INFO:root:sl:0 sr:0 heading:332 velocity:[0.4, 0.74, 0.23] position:LocationGlobalRelative:lat=55.8686802,lon=-3.1494579,alt=3.69
INFO:root:Angle_optical:0.0 Distance_optical:0 Angle_gps:-23.5054651444 Distance_gps:26.3007608802                  elapsed_time:0.0559849739075
INFO:root:sl:0 sr:0 heading:332 velocity:[0.42, 0.34, 0.17] position:LocationGlobalRelative:lat=55.8686816,lon=-3.1494552,alt=3.72
INFO:root:Angle_optical:0.0 Distance_optical:0 Angle_gps:-23.1322573074 Distance_gps:26.2791105673                  elapsed_time:0.0572791099548
INFO:root:sl:0 sr:0 heading:332 velocity:[0.42, 0.34, 0.17] position:LocationGlobalRelative:lat=55.8686816,lon=-3.1494552,alt=3.72
INFO:root:Angle_optical:0.0 Distance_optical:0 Angle_gps:-22.7588975585 Distance_gps:26.2579971198                  elapsed_time:0.0567231178284
INFO:root:sl:0 sr:0 heading:328 velocity:[0.42, 0.34, 0.17] position:LocationGlobalRelative:lat=55.8686816,lon=-3.1494552,alt=3.72
INFO:root:Angle_optical:0.0 Distance_optical:0 Angle_gps:-22.4008815211 Distance_gps:26.230589433                  elapsed_time:0.0603730678558
INFO:root:sl:0 sr:0 heading:328 velocity:[0.42, 0.34, 0.17] position:LocationGlobalRelative:lat=55.8686816,lon=-3.1494552,alt=3.72
INFO:root:Angle_optical:0.0 Distance_optical:0 Angle_gps:-22.0451759105 Distance_gps:26.201164223                  elapsed_time:0.0590150356293
INFO:root:sl:0 sr:0 heading:328 velocity:[0.55, 0.11, 0.19] position:LocationGlobalRelative:lat=55.8686829,lon=-3.1494543,alt=3.75
INFO:root:Angle_optical:0.0 Distance_optical:0 Angle_gps:-21.6320579288 Distance_gps:26.1720694168                  elapsed_time:0.0562150478363
INFO:root:sl:0 sr:0 heading:328 velocity:[0.55, 0.11, 0.19] position:LocationGlobalRelative:lat=55.8686829,lon=-3.1494543,alt=3.75
INFO:root:Angle_optical:0.0 Distance_optical:0 Angle_gps:-21.2188469988 Distance_gps:26.1436531335                  elapsed_time:0.0560898780823
INFO:root:sl:0 sr:0 heading:328 velocity:[0.55, 0.11, 0.19] position:LocationGlobalRelative:lat=55.8686829,lon=-3.1494543,alt=3.75
INFO:root:Angle_optical:0.0 Distance_optical:0 Angle_gps:-20.8047783836 Distance_gps:26.1161723845                  elapsed_time:0.0559589862823
INFO:root:sl:0 sr:0 heading:328 velocity:[0.55, 0.11, 0.19] position:LocationGlobalRelative:lat=55.8686829,lon=-3.1494543,alt=3.75
INFO:root:Angle_optical:0.0 Distance_optical:0 Angle_gps:-20.3900822731 Distance_gps:26.0899312656                  elapsed_time:0.0629541873932
INFO:root:sl:0 sr:0 heading:328 velocity:[0.55, 0.11, 0.19] position:LocationGlobalRelative:lat=55.8686829,lon=-3.1494543,alt=3.75
INFO:root:Angle_optical:0.0 Distance_optical:0 Angle_gps:-19.9745520825 Distance_gps:26.0649606371                  elapsed_time:0.0606219768524
INFO:root:sl:0 sr:0 heading:328 velocity:[0.73, 0.2, 0.24] position:LocationGlobalRelative:lat=55.8686848,lon=-3.149454,alt=3.79
INFO:root:Angle_optical:0.0 Distance_optical:0 Angle_gps:-19.4153633426 Distance_gps:26.0259154313                  elapsed_time:0.0563061237335
INFO:root:sl:0 sr:0 heading:328 velocity:[0.73, 0.2, 0.24] position:LocationGlobalRelative:lat=55.8686848,lon=-3.149454,alt=3.79
INFO:root:Angle_optical:0.0 Distance_optical:0 Angle_gps:-18.854544038 Distance_gps:25.9893220591                  elapsed_time:0.0562610626221
INFO:root:sl:0 sr:0 heading:334 velocity:[0.73, 0.2, 0.24] position:LocationGlobalRelative:lat=55.8686848,lon=-3.149454,alt=3.79
INFO:root:Angle_optical:0.0 Distance_optical:0 Angle_gps:-18.2830622578 Distance_gps:25.9908724176                  elapsed_time:0.0563440322876
INFO:root:sl:0 sr:0 heading:334 velocity:[0.73, 0.2, 0.24] position:LocationGlobalRelative:lat=55.8686848,lon=-3.149454,alt=3.79
INFO:root:Angle_optical:0.0 Distance_optical:0 Angle_gps:-17.7076584113 Distance_gps:26.0028160891                  elapsed_time:0.0567791461945
INFO:root:sl:0 sr:0 heading:334 velocity:[0.89, 0.45, 0.17] position:LocationGlobalRelative:lat=55.8686869,lon=-3.1494529,alt=3.85
INFO:root:Angle_optical:0.0 Distance_optical:0 Angle_gps:-16.9561226204 Distance_gps:26.0050383493                  elapsed_time:0.0627329349518
INFO:root:sl:0 sr:0 heading:334 velocity:[0.89, 0.45, 0.17] position:LocationGlobalRelative:lat=55.8686869,lon=-3.1494529,alt=3.85
INFO:root:Angle_optical:0.0 Distance_optical:0 Angle_gps:-16.2037495132 Distance_gps:26.0133998852                  elapsed_time:0.0616271495819
INFO:root:sl:0 sr:0 heading:345 velocity:[0.89, 0.45, 0.17] position:LocationGlobalRelative:lat=55.8686869,lon=-3.1494529,alt=3.85
INFO:root:Angle_optical:0.0 Distance_optical:0 Angle_gps:-15.4695782149 Distance_gps:26.0917794317                  elapsed_time:0.060751914978
INFO:root:sl:0 sr:0 heading:345 velocity:[0.89, 0.45, 0.17] position:LocationGlobalRelative:lat=55.8686869,lon=-3.1494529,alt=3.85
INFO:root:Angle_optical:0.0 Distance_optical:0 Angle_gps:-14.75288665 Distance_gps:26.1931176348                  elapsed_time:0.058345079422
INFO:root:sl:0 sr:0 heading:345 velocity:[1.0, 0.58, 0.09] position:LocationGlobalRelative:lat=55.8686895,lon=-3.1494515,alt=3.91
INFO:root:Angle_optical:0.0 Distance_optical:0 Angle_gps:-13.9230132494 Distance_gps:26.3033510408                  elapsed_time:0.0568549633026
INFO:root:sl:0 sr:0 heading:345 velocity:[1.0, 0.58, 0.09] position:LocationGlobalRelative:lat=55.8686895,lon=-3.1494515,alt=3.91
INFO:root:Angle_optical:0.0 Distance_optical:0 Angle_gps:-13.103724619 Distance_gps:26.422924911                  elapsed_time:0.0571141242981
INFO:root:sl:0 sr:0 heading:357 velocity:[1.0, 0.58, 0.09] position:LocationGlobalRelative:lat=55.8686895,lon=-3.1494515,alt=3.91
INFO:root:Angle_optical:0.0 Distance_optical:0 Angle_gps:-12.4264873653 Distance_gps:26.6557973506                  elapsed_time:0.0560381412506
INFO:root:sl:0 sr:0 heading:357 velocity:[1.0, 0.58, 0.09] position:LocationGlobalRelative:lat=55.8686895,lon=-3.1494515,alt=3.91
INFO:root:Angle_optical:0.0 Distance_optical:0 Angle_gps:-11.793218513 Distance_gps:26.9043293607                  elapsed_time:0.0631520748138
INFO:root:sl:0 sr:0 heading:357 velocity:[1.0, 0.58, 0.09] position:LocationGlobalRelative:lat=55.8686895,lon=-3.1494515,alt=3.91
INFO:root:Angle_optical:0.0 Distance_optical:0 Angle_gps:-11.1836491399 Distance_gps:27.164090803                  elapsed_time:0.0584440231323
INFO:root:sl:0 sr:0 heading:357 velocity:[1.03, 0.42, 0.0] position:LocationGlobalRelative:lat=55.8686926,lon=-3.1494502,alt=3.95
INFO:root:Angle_optical:0.0 Distance_optical:0 Angle_gps:-10.6949899367 Distance_gps:27.4539513548                  elapsed_time:0.056156873703
INFO:root:sl:0 sr:0 heading:357 velocity:[1.03, 0.42, 0.0] position:LocationGlobalRelative:lat=55.8686926,lon=-3.1494502,alt=3.95
INFO:root:Angle_optical:0.0 Distance_optical:0 Angle_gps:-10.2195349934 Distance_gps:27.7474986444                  elapsed_time:0.0564188957214
INFO:root:sl:0 sr:0 heading:5 velocity:[1.03, 0.42, 0.0] position:LocationGlobalRelative:lat=55.8686926,lon=-3.1494502,alt=3.95
INFO:root:Angle_optical:0.0 Distance_optical:0 Angle_gps:-9.87792858912 Distance_gps:28.0798095048                  elapsed_time:0.0560140609741
INFO:root:sl:0 sr:0 heading:5 velocity:[1.03, 0.42, 0.0] position:LocationGlobalRelative:lat=55.8686926,lon=-3.1494502,alt=3.95
INFO:root:Angle_optical:0.0 Distance_optical:0 Angle_gps:-9.56071268527 Distance_gps:28.417638858                  elapsed_time:0.0562629699707
INFO:root:sl:0 sr:0 heading:5 velocity:[0.95, 0.17, -0.05] position:LocationGlobalRelative:lat=55.8686952,lon=-3.1494503,alt=3.96
INFO:root:Angle_optical:0.0 Distance_optical:0 Angle_gps:-9.42739034981 Distance_gps:28.7336964586                  elapsed_time:0.0595960617065
INFO:root:sl:0 sr:0 heading:5 velocity:[0.95, 0.17, -0.05] position:LocationGlobalRelative:lat=55.8686952,lon=-3.1494503,alt=3.96
INFO:root:Angle_optical:0.0 Distance_optical:0 Angle_gps:-9.30051417021 Distance_gps:29.0504742198                  elapsed_time:0.0665068626404
INFO:root:sl:0 sr:0 heading:5 velocity:[0.95, 0.17, -0.05] position:LocationGlobalRelative:lat=55.8686952,lon=-3.1494503,alt=3.96
INFO:root:Angle_optical:0.0 Distance_optical:0 Angle_gps:-9.17818100358 Distance_gps:29.367515514                  elapsed_time:0.0659670829773
INFO:root:sl:0 sr:0 heading:7 velocity:[0.95, 0.17, -0.05] position:LocationGlobalRelative:lat=55.8686952,lon=-3.1494503,alt=3.96
INFO:root:Angle_optical:0.0 Distance_optical:0 Angle_gps:-9.08965814133 Distance_gps:29.6876074014                  elapsed_time:0.0591580867767
INFO:root:sl:0 sr:0 heading:7 velocity:[0.85, -0.06, -0.05] position:LocationGlobalRelative:lat=55.8686976,lon=-3.1494516,alt=3.96
INFO:root:Angle_optical:0.0 Distance_optical:0 Angle_gps:-9.15178683662 Distance_gps:29.9716608212                  elapsed_time:0.0561320781708
INFO:root:sl:0 sr:0 heading:7 velocity:[0.85, -0.06, -0.05] position:LocationGlobalRelative:lat=55.8686976,lon=-3.1494516,alt=3.96
INFO:root:Angle_optical:0.0 Distance_optical:0 Angle_gps:-9.21474743658 Distance_gps:30.2555617082                  elapsed_time:0.0562479496002
INFO:root:sl:0 sr:0 heading:7 velocity:[0.85, -0.06, -0.05] position:LocationGlobalRelative:lat=55.8686976,lon=-3.1494516,alt=3.96
INFO:root:Angle_optical:0.0 Distance_optical:0 Angle_gps:-9.27744419657 Distance_gps:30.5395426217                  elapsed_time:0.0568029880524
INFO:root:sl:0 sr:0 heading:7 velocity:[0.85, -0.06, -0.05] position:LocationGlobalRelative:lat=55.8686976,lon=-3.1494516,alt=3.96
INFO:root:Angle_optical:0.0 Distance_optical:0 Angle_gps:-9.33943713448 Distance_gps:30.8234865465                  elapsed_time:0.0594491958618
INFO:root:sl:0 sr:0 heading:7 velocity:[0.85, -0.06, -0.05] position:LocationGlobalRelative:lat=55.8686976,lon=-3.1494516,alt=3.96
INFO:root:Angle_optical:0.0 Distance_optical:0 Angle_gps:-9.40049277558 Distance_gps:31.1074793454                  elapsed_time:0.0585870742798
INFO:root:sl:0 sr:0 heading:7 velocity:[0.77, -0.17, -0.07] position:LocationGlobalRelative:lat=55.8687,lon=-3.1494538,alt=3.99
INFO:root:Angle_optical:0.0 Distance_optical:0 Angle_gps:-9.52567737654 Distance_gps:31.3630841671                  elapsed_time:0.0561239719391
INFO:root:sl:0 sr:0 heading:7 velocity:[0.77, -0.17, -0.07] position:LocationGlobalRelative:lat=55.8687,lon=-3.1494538,alt=3.99
INFO:root:Angle_optical:0.0 Distance_optical:0 Angle_gps:-9.64886761341 Distance_gps:31.6188328331                  elapsed_time:0.0559060573578
INFO:root:sl:0 sr:0 heading:8 velocity:[0.77, -0.17, -0.07] position:LocationGlobalRelative:lat=55.8687,lon=-3.1494538,alt=3.99
INFO:root:Angle_optical:0.0 Distance_optical:0 Angle_gps:-9.78181903624 Distance_gps:31.8730151969                  elapsed_time:0.0559990406036
INFO:root:sl:0 sr:0 heading:8 velocity:[0.77, -0.17, -0.07] position:LocationGlobalRelative:lat=55.8687,lon=-3.1494538,alt=3.99
INFO:root:Angle_optical:0.0 Distance_optical:0 Angle_gps:-9.91440798993 Distance_gps:32.127314441                  elapsed_time:0.0563418865204
INFO:root:sl:0 sr:0 heading:8 velocity:[0.76, -0.19, -0.07] position:LocationGlobalRelative:lat=55.8687022,lon=-3.1494561,alt=4.01
INFO:root:Angle_optical:0.0 Distance_optical:0 Angle_gps:-10.0571999089 Distance_gps:32.3778084084                  elapsed_time:0.0621681213379
INFO:root:sl:0 sr:0 heading:8 velocity:[0.76, -0.19, -0.07] position:LocationGlobalRelative:lat=55.8687022,lon=-3.1494561,alt=4.01
INFO:root:Angle_optical:0.0 Distance_optical:0 Angle_gps:-10.1981735902 Distance_gps:32.6284920775                  elapsed_time:0.0594530105591
INFO:root:sl:0 sr:0 heading:8 velocity:[0.76, -0.19, -0.07] position:LocationGlobalRelative:lat=55.8687022,lon=-3.1494561,alt=4.01
INFO:root:Angle_optical:0.0 Distance_optical:0 Angle_gps:-10.3371673063 Distance_gps:32.879302112                  elapsed_time:0.0588598251343
INFO:root:sl:0 sr:0 heading:11 velocity:[0.76, -0.19, -0.07] position:LocationGlobalRelative:lat=55.8687022,lon=-3.1494561,alt=4.01
INFO:root:Angle_optical:0.0 Distance_optical:0 Angle_gps:-10.5086868498 Distance_gps:33.1236227851                  elapsed_time:0.0560779571533
INFO:root:sl:0 sr:0 heading:11 velocity:[0.75, -0.18, -0.13] position:LocationGlobalRelative:lat=55.8687044,lon=-3.149458,alt=4.03
INFO:root:Angle_optical:0.0 Distance_optical:0 Angle_gps:-10.6767331778 Distance_gps:33.3649894508                  elapsed_time:0.0564880371094
INFO:root:sl:0 sr:0 heading:11 velocity:[0.75, -0.18, -0.13] position:LocationGlobalRelative:lat=55.8687044,lon=-3.149458,alt=4.03
INFO:root:Angle_optical:0.0 Distance_optical:0 Angle_gps:-10.844935333 Distance_gps:33.6059144801                  elapsed_time:0.055999994278
INFO:root:sl:0 sr:0 heading:11 velocity:[0.75, -0.18, -0.13] position:LocationGlobalRelative:lat=55.8687044,lon=-3.149458,alt=4.03
INFO:root:Angle_optical:0.0 Distance_optical:0 Angle_gps:-11.0119143023 Distance_gps:33.8470929308                  elapsed_time:0.0621471405029
INFO:root:sl:0 sr:0 heading:19 velocity:[0.75, -0.18, -0.13] position:LocationGlobalRelative:lat=55.8687044,lon=-3.149458,alt=4.03
INFO:root:Angle_optical:0.0 Distance_optical:0 Angle_gps:-11.1770755843 Distance_gps:34.0883406277                  elapsed_time:0.0606198310852
INFO:root:sl:0 sr:0 heading:19 velocity:[0.75, -0.18, -0.13] position:LocationGlobalRelative:lat=55.8687044,lon=-3.149458,alt=4.03
INFO:root:Angle_optical:0.0 Distance_optical:0 Angle_gps:-11.4324921512 Distance_gps:34.3022204568                  elapsed_time:0.0596239566803
INFO:root:sl:0 sr:0 heading:19 velocity:[0.86, -0.17, -0.19] position:LocationGlobalRelative:lat=55.8687069,lon=-3.1494598,alt=4.03
INFO:root:Angle_optical:0.0 Distance_optical:0 Angle_gps:-11.7217795244 Distance_gps:34.549050096                  elapsed_time:0.0566971302032
INFO:root:sl:0 sr:0 heading:19 velocity:[0.86, -0.17, -0.19] position:LocationGlobalRelative:lat=55.8687069,lon=-3.1494598,alt=4.03
INFO:root:Angle_optical:0.0 Distance_optical:0 Angle_gps:-12.0141827531 Distance_gps:34.7936034042                  elapsed_time:0.0565960407257
INFO:root:sl:0 sr:0 heading:19 velocity:[0.86, -0.17, -0.19] position:LocationGlobalRelative:lat=55.8687069,lon=-3.1494598,alt=4.03
INFO:root:Angle_optical:0.0 Distance_optical:0 Angle_gps:-12.3057176865 Distance_gps:35.0384555365                  elapsed_time:0.0563049316406
